# JRE version: Java(TM) SE Runtime Environment (19.0.2+7) (build 19.0.2+7-44)
# Java VM: Java HotSpot(TM) 64-Bit Server VM (19.0.2+7-44, mixed mode, sharing, tiered, compressed oops, compressed class ptrs, g1 gc, windows-amd64)
GC Precious Log:
 CardTable entry size: 512
 Card Set container configuration: InlinePtr #cards 4 size 8 Array Of Cards #cards 16 size 48 Howl #buckets 8 coarsen threshold 3686 Howl Bitmap #cards 512 size 80 coarsen threshold 460 Card regions per heap region 1 cards per card region 4096
 CPUs: 16 total, 16 available
 Memory: 16005M
 Large Page Support: Disabled
 NUMA Support: Disabled
 Compressed Oops: Enabled (Zero based)
 Heap Region Size: 2M
 Heap Min Capacity: 8M
 Heap Initial Capacity: 252M
 Heap Max Capacity: 4002M
 Pre-touch: Disabled
 Parallel Workers: 13
 Concurrent Workers: 3
 Concurrent Refinement Workers: 13
 Periodic GC: Disabled
Heap:
 garbage-first heap   total 243712K, used 148228K [0x0000000705e00000, 0x0000000800000000)
  region size 2048K, 30 young (61440K), 2 survivors (4096K)
 Metaspace       used 35852K, committed 36480K, reserved 1114112K
  class space    used 3638K, committed 3968K, reserved 1048576K
GC Heap History (20 events):
Event: 3.909 GC heap before
{Heap before GC invocations=13 (full 0):
 garbage-first heap   total 145408K, used 105015K [0x0000000705e00000, 0x0000000800000000)
  region size 2048K, 27 young (55296K), 1 survivors (2048K)
 Metaspace       used 28216K, committed 28736K, reserved 1114112K
  class space    used 2954K, committed 3200K, reserved 1048576K
}
Event: 3.911 GC heap after
{Heap after GC invocations=14 (full 0):
 garbage-first heap   total 145408K, used 54092K [0x0000000705e00000, 0x0000000800000000)
  region size 2048K, 1 young (2048K), 1 survivors (2048K)
 Metaspace       used 28216K, committed 28736K, reserved 1114112K
  class space    used 2954K, committed 3200K, reserved 1048576K
}
Event: 3.919 GC heap before
{Heap before GC invocations=14 (full 0):
 garbage-first heap   total 145408K, used 58188K [0x0000000705e00000, 0x0000000800000000)
  region size 2048K, 3 young (6144K), 1 survivors (2048K)
 Metaspace       used 28222K, committed 28736K, reserved 1114112K
  class space    used 2954K, committed 3200K, reserved 1048576K
}
Event: 3.920 GC heap after
{Heap after GC invocations=15 (full 0):
 garbage-first heap   total 145408K, used 52865K [0x0000000705e00000, 0x0000000800000000)
  region size 2048K, 1 young (2048K), 1 survivors (2048K)
 Metaspace       used 28222K, committed 28736K, reserved 1114112K
  class space    used 2954K, committed 3200K, reserved 1048576K
}
Event: 4.049 GC heap before
{Heap before GC invocations=15 (full 0):
 garbage-first heap   total 145408K, used 110209K [0x0000000705e00000, 0x0000000800000000)
  region size 2048K, 29 young (59392K), 1 survivors (2048K)
 Metaspace       used 28498K, committed 29056K, reserved 1114112K
  class space    used 2969K, committed 3264K, reserved 1048576K
}
Event: 4.051 GC heap after
{Heap after GC invocations=16 (full 0):
 garbage-first heap   total 145408K, used 54237K [0x0000000705e00000, 0x0000000800000000)
  region size 2048K, 2 young (4096K), 2 survivors (4096K)
 Metaspace       used 28498K, committed 29056K, reserved 1114112K
  class space    used 2969K, committed 3264K, reserved 1048576K
}
Event: 4.131 GC heap before
{Heap before GC invocations=16 (full 0):
 garbage-first heap   total 145408K, used 111581K [0x0000000705e00000, 0x0000000800000000)
  region size 2048K, 30 young (61440K), 2 survivors (4096K)
 Metaspace       used 28557K, committed 29120K, reserved 1114112K
  class space    used 2970K, committed 3264K, reserved 1048576K
}
Event: 4.133 GC heap after
{Heap after GC invocations=17 (full 0):
 garbage-first heap   total 145408K, used 54567K [0x0000000705e00000, 0x0000000800000000)
  region size 2048K, 2 young (4096K), 2 survivors (4096K)
 Metaspace       used 28557K, committed 29120K, reserved 1114112K
  class space    used 2970K, committed 3264K, reserved 1048576K
}
Event: 4.234 GC heap before
{Heap before GC invocations=17 (full 0):
 garbage-first heap   total 145408K, used 113959K [0x0000000705e00000, 0x0000000800000000)
  region size 2048K, 31 young (63488K), 2 survivors (4096K)
 Metaspace       used 28635K, committed 29184K, reserved 1114112K
  class space    used 2972K, committed 3264K, reserved 1048576K
}
Event: 4.238 GC heap after
{Heap after GC invocations=18 (full 0):
 garbage-first heap   total 145408K, used 55851K [0x0000000705e00000, 0x0000000800000000)
  region size 2048K, 2 young (4096K), 2 survivors (4096K)
 Metaspace       used 28635K, committed 29184K, reserved 1114112K
  class space    used 2972K, committed 3264K, reserved 1048576K
}
Event: 4.337 GC heap before
{Heap before GC invocations=18 (full 0):
 garbage-first heap   total 145408K, used 117291K [0x0000000705e00000, 0x0000000800000000)
  region size 2048K, 32 young (65536K), 2 survivors (4096K)
 Metaspace       used 28707K, committed 29248K, reserved 1114112K
  class space    used 2972K, committed 3264K, reserved 1048576K
}
Event: 4.341 GC heap after
{Heap after GC invocations=19 (full 0):
 garbage-first heap   total 243712K, used 56115K [0x0000000705e00000, 0x0000000800000000)
  region size 2048K, 3 young (6144K), 3 survivors (6144K)
 Metaspace       used 28707K, committed 29248K, reserved 1114112K
  class space    used 2972K, committed 3264K, reserved 1048576K
}
Event: 5.357 GC heap before
{Heap before GC invocations=19 (full 0):
 garbage-first heap   total 243712K, used 193331K [0x0000000705e00000, 0x0000000800000000)
  region size 2048K, 70 young (143360K), 3 survivors (6144K)
 Metaspace       used 31497K, committed 32064K, reserved 1114112K
  class space    used 3232K, committed 3520K, reserved 1048576K
}
Event: 5.362 GC heap after
{Heap after GC invocations=20 (full 0):
 garbage-first heap   total 243712K, used 58204K [0x0000000705e00000, 0x0000000800000000)
  region size 2048K, 4 young (8192K), 4 survivors (8192K)
 Metaspace       used 31497K, committed 32064K, reserved 1114112K
  class space    used 3232K, committed 3520K, reserved 1048576K
}
Event: 6.153 GC heap before
{Heap before GC invocations=20 (full 0):
 garbage-first heap   total 243712K, used 199516K [0x0000000705e00000, 0x0000000800000000)
  region size 2048K, 71 young (145408K), 4 survivors (8192K)
 Metaspace       used 31915K, committed 32512K, reserved 1114112K
  class space    used 3253K, committed 3584K, reserved 1048576K
}
Event: 6.161 GC heap after
{Heap after GC invocations=21 (full 0):
 garbage-first heap   total 243712K, used 71816K [0x0000000705e00000, 0x0000000800000000)
  region size 2048K, 9 young (18432K), 9 survivors (18432K)
 Metaspace       used 31915K, committed 32512K, reserved 1114112K
  class space    used 3253K, committed 3584K, reserved 1048576K
}
Event: 6.985 GC heap before
{Heap before GC invocations=21 (full 0):
 garbage-first heap   total 243712K, used 192648K [0x0000000705e00000, 0x0000000800000000)
  region size 2048K, 68 young (139264K), 9 survivors (18432K)
 Metaspace       used 33460K, committed 34112K, reserved 1114112K
  class space    used 3420K, committed 3712K, reserved 1048576K
}
Event: 6.997 GC heap after
{Heap after GC invocations=22 (full 0):
 garbage-first heap   total 243712K, used 89475K [0x0000000705e00000, 0x0000000800000000)
  region size 2048K, 9 young (18432K), 9 survivors (18432K)
 Metaspace       used 33460K, committed 34112K, reserved 1114112K
  class space    used 3420K, committed 3712K, reserved 1048576K
}
Event: 7.315 GC heap before
{Heap before GC invocations=22 (full 0):
 garbage-first heap   total 243712K, used 191875K [0x0000000705e00000, 0x0000000800000000)
  region size 2048K, 59 young (120832K), 9 survivors (18432K)
 Metaspace       used 33745K, committed 34368K, reserved 1114112K
  class space    used 3445K, committed 3776K, reserved 1048576K
}
Event: 7.321 GC heap after
{Heap after GC invocations=23 (full 0):
 garbage-first heap   total 243712K, used 92932K [0x0000000705e00000, 0x0000000800000000)
  region size 2048K, 2 young (4096K), 2 survivors (4096K)
 Metaspace       used 33745K, committed 34368K, reserved 1114112K
  class space    used 3445K, committed 3776K, reserved 1048576K
}

