# JRE version: Java(TM) SE Runtime Environment (19.0.2+7) (build 19.0.2+7-44)
# Java VM: Java HotSpot(TM) 64-Bit Server VM (19.0.2+7-44, mixed mode, sharing, tiered, compressed oops, compressed class ptrs, g1 gc, windows-amd64)
GC Precious Log:
 CardTable entry size: 512
 Card Set container configuration: InlinePtr #cards 4 size 8 Array Of Cards #cards 16 size 48 Howl #buckets 8 coarsen threshold 3686 Howl Bitmap #cards 512 size 80 coarsen threshold 460 Card regions per heap region 1 cards per card region 4096
 CPUs: 16 total, 16 available
 Memory: 16005M
 Large Page Support: Disabled
 NUMA Support: Disabled
 Compressed Oops: Enabled (Zero based)
 Heap Region Size: 2M
 Heap Min Capacity: 8M
 Heap Initial Capacity: 252M
 Heap Max Capacity: 4002M
 Pre-touch: Disabled
 Parallel Workers: 13
 Concurrent Workers: 3
 Concurrent Refinement Workers: 13
 Periodic GC: Disabled
Heap:
 garbage-first heap   total 190464K, used 132020K [0x0000000705e00000, 0x0000000800000000)
  region size 2048K, 22 young (45056K), 1 survivors (2048K)
 Metaspace       used 33521K, committed 34048K, reserved 1114112K
  class space    used 3434K, committed 3712K, reserved 1048576K
GC Heap History (20 events):
Event: 3.504 GC heap before
{Heap before GC invocations=9 (full 0):
 garbage-first heap   total 129024K, used 91532K [0x0000000705e00000, 0x0000000800000000)
  region size 2048K, 23 young (47104K), 4 survivors (8192K)
 Metaspace       used 27551K, committed 28032K, reserved 1114112K
  class space    used 2867K, committed 3136K, reserved 1048576K
}
Event: 3.508 GC heap after
{Heap after GC invocations=10 (full 0):
 garbage-first heap   total 129024K, used 53149K [0x0000000705e00000, 0x0000000800000000)
  region size 2048K, 2 young (4096K), 2 survivors (4096K)
 Metaspace       used 27551K, committed 28032K, reserved 1114112K
  class space    used 2867K, committed 3136K, reserved 1048576K
}
Event: 3.713 GC heap before
{Heap before GC invocations=10 (full 0):
 garbage-first heap   total 129024K, used 92061K [0x0000000705e00000, 0x0000000800000000)
  region size 2048K, 22 young (45056K), 2 survivors (4096K)
 Metaspace       used 28053K, committed 28608K, reserved 1114112K
  class space    used 2944K, committed 3200K, reserved 1048576K
}
Event: 3.716 GC heap after
{Heap after GC invocations=11 (full 0):
 garbage-first heap   total 155648K, used 53341K [0x0000000705e00000, 0x0000000800000000)
  region size 2048K, 2 young (4096K), 2 survivors (4096K)
 Metaspace       used 28053K, committed 28608K, reserved 1114112K
  class space    used 2944K, committed 3200K, reserved 1048576K
}
Event: 3.896 GC heap before
{Heap before GC invocations=11 (full 0):
 garbage-first heap   total 155648K, used 116829K [0x0000000705e00000, 0x0000000800000000)
  region size 2048K, 33 young (67584K), 2 survivors (4096K)
 Metaspace       used 28369K, committed 28928K, reserved 1114112K
  class space    used 2961K, committed 3264K, reserved 1048576K
}
Event: 3.900 GC heap after
{Heap after GC invocations=12 (full 0):
 garbage-first heap   total 155648K, used 54764K [0x0000000705e00000, 0x0000000800000000)
  region size 2048K, 3 young (6144K), 3 survivors (6144K)
 Metaspace       used 28369K, committed 28928K, reserved 1114112K
  class space    used 2961K, committed 3264K, reserved 1048576K
}
Event: 4.002 GC heap before
{Heap before GC invocations=12 (full 0):
 garbage-first heap   total 155648K, used 120300K [0x0000000705e00000, 0x0000000800000000)
  region size 2048K, 35 young (71680K), 3 survivors (6144K)
 Metaspace       used 28447K, committed 28992K, reserved 1114112K
  class space    used 2964K, committed 3264K, reserved 1048576K
}
Event: 4.005 GC heap after
{Heap after GC invocations=13 (full 0):
 garbage-first heap   total 155648K, used 55317K [0x0000000705e00000, 0x0000000800000000)
  region size 2048K, 3 young (6144K), 3 survivors (6144K)
 Metaspace       used 28447K, committed 28992K, reserved 1114112K
  class space    used 2964K, committed 3264K, reserved 1048576K
}
Event: 4.151 GC heap before
{Heap before GC invocations=13 (full 0):
 garbage-first heap   total 155648K, used 122901K [0x0000000705e00000, 0x0000000800000000)
  region size 2048K, 36 young (73728K), 3 survivors (6144K)
 Metaspace       used 28601K, committed 29120K, reserved 1114112K
  class space    used 2966K, committed 3264K, reserved 1048576K
}
Event: 4.157 GC heap after
{Heap after GC invocations=14 (full 0):
 garbage-first heap   total 155648K, used 56997K [0x0000000705e00000, 0x0000000800000000)
  region size 2048K, 4 young (8192K), 4 survivors (8192K)
 Metaspace       used 28601K, committed 29120K, reserved 1114112K
  class space    used 2966K, committed 3264K, reserved 1048576K
}
Event: 4.260 GC heap before
{Heap before GC invocations=14 (full 0):
 garbage-first heap   total 155648K, used 124581K [0x0000000705e00000, 0x0000000800000000)
  region size 2048K, 37 young (75776K), 4 survivors (8192K)
 Metaspace       used 28693K, committed 29248K, reserved 1114112K
  class space    used 2966K, committed 3264K, reserved 1048576K
}
Event: 4.265 GC heap after
{Heap after GC invocations=15 (full 0):
 garbage-first heap   total 190464K, used 56502K [0x0000000705e00000, 0x0000000800000000)
  region size 2048K, 2 young (4096K), 2 survivors (4096K)
 Metaspace       used 28693K, committed 29248K, reserved 1114112K
  class space    used 2966K, committed 3264K, reserved 1048576K
}
Event: 5.200 GC heap before
{Heap before GC invocations=15 (full 0):
 garbage-first heap   total 190464K, used 154806K [0x0000000705e00000, 0x0000000800000000)
  region size 2048K, 50 young (102400K), 2 survivors (4096K)
 Metaspace       used 31330K, committed 31936K, reserved 1114112K
  class space    used 3212K, committed 3520K, reserved 1048576K
}
Event: 5.206 GC heap after
{Heap after GC invocations=16 (full 0):
 garbage-first heap   total 190464K, used 59239K [0x0000000705e00000, 0x0000000800000000)
  region size 2048K, 4 young (8192K), 4 survivors (8192K)
 Metaspace       used 31330K, committed 31936K, reserved 1114112K
  class space    used 3212K, committed 3520K, reserved 1048576K
}
Event: 5.702 GC heap before
{Heap before GC invocations=16 (full 0):
 garbage-first heap   total 190464K, used 155495K [0x0000000705e00000, 0x0000000800000000)
  region size 2048K, 50 young (102400K), 4 survivors (8192K)
 Metaspace       used 31682K, committed 32256K, reserved 1114112K
  class space    used 3236K, committed 3520K, reserved 1048576K
}
Event: 5.709 GC heap after
{Heap after GC invocations=17 (full 0):
 garbage-first heap   total 190464K, used 64663K [0x0000000705e00000, 0x0000000800000000)
  region size 2048K, 5 young (10240K), 5 survivors (10240K)
 Metaspace       used 31682K, committed 32256K, reserved 1114112K
  class space    used 3236K, committed 3520K, reserved 1048576K
}
Event: 6.175 GC heap before
{Heap before GC invocations=17 (full 0):
 garbage-first heap   total 190464K, used 154775K [0x0000000705e00000, 0x0000000800000000)
  region size 2048K, 50 young (102400K), 5 survivors (10240K)
 Metaspace       used 32205K, committed 32768K, reserved 1114112K
  class space    used 3279K, committed 3584K, reserved 1048576K
}
Event: 6.186 GC heap after
{Heap after GC invocations=18 (full 0):
 garbage-first heap   total 190464K, used 87404K [0x0000000705e00000, 0x0000000800000000)
  region size 2048K, 7 young (14336K), 7 survivors (14336K)
 Metaspace       used 32205K, committed 32768K, reserved 1114112K
  class space    used 3279K, committed 3584K, reserved 1048576K
}
Event: 6.499 GC heap before
{Heap before GC invocations=18 (full 0):
 garbage-first heap   total 190464K, used 148844K [0x0000000705e00000, 0x0000000800000000)
  region size 2048K, 37 young (75776K), 7 survivors (14336K)
 Metaspace       used 33351K, committed 33920K, reserved 1114112K
  class space    used 3421K, committed 3712K, reserved 1048576K
}
Event: 6.504 GC heap after
{Heap after GC invocations=19 (full 0):
 garbage-first heap   total 190464K, used 91060K [0x0000000705e00000, 0x0000000800000000)
  region size 2048K, 1 young (2048K), 1 survivors (2048K)
 Metaspace       used 33351K, committed 33920K, reserved 1114112K
  class space    used 3421K, committed 3712K, reserved 1048576K
}

