# JRE version: Java(TM) SE Runtime Environment (19.0.2+7) (build 19.0.2+7-44)
# Java VM: Java HotSpot(TM) 64-Bit Server VM (19.0.2+7-44, mixed mode, sharing, tiered, compressed oops, compressed class ptrs, g1 gc, windows-amd64)
GC Precious Log:
 CardTable entry size: 512
 Card Set container configuration: InlinePtr #cards 4 size 8 Array Of Cards #cards 16 size 48 Howl #buckets 8 coarsen threshold 3686 Howl Bitmap #cards 512 size 80 coarsen threshold 460 Card regions per heap region 1 cards per card region 4096
 CPUs: 16 total, 16 available
 Memory: 16005M
 Large Page Support: Disabled
 NUMA Support: Disabled
 Compressed Oops: Enabled (Zero based)
 Heap Region Size: 2M
 Heap Min Capacity: 8M
 Heap Initial Capacity: 252M
 Heap Max Capacity: 4002M
 Pre-touch: Disabled
 Parallel Workers: 13
 Concurrent Workers: 3
 Concurrent Refinement Workers: 13
 Periodic GC: Disabled
Heap:
 garbage-first heap   total 212992K, used 99609K [0x0000000705e00000, 0x0000000800000000)
  region size 2048K, 6 young (12288K), 1 survivors (2048K)
 Metaspace       used 33804K, committed 34432K, reserved 1114112K
  class space    used 3451K, committed 3776K, reserved 1048576K
GC Heap History (20 events):
Event: 3.928 GC heap before
{Heap before GC invocations=12 (full 0):
 garbage-first heap   total 143360K, used 112044K [0x0000000705e00000, 0x0000000800000000)
  region size 2048K, 30 young (61440K), 1 survivors (2048K)
 Metaspace       used 28598K, committed 29120K, reserved 1114112K
  class space    used 2974K, committed 3264K, reserved 1048576K
}
Event: 3.930 GC heap after
{Heap after GC invocations=13 (full 0):
 garbage-first heap   total 143360K, used 54301K [0x0000000705e00000, 0x0000000800000000)
  region size 2048K, 2 young (4096K), 2 survivors (4096K)
 Metaspace       used 28598K, committed 29120K, reserved 1114112K
  class space    used 2974K, committed 3264K, reserved 1048576K
}
Event: 3.997 GC heap before
{Heap before GC invocations=13 (full 0):
 garbage-first heap   total 143360K, used 113693K [0x0000000705e00000, 0x0000000800000000)
  region size 2048K, 31 young (63488K), 2 survivors (4096K)
 Metaspace       used 28627K, committed 29184K, reserved 1114112K
  class space    used 2975K, committed 3264K, reserved 1048576K
}
Event: 3.999 GC heap after
{Heap after GC invocations=14 (full 0):
 garbage-first heap   total 143360K, used 55296K [0x0000000705e00000, 0x0000000800000000)
  region size 2048K, 2 young (4096K), 2 survivors (4096K)
 Metaspace       used 28627K, committed 29184K, reserved 1114112K
  class space    used 2975K, committed 3264K, reserved 1048576K
}
Event: 4.102 GC heap before
{Heap before GC invocations=14 (full 0):
 garbage-first heap   total 143360K, used 114688K [0x0000000705e00000, 0x0000000800000000)
  region size 2048K, 31 young (63488K), 2 survivors (4096K)
 Metaspace       used 28716K, committed 29312K, reserved 1114112K
  class space    used 2977K, committed 3264K, reserved 1048576K
}
Event: 4.106 GC heap after
{Heap after GC invocations=15 (full 0):
 garbage-first heap   total 143360K, used 56000K [0x0000000705e00000, 0x0000000800000000)
  region size 2048K, 3 young (6144K), 3 survivors (6144K)
 Metaspace       used 28716K, committed 29312K, reserved 1114112K
  class space    used 2977K, committed 3264K, reserved 1048576K
}
Event: 4.191 GC heap before
{Heap before GC invocations=15 (full 0):
 garbage-first heap   total 143360K, used 115392K [0x0000000705e00000, 0x0000000800000000)
  region size 2048K, 32 young (65536K), 3 survivors (6144K)
 Metaspace       used 28814K, committed 29376K, reserved 1114112K
  class space    used 2977K, committed 3264K, reserved 1048576K
}
Event: 4.195 GC heap after
{Heap after GC invocations=16 (full 0):
 garbage-first heap   total 176128K, used 55817K [0x0000000705e00000, 0x0000000800000000)
  region size 2048K, 2 young (4096K), 2 survivors (4096K)
 Metaspace       used 28814K, committed 29376K, reserved 1114112K
  class space    used 2977K, committed 3264K, reserved 1048576K
}
Event: 4.666 GC heap before
{Heap before GC invocations=16 (full 0):
 garbage-first heap   total 176128K, used 143881K [0x0000000705e00000, 0x0000000800000000)
  region size 2048K, 45 young (92160K), 2 survivors (4096K)
 Metaspace       used 31058K, committed 31616K, reserved 1114112K
  class space    used 3222K, committed 3520K, reserved 1048576K
}
Event: 4.670 GC heap after
{Heap after GC invocations=17 (full 0):
 garbage-first heap   total 176128K, used 57153K [0x0000000705e00000, 0x0000000800000000)
  region size 2048K, 3 young (6144K), 3 survivors (6144K)
 Metaspace       used 31058K, committed 31616K, reserved 1114112K
  class space    used 3222K, committed 3520K, reserved 1048576K
}
Event: 5.092 GC heap before
{Heap before GC invocations=17 (full 0):
 garbage-first heap   total 176128K, used 145217K [0x0000000705e00000, 0x0000000800000000)
  region size 2048K, 46 young (94208K), 3 survivors (6144K)
 Metaspace       used 31649K, committed 32256K, reserved 1114112K
  class space    used 3239K, committed 3520K, reserved 1048576K
}
Event: 5.097 GC heap after
{Heap after GC invocations=18 (full 0):
 garbage-first heap   total 176128K, used 58816K [0x0000000705e00000, 0x0000000800000000)
  region size 2048K, 4 young (8192K), 4 survivors (8192K)
 Metaspace       used 31649K, committed 32256K, reserved 1114112K
  class space    used 3239K, committed 3520K, reserved 1048576K
}
Event: 5.431 GC heap before
{Heap before GC invocations=18 (full 0):
 garbage-first heap   total 176128K, used 148928K [0x0000000705e00000, 0x0000000800000000)
  region size 2048K, 46 young (94208K), 4 survivors (8192K)
 Metaspace       used 31880K, committed 32512K, reserved 1114112K
  class space    used 3248K, committed 3584K, reserved 1048576K
}
Event: 5.438 GC heap after
{Heap after GC invocations=19 (full 0):
 garbage-first heap   total 176128K, used 63381K [0x0000000705e00000, 0x0000000800000000)
  region size 2048K, 5 young (10240K), 5 survivors (10240K)
 Metaspace       used 31880K, committed 32512K, reserved 1114112K
  class space    used 3248K, committed 3584K, reserved 1048576K
}
Event: 5.886 GC heap before
{Heap before GC invocations=19 (full 0):
 garbage-first heap   total 176128K, used 143253K [0x0000000705e00000, 0x0000000800000000)
  region size 2048K, 45 young (92160K), 5 survivors (10240K)
 Metaspace       used 32082K, committed 32704K, reserved 1114112K
  class space    used 3259K, committed 3584K, reserved 1048576K
}
Event: 5.896 GC heap after
{Heap after GC invocations=20 (full 0):
 garbage-first heap   total 176128K, used 82349K [0x0000000705e00000, 0x0000000800000000)
  region size 2048K, 6 young (12288K), 6 survivors (12288K)
 Metaspace       used 32082K, committed 32704K, reserved 1114112K
  class space    used 3259K, committed 3584K, reserved 1048576K
}
Event: 6.225 GC heap before
{Heap before GC invocations=20 (full 0):
 garbage-first heap   total 176128K, used 131501K [0x0000000705e00000, 0x0000000800000000)
  region size 2048K, 30 young (61440K), 6 survivors (12288K)
 Metaspace       used 33157K, committed 33792K, reserved 1114112K
  class space    used 3382K, committed 3712K, reserved 1048576K
}
Event: 6.232 GC heap after
{Heap after GC invocations=21 (full 0):
 garbage-first heap   total 212992K, used 90087K [0x0000000705e00000, 0x0000000800000000)
  region size 2048K, 4 young (8192K), 4 survivors (8192K)
 Metaspace       used 33157K, committed 33792K, reserved 1114112K
  class space    used 3382K, committed 3712K, reserved 1048576K
}
Event: 6.459 GC heap before
{Heap before GC invocations=21 (full 0):
 garbage-first heap   total 212992K, used 155623K [0x0000000705e00000, 0x0000000800000000)
  region size 2048K, 36 young (73728K), 4 survivors (8192K)
 Metaspace       used 33730K, committed 34368K, reserved 1114112K
  class space    used 3443K, committed 3776K, reserved 1048576K
}
Event: 6.462 GC heap after
{Heap after GC invocations=22 (full 0):
 garbage-first heap   total 212992K, used 91417K [0x0000000705e00000, 0x0000000800000000)
  region size 2048K, 1 young (2048K), 1 survivors (2048K)
 Metaspace       used 33730K, committed 34368K, reserved 1114112K
  class space    used 3443K, committed 3776K, reserved 1048576K
}

