# JRE version: Java(TM) SE Runtime Environment (19.0.2+7) (build 19.0.2+7-44)
# Java VM: Java HotSpot(TM) 64-Bit Server VM (19.0.2+7-44, mixed mode, sharing, tiered, compressed oops, compressed class ptrs, g1 gc, windows-amd64)
GC Precious Log:
 CardTable entry size: 512
 Card Set container configuration: InlinePtr #cards 4 size 8 Array Of Cards #cards 16 size 48 Howl #buckets 8 coarsen threshold 3686 Howl Bitmap #cards 512 size 80 coarsen threshold 460 Card regions per heap region 1 cards per card region 4096
 CPUs: 16 total, 16 available
 Memory: 16005M
 Large Page Support: Disabled
 NUMA Support: Disabled
 Compressed Oops: Enabled (Zero based)
 Heap Region Size: 2M
 Heap Min Capacity: 8M
 Heap Initial Capacity: 252M
 Heap Max Capacity: 4002M
 Pre-touch: Disabled
 Parallel Workers: 13
 Concurrent Workers: 3
 Concurrent Refinement Workers: 13
 Periodic GC: Disabled
Heap:
 garbage-first heap   total 364544K, used 128894K [0x0000000705e00000, 0x0000000800000000)
  region size 2048K, 29 young (59392K), 2 survivors (4096K)
 Metaspace       used 35868K, committed 36416K, reserved 1114112K
  class space    used 3629K, committed 3904K, reserved 1048576K
GC Heap History (20 events):
Event: 3.493 GC heap before
{Heap before GC invocations=14 (full 0):
 garbage-first heap   total 110592K, used 77222K [0x0000000705e00000, 0x0000000800000000)
  region size 2048K, 14 young (28672K), 1 survivors (2048K)
 Metaspace       used 27595K, committed 28096K, reserved 1114112K
  class space    used 2871K, committed 3136K, reserved 1048576K
}
Event: 3.495 GC heap after
{Heap after GC invocations=15 (full 0):
 garbage-first heap   total 110592K, used 52920K [0x0000000705e00000, 0x0000000800000000)
  region size 2048K, 1 young (2048K), 1 survivors (2048K)
 Metaspace       used 27595K, committed 28096K, reserved 1114112K
  class space    used 2871K, committed 3136K, reserved 1048576K
}
Event: 3.503 GC heap before
{Heap before GC invocations=15 (full 0):
 garbage-first heap   total 110592K, used 54968K [0x0000000705e00000, 0x0000000800000000)
  region size 2048K, 2 young (4096K), 1 survivors (2048K)
 Metaspace       used 27602K, committed 28096K, reserved 1114112K
  class space    used 2871K, committed 3136K, reserved 1048576K
}
Event: 3.507 GC heap after
{Heap after GC invocations=16 (full 0):
 garbage-first heap   total 182272K, used 51960K [0x0000000705e00000, 0x0000000800000000)
  region size 2048K, 1 young (2048K), 1 survivors (2048K)
 Metaspace       used 27602K, committed 28096K, reserved 1114112K
  class space    used 2871K, committed 3136K, reserved 1048576K
}
Event: 3.658 GC heap before
{Heap before GC invocations=16 (full 0):
 garbage-first heap   total 182272K, used 123640K [0x0000000705e00000, 0x0000000800000000)
  region size 2048K, 37 young (75776K), 1 survivors (2048K)
 Metaspace       used 27727K, committed 28224K, reserved 1114112K
  class space    used 2881K, committed 3136K, reserved 1048576K
}
Event: 3.659 GC heap after
{Heap after GC invocations=17 (full 0):
 garbage-first heap   total 182272K, used 51856K [0x0000000705e00000, 0x0000000800000000)
  region size 2048K, 1 young (2048K), 1 survivors (2048K)
 Metaspace       used 27727K, committed 28224K, reserved 1114112K
  class space    used 2881K, committed 3136K, reserved 1048576K
}
Event: 3.989 GC heap before
{Heap before GC invocations=17 (full 0):
 garbage-first heap   total 182272K, used 131728K [0x0000000705e00000, 0x0000000800000000)
  region size 2048K, 40 young (81920K), 1 survivors (2048K)
 Metaspace       used 28515K, committed 29056K, reserved 1114112K
  class space    used 2967K, committed 3264K, reserved 1048576K
}
Event: 3.991 GC heap after
{Heap after GC invocations=18 (full 0):
 garbage-first heap   total 182272K, used 53677K [0x0000000705e00000, 0x0000000800000000)
  region size 2048K, 2 young (4096K), 2 survivors (4096K)
 Metaspace       used 28515K, committed 29056K, reserved 1114112K
  class space    used 2967K, committed 3264K, reserved 1048576K
}
Event: 4.153 GC heap before
{Heap before GC invocations=18 (full 0):
 garbage-first heap   total 182272K, used 135597K [0x0000000705e00000, 0x0000000800000000)
  region size 2048K, 42 young (86016K), 2 survivors (4096K)
 Metaspace       used 28561K, committed 29120K, reserved 1114112K
  class space    used 2967K, committed 3264K, reserved 1048576K
}
Event: 4.155 GC heap after
{Heap after GC invocations=19 (full 0):
 garbage-first heap   total 182272K, used 54352K [0x0000000705e00000, 0x0000000800000000)
  region size 2048K, 2 young (4096K), 2 survivors (4096K)
 Metaspace       used 28561K, committed 29120K, reserved 1114112K
  class space    used 2967K, committed 3264K, reserved 1048576K
}
Event: 4.332 GC heap before
{Heap before GC invocations=19 (full 0):
 garbage-first heap   total 182272K, used 140368K [0x0000000705e00000, 0x0000000800000000)
  region size 2048K, 44 young (90112K), 2 survivors (4096K)
 Metaspace       used 28731K, committed 29312K, reserved 1114112K
  class space    used 2970K, committed 3264K, reserved 1048576K
}
Event: 4.336 GC heap after
{Heap after GC invocations=20 (full 0):
 garbage-first heap   total 182272K, used 55768K [0x0000000705e00000, 0x0000000800000000)
  region size 2048K, 3 young (6144K), 3 survivors (6144K)
 Metaspace       used 28731K, committed 29312K, reserved 1114112K
  class space    used 2970K, committed 3264K, reserved 1048576K
}
Event: 4.475 GC heap before
{Heap before GC invocations=20 (full 0):
 garbage-first heap   total 182272K, used 141784K [0x0000000705e00000, 0x0000000800000000)
  region size 2048K, 45 young (92160K), 3 survivors (6144K)
 Metaspace       used 28862K, committed 29440K, reserved 1114112K
  class space    used 2982K, committed 3264K, reserved 1048576K
}
Event: 4.479 GC heap after
{Heap after GC invocations=21 (full 0):
 garbage-first heap   total 182272K, used 55660K [0x0000000705e00000, 0x0000000800000000)
  region size 2048K, 2 young (4096K), 2 survivors (4096K)
 Metaspace       used 28862K, committed 29440K, reserved 1114112K
  class space    used 2982K, committed 3264K, reserved 1048576K
}
Event: 5.372 GC heap before
{Heap before GC invocations=21 (full 0):
 garbage-first heap   total 182272K, used 145772K [0x0000000705e00000, 0x0000000800000000)
  region size 2048K, 46 young (94208K), 2 survivors (4096K)
 Metaspace       used 31477K, committed 32128K, reserved 1114112K
  class space    used 3232K, committed 3520K, reserved 1048576K
}
Event: 5.378 GC heap after
{Heap after GC invocations=22 (full 0):
 garbage-first heap   total 364544K, used 58070K [0x0000000705e00000, 0x0000000800000000)
  region size 2048K, 4 young (8192K), 4 survivors (8192K)
 Metaspace       used 31477K, committed 32128K, reserved 1114112K
  class space    used 3232K, committed 3520K, reserved 1048576K
}
Event: 6.514 GC heap before
{Heap before GC invocations=22 (full 0):
 garbage-first heap   total 364544K, used 269014K [0x0000000705e00000, 0x0000000800000000)
  region size 2048K, 106 young (217088K), 4 survivors (8192K)
 Metaspace       used 32081K, committed 32704K, reserved 1114112K
  class space    used 3254K, committed 3584K, reserved 1048576K
}
Event: 6.524 GC heap after
{Heap after GC invocations=23 (full 0):
 garbage-first heap   total 364544K, used 83416K [0x0000000705e00000, 0x0000000800000000)
  region size 2048K, 14 young (28672K), 14 survivors (28672K)
 Metaspace       used 32081K, committed 32704K, reserved 1114112K
  class space    used 3254K, committed 3584K, reserved 1048576K
}
Event: 7.421 GC heap before
{Heap before GC invocations=23 (full 0):
 garbage-first heap   total 364544K, used 271832K [0x0000000705e00000, 0x0000000800000000)
  region size 2048K, 106 young (217088K), 14 survivors (28672K)
 Metaspace       used 33849K, committed 34496K, reserved 1114112K
  class space    used 3447K, committed 3776K, reserved 1048576K
}
Event: 7.426 GC heap after
{Heap after GC invocations=24 (full 0):
 garbage-first heap   total 364544K, used 75646K [0x0000000705e00000, 0x0000000800000000)
  region size 2048K, 2 young (4096K), 2 survivors (4096K)
 Metaspace       used 33849K, committed 34496K, reserved 1114112K
  class space    used 3447K, committed 3776K, reserved 1048576K
}

