# JRE version: Java(TM) SE Runtime Environment (19.0.2+7) (build 19.0.2+7-44)
# Java VM: Java HotSpot(TM) 64-Bit Server VM (19.0.2+7-44, mixed mode, sharing, tiered, compressed oops, compressed class ptrs, g1 gc, windows-amd64)
GC Precious Log:
 CardTable entry size: 512
 Card Set container configuration: InlinePtr #cards 4 size 8 Array Of Cards #cards 16 size 48 Howl #buckets 8 coarsen threshold 3686 Howl Bitmap #cards 512 size 80 coarsen threshold 460 Card regions per heap region 1 cards per card region 4096
 CPUs: 16 total, 16 available
 Memory: 16005M
 Large Page Support: Disabled
 NUMA Support: Disabled
 Compressed Oops: Enabled (Zero based)
 Heap Region Size: 2M
 Heap Min Capacity: 8M
 Heap Initial Capacity: 252M
 Heap Max Capacity: 4002M
 Pre-touch: Disabled
 Parallel Workers: 13
 Concurrent Workers: 3
 Concurrent Refinement Workers: 13
 Periodic GC: Disabled
Heap:
 garbage-first heap   total 129024K, used 84006K [0x0000000705e00000, 0x0000000800000000)
  region size 2048K, 18 young (36864K), 1 survivors (2048K)
 Metaspace       used 27562K, committed 28032K, reserved 1114112K
  class space    used 2875K, committed 3136K, reserved 1048576K
GC Heap History (20 events):
Event: 0.788 GC heap before
{Heap before GC invocations=1 (full 0):
 garbage-first heap   total 258048K, used 38711K [0x0000000705e00000, 0x0000000800000000)
  region size 2048K, 19 young (38912K), 2 survivors (4096K)
 Metaspace       used 10647K, committed 10816K, reserved 1114112K
  class space    used 1237K, committed 1344K, reserved 1048576K
}
Event: 0.791 GC heap after
{Heap after GC invocations=2 (full 0):
 garbage-first heap   total 258048K, used 5793K [0x0000000705e00000, 0x0000000800000000)
  region size 2048K, 2 young (4096K), 2 survivors (4096K)
 Metaspace       used 10647K, committed 10816K, reserved 1114112K
  class space    used 1237K, committed 1344K, reserved 1048576K
}
Event: 1.852 GC heap before
{Heap before GC invocations=2 (full 0):
 garbage-first heap   total 258048K, used 167585K [0x0000000705e00000, 0x0000000800000000)
  region size 2048K, 67 young (137216K), 2 survivors (4096K)
 Metaspace       used 21140K, committed 21504K, reserved 1114112K
  class space    used 2283K, committed 2496K, reserved 1048576K
}
Event: 1.857 GC heap after
{Heap after GC invocations=3 (full 0):
 garbage-first heap   total 258048K, used 15710K [0x0000000705e00000, 0x0000000800000000)
  region size 2048K, 6 young (12288K), 6 survivors (12288K)
 Metaspace       used 21140K, committed 21504K, reserved 1114112K
  class space    used 2283K, committed 2496K, reserved 1048576K
}
Event: 2.179 GC heap before
{Heap before GC invocations=4 (full 0):
 garbage-first heap   total 61440K, used 54622K [0x0000000705e00000, 0x0000000800000000)
  region size 2048K, 25 young (51200K), 6 survivors (12288K)
 Metaspace       used 24289K, committed 24640K, reserved 1114112K
  class space    used 2577K, committed 2752K, reserved 1048576K
}
Event: 2.187 GC heap after
{Heap after GC invocations=5 (full 0):
 garbage-first heap   total 81920K, used 28067K [0x0000000705e00000, 0x0000000800000000)
  region size 2048K, 4 young (8192K), 4 survivors (8192K)
 Metaspace       used 24289K, committed 24640K, reserved 1114112K
  class space    used 2577K, committed 2752K, reserved 1048576K
}
Event: 2.218 GC heap before
{Heap before GC invocations=5 (full 0):
 garbage-first heap   total 81920K, used 30115K [0x0000000705e00000, 0x0000000800000000)
  region size 2048K, 5 young (10240K), 4 survivors (8192K)
 Metaspace       used 24321K, committed 24640K, reserved 1114112K
  class space    used 2580K, committed 2752K, reserved 1048576K
}
Event: 2.222 GC heap after
{Heap after GC invocations=6 (full 0):
 garbage-first heap   total 81920K, used 30435K [0x0000000705e00000, 0x0000000800000000)
  region size 2048K, 1 young (2048K), 1 survivors (2048K)
 Metaspace       used 24321K, committed 24640K, reserved 1114112K
  class space    used 2580K, committed 2752K, reserved 1048576K
}
Event: 2.353 GC heap before
{Heap before GC invocations=6 (full 0):
 garbage-first heap   total 81920K, used 57059K [0x0000000705e00000, 0x0000000800000000)
  region size 2048K, 15 young (30720K), 1 survivors (2048K)
 Metaspace       used 24378K, committed 24768K, reserved 1114112K
  class space    used 2580K, committed 2752K, reserved 1048576K
}
Event: 2.356 GC heap after
{Heap after GC invocations=7 (full 0):
 garbage-first heap   total 81920K, used 38912K [0x0000000705e00000, 0x0000000800000000)
  region size 2048K, 2 young (4096K), 2 survivors (4096K)
 Metaspace       used 24378K, committed 24768K, reserved 1114112K
  class space    used 2580K, committed 2752K, reserved 1048576K
}
Event: 2.495 GC heap before
{Heap before GC invocations=7 (full 0):
 garbage-first heap   total 81920K, used 59392K [0x0000000705e00000, 0x0000000800000000)
  region size 2048K, 12 young (24576K), 2 survivors (4096K)
 Metaspace       used 24901K, committed 25344K, reserved 1114112K
  class space    used 2641K, committed 2880K, reserved 1048576K
}
Event: 2.500 GC heap after
{Heap after GC invocations=8 (full 0):
 garbage-first heap   total 81920K, used 42829K [0x0000000705e00000, 0x0000000800000000)
  region size 2048K, 2 young (4096K), 2 survivors (4096K)
 Metaspace       used 24901K, committed 25344K, reserved 1114112K
  class space    used 2641K, committed 2880K, reserved 1048576K
}
Event: 2.589 GC heap before
{Heap before GC invocations=8 (full 0):
 garbage-first heap   total 81920K, used 61261K [0x0000000705e00000, 0x0000000800000000)
  region size 2048K, 11 young (22528K), 2 survivors (4096K)
 Metaspace       used 25184K, committed 25600K, reserved 1114112K
  class space    used 2643K, committed 2880K, reserved 1048576K
}
Event: 2.595 GC heap after
{Heap after GC invocations=9 (full 0):
 garbage-first heap   total 129024K, used 46625K [0x0000000705e00000, 0x0000000800000000)
  region size 2048K, 2 young (4096K), 2 survivors (4096K)
 Metaspace       used 25184K, committed 25600K, reserved 1114112K
  class space    used 2643K, committed 2880K, reserved 1048576K
}
Event: 3.088 GC heap before
{Heap before GC invocations=10 (full 0):
 garbage-first heap   total 129024K, used 89633K [0x0000000705e00000, 0x0000000800000000)
  region size 2048K, 23 young (47104K), 2 survivors (4096K)
 Metaspace       used 27012K, committed 27456K, reserved 1114112K
  class space    used 2828K, committed 3072K, reserved 1048576K
}
Event: 3.093 GC heap after
{Heap after GC invocations=11 (full 0):
 garbage-first heap   total 129024K, used 51508K [0x0000000705e00000, 0x0000000800000000)
  region size 2048K, 2 young (4096K), 2 survivors (4096K)
 Metaspace       used 27012K, committed 27456K, reserved 1114112K
  class space    used 2828K, committed 3072K, reserved 1048576K
}
Event: 3.130 GC heap before
{Heap before GC invocations=11 (full 0):
 garbage-first heap   total 129024K, used 53556K [0x0000000705e00000, 0x0000000800000000)
  region size 2048K, 3 young (6144K), 2 survivors (4096K)
 Metaspace       used 27016K, committed 27456K, reserved 1114112K
  class space    used 2828K, committed 3072K, reserved 1048576K
}
Event: 3.132 GC heap after
{Heap after GC invocations=12 (full 0):
 garbage-first heap   total 129024K, used 51237K [0x0000000705e00000, 0x0000000800000000)
  region size 2048K, 1 young (2048K), 1 survivors (2048K)
 Metaspace       used 27016K, committed 27456K, reserved 1114112K
  class space    used 2828K, committed 3072K, reserved 1048576K
}
Event: 3.348 GC heap before
{Heap before GC invocations=12 (full 0):
 garbage-first heap   total 129024K, used 92197K [0x0000000705e00000, 0x0000000800000000)
  region size 2048K, 21 young (43008K), 1 survivors (2048K)
 Metaspace       used 27514K, committed 28032K, reserved 1114112K
  class space    used 2868K, committed 3136K, reserved 1048576K
}
Event: 3.349 GC heap after
{Heap after GC invocations=13 (full 0):
 garbage-first heap   total 129024K, used 51238K [0x0000000705e00000, 0x0000000800000000)
  region size 2048K, 1 young (2048K), 1 survivors (2048K)
 Metaspace       used 27514K, committed 28032K, reserved 1114112K
  class space    used 2868K, committed 3136K, reserved 1048576K
}

