# JRE version: Java(TM) SE Runtime Environment (19.0.2+7) (build 19.0.2+7-44)
# Java VM: Java HotSpot(TM) 64-Bit Server VM (19.0.2+7-44, mixed mode, sharing, tiered, compressed oops, compressed class ptrs, g1 gc, windows-amd64)
GC Precious Log:
 CardTable entry size: 512
 Card Set container configuration: InlinePtr #cards 4 size 8 Array Of Cards #cards 16 size 48 Howl #buckets 8 coarsen threshold 3686 Howl Bitmap #cards 512 size 80 coarsen threshold 460 Card regions per heap region 1 cards per card region 4096
 CPUs: 16 total, 16 available
 Memory: 16005M
 Large Page Support: Disabled
 NUMA Support: Disabled
 Compressed Oops: Enabled (Zero based)
 Heap Region Size: 2M
 Heap Min Capacity: 8M
 Heap Initial Capacity: 252M
 Heap Max Capacity: 4002M
 Pre-touch: Disabled
 Parallel Workers: 13
 Concurrent Workers: 3
 Concurrent Refinement Workers: 13
 Periodic GC: Disabled
Heap:
 garbage-first heap   total 129024K, used 66730K [0x0000000705e00000, 0x0000000800000000)
  region size 2048K, 10 young (20480K), 2 survivors (4096K)
 Metaspace       used 28132K, committed 28672K, reserved 1114112K
  class space    used 2938K, committed 3200K, reserved 1048576K
GC Heap History (20 events):
Event: 3.188 GC heap before
{Heap before GC invocations=4 (full 0):
 garbage-first heap   total 61440K, used 46283K [0x0000000705e00000, 0x0000000800000000)
  region size 2048K, 21 young (43008K), 6 survivors (12288K)
 Metaspace       used 23728K, committed 24128K, reserved 1114112K
  class space    used 2508K, committed 2688K, reserved 1048576K
}
Event: 3.196 GC heap after
{Heap after GC invocations=5 (full 0):
 garbage-first heap   total 71680K, used 26110K [0x0000000705e00000, 0x0000000800000000)
  region size 2048K, 3 young (6144K), 3 survivors (6144K)
 Metaspace       used 23728K, committed 24128K, reserved 1114112K
  class space    used 2508K, committed 2688K, reserved 1048576K
}
Event: 3.209 GC heap before
{Heap before GC invocations=5 (full 0):
 garbage-first heap   total 71680K, used 28158K [0x0000000705e00000, 0x0000000800000000)
  region size 2048K, 4 young (8192K), 3 survivors (6144K)
 Metaspace       used 23729K, committed 24128K, reserved 1114112K
  class space    used 2508K, committed 2688K, reserved 1048576K
}
Event: 3.212 GC heap after
{Heap after GC invocations=6 (full 0):
 garbage-first heap   total 71680K, used 27648K [0x0000000705e00000, 0x0000000800000000)
  region size 2048K, 1 young (2048K), 1 survivors (2048K)
 Metaspace       used 23729K, committed 24128K, reserved 1114112K
  class space    used 2508K, committed 2688K, reserved 1048576K
}
Event: 3.673 GC heap before
{Heap before GC invocations=6 (full 0):
 garbage-first heap   total 71680K, used 50176K [0x0000000705e00000, 0x0000000800000000)
  region size 2048K, 12 young (24576K), 1 survivors (2048K)
 Metaspace       used 24513K, committed 24832K, reserved 1114112K
  class space    used 2588K, committed 2752K, reserved 1048576K
}
Event: 3.678 GC heap after
{Heap after GC invocations=7 (full 0):
 garbage-first heap   total 71680K, used 34037K [0x0000000705e00000, 0x0000000800000000)
  region size 2048K, 2 young (4096K), 2 survivors (4096K)
 Metaspace       used 24513K, committed 24832K, reserved 1114112K
  class space    used 2588K, committed 2752K, reserved 1048576K
}
Event: 3.924 GC heap before
{Heap before GC invocations=7 (full 0):
 garbage-first heap   total 71680K, used 48373K [0x0000000705e00000, 0x0000000800000000)
  region size 2048K, 10 young (20480K), 2 survivors (4096K)
 Metaspace       used 24525K, committed 24832K, reserved 1114112K
  class space    used 2588K, committed 2752K, reserved 1048576K
}
Event: 3.928 GC heap after
{Heap after GC invocations=8 (full 0):
 garbage-first heap   total 71680K, used 38612K [0x0000000705e00000, 0x0000000800000000)
  region size 2048K, 2 young (4096K), 2 survivors (4096K)
 Metaspace       used 24525K, committed 24832K, reserved 1114112K
  class space    used 2588K, committed 2752K, reserved 1048576K
}
Event: 4.023 GC heap before
{Heap before GC invocations=8 (full 0):
 garbage-first heap   total 71680K, used 50900K [0x0000000705e00000, 0x0000000800000000)
  region size 2048K, 8 young (16384K), 2 survivors (4096K)
 Metaspace       used 25016K, committed 25408K, reserved 1114112K
  class space    used 2647K, committed 2880K, reserved 1048576K
}
Event: 4.026 GC heap after
{Heap after GC invocations=9 (full 0):
 garbage-first heap   total 129024K, used 41743K [0x0000000705e00000, 0x0000000800000000)
  region size 2048K, 1 young (2048K), 1 survivors (2048K)
 Metaspace       used 25016K, committed 25408K, reserved 1114112K
  class space    used 2647K, committed 2880K, reserved 1048576K
}
Event: 4.227 GC heap before
{Heap before GC invocations=10 (full 0):
 garbage-first heap   total 129024K, used 82703K [0x0000000705e00000, 0x0000000800000000)
  region size 2048K, 21 young (43008K), 1 survivors (2048K)
 Metaspace       used 25436K, committed 25856K, reserved 1114112K
  class space    used 2654K, committed 2880K, reserved 1048576K
}
Event: 4.233 GC heap after
{Heap after GC invocations=11 (full 0):
 garbage-first heap   total 129024K, used 50632K [0x0000000705e00000, 0x0000000800000000)
  region size 2048K, 3 young (6144K), 3 survivors (6144K)
 Metaspace       used 25436K, committed 25856K, reserved 1114112K
  class space    used 2654K, committed 2880K, reserved 1048576K
}
Event: 4.248 GC heap before
{Heap before GC invocations=11 (full 0):
 garbage-first heap   total 129024K, used 52680K [0x0000000705e00000, 0x0000000800000000)
  region size 2048K, 4 young (8192K), 3 survivors (6144K)
 Metaspace       used 25449K, committed 25856K, reserved 1114112K
  class space    used 2654K, committed 2880K, reserved 1048576K
}
Event: 4.252 GC heap after
{Heap after GC invocations=12 (full 0):
 garbage-first heap   total 129024K, used 51213K [0x0000000705e00000, 0x0000000800000000)
  region size 2048K, 1 young (2048K), 1 survivors (2048K)
 Metaspace       used 25449K, committed 25856K, reserved 1114112K
  class space    used 2654K, committed 2880K, reserved 1048576K
}
Event: 4.736 GC heap before
{Heap before GC invocations=12 (full 0):
 garbage-first heap   total 129024K, used 86029K [0x0000000705e00000, 0x0000000800000000)
  region size 2048K, 19 young (38912K), 1 survivors (2048K)
 Metaspace       used 27492K, committed 27904K, reserved 1114112K
  class space    used 2863K, committed 3072K, reserved 1048576K
}
Event: 4.737 GC heap after
{Heap after GC invocations=13 (full 0):
 garbage-first heap   total 129024K, used 52153K [0x0000000705e00000, 0x0000000800000000)
  region size 2048K, 1 young (2048K), 1 survivors (2048K)
 Metaspace       used 27492K, committed 27904K, reserved 1114112K
  class space    used 2863K, committed 3072K, reserved 1048576K
}
Event: 4.883 GC heap before
{Heap before GC invocations=13 (full 0):
 garbage-first heap   total 129024K, used 91065K [0x0000000705e00000, 0x0000000800000000)
  region size 2048K, 20 young (40960K), 1 survivors (2048K)
 Metaspace       used 27720K, committed 28224K, reserved 1114112K
  class space    used 2879K, committed 3136K, reserved 1048576K
}
Event: 4.885 GC heap after
{Heap after GC invocations=14 (full 0):
 garbage-first heap   total 129024K, used 52367K [0x0000000705e00000, 0x0000000800000000)
  region size 2048K, 2 young (4096K), 2 survivors (4096K)
 Metaspace       used 27720K, committed 28224K, reserved 1114112K
  class space    used 2879K, committed 3136K, reserved 1048576K
}
Event: 4.951 GC heap before
{Heap before GC invocations=14 (full 0):
 garbage-first heap   total 129024K, used 93327K [0x0000000705e00000, 0x0000000800000000)
  region size 2048K, 22 young (45056K), 2 survivors (4096K)
 Metaspace       used 27749K, committed 28224K, reserved 1114112K
  class space    used 2882K, committed 3136K, reserved 1048576K
}
Event: 4.954 GC heap after
{Heap after GC invocations=15 (full 0):
 garbage-first heap   total 129024K, used 52394K [0x0000000705e00000, 0x0000000800000000)
  region size 2048K, 2 young (4096K), 2 survivors (4096K)
 Metaspace       used 27749K, committed 28224K, reserved 1114112K
  class space    used 2882K, committed 3136K, reserved 1048576K
}

