# JRE version: Java(TM) SE Runtime Environment (19.0.2+7) (build 19.0.2+7-44)
# Java VM: Java HotSpot(TM) 64-Bit Server VM (19.0.2+7-44, mixed mode, sharing, tiered, compressed oops, compressed class ptrs, g1 gc, windows-amd64)
GC Precious Log:
 CardTable entry size: 512
 Card Set container configuration: InlinePtr #cards 4 size 8 Array Of Cards #cards 16 size 48 Howl #buckets 8 coarsen threshold 3686 Howl Bitmap #cards 512 size 80 coarsen threshold 460 Card regions per heap region 1 cards per card region 4096
 CPUs: 16 total, 16 available
 Memory: 16005M
 Large Page Support: Disabled
 NUMA Support: Disabled
 Compressed Oops: Enabled (Zero based)
 Heap Region Size: 2M
 Heap Min Capacity: 8M
 Heap Initial Capacity: 252M
 Heap Max Capacity: 4002M
 Pre-touch: Disabled
 Parallel Workers: 13
 Concurrent Workers: 3
 Concurrent Refinement Workers: 13
 Periodic GC: Disabled
Heap:
 garbage-first heap   total 204800K, used 91675K [0x0000000705e00000, 0x0000000800000000)
  region size 2048K, 14 young (28672K), 2 survivors (4096K)
 Metaspace       used 35417K, committed 36032K, reserved 1114112K
  class space    used 3606K, committed 3904K, reserved 1048576K
GC Heap History (20 events):
Event: 6.598 GC heap before
{Heap before GC invocations=11 (full 0):
 garbage-first heap   total 131072K, used 44512K [0x0000000705e00000, 0x0000000800000000)
  region size 2048K, 5 young (10240K), 4 survivors (8192K)
 Metaspace       used 26960K, committed 27328K, reserved 1114112K
  class space    used 2824K, committed 3008K, reserved 1048576K
}
Event: 6.602 GC heap after
{Heap after GC invocations=12 (full 0):
 garbage-first heap   total 131072K, used 43041K [0x0000000705e00000, 0x0000000800000000)
  region size 2048K, 1 young (2048K), 1 survivors (2048K)
 Metaspace       used 26960K, committed 27328K, reserved 1114112K
  class space    used 2824K, committed 3008K, reserved 1048576K
}
Event: 6.776 GC heap before
{Heap before GC invocations=12 (full 0):
 garbage-first heap   total 131072K, used 86049K [0x0000000705e00000, 0x0000000800000000)
  region size 2048K, 22 young (45056K), 1 survivors (2048K)
 Metaspace       used 27435K, committed 27904K, reserved 1114112K
  class space    used 2861K, committed 3136K, reserved 1048576K
}
Event: 6.777 GC heap after
{Heap after GC invocations=13 (full 0):
 garbage-first heap   total 131072K, used 42297K [0x0000000705e00000, 0x0000000800000000)
  region size 2048K, 1 young (2048K), 1 survivors (2048K)
 Metaspace       used 27435K, committed 27904K, reserved 1114112K
  class space    used 2861K, committed 3136K, reserved 1048576K
}
Event: 6.983 GC heap before
{Heap before GC invocations=13 (full 0):
 garbage-first heap   total 131072K, used 89401K [0x0000000705e00000, 0x0000000800000000)
  region size 2048K, 24 young (49152K), 1 survivors (2048K)
 Metaspace       used 28068K, committed 28608K, reserved 1114112K
  class space    used 2942K, committed 3200K, reserved 1048576K
}
Event: 6.984 GC heap after
{Heap after GC invocations=14 (full 0):
 garbage-first heap   total 131072K, used 42952K [0x0000000705e00000, 0x0000000800000000)
  region size 2048K, 1 young (2048K), 1 survivors (2048K)
 Metaspace       used 28068K, committed 28608K, reserved 1114112K
  class space    used 2942K, committed 3200K, reserved 1048576K
}
Event: 7.084 GC heap before
{Heap before GC invocations=14 (full 0):
 garbage-first heap   total 131072K, used 92104K [0x0000000705e00000, 0x0000000800000000)
  region size 2048K, 25 young (51200K), 1 survivors (2048K)
 Metaspace       used 28296K, committed 28864K, reserved 1114112K
  class space    used 2950K, committed 3264K, reserved 1048576K
}
Event: 7.087 GC heap after
{Heap after GC invocations=15 (full 0):
 garbage-first heap   total 131072K, used 44139K [0x0000000705e00000, 0x0000000800000000)
  region size 2048K, 2 young (4096K), 2 survivors (4096K)
 Metaspace       used 28296K, committed 28864K, reserved 1114112K
  class space    used 2950K, committed 3264K, reserved 1048576K
}
Event: 7.205 GC heap before
{Heap before GC invocations=15 (full 0):
 garbage-first heap   total 131072K, used 95339K [0x0000000705e00000, 0x0000000800000000)
  region size 2048K, 27 young (55296K), 2 survivors (4096K)
 Metaspace       used 28370K, committed 28928K, reserved 1114112K
  class space    used 2956K, committed 3264K, reserved 1048576K
}
Event: 7.208 GC heap after
{Heap after GC invocations=16 (full 0):
 garbage-first heap   total 131072K, used 45113K [0x0000000705e00000, 0x0000000800000000)
  region size 2048K, 2 young (4096K), 2 survivors (4096K)
 Metaspace       used 28370K, committed 28928K, reserved 1114112K
  class space    used 2956K, committed 3264K, reserved 1048576K
}
Event: 7.316 GC heap before
{Heap before GC invocations=16 (full 0):
 garbage-first heap   total 131072K, used 98361K [0x0000000705e00000, 0x0000000800000000)
  region size 2048K, 28 young (57344K), 2 survivors (4096K)
 Metaspace       used 28501K, committed 29056K, reserved 1114112K
  class space    used 2956K, committed 3264K, reserved 1048576K
}
Event: 7.319 GC heap after
{Heap after GC invocations=17 (full 0):
 garbage-first heap   total 204800K, used 45341K [0x0000000705e00000, 0x0000000800000000)
  region size 2048K, 2 young (4096K), 2 survivors (4096K)
 Metaspace       used 28501K, committed 29056K, reserved 1114112K
  class space    used 2956K, committed 3264K, reserved 1048576K
}
Event: 8.200 GC heap before
{Heap before GC invocations=17 (full 0):
 garbage-first heap   total 204800K, used 155933K [0x0000000705e00000, 0x0000000800000000)
  region size 2048K, 56 young (114688K), 2 survivors (4096K)
 Metaspace       used 30991K, committed 31616K, reserved 1114112K
  class space    used 3201K, committed 3520K, reserved 1048576K
}
Event: 8.205 GC heap after
{Heap after GC invocations=18 (full 0):
 garbage-first heap   total 204800K, used 47494K [0x0000000705e00000, 0x0000000800000000)
  region size 2048K, 3 young (6144K), 3 survivors (6144K)
 Metaspace       used 30991K, committed 31616K, reserved 1114112K
  class space    used 3201K, committed 3520K, reserved 1048576K
}
Event: 8.868 GC heap before
{Heap before GC invocations=18 (full 0):
 garbage-first heap   total 204800K, used 162182K [0x0000000705e00000, 0x0000000800000000)
  region size 2048K, 57 young (116736K), 3 survivors (6144K)
 Metaspace       used 31522K, committed 32128K, reserved 1114112K
  class space    used 3230K, committed 3520K, reserved 1048576K
}
Event: 8.876 GC heap after
{Heap after GC invocations=19 (full 0):
 garbage-first heap   total 204800K, used 52383K [0x0000000705e00000, 0x0000000800000000)
  region size 2048K, 5 young (10240K), 5 survivors (10240K)
 Metaspace       used 31522K, committed 32128K, reserved 1114112K
  class space    used 3230K, committed 3520K, reserved 1048576K
}
Event: 9.671 GC heap before
{Heap before GC invocations=19 (full 0):
 garbage-first heap   total 204800K, used 158879K [0x0000000705e00000, 0x0000000800000000)
  region size 2048K, 58 young (118784K), 5 survivors (10240K)
 Metaspace       used 32944K, committed 33536K, reserved 1114112K
  class space    used 3378K, committed 3712K, reserved 1048576K
}
Event: 9.682 GC heap after
{Heap after GC invocations=20 (full 0):
 garbage-first heap   total 204800K, used 70715K [0x0000000705e00000, 0x0000000800000000)
  region size 2048K, 8 young (16384K), 8 survivors (16384K)
 Metaspace       used 32944K, committed 33536K, reserved 1114112K
  class space    used 3378K, committed 3712K, reserved 1048576K
}
Event: 11.114 GC heap before
{Heap before GC invocations=20 (full 0):
 garbage-first heap   total 204800K, used 158779K [0x0000000705e00000, 0x0000000800000000)
  region size 2048K, 51 young (104448K), 8 survivors (16384K)
 Metaspace       used 34574K, committed 35200K, reserved 1114112K
  class space    used 3519K, committed 3840K, reserved 1048576K
}
Event: 11.122 GC heap after
{Heap after GC invocations=21 (full 0):
 garbage-first heap   total 204800K, used 69147K [0x0000000705e00000, 0x0000000800000000)
  region size 2048K, 2 young (4096K), 2 survivors (4096K)
 Metaspace       used 34574K, committed 35200K, reserved 1114112K
  class space    used 3519K, committed 3840K, reserved 1048576K
}

