# JRE version: Java(TM) SE Runtime Environment (19.0.2+7) (build 19.0.2+7-44)
# Java VM: Java HotSpot(TM) 64-Bit Server VM (19.0.2+7-44, mixed mode, sharing, tiered, compressed oops, compressed class ptrs, g1 gc, windows-amd64)
GC Precious Log:
 CardTable entry size: 512
 Card Set container configuration: InlinePtr #cards 4 size 8 Array Of Cards #cards 16 size 48 Howl #buckets 8 coarsen threshold 3686 Howl Bitmap #cards 512 size 80 coarsen threshold 460 Card regions per heap region 1 cards per card region 4096
 CPUs: 16 total, 16 available
 Memory: 16005M
 Large Page Support: Disabled
 NUMA Support: Disabled
 Compressed Oops: Enabled (Zero based)
 Heap Region Size: 2M
 Heap Min Capacity: 8M
 Heap Initial Capacity: 252M
 Heap Max Capacity: 4002M
 Pre-touch: Disabled
 Parallel Workers: 13
 Concurrent Workers: 3
 Concurrent Refinement Workers: 13
 Periodic GC: Disabled
Heap:
 garbage-first heap   total 131072K, used 45406K [0x0000000705e00000, 0x0000000800000000)
  region size 2048K, 2 young (4096K), 2 survivors (4096K)
 Metaspace       used 28479K, committed 29056K, reserved 1114112K
  class space    used 2964K, committed 3264K, reserved 1048576K
GC Heap History (20 events):
Event: 2.530 GC heap after
{Heap after GC invocations=6 (full 0):
 garbage-first heap   total 63488K, used 24375K [0x0000000705e00000, 0x0000000800000000)
  region size 2048K, 1 young (2048K), 1 survivors (2048K)
 Metaspace       used 23487K, committed 23872K, reserved 1114112K
  class space    used 2498K, committed 2688K, reserved 1048576K
}
Event: 2.753 GC heap before
{Heap before GC invocations=6 (full 0):
 garbage-first heap   total 63488K, used 40759K [0x0000000705e00000, 0x0000000800000000)
  region size 2048K, 10 young (20480K), 1 survivors (2048K)
 Metaspace       used 24280K, committed 24576K, reserved 1114112K
  class space    used 2580K, committed 2688K, reserved 1048576K
}
Event: 2.758 GC heap after
{Heap after GC invocations=7 (full 0):
 garbage-first heap   total 63488K, used 30710K [0x0000000705e00000, 0x0000000800000000)
  region size 2048K, 2 young (4096K), 2 survivors (4096K)
 Metaspace       used 24280K, committed 24576K, reserved 1114112K
  class space    used 2580K, committed 2688K, reserved 1048576K
}
Event: 2.884 GC heap before
{Heap before GC invocations=7 (full 0):
 garbage-first heap   total 63488K, used 45046K [0x0000000705e00000, 0x0000000800000000)
  region size 2048K, 9 young (18432K), 2 survivors (4096K)
 Metaspace       used 24509K, committed 24832K, reserved 1114112K
  class space    used 2602K, committed 2752K, reserved 1048576K
}
Event: 2.888 GC heap after
{Heap after GC invocations=8 (full 0):
 garbage-first heap   total 63488K, used 34141K [0x0000000705e00000, 0x0000000800000000)
  region size 2048K, 2 young (4096K), 2 survivors (4096K)
 Metaspace       used 24509K, committed 24832K, reserved 1114112K
  class space    used 2602K, committed 2752K, reserved 1048576K
}
Event: 2.948 GC heap before
{Heap before GC invocations=8 (full 0):
 garbage-first heap   total 63488K, used 44381K [0x0000000705e00000, 0x0000000800000000)
  region size 2048K, 7 young (14336K), 2 survivors (4096K)
 Metaspace       used 24785K, committed 25152K, reserved 1114112K
  class space    used 2639K, committed 2816K, reserved 1048576K
}
Event: 2.952 GC heap after
{Heap after GC invocations=9 (full 0):
 garbage-first heap   total 161792K, used 36104K [0x0000000705e00000, 0x0000000800000000)
  region size 2048K, 1 young (2048K), 1 survivors (2048K)
 Metaspace       used 24785K, committed 25152K, reserved 1114112K
  class space    used 2639K, committed 2816K, reserved 1048576K
}
Event: 3.690 GC heap before
{Heap before GC invocations=10 (full 0):
 garbage-first heap   total 131072K, used 99592K [0x0000000705e00000, 0x0000000800000000)
  region size 2048K, 32 young (65536K), 1 survivors (2048K)
 Metaspace       used 27005K, committed 27456K, reserved 1114112K
  class space    used 2838K, committed 3072K, reserved 1048576K
}
Event: 3.698 GC heap after
{Heap after GC invocations=11 (full 0):
 garbage-first heap   total 131072K, used 43611K [0x0000000705e00000, 0x0000000800000000)
  region size 2048K, 4 young (8192K), 4 survivors (8192K)
 Metaspace       used 27005K, committed 27456K, reserved 1114112K
  class space    used 2838K, committed 3072K, reserved 1048576K
}
Event: 3.712 GC heap before
{Heap before GC invocations=11 (full 0):
 garbage-first heap   total 131072K, used 45659K [0x0000000705e00000, 0x0000000800000000)
  region size 2048K, 5 young (10240K), 4 survivors (8192K)
 Metaspace       used 27161K, committed 27584K, reserved 1114112K
  class space    used 2847K, committed 3072K, reserved 1048576K
}
Event: 3.716 GC heap after
{Heap after GC invocations=12 (full 0):
 garbage-first heap   total 131072K, used 43315K [0x0000000705e00000, 0x0000000800000000)
  region size 2048K, 1 young (2048K), 1 survivors (2048K)
 Metaspace       used 27161K, committed 27584K, reserved 1114112K
  class space    used 2847K, committed 3072K, reserved 1048576K
}
Event: 4.041 GC heap before
{Heap before GC invocations=12 (full 0):
 garbage-first heap   total 131072K, used 84275K [0x0000000705e00000, 0x0000000800000000)
  region size 2048K, 22 young (45056K), 1 survivors (2048K)
 Metaspace       used 27425K, committed 27840K, reserved 1114112K
  class space    used 2867K, committed 3072K, reserved 1048576K
}
Event: 4.042 GC heap after
{Heap after GC invocations=13 (full 0):
 garbage-first heap   total 131072K, used 42467K [0x0000000705e00000, 0x0000000800000000)
  region size 2048K, 1 young (2048K), 1 survivors (2048K)
 Metaspace       used 27425K, committed 27840K, reserved 1114112K
  class space    used 2867K, committed 3072K, reserved 1048576K
}
Event: 4.403 GC heap before
{Heap before GC invocations=13 (full 0):
 garbage-first heap   total 131072K, used 87523K [0x0000000705e00000, 0x0000000800000000)
  region size 2048K, 24 young (49152K), 1 survivors (2048K)
 Metaspace       used 28036K, committed 28544K, reserved 1114112K
  class space    used 2945K, committed 3200K, reserved 1048576K
}
Event: 4.405 GC heap after
{Heap after GC invocations=14 (full 0):
 garbage-first heap   total 131072K, used 43191K [0x0000000705e00000, 0x0000000800000000)
  region size 2048K, 1 young (2048K), 1 survivors (2048K)
 Metaspace       used 28036K, committed 28544K, reserved 1114112K
  class space    used 2945K, committed 3200K, reserved 1048576K
}
Event: 4.618 GC heap before
{Heap before GC invocations=14 (full 0):
 garbage-first heap   total 131072K, used 94391K [0x0000000705e00000, 0x0000000800000000)
  region size 2048K, 26 young (53248K), 1 survivors (2048K)
 Metaspace       used 28292K, committed 28800K, reserved 1114112K
  class space    used 2959K, committed 3200K, reserved 1048576K
}
Event: 4.620 GC heap after
{Heap after GC invocations=15 (full 0):
 garbage-first heap   total 131072K, used 44325K [0x0000000705e00000, 0x0000000800000000)
  region size 2048K, 2 young (4096K), 2 survivors (4096K)
 Metaspace       used 28292K, committed 28800K, reserved 1114112K
  class space    used 2959K, committed 3200K, reserved 1048576K
}
Event: 4.730 GC heap before
{Heap before GC invocations=15 (full 0):
 garbage-first heap   total 131072K, used 95525K [0x0000000705e00000, 0x0000000800000000)
  region size 2048K, 27 young (55296K), 2 survivors (4096K)
 Metaspace       used 28313K, committed 28928K, reserved 1114112K
  class space    used 2961K, committed 3264K, reserved 1048576K
}
Event: 4.733 GC heap after
{Heap after GC invocations=16 (full 0):
 garbage-first heap   total 131072K, used 44440K [0x0000000705e00000, 0x0000000800000000)
  region size 2048K, 2 young (4096K), 2 survivors (4096K)
 Metaspace       used 28313K, committed 28928K, reserved 1114112K
  class space    used 2961K, committed 3264K, reserved 1048576K
}
Event: 4.923 GC heap before
{Heap before GC invocations=16 (full 0):
 garbage-first heap   total 131072K, used 97688K [0x0000000705e00000, 0x0000000800000000)
  region size 2048K, 29 young (59392K), 2 survivors (4096K)
 Metaspace       used 28479K, committed 29056K, reserved 1114112K
  class space    used 2964K, committed 3264K, reserved 1048576K
}

