# JRE version: Java(TM) SE Runtime Environment (19.0.2+7) (build 19.0.2+7-44)
# Java VM: Java HotSpot(TM) 64-Bit Server VM (19.0.2+7-44, mixed mode, sharing, tiered, compressed oops, compressed class ptrs, g1 gc, windows-amd64)
GC Precious Log:
 CardTable entry size: 512
 Card Set container configuration: InlinePtr #cards 4 size 8 Array Of Cards #cards 16 size 48 Howl #buckets 8 coarsen threshold 3686 Howl Bitmap #cards 512 size 80 coarsen threshold 460 Card regions per heap region 1 cards per card region 4096
 CPUs: 16 total, 16 available
 Memory: 16005M
 Large Page Support: Disabled
 NUMA Support: Disabled
 Compressed Oops: Enabled (Zero based)
 Heap Region Size: 2M
 Heap Min Capacity: 8M
 Heap Initial Capacity: 252M
 Heap Max Capacity: 4002M
 Pre-touch: Disabled
 Parallel Workers: 13
 Concurrent Workers: 3
 Concurrent Refinement Workers: 13
 Periodic GC: Disabled
Heap:
 garbage-first heap   total 180224K, used 114790K [0x0000000705e00000, 0x0000000800000000)
  region size 2048K, 25 young (51200K), 3 survivors (6144K)
 Metaspace       used 33243K, committed 33792K, reserved 1114112K
  class space    used 3418K, committed 3712K, reserved 1048576K
GC Heap History (20 events):
Event: 2.981 GC heap before
{Heap before GC invocations=11 (full 0):
 garbage-first heap   total 110592K, used 45118K [0x0000000705e00000, 0x0000000800000000)
  region size 2048K, 3 young (6144K), 2 survivors (4096K)
 Metaspace       used 27062K, committed 27456K, reserved 1114112K
  class space    used 2841K, committed 3072K, reserved 1048576K
}
Event: 2.984 GC heap after
{Heap after GC invocations=12 (full 0):
 garbage-first heap   total 110592K, used 42727K [0x0000000705e00000, 0x0000000800000000)
  region size 2048K, 1 young (2048K), 1 survivors (2048K)
 Metaspace       used 27062K, committed 27456K, reserved 1114112K
  class space    used 2841K, committed 3072K, reserved 1048576K
}
Event: 3.153 GC heap before
{Heap before GC invocations=12 (full 0):
 garbage-first heap   total 110592K, used 77543K [0x0000000705e00000, 0x0000000800000000)
  region size 2048K, 18 young (36864K), 1 survivors (2048K)
 Metaspace       used 27378K, committed 27840K, reserved 1114112K
  class space    used 2862K, committed 3136K, reserved 1048576K
}
Event: 3.153 GC heap after
{Heap after GC invocations=13 (full 0):
 garbage-first heap   total 110592K, used 42516K [0x0000000705e00000, 0x0000000800000000)
  region size 2048K, 1 young (2048K), 1 survivors (2048K)
 Metaspace       used 27378K, committed 27840K, reserved 1114112K
  class space    used 2862K, committed 3136K, reserved 1048576K
}
Event: 3.310 GC heap before
{Heap before GC invocations=13 (full 0):
 garbage-first heap   total 110592K, used 81428K [0x0000000705e00000, 0x0000000800000000)
  region size 2048K, 20 young (40960K), 1 survivors (2048K)
 Metaspace       used 27832K, committed 28352K, reserved 1114112K
  class space    used 2935K, committed 3200K, reserved 1048576K
}
Event: 3.311 GC heap after
{Heap after GC invocations=14 (full 0):
 garbage-first heap   total 110592K, used 42945K [0x0000000705e00000, 0x0000000800000000)
  region size 2048K, 1 young (2048K), 1 survivors (2048K)
 Metaspace       used 27832K, committed 28352K, reserved 1114112K
  class space    used 2935K, committed 3200K, reserved 1048576K
}
Event: 3.431 GC heap before
{Heap before GC invocations=14 (full 0):
 garbage-first heap   total 110592K, used 83905K [0x0000000705e00000, 0x0000000800000000)
  region size 2048K, 21 young (43008K), 1 survivors (2048K)
 Metaspace       used 28104K, committed 28608K, reserved 1114112K
  class space    used 2948K, committed 3200K, reserved 1048576K
}
Event: 3.434 GC heap after
{Heap after GC invocations=15 (full 0):
 garbage-first heap   total 110592K, used 44007K [0x0000000705e00000, 0x0000000800000000)
  region size 2048K, 1 young (2048K), 1 survivors (2048K)
 Metaspace       used 28104K, committed 28608K, reserved 1114112K
  class space    used 2948K, committed 3200K, reserved 1048576K
}
Event: 3.519 GC heap before
{Heap before GC invocations=15 (full 0):
 garbage-first heap   total 110592K, used 87015K [0x0000000705e00000, 0x0000000800000000)
  region size 2048K, 22 young (45056K), 1 survivors (2048K)
 Metaspace       used 28221K, committed 28800K, reserved 1114112K
  class space    used 2952K, committed 3264K, reserved 1048576K
}
Event: 3.523 GC heap after
{Heap after GC invocations=16 (full 0):
 garbage-first heap   total 110592K, used 44446K [0x0000000705e00000, 0x0000000800000000)
  region size 2048K, 2 young (4096K), 2 survivors (4096K)
 Metaspace       used 28221K, committed 28800K, reserved 1114112K
  class space    used 2952K, committed 3264K, reserved 1048576K
}
Event: 3.615 GC heap before
{Heap before GC invocations=16 (full 0):
 garbage-first heap   total 110592K, used 85406K [0x0000000705e00000, 0x0000000800000000)
  region size 2048K, 22 young (45056K), 2 survivors (4096K)
 Metaspace       used 28304K, committed 28864K, reserved 1114112K
  class space    used 2955K, committed 3264K, reserved 1048576K
}
Event: 3.620 GC heap after
{Heap after GC invocations=17 (full 0):
 garbage-first heap   total 180224K, used 45471K [0x0000000705e00000, 0x0000000800000000)
  region size 2048K, 2 young (4096K), 2 survivors (4096K)
 Metaspace       used 28304K, committed 28864K, reserved 1114112K
  class space    used 2955K, committed 3264K, reserved 1048576K
}
Event: 4.061 GC heap before
{Heap before GC invocations=17 (full 0):
 garbage-first heap   total 180224K, used 143775K [0x0000000705e00000, 0x0000000800000000)
  region size 2048K, 50 young (102400K), 2 survivors (4096K)
 Metaspace       used 29571K, committed 30080K, reserved 1114112K
  class space    used 3123K, committed 3392K, reserved 1048576K
}
Event: 4.064 GC heap after
{Heap after GC invocations=18 (full 0):
 garbage-first heap   total 180224K, used 46266K [0x0000000705e00000, 0x0000000800000000)
  region size 2048K, 2 young (4096K), 2 survivors (4096K)
 Metaspace       used 29571K, committed 30080K, reserved 1114112K
  class space    used 3123K, committed 3392K, reserved 1048576K
}
Event: 4.746 GC heap before
{Heap before GC invocations=18 (full 0):
 garbage-first heap   total 180224K, used 150714K [0x0000000705e00000, 0x0000000800000000)
  region size 2048K, 51 young (104448K), 2 survivors (4096K)
 Metaspace       used 31229K, committed 31872K, reserved 1114112K
  class space    used 3205K, committed 3520K, reserved 1048576K
}
Event: 4.751 GC heap after
{Heap after GC invocations=19 (full 0):
 garbage-first heap   total 180224K, used 51109K [0x0000000705e00000, 0x0000000800000000)
  region size 2048K, 4 young (8192K), 4 survivors (8192K)
 Metaspace       used 31229K, committed 31872K, reserved 1114112K
  class space    used 3205K, committed 3520K, reserved 1048576K
}
Event: 5.390 GC heap before
{Heap before GC invocations=19 (full 0):
 garbage-first heap   total 180224K, used 147365K [0x0000000705e00000, 0x0000000800000000)
  region size 2048K, 51 young (104448K), 4 survivors (8192K)
 Metaspace       used 31482K, committed 32064K, reserved 1114112K
  class space    used 3224K, committed 3520K, reserved 1048576K
}
Event: 5.399 GC heap after
{Heap after GC invocations=20 (full 0):
 garbage-first heap   total 180224K, used 66983K [0x0000000705e00000, 0x0000000800000000)
  region size 2048K, 7 young (14336K), 7 survivors (14336K)
 Metaspace       used 31482K, committed 32064K, reserved 1114112K
  class space    used 3224K, committed 3520K, reserved 1048576K
}
Event: 5.915 GC heap before
{Heap before GC invocations=20 (full 0):
 garbage-first heap   total 180224K, used 138663K [0x0000000705e00000, 0x0000000800000000)
  region size 2048K, 42 young (86016K), 7 survivors (14336K)
 Metaspace       used 33077K, committed 33664K, reserved 1114112K
  class space    used 3406K, committed 3712K, reserved 1048576K
}
Event: 5.922 GC heap after
{Heap after GC invocations=21 (full 0):
 garbage-first heap   total 180224K, used 71782K [0x0000000705e00000, 0x0000000800000000)
  region size 2048K, 3 young (6144K), 3 survivors (6144K)
 Metaspace       used 33077K, committed 33664K, reserved 1114112K
  class space    used 3406K, committed 3712K, reserved 1048576K
}

