# JRE version: Java(TM) SE Runtime Environment (19.0.2+7) (build 19.0.2+7-44)
# Java VM: Java HotSpot(TM) 64-Bit Server VM (19.0.2+7-44, mixed mode, sharing, tiered, compressed oops, compressed class ptrs, g1 gc, windows-amd64)
GC Precious Log:
 CardTable entry size: 512
 Card Set container configuration: InlinePtr #cards 4 size 8 Array Of Cards #cards 16 size 48 Howl #buckets 8 coarsen threshold 3686 Howl Bitmap #cards 512 size 80 coarsen threshold 460 Card regions per heap region 1 cards per card region 4096
 CPUs: 16 total, 16 available
 Memory: 16005M
 Large Page Support: Disabled
 NUMA Support: Disabled
 Compressed Oops: Enabled (Zero based)
 Heap Region Size: 2M
 Heap Min Capacity: 8M
 Heap Initial Capacity: 252M
 Heap Max Capacity: 4002M
 Pre-touch: Disabled
 Parallel Workers: 13
 Concurrent Workers: 3
 Concurrent Refinement Workers: 13
 Periodic GC: Disabled
Heap:
 garbage-first heap   total 231424K, used 128571K [0x0000000705e00000, 0x0000000800000000)
  region size 2048K, 36 young (73728K), 9 survivors (18432K)
 Metaspace       used 31974K, committed 32576K, reserved 1114112K
  class space    used 3250K, committed 3584K, reserved 1048576K
GC Heap History (20 events):
Event: 5.232 GC heap before
{Heap before GC invocations=10 (full 0):
 garbage-first heap   total 116736K, used 82375K [0x0000000705e00000, 0x0000000800000000)
  region size 2048K, 17 young (34816K), 2 survivors (4096K)
 Metaspace       used 27514K, committed 27904K, reserved 1114112K
  class space    used 2860K, committed 3072K, reserved 1048576K
}
Event: 5.236 GC heap after
{Heap after GC invocations=11 (full 0):
 garbage-first heap   total 116736K, used 52680K [0x0000000705e00000, 0x0000000800000000)
  region size 2048K, 1 young (2048K), 1 survivors (2048K)
 Metaspace       used 27514K, committed 27904K, reserved 1114112K
  class space    used 2860K, committed 3072K, reserved 1048576K
}
Event: 5.308 GC heap before
{Heap before GC invocations=11 (full 0):
 garbage-first heap   total 116736K, used 83400K [0x0000000705e00000, 0x0000000800000000)
  region size 2048K, 16 young (32768K), 1 survivors (2048K)
 Metaspace       used 27623K, committed 28160K, reserved 1114112K
  class space    used 2867K, committed 3136K, reserved 1048576K
}
Event: 5.309 GC heap after
{Heap after GC invocations=12 (full 0):
 garbage-first heap   total 145408K, used 52123K [0x0000000705e00000, 0x0000000800000000)
  region size 2048K, 1 young (2048K), 1 survivors (2048K)
 Metaspace       used 27623K, committed 28160K, reserved 1114112K
  class space    used 2867K, committed 3136K, reserved 1048576K
}
Event: 5.545 GC heap before
{Heap before GC invocations=13 (full 0):
 garbage-first heap   total 145408K, used 101275K [0x0000000705e00000, 0x0000000800000000)
  region size 2048K, 26 young (53248K), 1 survivors (2048K)
 Metaspace       used 28167K, committed 28672K, reserved 1114112K
  class space    used 2943K, committed 3200K, reserved 1048576K
}
Event: 5.547 GC heap after
{Heap after GC invocations=14 (full 0):
 garbage-first heap   total 145408K, used 52659K [0x0000000705e00000, 0x0000000800000000)
  region size 2048K, 1 young (2048K), 1 survivors (2048K)
 Metaspace       used 28167K, committed 28672K, reserved 1114112K
  class space    used 2943K, committed 3200K, reserved 1048576K
}
Event: 5.558 GC heap before
{Heap before GC invocations=14 (full 0):
 garbage-first heap   total 145408K, used 54707K [0x0000000705e00000, 0x0000000800000000)
  region size 2048K, 3 young (6144K), 1 survivors (2048K)
 Metaspace       used 28204K, committed 28736K, reserved 1114112K
  class space    used 2946K, committed 3200K, reserved 1048576K
}
Event: 5.560 GC heap after
{Heap after GC invocations=15 (full 0):
 garbage-first heap   total 145408K, used 51991K [0x0000000705e00000, 0x0000000800000000)
  region size 2048K, 1 young (2048K), 1 survivors (2048K)
 Metaspace       used 28204K, committed 28736K, reserved 1114112K
  class space    used 2946K, committed 3200K, reserved 1048576K
}
Event: 5.679 GC heap before
{Heap before GC invocations=15 (full 0):
 garbage-first heap   total 145408K, used 109335K [0x0000000705e00000, 0x0000000800000000)
  region size 2048K, 29 young (59392K), 1 survivors (2048K)
 Metaspace       used 28472K, committed 29056K, reserved 1114112K
  class space    used 2962K, committed 3264K, reserved 1048576K
}
Event: 5.681 GC heap after
{Heap after GC invocations=16 (full 0):
 garbage-first heap   total 145408K, used 53092K [0x0000000705e00000, 0x0000000800000000)
  region size 2048K, 2 young (4096K), 2 survivors (4096K)
 Metaspace       used 28472K, committed 29056K, reserved 1114112K
  class space    used 2962K, committed 3264K, reserved 1048576K
}
Event: 5.781 GC heap before
{Heap before GC invocations=16 (full 0):
 garbage-first heap   total 145408K, used 110436K [0x0000000705e00000, 0x0000000800000000)
  region size 2048K, 30 young (61440K), 2 survivors (4096K)
 Metaspace       used 28529K, committed 29056K, reserved 1114112K
  class space    used 2963K, committed 3264K, reserved 1048576K
}
Event: 5.783 GC heap after
{Heap after GC invocations=17 (full 0):
 garbage-first heap   total 145408K, used 53606K [0x0000000705e00000, 0x0000000800000000)
  region size 2048K, 2 young (4096K), 2 survivors (4096K)
 Metaspace       used 28529K, committed 29056K, reserved 1114112K
  class space    used 2963K, committed 3264K, reserved 1048576K
}
Event: 5.927 GC heap before
{Heap before GC invocations=17 (full 0):
 garbage-first heap   total 145408K, used 112998K [0x0000000705e00000, 0x0000000800000000)
  region size 2048K, 31 young (63488K), 2 survivors (4096K)
 Metaspace       used 28660K, committed 29184K, reserved 1114112K
  class space    used 2966K, committed 3264K, reserved 1048576K
}
Event: 5.931 GC heap after
{Heap after GC invocations=18 (full 0):
 garbage-first heap   total 145408K, used 54773K [0x0000000705e00000, 0x0000000800000000)
  region size 2048K, 2 young (4096K), 2 survivors (4096K)
 Metaspace       used 28660K, committed 29184K, reserved 1114112K
  class space    used 2966K, committed 3264K, reserved 1048576K
}
Event: 6.013 GC heap before
{Heap before GC invocations=18 (full 0):
 garbage-first heap   total 145408K, used 116213K [0x0000000705e00000, 0x0000000800000000)
  region size 2048K, 32 young (65536K), 2 survivors (4096K)
 Metaspace       used 28745K, committed 29248K, reserved 1114112K
  class space    used 2966K, committed 3264K, reserved 1048576K
}
Event: 6.017 GC heap after
{Heap after GC invocations=19 (full 0):
 garbage-first heap   total 231424K, used 54737K [0x0000000705e00000, 0x0000000800000000)
  region size 2048K, 2 young (4096K), 2 survivors (4096K)
 Metaspace       used 28745K, committed 29248K, reserved 1114112K
  class space    used 2966K, committed 3264K, reserved 1048576K
}
Event: 7.028 GC heap before
{Heap before GC invocations=19 (full 0):
 garbage-first heap   total 231424K, used 189905K [0x0000000705e00000, 0x0000000800000000)
  region size 2048K, 66 young (135168K), 2 survivors (4096K)
 Metaspace       used 31485K, committed 32128K, reserved 1114112K
  class space    used 3219K, committed 3520K, reserved 1048576K
}
Event: 7.033 GC heap after
{Heap after GC invocations=20 (full 0):
 garbage-first heap   total 231424K, used 61912K [0x0000000705e00000, 0x0000000800000000)
  region size 2048K, 4 young (8192K), 4 survivors (8192K)
 Metaspace       used 31485K, committed 32128K, reserved 1114112K
  class space    used 3219K, committed 3520K, reserved 1048576K
}
Event: 7.739 GC heap before
{Heap before GC invocations=20 (full 0):
 garbage-first heap   total 231424K, used 184792K [0x0000000705e00000, 0x0000000800000000)
  region size 2048K, 65 young (133120K), 4 survivors (8192K)
 Metaspace       used 31857K, committed 32384K, reserved 1114112K
  class space    used 3240K, committed 3520K, reserved 1048576K
}
Event: 7.747 GC heap after
{Heap after GC invocations=21 (full 0):
 garbage-first heap   total 231424K, used 75323K [0x0000000705e00000, 0x0000000800000000)
  region size 2048K, 9 young (18432K), 9 survivors (18432K)
 Metaspace       used 31857K, committed 32384K, reserved 1114112K
  class space    used 3240K, committed 3520K, reserved 1048576K
}

