# JRE version: Java(TM) SE Runtime Environment (19.0.2+7) (build 19.0.2+7-44)
# Java VM: Java HotSpot(TM) 64-Bit Server VM (19.0.2+7-44, mixed mode, sharing, tiered, compressed oops, compressed class ptrs, g1 gc, windows-amd64)
GC Precious Log:
 CardTable entry size: 512
 Card Set container configuration: InlinePtr #cards 4 size 8 Array Of Cards #cards 16 size 48 Howl #buckets 8 coarsen threshold 3686 Howl Bitmap #cards 512 size 80 coarsen threshold 460 Card regions per heap region 1 cards per card region 4096
 CPUs: 16 total, 16 available
 Memory: 16005M
 Large Page Support: Disabled
 NUMA Support: Disabled
 Compressed Oops: Enabled (Zero based)
 Heap Region Size: 2M
 Heap Min Capacity: 8M
 Heap Initial Capacity: 252M
 Heap Max Capacity: 4002M
 Pre-touch: Disabled
 Parallel Workers: 13
 Concurrent Workers: 3
 Concurrent Refinement Workers: 13
 Periodic GC: Disabled
Heap:
 garbage-first heap   total 200704K, used 61816K [0x0000000705e00000, 0x0000000800000000)
  region size 2048K, 11 young (22528K), 3 survivors (6144K)
 Metaspace       used 31104K, committed 31744K, reserved 1114112K
  class space    used 3204K, committed 3520K, reserved 1048576K
GC Heap History (20 events):
Event: 2.966 GC heap before
{Heap before GC invocations=4 (full 0):
 garbage-first heap   total 61440K, used 39501K [0x0000000705e00000, 0x0000000800000000)
  region size 2048K, 18 young (36864K), 6 survivors (12288K)
 Metaspace       used 23458K, committed 23808K, reserved 1114112K
  class space    used 2490K, committed 2688K, reserved 1048576K
}
Event: 2.974 GC heap after
{Heap after GC invocations=5 (full 0):
 garbage-first heap   total 61440K, used 22923K [0x0000000705e00000, 0x0000000800000000)
  region size 2048K, 3 young (6144K), 3 survivors (6144K)
 Metaspace       used 23458K, committed 23808K, reserved 1114112K
  class space    used 2490K, committed 2688K, reserved 1048576K
}
Event: 2.996 GC heap before
{Heap before GC invocations=5 (full 0):
 garbage-first heap   total 61440K, used 24971K [0x0000000705e00000, 0x0000000800000000)
  region size 2048K, 4 young (8192K), 3 survivors (6144K)
 Metaspace       used 23474K, committed 23872K, reserved 1114112K
  class space    used 2493K, committed 2688K, reserved 1048576K
}
Event: 3.000 GC heap after
{Heap after GC invocations=6 (full 0):
 garbage-first heap   total 61440K, used 23472K [0x0000000705e00000, 0x0000000800000000)
  region size 2048K, 1 young (2048K), 1 survivors (2048K)
 Metaspace       used 23474K, committed 23872K, reserved 1114112K
  class space    used 2493K, committed 2688K, reserved 1048576K
}
Event: 3.291 GC heap before
{Heap before GC invocations=6 (full 0):
 garbage-first heap   total 61440K, used 41904K [0x0000000705e00000, 0x0000000800000000)
  region size 2048K, 10 young (20480K), 1 survivors (2048K)
 Metaspace       used 24249K, committed 24640K, reserved 1114112K
  class space    used 2576K, committed 2816K, reserved 1048576K
}
Event: 3.295 GC heap after
{Heap after GC invocations=7 (full 0):
 garbage-first heap   total 61440K, used 28672K [0x0000000705e00000, 0x0000000800000000)
  region size 2048K, 2 young (4096K), 2 survivors (4096K)
 Metaspace       used 24249K, committed 24640K, reserved 1114112K
  class space    used 2576K, committed 2816K, reserved 1048576K
}
Event: 3.468 GC heap before
{Heap before GC invocations=7 (full 0):
 garbage-first heap   total 61440K, used 40960K [0x0000000705e00000, 0x0000000800000000)
  region size 2048K, 9 young (18432K), 2 survivors (4096K)
 Metaspace       used 24478K, committed 24896K, reserved 1114112K
  class space    used 2598K, committed 2816K, reserved 1048576K
}
Event: 3.474 GC heap after
{Heap after GC invocations=8 (full 0):
 garbage-first heap   total 159744K, used 32138K [0x0000000705e00000, 0x0000000800000000)
  region size 2048K, 2 young (4096K), 2 survivors (4096K)
 Metaspace       used 24478K, committed 24896K, reserved 1114112K
  class space    used 2598K, committed 2816K, reserved 1048576K
}
Event: 4.211 GC heap before
{Heap before GC invocations=8 (full 0):
 garbage-first heap   total 159744K, used 95626K [0x0000000705e00000, 0x0000000800000000)
  region size 2048K, 33 young (67584K), 2 survivors (4096K)
 Metaspace       used 26516K, committed 26944K, reserved 1114112K
  class space    used 2778K, committed 3008K, reserved 1048576K
}
Event: 4.220 GC heap after
{Heap after GC invocations=9 (full 0):
 garbage-first heap   total 159744K, used 41684K [0x0000000705e00000, 0x0000000800000000)
  region size 2048K, 5 young (10240K), 5 survivors (10240K)
 Metaspace       used 26516K, committed 26944K, reserved 1114112K
  class space    used 2778K, committed 3008K, reserved 1048576K
}
Event: 4.669 GC heap before
{Heap before GC invocations=9 (full 0):
 garbage-first heap   total 159744K, used 103124K [0x0000000705e00000, 0x0000000800000000)
  region size 2048K, 35 young (71680K), 5 survivors (10240K)
 Metaspace       used 27389K, committed 27840K, reserved 1114112K
  class space    used 2860K, committed 3072K, reserved 1048576K
}
Event: 4.676 GC heap after
{Heap after GC invocations=10 (full 0):
 garbage-first heap   total 159744K, used 43089K [0x0000000705e00000, 0x0000000800000000)
  region size 2048K, 1 young (2048K), 1 survivors (2048K)
 Metaspace       used 27389K, committed 27840K, reserved 1114112K
  class space    used 2860K, committed 3072K, reserved 1048576K
}
Event: 5.073 GC heap before
{Heap before GC invocations=10 (full 0):
 garbage-first heap   total 159744K, used 108625K [0x0000000705e00000, 0x0000000800000000)
  region size 2048K, 33 young (67584K), 1 survivors (2048K)
 Metaspace       used 28096K, committed 28608K, reserved 1114112K
  class space    used 2945K, committed 3200K, reserved 1048576K
}
Event: 5.076 GC heap after
{Heap after GC invocations=11 (full 0):
 garbage-first heap   total 159744K, used 43575K [0x0000000705e00000, 0x0000000800000000)
  region size 2048K, 1 young (2048K), 1 survivors (2048K)
 Metaspace       used 28096K, committed 28608K, reserved 1114112K
  class space    used 2945K, committed 3200K, reserved 1048576K
}
Event: 5.363 GC heap before
{Heap before GC invocations=11 (full 0):
 garbage-first heap   total 159744K, used 113207K [0x0000000705e00000, 0x0000000800000000)
  region size 2048K, 35 young (71680K), 1 survivors (2048K)
 Metaspace       used 28276K, committed 28864K, reserved 1114112K
  class space    used 2956K, committed 3264K, reserved 1048576K
}
Event: 5.378 GC heap after
{Heap after GC invocations=12 (full 0):
 garbage-first heap   total 159744K, used 44429K [0x0000000705e00000, 0x0000000800000000)
  region size 2048K, 2 young (4096K), 2 survivors (4096K)
 Metaspace       used 28276K, committed 28864K, reserved 1114112K
  class space    used 2956K, committed 3264K, reserved 1048576K
}
Event: 5.726 GC heap before
{Heap before GC invocations=12 (full 0):
 garbage-first heap   total 159744K, used 116109K [0x0000000705e00000, 0x0000000800000000)
  region size 2048K, 37 young (75776K), 2 survivors (4096K)
 Metaspace       used 28424K, committed 28992K, reserved 1114112K
  class space    used 2956K, committed 3264K, reserved 1048576K
}
Event: 5.733 GC heap after
{Heap after GC invocations=13 (full 0):
 garbage-first heap   total 200704K, used 45190K [0x0000000705e00000, 0x0000000800000000)
  region size 2048K, 2 young (4096K), 2 survivors (4096K)
 Metaspace       used 28424K, committed 28992K, reserved 1114112K
  class space    used 2956K, committed 3264K, reserved 1048576K
}
Event: 7.200 GC heap before
{Heap before GC invocations=13 (full 0):
 garbage-first heap   total 200704K, used 149638K [0x0000000705e00000, 0x0000000800000000)
  region size 2048K, 53 young (108544K), 2 survivors (4096K)
 Metaspace       used 31067K, committed 31680K, reserved 1114112K
  class space    used 3203K, committed 3520K, reserved 1048576K
}
Event: 7.208 GC heap after
{Heap after GC invocations=14 (full 0):
 garbage-first heap   total 200704K, used 47480K [0x0000000705e00000, 0x0000000800000000)
  region size 2048K, 3 young (6144K), 3 survivors (6144K)
 Metaspace       used 31067K, committed 31680K, reserved 1114112K
  class space    used 3203K, committed 3520K, reserved 1048576K
}

