# JRE version: Java(TM) SE Runtime Environment (19.0.2+7) (build 19.0.2+7-44)
# Java VM: Java HotSpot(TM) 64-Bit Server VM (19.0.2+7-44, mixed mode, sharing, tiered, compressed oops, compressed class ptrs, g1 gc, windows-amd64)
GC Precious Log:
 CardTable entry size: 512
 Card Set container configuration: InlinePtr #cards 4 size 8 Array Of Cards #cards 16 size 48 Howl #buckets 8 coarsen threshold 3686 Howl Bitmap #cards 512 size 80 coarsen threshold 460 Card regions per heap region 1 cards per card region 4096
 CPUs: 16 total, 16 available
 Memory: 16005M
 Large Page Support: Disabled
 NUMA Support: Disabled
 Compressed Oops: Enabled (Zero based)
 Heap Region Size: 2M
 Heap Min Capacity: 8M
 Heap Initial Capacity: 252M
 Heap Max Capacity: 4002M
 Pre-touch: Disabled
 Parallel Workers: 13
 Concurrent Workers: 3
 Concurrent Refinement Workers: 13
 Periodic GC: Disabled
Heap:
 garbage-first heap   total 202752K, used 103983K [0x0000000705e00000, 0x0000000800000000)
  region size 2048K, 23 young (47104K), 5 survivors (10240K)
 Metaspace       used 33180K, committed 33792K, reserved 1114112K
  class space    used 3419K, committed 3712K, reserved 1048576K
GC Heap History (20 events):
Event: 2.403 GC heap before
{Heap before GC invocations=8 (full 0):
 garbage-first heap   total 69632K, used 48895K [0x0000000705e00000, 0x0000000800000000)
  region size 2048K, 9 young (18432K), 2 survivors (4096K)
 Metaspace       used 25013K, committed 25472K, reserved 1114112K
  class space    used 2642K, committed 2880K, reserved 1048576K
}
Event: 2.407 GC heap after
{Heap after GC invocations=9 (full 0):
 garbage-first heap   total 116736K, used 36916K [0x0000000705e00000, 0x0000000800000000)
  region size 2048K, 2 young (4096K), 2 survivors (4096K)
 Metaspace       used 25013K, committed 25472K, reserved 1114112K
  class space    used 2642K, committed 2880K, reserved 1048576K
}
Event: 2.834 GC heap before
{Heap before GC invocations=10 (full 0):
 garbage-first heap   total 116736K, used 79924K [0x0000000705e00000, 0x0000000800000000)
  region size 2048K, 23 young (47104K), 2 survivors (4096K)
 Metaspace       used 26867K, committed 27264K, reserved 1114112K
  class space    used 2825K, committed 3008K, reserved 1048576K
}
Event: 2.840 GC heap after
{Heap after GC invocations=11 (full 0):
 garbage-first heap   total 116736K, used 41775K [0x0000000705e00000, 0x0000000800000000)
  region size 2048K, 3 young (6144K), 3 survivors (6144K)
 Metaspace       used 26867K, committed 27264K, reserved 1114112K
  class space    used 2825K, committed 3008K, reserved 1048576K
}
Event: 2.858 GC heap before
{Heap before GC invocations=11 (full 0):
 garbage-first heap   total 116736K, used 41775K [0x0000000705e00000, 0x0000000800000000)
  region size 2048K, 4 young (8192K), 3 survivors (6144K)
 Metaspace       used 27033K, committed 27456K, reserved 1114112K
  class space    used 2839K, committed 3072K, reserved 1048576K
}
Event: 2.862 GC heap after
{Heap after GC invocations=12 (full 0):
 garbage-first heap   total 116736K, used 41936K [0x0000000705e00000, 0x0000000800000000)
  region size 2048K, 1 young (2048K), 1 survivors (2048K)
 Metaspace       used 27033K, committed 27456K, reserved 1114112K
  class space    used 2839K, committed 3072K, reserved 1048576K
}
Event: 3.039 GC heap before
{Heap before GC invocations=12 (full 0):
 garbage-first heap   total 116736K, used 82896K [0x0000000705e00000, 0x0000000800000000)
  region size 2048K, 21 young (43008K), 1 survivors (2048K)
 Metaspace       used 27337K, committed 27776K, reserved 1114112K
  class space    used 2862K, committed 3072K, reserved 1048576K
}
Event: 3.040 GC heap after
{Heap after GC invocations=13 (full 0):
 garbage-first heap   total 116736K, used 41384K [0x0000000705e00000, 0x0000000800000000)
  region size 2048K, 1 young (2048K), 1 survivors (2048K)
 Metaspace       used 27337K, committed 27776K, reserved 1114112K
  class space    used 2862K, committed 3072K, reserved 1048576K
}
Event: 3.266 GC heap before
{Heap before GC invocations=13 (full 0):
 garbage-first heap   total 116736K, used 84392K [0x0000000705e00000, 0x0000000800000000)
  region size 2048K, 22 young (45056K), 1 survivors (2048K)
 Metaspace       used 28005K, committed 28544K, reserved 1114112K
  class space    used 2943K, committed 3200K, reserved 1048576K
}
Event: 3.268 GC heap after
{Heap after GC invocations=14 (full 0):
 garbage-first heap   total 116736K, used 42271K [0x0000000705e00000, 0x0000000800000000)
  region size 2048K, 1 young (2048K), 1 survivors (2048K)
 Metaspace       used 28005K, committed 28544K, reserved 1114112K
  class space    used 2943K, committed 3200K, reserved 1048576K
}
Event: 3.361 GC heap before
{Heap before GC invocations=14 (full 0):
 garbage-first heap   total 116736K, used 87327K [0x0000000705e00000, 0x0000000800000000)
  region size 2048K, 23 young (47104K), 1 survivors (2048K)
 Metaspace       used 28161K, committed 28736K, reserved 1114112K
  class space    used 2953K, committed 3264K, reserved 1048576K
}
Event: 3.363 GC heap after
{Heap after GC invocations=15 (full 0):
 garbage-first heap   total 116736K, used 42946K [0x0000000705e00000, 0x0000000800000000)
  region size 2048K, 1 young (2048K), 1 survivors (2048K)
 Metaspace       used 28161K, committed 28736K, reserved 1114112K
  class space    used 2953K, committed 3264K, reserved 1048576K
}
Event: 3.482 GC heap before
{Heap before GC invocations=15 (full 0):
 garbage-first heap   total 116736K, used 90050K [0x0000000705e00000, 0x0000000800000000)
  region size 2048K, 24 young (49152K), 1 survivors (2048K)
 Metaspace       used 28326K, committed 28864K, reserved 1114112K
  class space    used 2956K, committed 3264K, reserved 1048576K
}
Event: 3.486 GC heap after
{Heap after GC invocations=16 (full 0):
 garbage-first heap   total 202752K, used 44016K [0x0000000705e00000, 0x0000000800000000)
  region size 2048K, 2 young (4096K), 2 survivors (4096K)
 Metaspace       used 28326K, committed 28864K, reserved 1114112K
  class space    used 2956K, committed 3264K, reserved 1048576K
}
Event: 4.387 GC heap before
{Heap before GC invocations=16 (full 0):
 garbage-first heap   total 202752K, used 156656K [0x0000000705e00000, 0x0000000800000000)
  region size 2048K, 57 young (116736K), 2 survivors (4096K)
 Metaspace       used 30980K, committed 31616K, reserved 1114112K
  class space    used 3204K, committed 3520K, reserved 1048576K
}
Event: 4.390 GC heap after
{Heap after GC invocations=17 (full 0):
 garbage-first heap   total 202752K, used 45485K [0x0000000705e00000, 0x0000000800000000)
  region size 2048K, 3 young (6144K), 3 survivors (6144K)
 Metaspace       used 30980K, committed 31616K, reserved 1114112K
  class space    used 3204K, committed 3520K, reserved 1048576K
}
Event: 4.951 GC heap before
{Heap before GC invocations=17 (full 0):
 garbage-first heap   total 202752K, used 164269K [0x0000000705e00000, 0x0000000800000000)
  region size 2048K, 59 young (120832K), 3 survivors (6144K)
 Metaspace       used 31417K, committed 32000K, reserved 1114112K
  class space    used 3223K, committed 3520K, reserved 1048576K
}
Event: 4.958 GC heap after
{Heap after GC invocations=18 (full 0):
 garbage-first heap   total 202752K, used 59620K [0x0000000705e00000, 0x0000000800000000)
  region size 2048K, 8 young (16384K), 8 survivors (16384K)
 Metaspace       used 31417K, committed 32000K, reserved 1114112K
  class space    used 3223K, committed 3520K, reserved 1048576K
}
Event: 5.553 GC heap before
{Heap before GC invocations=18 (full 0):
 garbage-first heap   total 202752K, used 155876K [0x0000000705e00000, 0x0000000800000000)
  region size 2048K, 55 young (112640K), 8 survivors (16384K)
 Metaspace       used 33042K, committed 33664K, reserved 1114112K
  class space    used 3406K, committed 3712K, reserved 1048576K
}
Event: 5.561 GC heap after
{Heap after GC invocations=19 (full 0):
 garbage-first heap   total 202752K, used 69167K [0x0000000705e00000, 0x0000000800000000)
  region size 2048K, 5 young (10240K), 5 survivors (10240K)
 Metaspace       used 33042K, committed 33664K, reserved 1114112K
  class space    used 3406K, committed 3712K, reserved 1048576K
}

