# JRE version: Java(TM) SE Runtime Environment (19.0.2+7) (build 19.0.2+7-44)
# Java VM: Java HotSpot(TM) 64-Bit Server VM (19.0.2+7-44, mixed mode, sharing, tiered, compressed oops, compressed class ptrs, g1 gc, windows-amd64)
GC Precious Log:
 CardTable entry size: 512
 Card Set container configuration: InlinePtr #cards 4 size 8 Array Of Cards #cards 16 size 48 Howl #buckets 8 coarsen threshold 3686 Howl Bitmap #cards 512 size 80 coarsen threshold 460 Card regions per heap region 1 cards per card region 4096
 CPUs: 16 total, 16 available
 Memory: 16005M
 Large Page Support: Disabled
 NUMA Support: Disabled
 Compressed Oops: Enabled (Zero based)
 Heap Region Size: 2M
 Heap Min Capacity: 8M
 Heap Initial Capacity: 252M
 Heap Max Capacity: 4002M
 Pre-touch: Disabled
 Parallel Workers: 13
 Concurrent Workers: 3
 Concurrent Refinement Workers: 13
 Periodic GC: Disabled
Heap:
 garbage-first heap   total 167936K, used 69021K [0x0000000705e00000, 0x0000000800000000)
  region size 2048K, 6 young (12288K), 6 survivors (12288K)
 Metaspace       used 31748K, committed 32320K, reserved 1114112K
  class space    used 3245K, committed 3520K, reserved 1048576K
GC Heap History (20 events):
Event: 3.078 GC heap after
{Heap after GC invocations=12 (full 0):
 garbage-first heap   total 118784K, used 52352K [0x0000000705e00000, 0x0000000800000000)
  region size 2048K, 1 young (2048K), 1 survivors (2048K)
 Metaspace       used 26567K, committed 27008K, reserved 1114112K
  class space    used 2778K, committed 3008K, reserved 1048576K
}
Event: 3.342 GC heap before
{Heap before GC invocations=12 (full 0):
 garbage-first heap   total 118784K, used 83072K [0x0000000705e00000, 0x0000000800000000)
  region size 2048K, 17 young (34816K), 1 survivors (2048K)
 Metaspace       used 27468K, committed 27904K, reserved 1114112K
  class space    used 2864K, committed 3072K, reserved 1048576K
}
Event: 3.343 GC heap after
{Heap after GC invocations=13 (full 0):
 garbage-first heap   total 118784K, used 51850K [0x0000000705e00000, 0x0000000800000000)
  region size 2048K, 1 young (2048K), 1 survivors (2048K)
 Metaspace       used 27468K, committed 27904K, reserved 1114112K
  class space    used 2864K, committed 3072K, reserved 1048576K
}
Event: 3.411 GC heap before
{Heap before GC invocations=13 (full 0):
 garbage-first heap   total 118784K, used 86666K [0x0000000705e00000, 0x0000000800000000)
  region size 2048K, 18 young (36864K), 1 survivors (2048K)
 Metaspace       used 27553K, committed 28032K, reserved 1114112K
  class space    used 2869K, committed 3136K, reserved 1048576K
}
Event: 3.412 GC heap after
{Heap after GC invocations=14 (full 0):
 garbage-first heap   total 118784K, used 52306K [0x0000000705e00000, 0x0000000800000000)
  region size 2048K, 1 young (2048K), 1 survivors (2048K)
 Metaspace       used 27553K, committed 28032K, reserved 1114112K
  class space    used 2869K, committed 3136K, reserved 1048576K
}
Event: 3.614 GC heap before
{Heap before GC invocations=14 (full 0):
 garbage-first heap   total 118784K, used 89170K [0x0000000705e00000, 0x0000000800000000)
  region size 2048K, 19 young (38912K), 1 survivors (2048K)
 Metaspace       used 28098K, committed 28608K, reserved 1114112K
  class space    used 2949K, committed 3200K, reserved 1048576K
}
Event: 3.615 GC heap after
{Heap after GC invocations=15 (full 0):
 garbage-first heap   total 118784K, used 52139K [0x0000000705e00000, 0x0000000800000000)
  region size 2048K, 1 young (2048K), 1 survivors (2048K)
 Metaspace       used 28098K, committed 28608K, reserved 1114112K
  class space    used 2949K, committed 3200K, reserved 1048576K
}
Event: 3.708 GC heap before
{Heap before GC invocations=15 (full 0):
 garbage-first heap   total 118784K, used 91051K [0x0000000705e00000, 0x0000000800000000)
  region size 2048K, 20 young (40960K), 1 survivors (2048K)
 Metaspace       used 28292K, committed 28864K, reserved 1114112K
  class space    used 2962K, committed 3264K, reserved 1048576K
}
Event: 3.711 GC heap after
{Heap after GC invocations=16 (full 0):
 garbage-first heap   total 118784K, used 52911K [0x0000000705e00000, 0x0000000800000000)
  region size 2048K, 1 young (2048K), 1 survivors (2048K)
 Metaspace       used 28292K, committed 28864K, reserved 1114112K
  class space    used 2962K, committed 3264K, reserved 1048576K
}
Event: 3.781 GC heap before
{Heap before GC invocations=16 (full 0):
 garbage-first heap   total 118784K, used 93871K [0x0000000705e00000, 0x0000000800000000)
  region size 2048K, 21 young (43008K), 1 survivors (2048K)
 Metaspace       used 28430K, committed 28992K, reserved 1114112K
  class space    used 2965K, committed 3264K, reserved 1048576K
}
Event: 3.784 GC heap after
{Heap after GC invocations=17 (full 0):
 garbage-first heap   total 167936K, used 54069K [0x0000000705e00000, 0x0000000800000000)
  region size 2048K, 2 young (4096K), 2 survivors (4096K)
 Metaspace       used 28430K, committed 28992K, reserved 1114112K
  class space    used 2965K, committed 3264K, reserved 1048576K
}
Event: 3.933 GC heap before
{Heap before GC invocations=17 (full 0):
 garbage-first heap   total 167936K, used 131893K [0x0000000705e00000, 0x0000000800000000)
  region size 2048K, 40 young (81920K), 2 survivors (4096K)
 Metaspace       used 28515K, committed 29056K, reserved 1114112K
  class space    used 2968K, committed 3264K, reserved 1048576K
}
Event: 3.937 GC heap after
{Heap after GC invocations=18 (full 0):
 garbage-first heap   total 167936K, used 55017K [0x0000000705e00000, 0x0000000800000000)
  region size 2048K, 2 young (4096K), 2 survivors (4096K)
 Metaspace       used 28515K, committed 29056K, reserved 1114112K
  class space    used 2968K, committed 3264K, reserved 1048576K
}
Event: 4.080 GC heap before
{Heap before GC invocations=18 (full 0):
 garbage-first heap   total 167936K, used 134889K [0x0000000705e00000, 0x0000000800000000)
  region size 2048K, 41 young (83968K), 2 survivors (4096K)
 Metaspace       used 28628K, committed 29184K, reserved 1114112K
  class space    used 2968K, committed 3264K, reserved 1048576K
}
Event: 4.083 GC heap after
{Heap after GC invocations=19 (full 0):
 garbage-first heap   total 167936K, used 54653K [0x0000000705e00000, 0x0000000800000000)
  region size 2048K, 2 young (4096K), 2 survivors (4096K)
 Metaspace       used 28628K, committed 29184K, reserved 1114112K
  class space    used 2968K, committed 3264K, reserved 1048576K
}
Event: 4.807 GC heap before
{Heap before GC invocations=19 (full 0):
 garbage-first heap   total 167936K, used 136573K [0x0000000705e00000, 0x0000000800000000)
  region size 2048K, 42 young (86016K), 2 survivors (4096K)
 Metaspace       used 31171K, committed 31744K, reserved 1114112K
  class space    used 3216K, committed 3520K, reserved 1048576K
}
Event: 4.812 GC heap after
{Heap after GC invocations=20 (full 0):
 garbage-first heap   total 167936K, used 56823K [0x0000000705e00000, 0x0000000800000000)
  region size 2048K, 3 young (6144K), 3 survivors (6144K)
 Metaspace       used 31171K, committed 31744K, reserved 1114112K
  class space    used 3216K, committed 3520K, reserved 1048576K
}
Event: 5.150 GC heap before
{Heap before GC invocations=20 (full 0):
 garbage-first heap   total 167936K, used 140791K [0x0000000705e00000, 0x0000000800000000)
  region size 2048K, 42 young (86016K), 3 survivors (6144K)
 Metaspace       used 31500K, committed 32128K, reserved 1114112K
  class space    used 3225K, committed 3520K, reserved 1048576K
}
Event: 5.157 GC heap after
{Heap after GC invocations=21 (full 0):
 garbage-first heap   total 167936K, used 61556K [0x0000000705e00000, 0x0000000800000000)
  region size 2048K, 4 young (8192K), 4 survivors (8192K)
 Metaspace       used 31500K, committed 32128K, reserved 1114112K
  class space    used 3225K, committed 3520K, reserved 1048576K
}
Event: 5.577 GC heap before
{Heap before GC invocations=21 (full 0):
 garbage-first heap   total 167936K, used 137332K [0x0000000705e00000, 0x0000000800000000)
  region size 2048K, 41 young (83968K), 4 survivors (8192K)
 Metaspace       used 31748K, committed 32320K, reserved 1114112K
  class space    used 3245K, committed 3520K, reserved 1048576K
}

