# JRE version: Java(TM) SE Runtime Environment (19.0.2+7) (build 19.0.2+7-44)
# Java VM: Java HotSpot(TM) 64-Bit Server VM (19.0.2+7-44, mixed mode, sharing, tiered, compressed oops, compressed class ptrs, g1 gc, windows-amd64)
GC Precious Log:
 CardTable entry size: 512
 Card Set container configuration: InlinePtr #cards 4 size 8 Array Of Cards #cards 16 size 48 Howl #buckets 8 coarsen threshold 3686 Howl Bitmap #cards 512 size 80 coarsen threshold 460 Card regions per heap region 1 cards per card region 4096
 CPUs: 16 total, 16 available
 Memory: 16005M
 Large Page Support: Disabled
 NUMA Support: Disabled
 Compressed Oops: Enabled (Zero based)
 Heap Region Size: 2M
 Heap Min Capacity: 8M
 Heap Initial Capacity: 252M
 Heap Max Capacity: 4002M
 Pre-touch: Disabled
 Parallel Workers: 13
 Concurrent Workers: 3
 Concurrent Refinement Workers: 13
 Periodic GC: Disabled
Heap:
 garbage-first heap   total 137216K, used 56206K [0x0000000705e00000, 0x0000000800000000)
  region size 2048K, 3 young (6144K), 3 survivors (6144K)
 Metaspace       used 28657K, committed 29184K, reserved 1114112K
  class space    used 2963K, committed 3264K, reserved 1048576K
GC Heap History (20 events):
Event: 2.877 GC heap after
{Heap after GC invocations=9 (full 0):
 garbage-first heap   total 104448K, used 47500K [0x0000000705e00000, 0x0000000800000000)
  region size 2048K, 2 young (4096K), 2 survivors (4096K)
 Metaspace       used 25249K, committed 25664K, reserved 1114112K
  class space    used 2642K, committed 2880K, reserved 1048576K
}
Event: 3.135 GC heap before
{Heap before GC invocations=9 (full 0):
 garbage-first heap   total 104448K, used 74124K [0x0000000705e00000, 0x0000000800000000)
  region size 2048K, 15 young (30720K), 2 survivors (4096K)
 Metaspace       used 26403K, committed 26880K, reserved 1114112K
  class space    used 2764K, committed 3008K, reserved 1048576K
}
Event: 3.141 GC heap after
{Heap after GC invocations=10 (full 0):
 garbage-first heap   total 104448K, used 52258K [0x0000000705e00000, 0x0000000800000000)
  region size 2048K, 2 young (4096K), 2 survivors (4096K)
 Metaspace       used 26403K, committed 26880K, reserved 1114112K
  class space    used 2764K, committed 3008K, reserved 1048576K
}
Event: 3.395 GC heap before
{Heap before GC invocations=10 (full 0):
 garbage-first heap   total 104448K, used 74786K [0x0000000705e00000, 0x0000000800000000)
  region size 2048K, 14 young (28672K), 2 survivors (4096K)
 Metaspace       used 27390K, committed 27776K, reserved 1114112K
  class space    used 2858K, committed 3072K, reserved 1048576K
}
Event: 3.398 GC heap after
{Heap after GC invocations=11 (full 0):
 garbage-first heap   total 104448K, used 53232K [0x0000000705e00000, 0x0000000800000000)
  region size 2048K, 1 young (2048K), 1 survivors (2048K)
 Metaspace       used 27390K, committed 27776K, reserved 1114112K
  class space    used 2858K, committed 3072K, reserved 1048576K
}
Event: 3.490 GC heap before
{Heap before GC invocations=12 (full 0):
 garbage-first heap   total 104448K, used 77808K [0x0000000705e00000, 0x0000000800000000)
  region size 2048K, 13 young (26624K), 1 survivors (2048K)
 Metaspace       used 27510K, committed 27968K, reserved 1114112K
  class space    used 2865K, committed 3136K, reserved 1048576K
}
Event: 3.491 GC heap after
{Heap after GC invocations=13 (full 0):
 garbage-first heap   total 104448K, used 53329K [0x0000000705e00000, 0x0000000800000000)
  region size 2048K, 1 young (2048K), 1 survivors (2048K)
 Metaspace       used 27510K, committed 27968K, reserved 1114112K
  class space    used 2865K, committed 3136K, reserved 1048576K
}
Event: 3.497 GC heap before
{Heap before GC invocations=13 (full 0):
 garbage-first heap   total 104448K, used 55377K [0x0000000705e00000, 0x0000000800000000)
  region size 2048K, 2 young (4096K), 1 survivors (2048K)
 Metaspace       used 27516K, committed 27968K, reserved 1114112K
  class space    used 2865K, committed 3136K, reserved 1048576K
}
Event: 3.499 GC heap after
{Heap after GC invocations=14 (full 0):
 garbage-first heap   total 133120K, used 52363K [0x0000000705e00000, 0x0000000800000000)
  region size 2048K, 1 young (2048K), 1 survivors (2048K)
 Metaspace       used 27516K, committed 27968K, reserved 1114112K
  class space    used 2865K, committed 3136K, reserved 1048576K
}
Event: 3.637 GC heap before
{Heap before GC invocations=14 (full 0):
 garbage-first heap   total 133120K, used 97419K [0x0000000705e00000, 0x0000000800000000)
  region size 2048K, 24 young (49152K), 1 survivors (2048K)
 Metaspace       used 27662K, committed 28160K, reserved 1114112K
  class space    used 2881K, committed 3136K, reserved 1048576K
}
Event: 3.638 GC heap after
{Heap after GC invocations=15 (full 0):
 garbage-first heap   total 133120K, used 52435K [0x0000000705e00000, 0x0000000800000000)
  region size 2048K, 1 young (2048K), 1 survivors (2048K)
 Metaspace       used 27662K, committed 28160K, reserved 1114112K
  class space    used 2881K, committed 3136K, reserved 1048576K
}
Event: 3.856 GC heap before
{Heap before GC invocations=15 (full 0):
 garbage-first heap   total 133120K, used 99539K [0x0000000705e00000, 0x0000000800000000)
  region size 2048K, 25 young (51200K), 1 survivors (2048K)
 Metaspace       used 28267K, committed 28864K, reserved 1114112K
  class space    used 2958K, committed 3264K, reserved 1048576K
}
Event: 3.859 GC heap after
{Heap after GC invocations=16 (full 0):
 garbage-first heap   total 133120K, used 53449K [0x0000000705e00000, 0x0000000800000000)
  region size 2048K, 1 young (2048K), 1 survivors (2048K)
 Metaspace       used 28267K, committed 28864K, reserved 1114112K
  class space    used 2958K, committed 3264K, reserved 1048576K
}
Event: 3.967 GC heap before
{Heap before GC invocations=16 (full 0):
 garbage-first heap   total 133120K, used 104649K [0x0000000705e00000, 0x0000000800000000)
  region size 2048K, 26 young (53248K), 1 survivors (2048K)
 Metaspace       used 28414K, committed 28992K, reserved 1114112K
  class space    used 2960K, committed 3264K, reserved 1048576K
}
Event: 3.970 GC heap after
{Heap after GC invocations=17 (full 0):
 garbage-first heap   total 133120K, used 54393K [0x0000000705e00000, 0x0000000800000000)
  region size 2048K, 2 young (4096K), 2 survivors (4096K)
 Metaspace       used 28414K, committed 28992K, reserved 1114112K
  class space    used 2960K, committed 3264K, reserved 1048576K
}
Event: 4.072 GC heap before
{Heap before GC invocations=17 (full 0):
 garbage-first heap   total 133120K, used 105593K [0x0000000705e00000, 0x0000000800000000)
  region size 2048K, 27 young (55296K), 2 survivors (4096K)
 Metaspace       used 28493K, committed 29056K, reserved 1114112K
  class space    used 2963K, committed 3264K, reserved 1048576K
}
Event: 4.076 GC heap after
{Heap after GC invocations=18 (full 0):
 garbage-first heap   total 133120K, used 55719K [0x0000000705e00000, 0x0000000800000000)
  region size 2048K, 2 young (4096K), 2 survivors (4096K)
 Metaspace       used 28493K, committed 29056K, reserved 1114112K
  class space    used 2963K, committed 3264K, reserved 1048576K
}
Event: 4.170 GC heap before
{Heap before GC invocations=18 (full 0):
 garbage-first heap   total 133120K, used 104871K [0x0000000705e00000, 0x0000000800000000)
  region size 2048K, 27 young (55296K), 2 survivors (4096K)
 Metaspace       used 28589K, committed 29120K, reserved 1114112K
  class space    used 2963K, committed 3264K, reserved 1048576K
}
Event: 4.173 GC heap after
{Heap after GC invocations=19 (full 0):
 garbage-first heap   total 133120K, used 55836K [0x0000000705e00000, 0x0000000800000000)
  region size 2048K, 2 young (4096K), 2 survivors (4096K)
 Metaspace       used 28589K, committed 29120K, reserved 1114112K
  class space    used 2963K, committed 3264K, reserved 1048576K
}
Event: 4.278 GC heap before
{Heap before GC invocations=19 (full 0):
 garbage-first heap   total 133120K, used 109084K [0x0000000705e00000, 0x0000000800000000)
  region size 2048K, 28 young (57344K), 2 survivors (4096K)
 Metaspace       used 28657K, committed 29184K, reserved 1114112K
  class space    used 2963K, committed 3264K, reserved 1048576K
}

