# JRE version: Java(TM) SE Runtime Environment (19.0.2+7) (build 19.0.2+7-44)
# Java VM: Java HotSpot(TM) 64-Bit Server VM (19.0.2+7-44, mixed mode, sharing, tiered, compressed oops, compressed class ptrs, g1 gc, windows-amd64)
GC Precious Log:
 CardTable entry size: 512
 Card Set container configuration: InlinePtr #cards 4 size 8 Array Of Cards #cards 16 size 48 Howl #buckets 8 coarsen threshold 3686 Howl Bitmap #cards 512 size 80 coarsen threshold 460 Card regions per heap region 1 cards per card region 4096
 CPUs: 16 total, 16 available
 Memory: 16005M
 Large Page Support: Disabled
 NUMA Support: Disabled
 Compressed Oops: Enabled (Zero based)
 Heap Region Size: 2M
 Heap Min Capacity: 8M
 Heap Initial Capacity: 252M
 Heap Max Capacity: 4002M
 Pre-touch: Disabled
 Parallel Workers: 13
 Concurrent Workers: 3
 Concurrent Refinement Workers: 13
 Periodic GC: Disabled
Heap:
 garbage-first heap   total 237568K, used 96256K [0x0000000705e00000, 0x0000000800000000)
  region size 2048K, 3 young (6144K), 1 survivors (2048K)
 Metaspace       used 33654K, committed 34304K, reserved 1114112K
  class space    used 3436K, committed 3776K, reserved 1048576K
GC Heap History (20 events):
Event: 3.671 GC heap before
{Heap before GC invocations=11 (full 0):
 garbage-first heap   total 120832K, used 87092K [0x0000000705e00000, 0x0000000800000000)
  region size 2048K, 18 young (36864K), 2 survivors (4096K)
 Metaspace       used 27660K, committed 28160K, reserved 1114112K
  class space    used 2868K, committed 3136K, reserved 1048576K
}
Event: 3.674 GC heap after
{Heap after GC invocations=12 (full 0):
 garbage-first heap   total 151552K, used 54683K [0x0000000705e00000, 0x0000000800000000)
  region size 2048K, 2 young (4096K), 2 survivors (4096K)
 Metaspace       used 27660K, committed 28160K, reserved 1114112K
  class space    used 2868K, committed 3136K, reserved 1048576K
}
Event: 3.913 GC heap before
{Heap before GC invocations=12 (full 0):
 garbage-first heap   total 151552K, used 107931K [0x0000000705e00000, 0x0000000800000000)
  region size 2048K, 28 young (57344K), 2 survivors (4096K)
 Metaspace       used 28240K, committed 28736K, reserved 1114112K
  class space    used 2954K, committed 3200K, reserved 1048576K
}
Event: 3.916 GC heap after
{Heap after GC invocations=13 (full 0):
 garbage-first heap   total 151552K, used 55240K [0x0000000705e00000, 0x0000000800000000)
  region size 2048K, 2 young (4096K), 2 survivors (4096K)
 Metaspace       used 28240K, committed 28736K, reserved 1114112K
  class space    used 2954K, committed 3200K, reserved 1048576K
}
Event: 4.042 GC heap before
{Heap before GC invocations=13 (full 0):
 garbage-first heap   total 151552K, used 112584K [0x0000000705e00000, 0x0000000800000000)
  region size 2048K, 30 young (61440K), 2 survivors (4096K)
 Metaspace       used 28500K, committed 29056K, reserved 1114112K
  class space    used 2969K, committed 3264K, reserved 1048576K
}
Event: 4.046 GC heap after
{Heap after GC invocations=14 (full 0):
 garbage-first heap   total 151552K, used 56297K [0x0000000705e00000, 0x0000000800000000)
  region size 2048K, 3 young (6144K), 3 survivors (6144K)
 Metaspace       used 28500K, committed 29056K, reserved 1114112K
  class space    used 2969K, committed 3264K, reserved 1048576K
}
Event: 4.119 GC heap before
{Heap before GC invocations=14 (full 0):
 garbage-first heap   total 151552K, used 113641K [0x0000000705e00000, 0x0000000800000000)
  region size 2048K, 31 young (63488K), 3 survivors (6144K)
 Metaspace       used 28583K, committed 29120K, reserved 1114112K
  class space    used 2970K, committed 3264K, reserved 1048576K
}
Event: 4.123 GC heap after
{Heap after GC invocations=15 (full 0):
 garbage-first heap   total 151552K, used 57146K [0x0000000705e00000, 0x0000000800000000)
  region size 2048K, 2 young (4096K), 2 survivors (4096K)
 Metaspace       used 28583K, committed 29120K, reserved 1114112K
  class space    used 2970K, committed 3264K, reserved 1048576K
}
Event: 4.229 GC heap before
{Heap before GC invocations=15 (full 0):
 garbage-first heap   total 151552K, used 116538K [0x0000000705e00000, 0x0000000800000000)
  region size 2048K, 31 young (63488K), 2 survivors (4096K)
 Metaspace       used 28664K, committed 29248K, reserved 1114112K
  class space    used 2972K, committed 3264K, reserved 1048576K
}
Event: 4.233 GC heap after
{Heap after GC invocations=16 (full 0):
 garbage-first heap   total 196608K, used 58106K [0x0000000705e00000, 0x0000000800000000)
  region size 2048K, 2 young (4096K), 2 survivors (4096K)
 Metaspace       used 28664K, committed 29248K, reserved 1114112K
  class space    used 2972K, committed 3264K, reserved 1048576K
}
Event: 4.393 GC heap before
{Heap before GC invocations=16 (full 0):
 garbage-first heap   total 196608K, used 154362K [0x0000000705e00000, 0x0000000800000000)
  region size 2048K, 49 young (100352K), 2 survivors (4096K)
 Metaspace       used 28806K, committed 29376K, reserved 1114112K
  class space    used 2972K, committed 3264K, reserved 1048576K
}
Event: 4.396 GC heap after
{Heap after GC invocations=17 (full 0):
 garbage-first heap   total 196608K, used 58295K [0x0000000705e00000, 0x0000000800000000)
  region size 2048K, 3 young (6144K), 3 survivors (6144K)
 Metaspace       used 28806K, committed 29376K, reserved 1114112K
  class space    used 2972K, committed 3264K, reserved 1048576K
}
Event: 5.223 GC heap before
{Heap before GC invocations=17 (full 0):
 garbage-first heap   total 196608K, used 154551K [0x0000000705e00000, 0x0000000800000000)
  region size 2048K, 50 young (102400K), 3 survivors (6144K)
 Metaspace       used 31394K, committed 32000K, reserved 1114112K
  class space    used 3223K, committed 3520K, reserved 1048576K
}
Event: 5.229 GC heap after
{Heap after GC invocations=18 (full 0):
 garbage-first heap   total 196608K, used 60343K [0x0000000705e00000, 0x0000000800000000)
  region size 2048K, 4 young (8192K), 4 survivors (8192K)
 Metaspace       used 31394K, committed 32000K, reserved 1114112K
  class space    used 3223K, committed 3520K, reserved 1048576K
}
Event: 5.662 GC heap before
{Heap before GC invocations=18 (full 0):
 garbage-first heap   total 196608K, used 160695K [0x0000000705e00000, 0x0000000800000000)
  region size 2048K, 51 young (104448K), 4 survivors (8192K)
 Metaspace       used 31722K, committed 32320K, reserved 1114112K
  class space    used 3237K, committed 3520K, reserved 1048576K
}
Event: 5.667 GC heap after
{Heap after GC invocations=19 (full 0):
 garbage-first heap   total 196608K, used 64513K [0x0000000705e00000, 0x0000000800000000)
  region size 2048K, 5 young (10240K), 5 survivors (10240K)
 Metaspace       used 31722K, committed 32320K, reserved 1114112K
  class space    used 3237K, committed 3520K, reserved 1048576K
}
Event: 6.256 GC heap before
{Heap before GC invocations=19 (full 0):
 garbage-first heap   total 196608K, used 158721K [0x0000000705e00000, 0x0000000800000000)
  region size 2048K, 51 young (104448K), 5 survivors (10240K)
 Metaspace       used 31993K, committed 32576K, reserved 1114112K
  class space    used 3253K, committed 3584K, reserved 1048576K
}
Event: 6.264 GC heap after
{Heap after GC invocations=20 (full 0):
 garbage-first heap   total 196608K, used 78840K [0x0000000705e00000, 0x0000000800000000)
  region size 2048K, 7 young (14336K), 7 survivors (14336K)
 Metaspace       used 31993K, committed 32576K, reserved 1114112K
  class space    used 3253K, committed 3584K, reserved 1048576K
}
Event: 6.767 GC heap before
{Heap before GC invocations=20 (full 0):
 garbage-first heap   total 196608K, used 152568K [0x0000000705e00000, 0x0000000800000000)
  region size 2048K, 43 young (88064K), 7 survivors (14336K)
 Metaspace       used 33164K, committed 33792K, reserved 1114112K
  class space    used 3384K, committed 3712K, reserved 1048576K
}
Event: 6.778 GC heap after
{Heap after GC invocations=21 (full 0):
 garbage-first heap   total 237568K, used 91435K [0x0000000705e00000, 0x0000000800000000)
  region size 2048K, 6 young (12288K), 6 survivors (12288K)
 Metaspace       used 33164K, committed 33792K, reserved 1114112K
  class space    used 3384K, committed 3712K, reserved 1048576K
}

