# JRE version: Java(TM) SE Runtime Environment (19.0.2+7) (build 19.0.2+7-44)
# Java VM: Java HotSpot(TM) 64-Bit Server VM (19.0.2+7-44, mixed mode, sharing, tiered, compressed oops, compressed class ptrs, g1 gc, windows-amd64)
GC Precious Log:
 CardTable entry size: 512
 Card Set container configuration: InlinePtr #cards 4 size 8 Array Of Cards #cards 16 size 48 Howl #buckets 8 coarsen threshold 3686 Howl Bitmap #cards 512 size 80 coarsen threshold 460 Card regions per heap region 1 cards per card region 4096
 CPUs: 16 total, 16 available
 Memory: 16005M
 Large Page Support: Disabled
 NUMA Support: Disabled
 Compressed Oops: Enabled (Zero based)
 Heap Region Size: 2M
 Heap Min Capacity: 8M
 Heap Initial Capacity: 252M
 Heap Max Capacity: 4002M
 Pre-touch: Disabled
 Parallel Workers: 13
 Concurrent Workers: 3
 Concurrent Refinement Workers: 13
 Periodic GC: Disabled
Heap:
 garbage-first heap   total 274432K, used 180409K [0x0000000705e00000, 0x0000000800000000)
  region size 2048K, 53 young (108544K), 7 survivors (14336K)
 Metaspace       used 35570K, committed 36224K, reserved 1114112K
  class space    used 3618K, committed 3904K, reserved 1048576K
GC Heap History (20 events):
Event: 4.119 GC heap before
{Heap before GC invocations=7 (full 0):
 garbage-first heap   total 63488K, used 41054K [0x0000000705e00000, 0x0000000800000000)
  region size 2048K, 8 young (16384K), 2 survivors (4096K)
 Metaspace       used 24422K, committed 24832K, reserved 1114112K
  class space    used 2579K, committed 2816K, reserved 1048576K
}
Event: 4.123 GC heap after
{Heap after GC invocations=8 (full 0):
 garbage-first heap   total 161792K, used 35490K [0x0000000705e00000, 0x0000000800000000)
  region size 2048K, 1 young (2048K), 1 survivors (2048K)
 Metaspace       used 24422K, committed 24832K, reserved 1114112K
  class space    used 2579K, committed 2816K, reserved 1048576K
}
Event: 4.644 GC heap before
{Heap before GC invocations=9 (full 0):
 garbage-first heap   total 137216K, used 103074K [0x0000000705e00000, 0x0000000800000000)
  region size 2048K, 34 young (69632K), 1 survivors (2048K)
 Metaspace       used 25305K, committed 25792K, reserved 1114112K
  class space    used 2642K, committed 2880K, reserved 1048576K
}
Event: 4.655 GC heap after
{Heap after GC invocations=10 (full 0):
 garbage-first heap   total 137216K, used 49448K [0x0000000705e00000, 0x0000000800000000)
  region size 2048K, 5 young (10240K), 5 survivors (10240K)
 Metaspace       used 25305K, committed 25792K, reserved 1114112K
  class space    used 2642K, committed 2880K, reserved 1048576K
}
Event: 4.668 GC heap before
{Heap before GC invocations=10 (full 0):
 garbage-first heap   total 137216K, used 51496K [0x0000000705e00000, 0x0000000800000000)
  region size 2048K, 6 young (12288K), 5 survivors (10240K)
 Metaspace       used 25334K, committed 25792K, reserved 1114112K
  class space    used 2643K, committed 2880K, reserved 1048576K
}
Event: 4.677 GC heap after
{Heap after GC invocations=11 (full 0):
 garbage-first heap   total 137216K, used 50859K [0x0000000705e00000, 0x0000000800000000)
  region size 2048K, 1 young (2048K), 1 survivors (2048K)
 Metaspace       used 25334K, committed 25792K, reserved 1114112K
  class space    used 2643K, committed 2880K, reserved 1048576K
}
Event: 5.390 GC heap before
{Heap before GC invocations=11 (full 0):
 garbage-first heap   total 137216K, used 91819K [0x0000000705e00000, 0x0000000800000000)
  region size 2048K, 22 young (45056K), 1 survivors (2048K)
 Metaspace       used 27457K, committed 27840K, reserved 1114112K
  class space    used 2863K, committed 3072K, reserved 1048576K
}
Event: 5.393 GC heap after
{Heap after GC invocations=12 (full 0):
 garbage-first heap   total 137216K, used 51210K [0x0000000705e00000, 0x0000000800000000)
  region size 2048K, 1 young (2048K), 1 survivors (2048K)
 Metaspace       used 27457K, committed 27840K, reserved 1114112K
  class space    used 2863K, committed 3072K, reserved 1048576K
}
Event: 5.563 GC heap before
{Heap before GC invocations=12 (full 0):
 garbage-first heap   total 137216K, used 96266K [0x0000000705e00000, 0x0000000800000000)
  region size 2048K, 23 young (47104K), 1 survivors (2048K)
 Metaspace       used 27596K, committed 28096K, reserved 1114112K
  class space    used 2870K, committed 3136K, reserved 1048576K
}
Event: 5.566 GC heap after
{Heap after GC invocations=13 (full 0):
 garbage-first heap   total 137216K, used 51371K [0x0000000705e00000, 0x0000000800000000)
  region size 2048K, 1 young (2048K), 1 survivors (2048K)
 Metaspace       used 27596K, committed 28096K, reserved 1114112K
  class space    used 2870K, committed 3136K, reserved 1048576K
}
Event: 5.899 GC heap before
{Heap before GC invocations=13 (full 0):
 garbage-first heap   total 137216K, used 98475K [0x0000000705e00000, 0x0000000800000000)
  region size 2048K, 25 young (51200K), 1 survivors (2048K)
 Metaspace       used 28233K, committed 28736K, reserved 1114112K
  class space    used 2952K, committed 3200K, reserved 1048576K
}
Event: 5.903 GC heap after
{Heap after GC invocations=14 (full 0):
 garbage-first heap   total 274432K, used 51875K [0x0000000705e00000, 0x0000000800000000)
  region size 2048K, 2 young (4096K), 2 survivors (4096K)
 Metaspace       used 28233K, committed 28736K, reserved 1114112K
  class space    used 2952K, committed 3200K, reserved 1048576K
}
Event: 6.414 GC heap before
{Heap before GC invocations=14 (full 0):
 garbage-first heap   total 274432K, used 199331K [0x0000000705e00000, 0x0000000800000000)
  region size 2048K, 74 young (151552K), 2 survivors (4096K)
 Metaspace       used 28615K, committed 29184K, reserved 1114112K
  class space    used 2968K, committed 3264K, reserved 1048576K
}
Event: 6.418 GC heap after
{Heap after GC invocations=15 (full 0):
 garbage-first heap   total 274432K, used 54366K [0x0000000705e00000, 0x0000000800000000)
  region size 2048K, 3 young (6144K), 3 survivors (6144K)
 Metaspace       used 28615K, committed 29184K, reserved 1114112K
  class space    used 2968K, committed 3264K, reserved 1048576K
}
Event: 7.839 GC heap before
{Heap before GC invocations=15 (full 0):
 garbage-first heap   total 274432K, used 207966K [0x0000000705e00000, 0x0000000800000000)
  region size 2048K, 78 young (159744K), 3 survivors (6144K)
 Metaspace       used 31264K, committed 31872K, reserved 1114112K
  class space    used 3216K, committed 3520K, reserved 1048576K
}
Event: 7.844 GC heap after
{Heap after GC invocations=16 (full 0):
 garbage-first heap   total 274432K, used 56311K [0x0000000705e00000, 0x0000000800000000)
  region size 2048K, 4 young (8192K), 4 survivors (8192K)
 Metaspace       used 31264K, committed 31872K, reserved 1114112K
  class space    used 3216K, committed 3520K, reserved 1048576K
}
Event: 9.067 GC heap before
{Heap before GC invocations=16 (full 0):
 garbage-first heap   total 274432K, used 214007K [0x0000000705e00000, 0x0000000800000000)
  region size 2048K, 80 young (163840K), 4 survivors (8192K)
 Metaspace       used 31761K, committed 32320K, reserved 1114112K
  class space    used 3240K, committed 3520K, reserved 1048576K
}
Event: 9.075 GC heap after
{Heap after GC invocations=17 (full 0):
 garbage-first heap   total 274432K, used 73790K [0x0000000705e00000, 0x0000000800000000)
  region size 2048K, 10 young (20480K), 10 survivors (20480K)
 Metaspace       used 31761K, committed 32320K, reserved 1114112K
  class space    used 3240K, committed 3520K, reserved 1048576K
}
Event: 10.014 GC heap before
{Heap before GC invocations=17 (full 0):
 garbage-first heap   total 274432K, used 208958K [0x0000000705e00000, 0x0000000800000000)
  region size 2048K, 76 young (155648K), 10 survivors (20480K)
 Metaspace       used 33401K, committed 34048K, reserved 1114112K
  class space    used 3425K, committed 3712K, reserved 1048576K
}
Event: 10.027 GC heap after
{Heap after GC invocations=18 (full 0):
 garbage-first heap   total 274432K, used 88249K [0x0000000705e00000, 0x0000000800000000)
  region size 2048K, 7 young (14336K), 7 survivors (14336K)
 Metaspace       used 33401K, committed 34048K, reserved 1114112K
  class space    used 3425K, committed 3712K, reserved 1048576K
}

