# JRE version: Java(TM) SE Runtime Environment (19.0.2+7) (build 19.0.2+7-44)
# Java VM: Java HotSpot(TM) 64-Bit Server VM (19.0.2+7-44, mixed mode, sharing, tiered, compressed oops, compressed class ptrs, g1 gc, windows-amd64)
GC Precious Log:
 CardTable entry size: 512
 Card Set container configuration: InlinePtr #cards 4 size 8 Array Of Cards #cards 16 size 48 Howl #buckets 8 coarsen threshold 3686 Howl Bitmap #cards 512 size 80 coarsen threshold 460 Card regions per heap region 1 cards per card region 4096
 CPUs: 16 total, 16 available
 Memory: 16005M
 Large Page Support: Disabled
 NUMA Support: Disabled
 Compressed Oops: Enabled (Zero based)
 Heap Region Size: 2M
 Heap Min Capacity: 8M
 Heap Initial Capacity: 252M
 Heap Max Capacity: 4002M
 Pre-touch: Disabled
 Parallel Workers: 13
 Concurrent Workers: 3
 Concurrent Refinement Workers: 13
 Periodic GC: Disabled
Heap:
 garbage-first heap   total 288768K, used 168809K [0x0000000705e00000, 0x0000000800000000)
  region size 2048K, 40 young (81920K), 2 survivors (4096K)
 Metaspace       used 35814K, committed 36416K, reserved 1114112K
  class space    used 3626K, committed 3904K, reserved 1048576K
GC Heap History (20 events):
Event: 3.607 GC heap before
{Heap before GC invocations=13 (full 0):
 garbage-first heap   total 108544K, used 55230K [0x0000000705e00000, 0x0000000800000000)
  region size 2048K, 2 young (4096K), 1 survivors (2048K)
 Metaspace       used 27648K, committed 28160K, reserved 1114112K
  class space    used 2870K, committed 3136K, reserved 1048576K
}
Event: 3.611 GC heap after
{Heap after GC invocations=14 (full 0):
 garbage-first heap   total 143360K, used 52521K [0x0000000705e00000, 0x0000000800000000)
  region size 2048K, 1 young (2048K), 1 survivors (2048K)
 Metaspace       used 27648K, committed 28160K, reserved 1114112K
  class space    used 2870K, committed 3136K, reserved 1048576K
}
Event: 3.721 GC heap before
{Heap before GC invocations=14 (full 0):
 garbage-first heap   total 143360K, used 103721K [0x0000000705e00000, 0x0000000800000000)
  region size 2048K, 27 young (55296K), 1 survivors (2048K)
 Metaspace       used 27795K, committed 28288K, reserved 1114112K
  class space    used 2888K, committed 3136K, reserved 1048576K
}
Event: 3.722 GC heap after
{Heap after GC invocations=15 (full 0):
 garbage-first heap   total 143360K, used 52558K [0x0000000705e00000, 0x0000000800000000)
  region size 2048K, 1 young (2048K), 1 survivors (2048K)
 Metaspace       used 27795K, committed 28288K, reserved 1114112K
  class space    used 2888K, committed 3136K, reserved 1048576K
}
Event: 3.948 GC heap before
{Heap before GC invocations=15 (full 0):
 garbage-first heap   total 143360K, used 107854K [0x0000000705e00000, 0x0000000800000000)
  region size 2048K, 28 young (57344K), 1 survivors (2048K)
 Metaspace       used 28450K, committed 28992K, reserved 1114112K
  class space    used 2969K, committed 3264K, reserved 1048576K
}
Event: 3.950 GC heap after
{Heap after GC invocations=16 (full 0):
 garbage-first heap   total 143360K, used 53879K [0x0000000705e00000, 0x0000000800000000)
  region size 2048K, 1 young (2048K), 1 survivors (2048K)
 Metaspace       used 28450K, committed 28992K, reserved 1114112K
  class space    used 2969K, committed 3264K, reserved 1048576K
}
Event: 4.047 GC heap before
{Heap before GC invocations=16 (full 0):
 garbage-first heap   total 143360K, used 111223K [0x0000000705e00000, 0x0000000800000000)
  region size 2048K, 29 young (59392K), 1 survivors (2048K)
 Metaspace       used 28579K, committed 29120K, reserved 1114112K
  class space    used 2971K, committed 3264K, reserved 1048576K
}
Event: 4.050 GC heap after
{Heap after GC invocations=17 (full 0):
 garbage-first heap   total 143360K, used 54824K [0x0000000705e00000, 0x0000000800000000)
  region size 2048K, 2 young (4096K), 2 survivors (4096K)
 Metaspace       used 28579K, committed 29120K, reserved 1114112K
  class space    used 2971K, committed 3264K, reserved 1048576K
}
Event: 4.146 GC heap before
{Heap before GC invocations=17 (full 0):
 garbage-first heap   total 143360K, used 114216K [0x0000000705e00000, 0x0000000800000000)
  region size 2048K, 31 young (63488K), 2 survivors (4096K)
 Metaspace       used 28649K, committed 29184K, reserved 1114112K
  class space    used 2973K, committed 3264K, reserved 1048576K
}
Event: 4.150 GC heap after
{Heap after GC invocations=18 (full 0):
 garbage-first heap   total 143360K, used 56524K [0x0000000705e00000, 0x0000000800000000)
  region size 2048K, 3 young (6144K), 3 survivors (6144K)
 Metaspace       used 28649K, committed 29184K, reserved 1114112K
  class space    used 2973K, committed 3264K, reserved 1048576K
}
Event: 4.254 GC heap before
{Heap before GC invocations=18 (full 0):
 garbage-first heap   total 143360K, used 113868K [0x0000000705e00000, 0x0000000800000000)
  region size 2048K, 31 young (63488K), 3 survivors (6144K)
 Metaspace       used 28752K, committed 29312K, reserved 1114112K
  class space    used 2973K, committed 3264K, reserved 1048576K
}
Event: 4.258 GC heap after
{Heap after GC invocations=19 (full 0):
 garbage-first heap   total 143360K, used 56216K [0x0000000705e00000, 0x0000000800000000)
  region size 2048K, 2 young (4096K), 2 survivors (4096K)
 Metaspace       used 28752K, committed 29312K, reserved 1114112K
  class space    used 2973K, committed 3264K, reserved 1048576K
}
Event: 4.359 GC heap before
{Heap before GC invocations=19 (full 0):
 garbage-first heap   total 143360K, used 117656K [0x0000000705e00000, 0x0000000800000000)
  region size 2048K, 32 young (65536K), 2 survivors (4096K)
 Metaspace       used 28805K, committed 29312K, reserved 1114112K
  class space    used 2973K, committed 3264K, reserved 1048576K
}
Event: 4.364 GC heap after
{Heap after GC invocations=20 (full 0):
 garbage-first heap   total 288768K, used 56709K [0x0000000705e00000, 0x0000000800000000)
  region size 2048K, 3 young (6144K), 3 survivors (6144K)
 Metaspace       used 28805K, committed 29312K, reserved 1114112K
  class space    used 2973K, committed 3264K, reserved 1048576K
}
Event: 5.641 GC heap before
{Heap before GC invocations=20 (full 0):
 garbage-first heap   total 288768K, used 226693K [0x0000000705e00000, 0x0000000800000000)
  region size 2048K, 84 young (172032K), 3 survivors (6144K)
 Metaspace       used 31666K, committed 32256K, reserved 1114112K
  class space    used 3237K, committed 3520K, reserved 1048576K
}
Event: 5.646 GC heap after
{Heap after GC invocations=21 (full 0):
 garbage-first heap   total 288768K, used 62047K [0x0000000705e00000, 0x0000000800000000)
  region size 2048K, 4 young (8192K), 4 survivors (8192K)
 Metaspace       used 31666K, committed 32256K, reserved 1114112K
  class space    used 3237K, committed 3520K, reserved 1048576K
}
Event: 6.638 GC heap before
{Heap before GC invocations=21 (full 0):
 garbage-first heap   total 288768K, used 225887K [0x0000000705e00000, 0x0000000800000000)
  region size 2048K, 84 young (172032K), 4 survivors (8192K)
 Metaspace       used 32149K, committed 32768K, reserved 1114112K
  class space    used 3269K, committed 3584K, reserved 1048576K
}
Event: 6.649 GC heap after
{Heap after GC invocations=22 (full 0):
 garbage-first heap   total 288768K, used 88649K [0x0000000705e00000, 0x0000000800000000)
  region size 2048K, 11 young (22528K), 11 survivors (22528K)
 Metaspace       used 32149K, committed 32768K, reserved 1114112K
  class space    used 3269K, committed 3584K, reserved 1048576K
}
Event: 7.284 GC heap before
{Heap before GC invocations=22 (full 0):
 garbage-first heap   total 288768K, used 219721K [0x0000000705e00000, 0x0000000800000000)
  region size 2048K, 75 young (153600K), 11 survivors (22528K)
 Metaspace       used 33776K, committed 34432K, reserved 1114112K
  class space    used 3444K, committed 3776K, reserved 1048576K
}
Event: 7.292 GC heap after
{Heap after GC invocations=23 (full 0):
 garbage-first heap   total 288768K, used 93033K [0x0000000705e00000, 0x0000000800000000)
  region size 2048K, 2 young (4096K), 2 survivors (4096K)
 Metaspace       used 33776K, committed 34432K, reserved 1114112K
  class space    used 3444K, committed 3776K, reserved 1048576K
}

