# JRE version: Java(TM) SE Runtime Environment (19.0.2+7) (build 19.0.2+7-44)
# Java VM: Java HotSpot(TM) 64-Bit Server VM (19.0.2+7-44, mixed mode, sharing, tiered, compressed oops, compressed class ptrs, g1 gc, windows-amd64)
GC Precious Log:
 CardTable entry size: 512
 Card Set container configuration: InlinePtr #cards 4 size 8 Array Of Cards #cards 16 size 48 Howl #buckets 8 coarsen threshold 3686 Howl Bitmap #cards 512 size 80 coarsen threshold 460 Card regions per heap region 1 cards per card region 4096
 CPUs: 16 total, 16 available
 Memory: 16005M
 Large Page Support: Disabled
 NUMA Support: Disabled
 Compressed Oops: Enabled (Zero based)
 Heap Region Size: 2M
 Heap Min Capacity: 8M
 Heap Initial Capacity: 252M
 Heap Max Capacity: 4002M
 Pre-touch: Disabled
 Parallel Workers: 13
 Concurrent Workers: 3
 Concurrent Refinement Workers: 13
 Periodic GC: Disabled
Heap:
 garbage-first heap   total 262144K, used 132384K [0x0000000705e00000, 0x0000000800000000)
  region size 2048K, 24 young (49152K), 4 survivors (8192K)
 Metaspace       used 35815K, committed 36416K, reserved 1114112K
  class space    used 3629K, committed 3904K, reserved 1048576K
GC Heap History (20 events):
Event: 4.458 GC heap before
{Heap before GC invocations=13 (full 0):
 garbage-first heap   total 131072K, used 93428K [0x0000000705e00000, 0x0000000800000000)
  region size 2048K, 21 young (43008K), 1 survivors (2048K)
 Metaspace       used 27659K, committed 28160K, reserved 1114112K
  class space    used 2868K, committed 3136K, reserved 1048576K
}
Event: 4.459 GC heap after
{Heap after GC invocations=14 (full 0):
 garbage-first heap   total 131072K, used 52575K [0x0000000705e00000, 0x0000000800000000)
  region size 2048K, 1 young (2048K), 1 survivors (2048K)
 Metaspace       used 27659K, committed 28160K, reserved 1114112K
  class space    used 2868K, committed 3136K, reserved 1048576K
}
Event: 4.551 GC heap before
{Heap before GC invocations=14 (full 0):
 garbage-first heap   total 131072K, used 95583K [0x0000000705e00000, 0x0000000800000000)
  region size 2048K, 22 young (45056K), 1 survivors (2048K)
 Metaspace       used 27694K, committed 28224K, reserved 1114112K
  class space    used 2874K, committed 3136K, reserved 1048576K
}
Event: 4.553 GC heap after
{Heap after GC invocations=15 (full 0):
 garbage-first heap   total 131072K, used 52838K [0x0000000705e00000, 0x0000000800000000)
  region size 2048K, 1 young (2048K), 1 survivors (2048K)
 Metaspace       used 27694K, committed 28224K, reserved 1114112K
  class space    used 2874K, committed 3136K, reserved 1048576K
}
Event: 4.777 GC heap before
{Heap before GC invocations=15 (full 0):
 garbage-first heap   total 131072K, used 97894K [0x0000000705e00000, 0x0000000800000000)
  region size 2048K, 24 young (49152K), 1 survivors (2048K)
 Metaspace       used 28406K, committed 28992K, reserved 1114112K
  class space    used 2966K, committed 3264K, reserved 1048576K
}
Event: 4.781 GC heap after
{Heap after GC invocations=16 (full 0):
 garbage-first heap   total 217088K, used 53658K [0x0000000705e00000, 0x0000000800000000)
  region size 2048K, 2 young (4096K), 2 survivors (4096K)
 Metaspace       used 28406K, committed 28992K, reserved 1114112K
  class space    used 2966K, committed 3264K, reserved 1048576K
}
Event: 5.025 GC heap before
{Heap before GC invocations=16 (full 0):
 garbage-first heap   total 217088K, used 162202K [0x0000000705e00000, 0x0000000800000000)
  region size 2048K, 55 young (112640K), 2 survivors (4096K)
 Metaspace       used 28581K, committed 29120K, reserved 1114112K
  class space    used 2970K, committed 3264K, reserved 1048576K
}
Event: 5.027 GC heap after
{Heap after GC invocations=17 (full 0):
 garbage-first heap   total 217088K, used 54839K [0x0000000705e00000, 0x0000000800000000)
  region size 2048K, 2 young (4096K), 2 survivors (4096K)
 Metaspace       used 28581K, committed 29120K, reserved 1114112K
  class space    used 2970K, committed 3264K, reserved 1048576K
}
Event: 5.233 GC heap before
{Heap before GC invocations=17 (full 0):
 garbage-first heap   total 217088K, used 167479K [0x0000000705e00000, 0x0000000800000000)
  region size 2048K, 57 young (116736K), 2 survivors (4096K)
 Metaspace       used 28730K, committed 29248K, reserved 1114112K
  class space    used 2973K, committed 3264K, reserved 1048576K
}
Event: 5.238 GC heap after
{Heap after GC invocations=18 (full 0):
 garbage-first heap   total 217088K, used 56091K [0x0000000705e00000, 0x0000000800000000)
  region size 2048K, 3 young (6144K), 3 survivors (6144K)
 Metaspace       used 28730K, committed 29248K, reserved 1114112K
  class space    used 2973K, committed 3264K, reserved 1048576K
}
Event: 6.173 GC heap before
{Heap before GC invocations=18 (full 0):
 garbage-first heap   total 217088K, used 170779K [0x0000000705e00000, 0x0000000800000000)
  region size 2048K, 59 young (120832K), 3 survivors (6144K)
 Metaspace       used 31387K, committed 32000K, reserved 1114112K
  class space    used 3225K, committed 3520K, reserved 1048576K
}
Event: 6.179 GC heap after
{Heap after GC invocations=19 (full 0):
 garbage-first heap   total 217088K, used 58418K [0x0000000705e00000, 0x0000000800000000)
  region size 2048K, 4 young (8192K), 4 survivors (8192K)
 Metaspace       used 31387K, committed 32000K, reserved 1114112K
  class space    used 3225K, committed 3520K, reserved 1048576K
}
Event: 6.730 GC heap before
{Heap before GC invocations=19 (full 0):
 garbage-first heap   total 217088K, used 177202K [0x0000000705e00000, 0x0000000800000000)
  region size 2048K, 60 young (122880K), 4 survivors (8192K)
 Metaspace       used 31756K, committed 32384K, reserved 1114112K
  class space    used 3243K, committed 3520K, reserved 1048576K
}
Event: 6.736 GC heap after
{Heap after GC invocations=20 (full 0):
 garbage-first heap   total 217088K, used 63061K [0x0000000705e00000, 0x0000000800000000)
  region size 2048K, 5 young (10240K), 5 survivors (10240K)
 Metaspace       used 31756K, committed 32384K, reserved 1114112K
  class space    used 3243K, committed 3520K, reserved 1048576K
}
Event: 7.454 GC heap before
{Heap before GC invocations=20 (full 0):
 garbage-first heap   total 217088K, used 175701K [0x0000000705e00000, 0x0000000800000000)
  region size 2048K, 61 young (124928K), 5 survivors (10240K)
 Metaspace       used 31995K, committed 32640K, reserved 1114112K
  class space    used 3254K, committed 3584K, reserved 1048576K
}
Event: 7.466 GC heap after
{Heap after GC invocations=21 (full 0):
 garbage-first heap   total 217088K, used 86610K [0x0000000705e00000, 0x0000000800000000)
  region size 2048K, 8 young (16384K), 8 survivors (16384K)
 Metaspace       used 31995K, committed 32640K, reserved 1114112K
  class space    used 3254K, committed 3584K, reserved 1048576K
}
Event: 7.918 GC heap before
{Heap before GC invocations=21 (full 0):
 garbage-first heap   total 217088K, used 162386K [0x0000000705e00000, 0x0000000800000000)
  region size 2048K, 45 young (92160K), 8 survivors (16384K)
 Metaspace       used 33604K, committed 34176K, reserved 1114112K
  class space    used 3436K, committed 3712K, reserved 1048576K
}
Event: 7.925 GC heap after
{Heap after GC invocations=22 (full 0):
 garbage-first heap   total 262144K, used 92115K [0x0000000705e00000, 0x0000000800000000)
  region size 2048K, 3 young (6144K), 3 survivors (6144K)
 Metaspace       used 33604K, committed 34176K, reserved 1114112K
  class space    used 3436K, committed 3712K, reserved 1048576K
}
Event: 8.337 GC heap before
{Heap before GC invocations=22 (full 0):
 garbage-first heap   total 262144K, used 198611K [0x0000000705e00000, 0x0000000800000000)
  region size 2048K, 55 young (112640K), 3 survivors (6144K)
 Metaspace       used 33837K, committed 34496K, reserved 1114112K
  class space    used 3445K, committed 3776K, reserved 1048576K
}
Event: 8.340 GC heap after
{Heap after GC invocations=23 (full 0):
 garbage-first heap   total 262144K, used 93472K [0x0000000705e00000, 0x0000000800000000)
  region size 2048K, 4 young (8192K), 4 survivors (8192K)
 Metaspace       used 33837K, committed 34496K, reserved 1114112K
  class space    used 3445K, committed 3776K, reserved 1048576K
}

