# JRE version: Java(TM) SE Runtime Environment (19.0.2+7) (build 19.0.2+7-44)
# Java VM: Java HotSpot(TM) 64-Bit Server VM (19.0.2+7-44, mixed mode, sharing, tiered, compressed oops, compressed class ptrs, g1 gc, windows-amd64)
GC Precious Log:
 CardTable entry size: 512
 Card Set container configuration: InlinePtr #cards 4 size 8 Array Of Cards #cards 16 size 48 Howl #buckets 8 coarsen threshold 3686 Howl Bitmap #cards 512 size 80 coarsen threshold 460 Card regions per heap region 1 cards per card region 4096
 CPUs: 16 total, 16 available
 Memory: 16005M
 Large Page Support: Disabled
 NUMA Support: Disabled
 Compressed Oops: Enabled (Zero based)
 Heap Region Size: 2M
 Heap Min Capacity: 8M
 Heap Initial Capacity: 252M
 Heap Max Capacity: 4002M
 Pre-touch: Disabled
 Parallel Workers: 13
 Concurrent Workers: 3
 Concurrent Refinement Workers: 13
 Periodic GC: Disabled
Heap:
 garbage-first heap   total 327680K, used 224803K [0x0000000705e00000, 0x0000000800000000)
  region size 2048K, 68 young (139264K), 1 survivors (2048K)
 Metaspace       used 35743K, committed 36352K, reserved 1114112K
  class space    used 3617K, committed 3904K, reserved 1048576K
GC Heap History (20 events):
Event: 3.686 GC heap before
{Heap before GC invocations=15 (full 0):
 garbage-first heap   total 112640K, used 53623K [0x0000000705e00000, 0x0000000800000000)
  region size 2048K, 2 young (4096K), 1 survivors (2048K)
 Metaspace       used 27625K, committed 28160K, reserved 1114112K
  class space    used 2864K, committed 3136K, reserved 1048576K
}
Event: 3.688 GC heap after
{Heap after GC invocations=16 (full 0):
 garbage-first heap   total 112640K, used 50936K [0x0000000705e00000, 0x0000000800000000)
  region size 2048K, 1 young (2048K), 1 survivors (2048K)
 Metaspace       used 27625K, committed 28160K, reserved 1114112K
  class space    used 2864K, committed 3136K, reserved 1048576K
}
Event: 3.751 GC heap before
{Heap before GC invocations=16 (full 0):
 garbage-first heap   total 112640K, used 83704K [0x0000000705e00000, 0x0000000800000000)
  region size 2048K, 17 young (34816K), 1 survivors (2048K)
 Metaspace       used 27663K, committed 28160K, reserved 1114112K
  class space    used 2869K, committed 3136K, reserved 1048576K
}
Event: 3.753 GC heap after
{Heap after GC invocations=17 (full 0):
 garbage-first heap   total 225280K, used 50858K [0x0000000705e00000, 0x0000000800000000)
  region size 2048K, 1 young (2048K), 1 survivors (2048K)
 Metaspace       used 27663K, committed 28160K, reserved 1114112K
  class space    used 2869K, committed 3136K, reserved 1048576K
}
Event: 4.175 GC heap before
{Heap before GC invocations=18 (full 0):
 garbage-first heap   total 198656K, used 159402K [0x0000000705e00000, 0x0000000800000000)
  region size 2048K, 54 young (110592K), 1 survivors (2048K)
 Metaspace       used 28539K, committed 29120K, reserved 1114112K
  class space    used 2963K, committed 3264K, reserved 1048576K
}
Event: 4.178 GC heap after
{Heap after GC invocations=19 (full 0):
 garbage-first heap   total 198656K, used 53044K [0x0000000705e00000, 0x0000000800000000)
  region size 2048K, 2 young (4096K), 2 survivors (4096K)
 Metaspace       used 28539K, committed 29120K, reserved 1114112K
  class space    used 2963K, committed 3264K, reserved 1048576K
}
Event: 4.187 GC heap before
{Heap before GC invocations=19 (full 0):
 garbage-first heap   total 198656K, used 57140K [0x0000000705e00000, 0x0000000800000000)
  region size 2048K, 4 young (8192K), 2 survivors (4096K)
 Metaspace       used 28540K, committed 29120K, reserved 1114112K
  class space    used 2963K, committed 3264K, reserved 1048576K
}
Event: 4.189 GC heap after
{Heap after GC invocations=20 (full 0):
 garbage-first heap   total 198656K, used 53426K [0x0000000705e00000, 0x0000000800000000)
  region size 2048K, 1 young (2048K), 1 survivors (2048K)
 Metaspace       used 28540K, committed 29120K, reserved 1114112K
  class space    used 2963K, committed 3264K, reserved 1048576K
}
Event: 4.354 GC heap before
{Heap before GC invocations=20 (full 0):
 garbage-first heap   total 198656K, used 147634K [0x0000000705e00000, 0x0000000800000000)
  region size 2048K, 47 young (96256K), 1 survivors (2048K)
 Metaspace       used 28698K, committed 29248K, reserved 1114112K
  class space    used 2966K, committed 3264K, reserved 1048576K
}
Event: 4.355 GC heap after
{Heap after GC invocations=21 (full 0):
 garbage-first heap   total 198656K, used 53803K [0x0000000705e00000, 0x0000000800000000)
  region size 2048K, 1 young (2048K), 1 survivors (2048K)
 Metaspace       used 28698K, committed 29248K, reserved 1114112K
  class space    used 2966K, committed 3264K, reserved 1048576K
}
Event: 4.552 GC heap before
{Heap before GC invocations=21 (full 0):
 garbage-first heap   total 198656K, used 152107K [0x0000000705e00000, 0x0000000800000000)
  region size 2048K, 49 young (100352K), 1 survivors (2048K)
 Metaspace       used 28792K, committed 29312K, reserved 1114112K
  class space    used 2966K, committed 3264K, reserved 1048576K
}
Event: 4.554 GC heap after
{Heap after GC invocations=22 (full 0):
 garbage-first heap   total 198656K, used 54376K [0x0000000705e00000, 0x0000000800000000)
  region size 2048K, 1 young (2048K), 1 survivors (2048K)
 Metaspace       used 28792K, committed 29312K, reserved 1114112K
  class space    used 2966K, committed 3264K, reserved 1048576K
}
Event: 5.545 GC heap before
{Heap before GC invocations=22 (full 0):
 garbage-first heap   total 198656K, used 160872K [0x0000000705e00000, 0x0000000800000000)
  region size 2048K, 51 young (104448K), 1 survivors (2048K)
 Metaspace       used 31496K, committed 32128K, reserved 1114112K
  class space    used 3217K, committed 3520K, reserved 1048576K
}
Event: 5.549 GC heap after
{Heap after GC invocations=23 (full 0):
 garbage-first heap   total 198656K, used 59518K [0x0000000705e00000, 0x0000000800000000)
  region size 2048K, 3 young (6144K), 3 survivors (6144K)
 Metaspace       used 31496K, committed 32128K, reserved 1114112K
  class space    used 3217K, committed 3520K, reserved 1048576K
}
Event: 6.022 GC heap before
{Heap before GC invocations=23 (full 0):
 garbage-first heap   total 198656K, used 157822K [0x0000000705e00000, 0x0000000800000000)
  region size 2048K, 51 young (104448K), 3 survivors (6144K)
 Metaspace       used 31845K, committed 32448K, reserved 1114112K
  class space    used 3242K, committed 3520K, reserved 1048576K
}
Event: 6.027 GC heap after
{Heap after GC invocations=24 (full 0):
 garbage-first heap   total 198656K, used 62351K [0x0000000705e00000, 0x0000000800000000)
  region size 2048K, 4 young (8192K), 4 survivors (8192K)
 Metaspace       used 31845K, committed 32448K, reserved 1114112K
  class space    used 3242K, committed 3520K, reserved 1048576K
}
Event: 6.661 GC heap before
{Heap before GC invocations=24 (full 0):
 garbage-first heap   total 198656K, used 160655K [0x0000000705e00000, 0x0000000800000000)
  region size 2048K, 52 young (106496K), 4 survivors (8192K)
 Metaspace       used 32289K, committed 32896K, reserved 1114112K
  class space    used 3270K, committed 3584K, reserved 1048576K
}
Event: 6.672 GC heap after
{Heap after GC invocations=25 (full 0):
 garbage-first heap   total 198656K, used 87918K [0x0000000705e00000, 0x0000000800000000)
  region size 2048K, 7 young (14336K), 7 survivors (14336K)
 Metaspace       used 32289K, committed 32896K, reserved 1114112K
  class space    used 3270K, committed 3584K, reserved 1048576K
}
Event: 7.021 GC heap before
{Heap before GC invocations=25 (full 0):
 garbage-first heap   total 198656K, used 153454K [0x0000000705e00000, 0x0000000800000000)
  region size 2048K, 39 young (79872K), 7 survivors (14336K)
 Metaspace       used 33532K, committed 34176K, reserved 1114112K
  class space    used 3427K, committed 3712K, reserved 1048576K
}
Event: 7.026 GC heap after
{Heap after GC invocations=26 (full 0):
 garbage-first heap   total 327680K, used 89635K [0x0000000705e00000, 0x0000000800000000)
  region size 2048K, 1 young (2048K), 1 survivors (2048K)
 Metaspace       used 33532K, committed 34176K, reserved 1114112K
  class space    used 3427K, committed 3712K, reserved 1048576K
}

