# JRE version: Java(TM) SE Runtime Environment (19.0.2+7) (build 19.0.2+7-44)
# Java VM: Java HotSpot(TM) 64-Bit Server VM (19.0.2+7-44, mixed mode, sharing, tiered, compressed oops, compressed class ptrs, g1 gc, windows-amd64)
GC Precious Log:
 CardTable entry size: 512
 Card Set container configuration: InlinePtr #cards 4 size 8 Array Of Cards #cards 16 size 48 Howl #buckets 8 coarsen threshold 3686 Howl Bitmap #cards 512 size 80 coarsen threshold 460 Card regions per heap region 1 cards per card region 4096
 CPUs: 16 total, 16 available
 Memory: 16005M
 Large Page Support: Disabled
 NUMA Support: Disabled
 Compressed Oops: Enabled (Zero based)
 Heap Region Size: 2M
 Heap Min Capacity: 8M
 Heap Initial Capacity: 252M
 Heap Max Capacity: 4002M
 Pre-touch: Disabled
 Parallel Workers: 13
 Concurrent Workers: 3
 Concurrent Refinement Workers: 13
 Periodic GC: Disabled
Heap:
 garbage-first heap   total 450560K, used 7671K [0x0000000705e00000, 0x0000000800000000)
  region size 2048K, 2 young (4096K), 2 survivors (4096K)
 Metaspace       used 3515K, committed 3712K, reserved 1114112K
  class space    used 319K, committed 448K, reserved 1048576K
GC Heap History (20 events):
Event: 2.466 GC heap after
{Heap after GC invocations=33 (full 0):
 garbage-first heap   total 374784K, used 7637K [0x0000000705e00000, 0x0000000800000000)
  region size 2048K, 2 young (4096K), 2 survivors (4096K)
 Metaspace       used 3515K, committed 3712K, reserved 1114112K
  class space    used 319K, committed 448K, reserved 1048576K
}
Event: 2.528 GC heap before
{Heap before GC invocations=33 (full 0):
 garbage-first heap   total 374784K, used 226773K [0x0000000705e00000, 0x0000000800000000)
  region size 2048K, 109 young (223232K), 2 survivors (4096K)
 Metaspace       used 3515K, committed 3712K, reserved 1114112K
  class space    used 319K, committed 448K, reserved 1048576K
}
Event: 2.529 GC heap after
{Heap after GC invocations=34 (full 0):
 garbage-first heap   total 374784K, used 7635K [0x0000000705e00000, 0x0000000800000000)
  region size 2048K, 2 young (4096K), 2 survivors (4096K)
 Metaspace       used 3515K, committed 3712K, reserved 1114112K
  class space    used 319K, committed 448K, reserved 1048576K
}
Event: 2.593 GC heap before
{Heap before GC invocations=34 (full 0):
 garbage-first heap   total 374784K, used 226771K [0x0000000705e00000, 0x0000000800000000)
  region size 2048K, 109 young (223232K), 2 survivors (4096K)
 Metaspace       used 3515K, committed 3712K, reserved 1114112K
  class space    used 319K, committed 448K, reserved 1048576K
}
Event: 2.595 GC heap after
{Heap after GC invocations=35 (full 0):
 garbage-first heap   total 374784K, used 7635K [0x0000000705e00000, 0x0000000800000000)
  region size 2048K, 2 young (4096K), 2 survivors (4096K)
 Metaspace       used 3515K, committed 3712K, reserved 1114112K
  class space    used 319K, committed 448K, reserved 1048576K
}
Event: 2.658 GC heap before
{Heap before GC invocations=35 (full 0):
 garbage-first heap   total 374784K, used 226771K [0x0000000705e00000, 0x0000000800000000)
  region size 2048K, 109 young (223232K), 2 survivors (4096K)
 Metaspace       used 3515K, committed 3712K, reserved 1114112K
  class space    used 319K, committed 448K, reserved 1048576K
}
Event: 2.660 GC heap after
{Heap after GC invocations=36 (full 0):
 garbage-first heap   total 450560K, used 7658K [0x0000000705e00000, 0x0000000800000000)
  region size 2048K, 2 young (4096K), 2 survivors (4096K)
 Metaspace       used 3515K, committed 3712K, reserved 1114112K
  class space    used 319K, committed 448K, reserved 1048576K
}
Event: 2.754 GC heap before
{Heap before GC invocations=36 (full 0):
 garbage-first heap   total 450560K, used 273898K [0x0000000705e00000, 0x0000000800000000)
  region size 2048K, 132 young (270336K), 2 survivors (4096K)
 Metaspace       used 3515K, committed 3712K, reserved 1114112K
  class space    used 319K, committed 448K, reserved 1048576K
}
Event: 2.755 GC heap after
{Heap after GC invocations=37 (full 0):
 garbage-first heap   total 450560K, used 7672K [0x0000000705e00000, 0x0000000800000000)
  region size 2048K, 2 young (4096K), 2 survivors (4096K)
 Metaspace       used 3515K, committed 3712K, reserved 1114112K
  class space    used 319K, committed 448K, reserved 1048576K
}
Event: 2.829 GC heap before
{Heap before GC invocations=37 (full 0):
 garbage-first heap   total 450560K, used 273912K [0x0000000705e00000, 0x0000000800000000)
  region size 2048K, 132 young (270336K), 2 survivors (4096K)
 Metaspace       used 3515K, committed 3712K, reserved 1114112K
  class space    used 319K, committed 448K, reserved 1048576K
}
Event: 2.830 GC heap after
{Heap after GC invocations=38 (full 0):
 garbage-first heap   total 450560K, used 7655K [0x0000000705e00000, 0x0000000800000000)
  region size 2048K, 2 young (4096K), 2 survivors (4096K)
 Metaspace       used 3515K, committed 3712K, reserved 1114112K
  class space    used 319K, committed 448K, reserved 1048576K
}
Event: 2.904 GC heap before
{Heap before GC invocations=38 (full 0):
 garbage-first heap   total 450560K, used 273895K [0x0000000705e00000, 0x0000000800000000)
  region size 2048K, 132 young (270336K), 2 survivors (4096K)
 Metaspace       used 3515K, committed 3712K, reserved 1114112K
  class space    used 319K, committed 448K, reserved 1048576K
}
Event: 2.905 GC heap after
{Heap after GC invocations=39 (full 0):
 garbage-first heap   total 450560K, used 7655K [0x0000000705e00000, 0x0000000800000000)
  region size 2048K, 2 young (4096K), 2 survivors (4096K)
 Metaspace       used 3515K, committed 3712K, reserved 1114112K
  class space    used 319K, committed 448K, reserved 1048576K
}
Event: 2.977 GC heap before
{Heap before GC invocations=39 (full 0):
 garbage-first heap   total 450560K, used 273895K [0x0000000705e00000, 0x0000000800000000)
  region size 2048K, 132 young (270336K), 2 survivors (4096K)
 Metaspace       used 3515K, committed 3712K, reserved 1114112K
  class space    used 319K, committed 448K, reserved 1048576K
}
Event: 2.979 GC heap after
{Heap after GC invocations=40 (full 0):
 garbage-first heap   total 450560K, used 7622K [0x0000000705e00000, 0x0000000800000000)
  region size 2048K, 2 young (4096K), 2 survivors (4096K)
 Metaspace       used 3515K, committed 3712K, reserved 1114112K
  class space    used 319K, committed 448K, reserved 1048576K
}
Event: 3.056 GC heap before
{Heap before GC invocations=40 (full 0):
 garbage-first heap   total 450560K, used 273862K [0x0000000705e00000, 0x0000000800000000)
  region size 2048K, 132 young (270336K), 2 survivors (4096K)
 Metaspace       used 3515K, committed 3712K, reserved 1114112K
  class space    used 319K, committed 448K, reserved 1048576K
}
Event: 3.057 GC heap after
{Heap after GC invocations=41 (full 0):
 garbage-first heap   total 450560K, used 7655K [0x0000000705e00000, 0x0000000800000000)
  region size 2048K, 2 young (4096K), 2 survivors (4096K)
 Metaspace       used 3515K, committed 3712K, reserved 1114112K
  class space    used 319K, committed 448K, reserved 1048576K
}
Event: 3.130 GC heap before
{Heap before GC invocations=41 (full 0):
 garbage-first heap   total 450560K, used 273895K [0x0000000705e00000, 0x0000000800000000)
  region size 2048K, 132 young (270336K), 2 survivors (4096K)
 Metaspace       used 3515K, committed 3712K, reserved 1114112K
  class space    used 319K, committed 448K, reserved 1048576K
}
Event: 3.132 GC heap after
{Heap after GC invocations=42 (full 0):
 garbage-first heap   total 450560K, used 7637K [0x0000000705e00000, 0x0000000800000000)
  region size 2048K, 2 young (4096K), 2 survivors (4096K)
 Metaspace       used 3515K, committed 3712K, reserved 1114112K
  class space    used 319K, committed 448K, reserved 1048576K
}
Event: 3.207 GC heap before
{Heap before GC invocations=42 (full 0):
 garbage-first heap   total 450560K, used 273877K [0x0000000705e00000, 0x0000000800000000)
  region size 2048K, 132 young (270336K), 2 survivors (4096K)
 Metaspace       used 3515K, committed 3712K, reserved 1114112K
  class space    used 319K, committed 448K, reserved 1048576K
}

