# JRE version: Java(TM) SE Runtime Environment (19.0.2+7) (build 19.0.2+7-44)
# Java VM: Java HotSpot(TM) 64-Bit Server VM (19.0.2+7-44, mixed mode, sharing, tiered, compressed oops, compressed class ptrs, g1 gc, windows-amd64)
GC Precious Log:
 CardTable entry size: 512
 Card Set container configuration: InlinePtr #cards 4 size 8 Array Of Cards #cards 16 size 48 Howl #buckets 8 coarsen threshold 3686 Howl Bitmap #cards 512 size 80 coarsen threshold 460 Card regions per heap region 1 cards per card region 4096
 CPUs: 16 total, 16 available
 Memory: 16005M
 Large Page Support: Disabled
 NUMA Support: Disabled
 Compressed Oops: Enabled (Zero based)
 Heap Region Size: 2M
 Heap Min Capacity: 8M
 Heap Initial Capacity: 252M
 Heap Max Capacity: 4002M
 Pre-touch: Disabled
 Parallel Workers: 13
 Concurrent Workers: 3
 Concurrent Refinement Workers: 13
 Periodic GC: Disabled
Heap:
 garbage-first heap   total 272384K, used 87501K [0x0000000705e00000, 0x0000000800000000)
  region size 2048K, 10 young (20480K), 1 survivors (2048K)
 Metaspace       used 33205K, committed 33792K, reserved 1114112K
  class space    used 3421K, committed 3712K, reserved 1048576K
GC Heap History (20 events):
Event: 3.399 GC heap before
{Heap before GC invocations=12 (full 0):
 garbage-first heap   total 86016K, used 63429K [0x0000000705e00000, 0x0000000800000000)
  region size 2048K, 11 young (22528K), 1 survivors (2048K)
 Metaspace       used 27331K, committed 27840K, reserved 1114112K
  class space    used 2860K, committed 3136K, reserved 1048576K
}
Event: 3.400 GC heap after
{Heap after GC invocations=13 (full 0):
 garbage-first heap   total 86016K, used 42650K [0x0000000705e00000, 0x0000000800000000)
  region size 2048K, 1 young (2048K), 1 survivors (2048K)
 Metaspace       used 27331K, committed 27840K, reserved 1114112K
  class space    used 2860K, committed 3136K, reserved 1048576K
}
Event: 3.404 GC heap before
{Heap before GC invocations=13 (full 0):
 garbage-first heap   total 86016K, used 44698K [0x0000000705e00000, 0x0000000800000000)
  region size 2048K, 2 young (4096K), 1 survivors (2048K)
 Metaspace       used 27335K, committed 27840K, reserved 1114112K
  class space    used 2861K, committed 3136K, reserved 1048576K
}
Event: 3.406 GC heap after
{Heap after GC invocations=14 (full 0):
 garbage-first heap   total 86016K, used 41987K [0x0000000705e00000, 0x0000000800000000)
  region size 2048K, 1 young (2048K), 1 survivors (2048K)
 Metaspace       used 27335K, committed 27840K, reserved 1114112K
  class space    used 2861K, committed 3136K, reserved 1048576K
}
Event: 3.448 GC heap before
{Heap before GC invocations=14 (full 0):
 garbage-first heap   total 86016K, used 64515K [0x0000000705e00000, 0x0000000800000000)
  region size 2048K, 12 young (24576K), 1 survivors (2048K)
 Metaspace       used 27383K, committed 27840K, reserved 1114112K
  class space    used 2863K, committed 3136K, reserved 1048576K
}
Event: 3.449 GC heap after
{Heap after GC invocations=15 (full 0):
 garbage-first heap   total 172032K, used 41914K [0x0000000705e00000, 0x0000000800000000)
  region size 2048K, 1 young (2048K), 1 survivors (2048K)
 Metaspace       used 27383K, committed 27840K, reserved 1114112K
  class space    used 2863K, committed 3136K, reserved 1048576K
}
Event: 3.798 GC heap before
{Heap before GC invocations=16 (full 0):
 garbage-first heap   total 163840K, used 129978K [0x0000000705e00000, 0x0000000800000000)
  region size 2048K, 44 young (90112K), 1 survivors (2048K)
 Metaspace       used 28168K, committed 28800K, reserved 1114112K
  class space    used 2955K, committed 3264K, reserved 1048576K
}
Event: 3.801 GC heap after
{Heap after GC invocations=17 (full 0):
 garbage-first heap   total 163840K, used 43518K [0x0000000705e00000, 0x0000000800000000)
  region size 2048K, 1 young (2048K), 1 survivors (2048K)
 Metaspace       used 28168K, committed 28800K, reserved 1114112K
  class space    used 2955K, committed 3264K, reserved 1048576K
}
Event: 3.810 GC heap before
{Heap before GC invocations=17 (full 0):
 garbage-first heap   total 163840K, used 49662K [0x0000000705e00000, 0x0000000800000000)
  region size 2048K, 4 young (8192K), 1 survivors (2048K)
 Metaspace       used 28169K, committed 28800K, reserved 1114112K
  class space    used 2955K, committed 3264K, reserved 1048576K
}
Event: 3.812 GC heap after
{Heap after GC invocations=18 (full 0):
 garbage-first heap   total 163840K, used 43706K [0x0000000705e00000, 0x0000000800000000)
  region size 2048K, 1 young (2048K), 1 survivors (2048K)
 Metaspace       used 28169K, committed 28800K, reserved 1114112K
  class space    used 2955K, committed 3264K, reserved 1048576K
}
Event: 3.982 GC heap before
{Heap before GC invocations=18 (full 0):
 garbage-first heap   total 163840K, used 125626K [0x0000000705e00000, 0x0000000800000000)
  region size 2048K, 41 young (83968K), 1 survivors (2048K)
 Metaspace       used 28407K, committed 28992K, reserved 1114112K
  class space    used 2958K, committed 3264K, reserved 1048576K
}
Event: 3.984 GC heap after
{Heap after GC invocations=19 (full 0):
 garbage-first heap   total 163840K, used 44406K [0x0000000705e00000, 0x0000000800000000)
  region size 2048K, 1 young (2048K), 1 survivors (2048K)
 Metaspace       used 28407K, committed 28992K, reserved 1114112K
  class space    used 2958K, committed 3264K, reserved 1048576K
}
Event: 4.885 GC heap before
{Heap before GC invocations=19 (full 0):
 garbage-first heap   total 163840K, used 130422K [0x0000000705e00000, 0x0000000800000000)
  region size 2048K, 43 young (88064K), 1 survivors (2048K)
 Metaspace       used 31090K, committed 31744K, reserved 1114112K
  class space    used 3207K, committed 3520K, reserved 1048576K
}
Event: 4.890 GC heap after
{Heap after GC invocations=20 (full 0):
 garbage-first heap   total 163840K, used 46831K [0x0000000705e00000, 0x0000000800000000)
  region size 2048K, 2 young (4096K), 2 survivors (4096K)
 Metaspace       used 31090K, committed 31744K, reserved 1114112K
  class space    used 3207K, committed 3520K, reserved 1048576K
}
Event: 5.380 GC heap before
{Heap before GC invocations=20 (full 0):
 garbage-first heap   total 163840K, used 134895K [0x0000000705e00000, 0x0000000800000000)
  region size 2048K, 43 young (88064K), 2 survivors (4096K)
 Metaspace       used 31431K, committed 32064K, reserved 1114112K
  class space    used 3226K, committed 3520K, reserved 1048576K
}
Event: 5.387 GC heap after
{Heap after GC invocations=21 (full 0):
 garbage-first heap   total 163840K, used 57282K [0x0000000705e00000, 0x0000000800000000)
  region size 2048K, 6 young (12288K), 6 survivors (12288K)
 Metaspace       used 31431K, committed 32064K, reserved 1114112K
  class space    used 3226K, committed 3520K, reserved 1048576K
}
Event: 5.847 GC heap before
{Heap before GC invocations=21 (full 0):
 garbage-first heap   total 163840K, used 128962K [0x0000000705e00000, 0x0000000800000000)
  region size 2048K, 41 young (83968K), 6 survivors (12288K)
 Metaspace       used 32652K, committed 33216K, reserved 1114112K
  class space    used 3363K, committed 3648K, reserved 1048576K
}
Event: 5.855 GC heap after
{Heap after GC invocations=22 (full 0):
 garbage-first heap   total 163840K, used 69061K [0x0000000705e00000, 0x0000000800000000)
  region size 2048K, 6 young (12288K), 6 survivors (12288K)
 Metaspace       used 32652K, committed 33216K, reserved 1114112K
  class space    used 3363K, committed 3648K, reserved 1048576K
}
Event: 6.084 GC heap before
{Heap before GC invocations=22 (full 0):
 garbage-first heap   total 163840K, used 126405K [0x0000000705e00000, 0x0000000800000000)
  region size 2048K, 34 young (69632K), 6 survivors (12288K)
 Metaspace       used 33176K, committed 33792K, reserved 1114112K
  class space    used 3419K, committed 3712K, reserved 1048576K
}
Event: 6.088 GC heap after
{Heap after GC invocations=23 (full 0):
 garbage-first heap   total 272384K, used 71117K [0x0000000705e00000, 0x0000000800000000)
  region size 2048K, 1 young (2048K), 1 survivors (2048K)
 Metaspace       used 33176K, committed 33792K, reserved 1114112K
  class space    used 3419K, committed 3712K, reserved 1048576K
}

