# JRE version: Java(TM) SE Runtime Environment (19.0.2+7) (build 19.0.2+7-44)
# Java VM: Java HotSpot(TM) 64-Bit Server VM (19.0.2+7-44, mixed mode, sharing, tiered, compressed oops, compressed class ptrs, g1 gc, windows-amd64)
GC Precious Log:
 CardTable entry size: 512
 Card Set container configuration: InlinePtr #cards 4 size 8 Array Of Cards #cards 16 size 48 Howl #buckets 8 coarsen threshold 3686 Howl Bitmap #cards 512 size 80 coarsen threshold 460 Card regions per heap region 1 cards per card region 4096
 CPUs: 16 total, 16 available
 Memory: 16005M
 Large Page Support: Disabled
 NUMA Support: Disabled
 Compressed Oops: Enabled (Zero based)
 Heap Region Size: 2M
 Heap Min Capacity: 8M
 Heap Initial Capacity: 252M
 Heap Max Capacity: 4002M
 Pre-touch: Disabled
 Parallel Workers: 13
 Concurrent Workers: 3
 Concurrent Refinement Workers: 13
 Periodic GC: Disabled
Heap:
 garbage-first heap   total 151552K, used 69768K [0x0000000705e00000, 0x0000000800000000)
  region size 2048K, 12 young (24576K), 1 survivors (2048K)
 Metaspace       used 27867K, committed 28352K, reserved 1114112K
  class space    used 2917K, committed 3136K, reserved 1048576K
GC Heap History (20 events):
Event: 2.080 GC heap before
{Heap before GC invocations=2 (full 0):
 garbage-first heap   total 258048K, used 169720K [0x0000000705e00000, 0x0000000800000000)
  region size 2048K, 68 young (139264K), 2 survivors (4096K)
 Metaspace       used 21130K, committed 21504K, reserved 1114112K
  class space    used 2276K, committed 2496K, reserved 1048576K
}
Event: 2.089 GC heap after
{Heap after GC invocations=3 (full 0):
 garbage-first heap   total 258048K, used 15641K [0x0000000705e00000, 0x0000000800000000)
  region size 2048K, 6 young (12288K), 6 survivors (12288K)
 Metaspace       used 21130K, committed 21504K, reserved 1114112K
  class space    used 2276K, committed 2496K, reserved 1048576K
}
Event: 2.442 GC heap before
{Heap before GC invocations=4 (full 0):
 garbage-first heap   total 61440K, used 54553K [0x0000000705e00000, 0x0000000800000000)
  region size 2048K, 25 young (51200K), 6 survivors (12288K)
 Metaspace       used 23922K, committed 24320K, reserved 1114112K
  class space    used 2538K, committed 2688K, reserved 1048576K
}
Event: 2.451 GC heap after
{Heap after GC invocations=5 (full 0):
 garbage-first heap   total 81920K, used 28119K [0x0000000705e00000, 0x0000000800000000)
  region size 2048K, 4 young (8192K), 4 survivors (8192K)
 Metaspace       used 23922K, committed 24320K, reserved 1114112K
  class space    used 2538K, committed 2688K, reserved 1048576K
}
Event: 2.492 GC heap before
{Heap before GC invocations=5 (full 0):
 garbage-first heap   total 81920K, used 30167K [0x0000000705e00000, 0x0000000800000000)
  region size 2048K, 5 young (10240K), 4 survivors (8192K)
 Metaspace       used 24340K, committed 24704K, reserved 1114112K
  class space    used 2581K, committed 2752K, reserved 1048576K
}
Event: 2.495 GC heap after
{Heap after GC invocations=6 (full 0):
 garbage-first heap   total 81920K, used 30017K [0x0000000705e00000, 0x0000000800000000)
  region size 2048K, 1 young (2048K), 1 survivors (2048K)
 Metaspace       used 24340K, committed 24704K, reserved 1114112K
  class space    used 2581K, committed 2752K, reserved 1048576K
}
Event: 2.638 GC heap before
{Heap before GC invocations=6 (full 0):
 garbage-first heap   total 81920K, used 56641K [0x0000000705e00000, 0x0000000800000000)
  region size 2048K, 15 young (30720K), 1 survivors (2048K)
 Metaspace       used 24412K, committed 24768K, reserved 1114112K
  class space    used 2581K, committed 2752K, reserved 1048576K
}
Event: 2.641 GC heap after
{Heap after GC invocations=7 (full 0):
 garbage-first heap   total 81920K, used 38912K [0x0000000705e00000, 0x0000000800000000)
  region size 2048K, 2 young (4096K), 2 survivors (4096K)
 Metaspace       used 24412K, committed 24768K, reserved 1114112K
  class space    used 2581K, committed 2752K, reserved 1048576K
}
Event: 2.760 GC heap before
{Heap before GC invocations=7 (full 0):
 garbage-first heap   total 81920K, used 59392K [0x0000000705e00000, 0x0000000800000000)
  region size 2048K, 12 young (24576K), 2 survivors (4096K)
 Metaspace       used 24919K, committed 25344K, reserved 1114112K
  class space    used 2641K, committed 2880K, reserved 1048576K
}
Event: 2.765 GC heap after
{Heap after GC invocations=8 (full 0):
 garbage-first heap   total 110592K, used 43221K [0x0000000705e00000, 0x0000000800000000)
  region size 2048K, 2 young (4096K), 2 survivors (4096K)
 Metaspace       used 24919K, committed 25344K, reserved 1114112K
  class space    used 2641K, committed 2880K, reserved 1048576K
}
Event: 2.914 GC heap before
{Heap before GC invocations=8 (full 0):
 garbage-first heap   total 110592K, used 78037K [0x0000000705e00000, 0x0000000800000000)
  region size 2048K, 18 young (36864K), 2 survivors (4096K)
 Metaspace       used 25310K, committed 25792K, reserved 1114112K
  class space    used 2645K, committed 2880K, reserved 1048576K
}
Event: 2.921 GC heap after
{Heap after GC invocations=9 (full 0):
 garbage-first heap   total 110592K, used 50398K [0x0000000705e00000, 0x0000000800000000)
  region size 2048K, 3 young (6144K), 3 survivors (6144K)
 Metaspace       used 25310K, committed 25792K, reserved 1114112K
  class space    used 2645K, committed 2880K, reserved 1048576K
}
Event: 3.288 GC heap before
{Heap before GC invocations=9 (full 0):
 garbage-first heap   total 110592K, used 79070K [0x0000000705e00000, 0x0000000800000000)
  region size 2048K, 18 young (36864K), 3 survivors (6144K)
 Metaspace       used 27090K, committed 27520K, reserved 1114112K
  class space    used 2829K, committed 3072K, reserved 1048576K
}
Event: 3.294 GC heap after
{Heap after GC invocations=10 (full 0):
 garbage-first heap   total 110592K, used 52338K [0x0000000705e00000, 0x0000000800000000)
  region size 2048K, 1 young (2048K), 1 survivors (2048K)
 Metaspace       used 27090K, committed 27520K, reserved 1114112K
  class space    used 2829K, committed 3072K, reserved 1048576K
}
Event: 3.485 GC heap before
{Heap before GC invocations=10 (full 0):
 garbage-first heap   total 110592K, used 83058K [0x0000000705e00000, 0x0000000800000000)
  region size 2048K, 16 young (32768K), 1 survivors (2048K)
 Metaspace       used 27536K, committed 28096K, reserved 1114112K
  class space    used 2867K, committed 3136K, reserved 1048576K
}
Event: 3.487 GC heap after
{Heap after GC invocations=11 (full 0):
 garbage-first heap   total 110592K, used 52555K [0x0000000705e00000, 0x0000000800000000)
  region size 2048K, 1 young (2048K), 1 survivors (2048K)
 Metaspace       used 27536K, committed 28096K, reserved 1114112K
  class space    used 2867K, committed 3136K, reserved 1048576K
}
Event: 3.566 GC heap before
{Heap before GC invocations=12 (full 0):
 garbage-first heap   total 110592K, used 85323K [0x0000000705e00000, 0x0000000800000000)
  region size 2048K, 17 young (34816K), 1 survivors (2048K)
 Metaspace       used 27603K, committed 28096K, reserved 1114112K
  class space    used 2871K, committed 3136K, reserved 1048576K
}
Event: 3.568 GC heap after
{Heap after GC invocations=13 (full 0):
 garbage-first heap   total 110592K, used 52437K [0x0000000705e00000, 0x0000000800000000)
  region size 2048K, 1 young (2048K), 1 survivors (2048K)
 Metaspace       used 27603K, committed 28096K, reserved 1114112K
  class space    used 2871K, committed 3136K, reserved 1048576K
}
Event: 3.573 GC heap before
{Heap before GC invocations=13 (full 0):
 garbage-first heap   total 110592K, used 54485K [0x0000000705e00000, 0x0000000800000000)
  region size 2048K, 2 young (4096K), 1 survivors (2048K)
 Metaspace       used 27609K, committed 28160K, reserved 1114112K
  class space    used 2872K, committed 3136K, reserved 1048576K
}
Event: 3.576 GC heap after
{Heap after GC invocations=14 (full 0):
 garbage-first heap   total 151552K, used 51336K [0x0000000705e00000, 0x0000000800000000)
  region size 2048K, 1 young (2048K), 1 survivors (2048K)
 Metaspace       used 27609K, committed 28160K, reserved 1114112K
  class space    used 2872K, committed 3136K, reserved 1048576K
}

