# JRE version: Java(TM) SE Runtime Environment (19.0.2+7) (build 19.0.2+7-44)
# Java VM: Java HotSpot(TM) 64-Bit Server VM (19.0.2+7-44, mixed mode, sharing, tiered, compressed oops, compressed class ptrs, g1 gc, windows-amd64)
GC Precious Log:
 CardTable entry size: 512
 Card Set container configuration: InlinePtr #cards 4 size 8 Array Of Cards #cards 16 size 48 Howl #buckets 8 coarsen threshold 3686 Howl Bitmap #cards 512 size 80 coarsen threshold 460 Card regions per heap region 1 cards per card region 4096
 CPUs: 16 total, 16 available
 Memory: 16005M
 Large Page Support: Disabled
 NUMA Support: Disabled
 Compressed Oops: Enabled (Zero based)
 Heap Region Size: 2M
 Heap Min Capacity: 8M
 Heap Initial Capacity: 252M
 Heap Max Capacity: 4002M
 Pre-touch: Disabled
 Parallel Workers: 13
 Concurrent Workers: 3
 Concurrent Refinement Workers: 13
 Periodic GC: Disabled
Heap:
 garbage-first heap   total 385024K, used 87457K [0x0000000705e00000, 0x0000000800000000)
  region size 2048K, 14 young (28672K), 1 survivors (2048K)
 Metaspace       used 33810K, committed 34432K, reserved 1114112K
  class space    used 3420K, committed 3712K, reserved 1048576K
GC Heap History (20 events):
Event: 4.535 GC heap before
{Heap before GC invocations=18 (full 0):
 garbage-first heap   total 155648K, used 126107K [0x0000000705e00000, 0x0000000800000000)
  region size 2048K, 37 young (75776K), 2 survivors (4096K)
 Metaspace       used 28635K, committed 29184K, reserved 1114112K
  class space    used 2968K, committed 3264K, reserved 1048576K
}
Event: 4.539 GC heap after
{Heap after GC invocations=19 (full 0):
 garbage-first heap   total 155648K, used 54717K [0x0000000705e00000, 0x0000000800000000)
  region size 2048K, 2 young (4096K), 2 survivors (4096K)
 Metaspace       used 28635K, committed 29184K, reserved 1114112K
  class space    used 2968K, committed 3264K, reserved 1048576K
}
Event: 5.226 GC heap before
{Heap before GC invocations=19 (full 0):
 garbage-first heap   total 155648K, used 128445K [0x0000000705e00000, 0x0000000800000000)
  region size 2048K, 38 young (77824K), 2 survivors (4096K)
 Metaspace       used 30952K, committed 31552K, reserved 1114112K
  class space    used 3214K, committed 3520K, reserved 1048576K
}
Event: 5.232 GC heap after
{Heap after GC invocations=20 (full 0):
 garbage-first heap   total 155648K, used 56276K [0x0000000705e00000, 0x0000000800000000)
  region size 2048K, 3 young (6144K), 3 survivors (6144K)
 Metaspace       used 30952K, committed 31552K, reserved 1114112K
  class space    used 3214K, committed 3520K, reserved 1048576K
}
Event: 5.614 GC heap before
{Heap before GC invocations=20 (full 0):
 garbage-first heap   total 155648K, used 132052K [0x0000000705e00000, 0x0000000800000000)
  region size 2048K, 38 young (77824K), 3 survivors (6144K)
 Metaspace       used 31413K, committed 32000K, reserved 1114112K
  class space    used 3222K, committed 3520K, reserved 1048576K
}
Event: 5.621 GC heap after
{Heap after GC invocations=21 (full 0):
 garbage-first heap   total 155648K, used 62019K [0x0000000705e00000, 0x0000000800000000)
  region size 2048K, 4 young (8192K), 4 survivors (8192K)
 Metaspace       used 31413K, committed 32000K, reserved 1114112K
  class space    used 3222K, committed 3520K, reserved 1048576K
}
Event: 6.711 GC heap before
{Heap before GC invocations=21 (full 0):
 garbage-first heap   total 155648K, used 129603K [0x0000000705e00000, 0x0000000800000000)
  region size 2048K, 37 young (75776K), 4 survivors (8192K)
 Metaspace       used 31642K, committed 32192K, reserved 1114112K
  class space    used 3236K, committed 3520K, reserved 1048576K
}
Event: 6.718 GC heap after
{Heap after GC invocations=22 (full 0):
 garbage-first heap   total 192512K, used 62351K [0x0000000705e00000, 0x0000000800000000)
  region size 2048K, 4 young (8192K), 4 survivors (8192K)
 Metaspace       used 31642K, committed 32192K, reserved 1114112K
  class space    used 3236K, committed 3520K, reserved 1048576K
}
Event: 7.326 GC heap before
{Heap before GC invocations=22 (full 0):
 garbage-first heap   total 192512K, used 158607K [0x0000000705e00000, 0x0000000800000000)
  region size 2048K, 52 young (106496K), 4 survivors (8192K)
 Metaspace       used 31822K, committed 32384K, reserved 1114112K
  class space    used 3245K, committed 3520K, reserved 1048576K
}
Event: 7.336 GC heap after
{Heap after GC invocations=23 (full 0):
 garbage-first heap   total 192512K, used 85236K [0x0000000705e00000, 0x0000000800000000)
  region size 2048K, 7 young (14336K), 7 survivors (14336K)
 Metaspace       used 31822K, committed 32384K, reserved 1114112K
  class space    used 3245K, committed 3520K, reserved 1048576K
}
Event: 7.826 GC heap before
{Heap before GC invocations=23 (full 0):
 garbage-first heap   total 192512K, used 146676K [0x0000000705e00000, 0x0000000800000000)
  region size 2048K, 37 young (75776K), 7 survivors (14336K)
 Metaspace       used 33294K, committed 33920K, reserved 1114112K
  class space    used 3406K, committed 3712K, reserved 1048576K
}
Event: 7.834 GC heap after
{Heap after GC invocations=24 (full 0):
 garbage-first heap   total 192512K, used 89910K [0x0000000705e00000, 0x0000000800000000)
  region size 2048K, 2 young (4096K), 2 survivors (4096K)
 Metaspace       used 33294K, committed 33920K, reserved 1114112K
  class space    used 3406K, committed 3712K, reserved 1048576K
}
Event: 8.699 GC heap before
{Heap before GC invocations=24 (full 0):
 garbage-first heap   total 192512K, used 149302K [0x0000000705e00000, 0x0000000800000000)
  region size 2048K, 31 young (63488K), 2 survivors (4096K)
 Metaspace       used 33549K, committed 34112K, reserved 1114112K
  class space    used 3438K, committed 3712K, reserved 1048576K
}
Event: 8.702 GC heap after
{Heap after GC invocations=25 (full 0):
 garbage-first heap   total 192512K, used 89696K [0x0000000705e00000, 0x0000000800000000)
  region size 2048K, 2 young (4096K), 2 survivors (4096K)
 Metaspace       used 33549K, committed 34112K, reserved 1114112K
  class space    used 3438K, committed 3712K, reserved 1048576K
}
Event: 9.168 GC heap before
{Heap before GC invocations=26 (full 0):
 garbage-first heap   total 192512K, used 153184K [0x0000000705e00000, 0x0000000800000000)
  region size 2048K, 33 young (67584K), 2 survivors (4096K)
 Metaspace       used 32296K, committed 33152K, reserved 1114112K
  class space    used 3281K, committed 3648K, reserved 1048576K
}
Event: 9.173 GC heap after
{Heap after GC invocations=27 (full 0):
 garbage-first heap   total 192512K, used 91949K [0x0000000705e00000, 0x0000000800000000)
  region size 2048K, 3 young (6144K), 3 survivors (6144K)
 Metaspace       used 32296K, committed 33152K, reserved 1114112K
  class space    used 3281K, committed 3648K, reserved 1048576K
}
Event: 9.184 GC heap before
{Heap before GC invocations=27 (full 0):
 garbage-first heap   total 192512K, used 93997K [0x0000000705e00000, 0x0000000800000000)
  region size 2048K, 4 young (8192K), 3 survivors (6144K)
 Metaspace       used 32491K, committed 33280K, reserved 1114112K
  class space    used 3291K, committed 3648K, reserved 1048576K
}
Event: 9.190 GC heap after
{Heap after GC invocations=28 (full 0):
 garbage-first heap   total 192512K, used 73889K [0x0000000705e00000, 0x0000000800000000)
  region size 2048K, 1 young (2048K), 1 survivors (2048K)
 Metaspace       used 32491K, committed 33280K, reserved 1114112K
  class space    used 3291K, committed 3648K, reserved 1048576K
}
Event: 9.290 GC heap before
{Heap before GC invocations=28 (full 0):
 garbage-first heap   total 192512K, used 80033K [0x0000000705e00000, 0x0000000800000000)
  region size 2048K, 4 young (8192K), 1 survivors (2048K)
 Metaspace       used 33070K, committed 33664K, reserved 1114112K
  class space    used 3352K, committed 3648K, reserved 1048576K
}
Event: 9.297 GC heap after
{Heap after GC invocations=29 (full 0):
 garbage-first heap   total 385024K, used 64929K [0x0000000705e00000, 0x0000000800000000)
  region size 2048K, 1 young (2048K), 1 survivors (2048K)
 Metaspace       used 33070K, committed 33664K, reserved 1114112K
  class space    used 3352K, committed 3648K, reserved 1048576K
}

