# JRE version: Java(TM) SE Runtime Environment (19.0.2+7) (build 19.0.2+7-44)
# Java VM: Java HotSpot(TM) 64-Bit Server VM (19.0.2+7-44, mixed mode, sharing, tiered, compressed oops, compressed class ptrs, g1 gc, windows-amd64)
GC Precious Log:
 CardTable entry size: 512
 Card Set container configuration: InlinePtr #cards 4 size 8 Array Of Cards #cards 16 size 48 Howl #buckets 8 coarsen threshold 3686 Howl Bitmap #cards 512 size 80 coarsen threshold 460 Card regions per heap region 1 cards per card region 4096
 CPUs: 16 total, 16 available
 Memory: 16005M
 Large Page Support: Disabled
 NUMA Support: Disabled
 Compressed Oops: Enabled (Zero based)
 Heap Region Size: 2M
 Heap Min Capacity: 8M
 Heap Initial Capacity: 252M
 Heap Max Capacity: 4002M
 Pre-touch: Disabled
 Parallel Workers: 13
 Concurrent Workers: 3
 Concurrent Refinement Workers: 13
 Periodic GC: Disabled
Heap:
 garbage-first heap   total 258048K, used 6969K [0x0000000705e00000, 0x0000000800000000)
  region size 2048K, 1 young (2048K), 1 survivors (2048K)
 Metaspace       used 1826K, committed 1984K, reserved 1114112K
  class space    used 130K, committed 192K, reserved 1048576K
GC Heap History (19 events):
Event: 0.177 GC heap before
{Heap before GC invocations=0 (full 0):
 garbage-first heap   total 258048K, used 20480K [0x0000000705e00000, 0x0000000800000000)
  region size 2048K, 11 young (22528K), 0 survivors (0K)
 Metaspace       used 1743K, committed 1856K, reserved 1114112K
  class space    used 123K, committed 192K, reserved 1048576K
}
Event: 0.179 GC heap after
{Heap after GC invocations=1 (full 0):
 garbage-first heap   total 258048K, used 6720K [0x0000000705e00000, 0x0000000800000000)
  region size 2048K, 2 young (4096K), 2 survivors (4096K)
 Metaspace       used 1743K, committed 1856K, reserved 1114112K
  class space    used 123K, committed 192K, reserved 1048576K
}
Event: 0.224 GC heap before
{Heap before GC invocations=1 (full 0):
 garbage-first heap   total 258048K, used 33344K [0x0000000705e00000, 0x0000000800000000)
  region size 2048K, 15 young (30720K), 2 survivors (4096K)
 Metaspace       used 1804K, committed 1984K, reserved 1114112K
  class space    used 130K, committed 192K, reserved 1048576K
}
Event: 0.225 GC heap after
{Heap after GC invocations=2 (full 0):
 garbage-first heap   total 258048K, used 7143K [0x0000000705e00000, 0x0000000800000000)
  region size 2048K, 1 young (2048K), 1 survivors (2048K)
 Metaspace       used 1804K, committed 1984K, reserved 1114112K
  class space    used 130K, committed 192K, reserved 1048576K
}
Event: 0.366 GC heap before
{Heap before GC invocations=2 (full 0):
 garbage-first heap   total 258048K, used 158695K [0x0000000705e00000, 0x0000000800000000)
  region size 2048K, 75 young (153600K), 1 survivors (2048K)
 Metaspace       used 1807K, committed 1984K, reserved 1114112K
  class space    used 130K, committed 192K, reserved 1048576K
}
Event: 0.366 GC heap after
{Heap after GC invocations=3 (full 0):
 garbage-first heap   total 258048K, used 7000K [0x0000000705e00000, 0x0000000800000000)
  region size 2048K, 1 young (2048K), 1 survivors (2048K)
 Metaspace       used 1807K, committed 1984K, reserved 1114112K
  class space    used 130K, committed 192K, reserved 1048576K
}
Event: 0.422 GC heap before
{Heap before GC invocations=3 (full 0):
 garbage-first heap   total 258048K, used 158552K [0x0000000705e00000, 0x0000000800000000)
  region size 2048K, 75 young (153600K), 1 survivors (2048K)
 Metaspace       used 1826K, committed 1984K, reserved 1114112K
  class space    used 130K, committed 192K, reserved 1048576K
}
Event: 0.423 GC heap after
{Heap after GC invocations=4 (full 0):
 garbage-first heap   total 258048K, used 6978K [0x0000000705e00000, 0x0000000800000000)
  region size 2048K, 1 young (2048K), 1 survivors (2048K)
 Metaspace       used 1826K, committed 1984K, reserved 1114112K
  class space    used 130K, committed 192K, reserved 1048576K
}
Event: 0.516 GC heap before
{Heap before GC invocations=4 (full 0):
 garbage-first heap   total 258048K, used 158530K [0x0000000705e00000, 0x0000000800000000)
  region size 2048K, 75 young (153600K), 1 survivors (2048K)
 Metaspace       used 1826K, committed 1984K, reserved 1114112K
  class space    used 130K, committed 192K, reserved 1048576K
}
Event: 0.516 GC heap after
{Heap after GC invocations=5 (full 0):
 garbage-first heap   total 258048K, used 6974K [0x0000000705e00000, 0x0000000800000000)
  region size 2048K, 1 young (2048K), 1 survivors (2048K)
 Metaspace       used 1826K, committed 1984K, reserved 1114112K
  class space    used 130K, committed 192K, reserved 1048576K
}
Event: 0.606 GC heap before
{Heap before GC invocations=5 (full 0):
 garbage-first heap   total 258048K, used 158526K [0x0000000705e00000, 0x0000000800000000)
  region size 2048K, 75 young (153600K), 1 survivors (2048K)
 Metaspace       used 1826K, committed 1984K, reserved 1114112K
  class space    used 130K, committed 192K, reserved 1048576K
}
Event: 0.606 GC heap after
{Heap after GC invocations=6 (full 0):
 garbage-first heap   total 258048K, used 6974K [0x0000000705e00000, 0x0000000800000000)
  region size 2048K, 1 young (2048K), 1 survivors (2048K)
 Metaspace       used 1826K, committed 1984K, reserved 1114112K
  class space    used 130K, committed 192K, reserved 1048576K
}
Event: 0.660 GC heap before
{Heap before GC invocations=6 (full 0):
 garbage-first heap   total 258048K, used 158526K [0x0000000705e00000, 0x0000000800000000)
  region size 2048K, 75 young (153600K), 1 survivors (2048K)
 Metaspace       used 1826K, committed 1984K, reserved 1114112K
  class space    used 130K, committed 192K, reserved 1048576K
}
Event: 0.660 GC heap after
{Heap after GC invocations=7 (full 0):
 garbage-first heap   total 258048K, used 6973K [0x0000000705e00000, 0x0000000800000000)
  region size 2048K, 1 young (2048K), 1 survivors (2048K)
 Metaspace       used 1826K, committed 1984K, reserved 1114112K
  class space    used 130K, committed 192K, reserved 1048576K
}
Event: 0.713 GC heap before
{Heap before GC invocations=7 (full 0):
 garbage-first heap   total 258048K, used 158525K [0x0000000705e00000, 0x0000000800000000)
  region size 2048K, 75 young (153600K), 1 survivors (2048K)
 Metaspace       used 1826K, committed 1984K, reserved 1114112K
  class space    used 130K, committed 192K, reserved 1048576K
}
Event: 0.714 GC heap after
{Heap after GC invocations=8 (full 0):
 garbage-first heap   total 258048K, used 6973K [0x0000000705e00000, 0x0000000800000000)
  region size 2048K, 1 young (2048K), 1 survivors (2048K)
 Metaspace       used 1826K, committed 1984K, reserved 1114112K
  class space    used 130K, committed 192K, reserved 1048576K
}
Event: 0.763 GC heap before
{Heap before GC invocations=8 (full 0):
 garbage-first heap   total 258048K, used 158525K [0x0000000705e00000, 0x0000000800000000)
  region size 2048K, 75 young (153600K), 1 survivors (2048K)
 Metaspace       used 1826K, committed 1984K, reserved 1114112K
  class space    used 130K, committed 192K, reserved 1048576K
}
Event: 0.763 GC heap after
{Heap after GC invocations=9 (full 0):
 garbage-first heap   total 258048K, used 6969K [0x0000000705e00000, 0x0000000800000000)
  region size 2048K, 1 young (2048K), 1 survivors (2048K)
 Metaspace       used 1826K, committed 1984K, reserved 1114112K
  class space    used 130K, committed 192K, reserved 1048576K
}
Event: 0.810 GC heap before
{Heap before GC invocations=9 (full 0):
 garbage-first heap   total 258048K, used 158521K [0x0000000705e00000, 0x0000000800000000)
  region size 2048K, 75 young (153600K), 1 survivors (2048K)
 Metaspace       used 1826K, committed 1984K, reserved 1114112K
  class space    used 130K, committed 192K, reserved 1048576K
}

