# JRE version: Java(TM) SE Runtime Environment (19.0.2+7) (build 19.0.2+7-44)
# Java VM: Java HotSpot(TM) 64-Bit Server VM (19.0.2+7-44, mixed mode, sharing, tiered, compressed oops, compressed class ptrs, g1 gc, windows-amd64)
GC Precious Log:
 CardTable entry size: 512
 Card Set container configuration: InlinePtr #cards 4 size 8 Array Of Cards #cards 16 size 48 Howl #buckets 8 coarsen threshold 3686 Howl Bitmap #cards 512 size 80 coarsen threshold 460 Card regions per heap region 1 cards per card region 4096
 CPUs: 16 total, 16 available
 Memory: 16005M
 Large Page Support: Disabled
 NUMA Support: Disabled
 Compressed Oops: Enabled (Zero based)
 Heap Region Size: 2M
 Heap Min Capacity: 8M
 Heap Initial Capacity: 252M
 Heap Max Capacity: 4002M
 Pre-touch: Disabled
 Parallel Workers: 13
 Concurrent Workers: 3
 Concurrent Refinement Workers: 13
 Periodic GC: Disabled
Heap:
 garbage-first heap   total 282624K, used 188516K [0x0000000705e00000, 0x0000000800000000)
  region size 2048K, 67 young (137216K), 4 survivors (8192K)
 Metaspace       used 31825K, committed 32512K, reserved 1114112K
  class space    used 3250K, committed 3584K, reserved 1048576K
GC Heap History (20 events):
Event: 3.077 GC heap before
{Heap before GC invocations=8 (full 0):
 garbage-first heap   total 75776K, used 55206K [0x0000000705e00000, 0x0000000800000000)
  region size 2048K, 9 young (18432K), 2 survivors (4096K)
 Metaspace       used 25012K, committed 25472K, reserved 1114112K
  class space    used 2647K, committed 2880K, reserved 1048576K
}
Event: 3.081 GC heap after
{Heap after GC invocations=9 (full 0):
 garbage-first heap   total 141312K, used 43612K [0x0000000705e00000, 0x0000000800000000)
  region size 2048K, 2 young (4096K), 2 survivors (4096K)
 Metaspace       used 25012K, committed 25472K, reserved 1114112K
  class space    used 2647K, committed 2880K, reserved 1048576K
}
Event: 3.532 GC heap before
{Heap before GC invocations=10 (full 0):
 garbage-first heap   total 141312K, used 98908K [0x0000000705e00000, 0x0000000800000000)
  region size 2048K, 29 young (59392K), 2 survivors (4096K)
 Metaspace       used 26448K, committed 26944K, reserved 1114112K
  class space    used 2760K, committed 3008K, reserved 1048576K
}
Event: 3.538 GC heap after
{Heap after GC invocations=11 (full 0):
 garbage-first heap   total 141312K, used 51853K [0x0000000705e00000, 0x0000000800000000)
  region size 2048K, 4 young (8192K), 4 survivors (8192K)
 Metaspace       used 26448K, committed 26944K, reserved 1114112K
  class space    used 2760K, committed 3008K, reserved 1048576K
}
Event: 3.551 GC heap before
{Heap before GC invocations=11 (full 0):
 garbage-first heap   total 141312K, used 53901K [0x0000000705e00000, 0x0000000800000000)
  region size 2048K, 5 young (10240K), 4 survivors (8192K)
 Metaspace       used 26529K, committed 27008K, reserved 1114112K
  class space    used 2774K, committed 3008K, reserved 1048576K
}
Event: 3.556 GC heap after
{Heap after GC invocations=12 (full 0):
 garbage-first heap   total 141312K, used 52350K [0x0000000705e00000, 0x0000000800000000)
  region size 2048K, 1 young (2048K), 1 survivors (2048K)
 Metaspace       used 26529K, committed 27008K, reserved 1114112K
  class space    used 2774K, committed 3008K, reserved 1048576K
}
Event: 3.907 GC heap before
{Heap before GC invocations=12 (full 0):
 garbage-first heap   total 141312K, used 101502K [0x0000000705e00000, 0x0000000800000000)
  region size 2048K, 26 young (53248K), 1 survivors (2048K)
 Metaspace       used 27677K, committed 28224K, reserved 1114112K
  class space    used 2879K, committed 3136K, reserved 1048576K
}
Event: 3.909 GC heap after
{Heap after GC invocations=13 (full 0):
 garbage-first heap   total 141312K, used 52098K [0x0000000705e00000, 0x0000000800000000)
  region size 2048K, 1 young (2048K), 1 survivors (2048K)
 Metaspace       used 27677K, committed 28224K, reserved 1114112K
  class space    used 2879K, committed 3136K, reserved 1048576K
}
Event: 3.992 GC heap before
{Heap before GC invocations=13 (full 0):
 garbage-first heap   total 141312K, used 103298K [0x0000000705e00000, 0x0000000800000000)
  region size 2048K, 27 young (55296K), 1 survivors (2048K)
 Metaspace       used 27732K, committed 28224K, reserved 1114112K
  class space    used 2885K, committed 3136K, reserved 1048576K
}
Event: 3.993 GC heap after
{Heap after GC invocations=14 (full 0):
 garbage-first heap   total 141312K, used 51707K [0x0000000705e00000, 0x0000000800000000)
  region size 2048K, 1 young (2048K), 1 survivors (2048K)
 Metaspace       used 27732K, committed 28224K, reserved 1114112K
  class space    used 2885K, committed 3136K, reserved 1048576K
}
Event: 4.271 GC heap before
{Heap before GC invocations=14 (full 0):
 garbage-first heap   total 141312K, used 109051K [0x0000000705e00000, 0x0000000800000000)
  region size 2048K, 29 young (59392K), 1 survivors (2048K)
 Metaspace       used 28443K, committed 28992K, reserved 1114112K
  class space    used 2971K, committed 3264K, reserved 1048576K
}
Event: 4.274 GC heap after
{Heap after GC invocations=15 (full 0):
 garbage-first heap   total 141312K, used 53011K [0x0000000705e00000, 0x0000000800000000)
  region size 2048K, 1 young (2048K), 1 survivors (2048K)
 Metaspace       used 28443K, committed 28992K, reserved 1114112K
  class space    used 2971K, committed 3264K, reserved 1048576K
}
Event: 4.405 GC heap before
{Heap before GC invocations=15 (full 0):
 garbage-first heap   total 141312K, used 112403K [0x0000000705e00000, 0x0000000800000000)
  region size 2048K, 30 young (61440K), 1 survivors (2048K)
 Metaspace       used 28607K, committed 29184K, reserved 1114112K
  class space    used 2978K, committed 3264K, reserved 1048576K
}
Event: 4.408 GC heap after
{Heap after GC invocations=16 (full 0):
 garbage-first heap   total 141312K, used 54080K [0x0000000705e00000, 0x0000000800000000)
  region size 2048K, 2 young (4096K), 2 survivors (4096K)
 Metaspace       used 28607K, committed 29184K, reserved 1114112K
  class space    used 2978K, committed 3264K, reserved 1048576K
}
Event: 4.513 GC heap before
{Heap before GC invocations=16 (full 0):
 garbage-first heap   total 141312K, used 113472K [0x0000000705e00000, 0x0000000800000000)
  region size 2048K, 31 young (63488K), 2 survivors (4096K)
 Metaspace       used 28663K, committed 29184K, reserved 1114112K
  class space    used 2980K, committed 3264K, reserved 1048576K
}
Event: 4.518 GC heap after
{Heap after GC invocations=17 (full 0):
 garbage-first heap   total 141312K, used 55119K [0x0000000705e00000, 0x0000000800000000)
  region size 2048K, 2 young (4096K), 2 survivors (4096K)
 Metaspace       used 28663K, committed 29184K, reserved 1114112K
  class space    used 2980K, committed 3264K, reserved 1048576K
}
Event: 4.663 GC heap before
{Heap before GC invocations=17 (full 0):
 garbage-first heap   total 141312K, used 116559K [0x0000000705e00000, 0x0000000800000000)
  region size 2048K, 32 young (65536K), 2 survivors (4096K)
 Metaspace       used 28769K, committed 29312K, reserved 1114112K
  class space    used 2980K, committed 3264K, reserved 1048576K
}
Event: 4.669 GC heap after
{Heap after GC invocations=18 (full 0):
 garbage-first heap   total 282624K, used 55370K [0x0000000705e00000, 0x0000000800000000)
  region size 2048K, 3 young (6144K), 3 survivors (6144K)
 Metaspace       used 28769K, committed 29312K, reserved 1114112K
  class space    used 2980K, committed 3264K, reserved 1048576K
}
Event: 5.768 GC heap before
{Heap before GC invocations=18 (full 0):
 garbage-first heap   total 282624K, used 217162K [0x0000000705e00000, 0x0000000800000000)
  region size 2048K, 82 young (167936K), 3 survivors (6144K)
 Metaspace       used 31480K, committed 32064K, reserved 1114112K
  class space    used 3237K, committed 3520K, reserved 1048576K
}
Event: 5.772 GC heap after
{Heap after GC invocations=19 (full 0):
 garbage-first heap   total 282624K, used 57444K [0x0000000705e00000, 0x0000000800000000)
  region size 2048K, 4 young (8192K), 4 survivors (8192K)
 Metaspace       used 31480K, committed 32064K, reserved 1114112K
  class space    used 3237K, committed 3520K, reserved 1048576K
}

