# JRE version: Java(TM) SE Runtime Environment (19.0.2+7) (build 19.0.2+7-44)
# Java VM: Java HotSpot(TM) 64-Bit Server VM (19.0.2+7-44, mixed mode, sharing, tiered, compressed oops, compressed class ptrs, g1 gc, windows-amd64)
GC Precious Log:
 CardTable entry size: 512
 Card Set container configuration: InlinePtr #cards 4 size 8 Array Of Cards #cards 16 size 48 Howl #buckets 8 coarsen threshold 3686 Howl Bitmap #cards 512 size 80 coarsen threshold 460 Card regions per heap region 1 cards per card region 4096
 CPUs: 16 total, 16 available
 Memory: 16005M
 Large Page Support: Disabled
 NUMA Support: Disabled
 Compressed Oops: Enabled (Zero based)
 Heap Region Size: 2M
 Heap Min Capacity: 8M
 Heap Initial Capacity: 252M
 Heap Max Capacity: 4002M
 Pre-touch: Disabled
 Parallel Workers: 13
 Concurrent Workers: 3
 Concurrent Refinement Workers: 13
 Periodic GC: Disabled
Heap:
 garbage-first heap   total 184320K, used 92857K [0x0000000705e00000, 0x0000000800000000)
  region size 2048K, 11 young (22528K), 1 survivors (2048K)
 Metaspace       used 33224K, committed 33792K, reserved 1114112K
  class space    used 3417K, committed 3712K, reserved 1048576K
GC Heap History (20 events):
Event: 3.230 GC heap before
{Heap before GC invocations=11 (full 0):
 garbage-first heap   total 98304K, used 74610K [0x0000000705e00000, 0x0000000800000000)
  region size 2048K, 16 young (32768K), 1 survivors (2048K)
 Metaspace       used 27401K, committed 27904K, reserved 1114112K
  class space    used 2863K, committed 3136K, reserved 1048576K
}
Event: 3.231 GC heap after
{Heap after GC invocations=12 (full 0):
 garbage-first heap   total 122880K, used 43883K [0x0000000705e00000, 0x0000000800000000)
  region size 2048K, 1 young (2048K), 1 survivors (2048K)
 Metaspace       used 27401K, committed 27904K, reserved 1114112K
  class space    used 2863K, committed 3136K, reserved 1048576K
}
Event: 3.487 GC heap before
{Heap before GC invocations=12 (full 0):
 garbage-first heap   total 122880K, used 93035K [0x0000000705e00000, 0x0000000800000000)
  region size 2048K, 26 young (53248K), 1 survivors (2048K)
 Metaspace       used 28103K, committed 28672K, reserved 1114112K
  class space    used 2950K, committed 3264K, reserved 1048576K
}
Event: 3.491 GC heap after
{Heap after GC invocations=13 (full 0):
 garbage-first heap   total 122880K, used 45036K [0x0000000705e00000, 0x0000000800000000)
  region size 2048K, 2 young (4096K), 2 survivors (4096K)
 Metaspace       used 28103K, committed 28672K, reserved 1114112K
  class space    used 2950K, committed 3264K, reserved 1048576K
}
Event: 3.614 GC heap before
{Heap before GC invocations=13 (full 0):
 garbage-first heap   total 122880K, used 96236K [0x0000000705e00000, 0x0000000800000000)
  region size 2048K, 27 young (55296K), 2 survivors (4096K)
 Metaspace       used 28249K, committed 28800K, reserved 1114112K
  class space    used 2956K, committed 3264K, reserved 1048576K
}
Event: 3.618 GC heap after
{Heap after GC invocations=14 (full 0):
 garbage-first heap   total 122880K, used 45715K [0x0000000705e00000, 0x0000000800000000)
  region size 2048K, 2 young (4096K), 2 survivors (4096K)
 Metaspace       used 28249K, committed 28800K, reserved 1114112K
  class space    used 2956K, committed 3264K, reserved 1048576K
}
Event: 3.728 GC heap before
{Heap before GC invocations=14 (full 0):
 garbage-first heap   total 122880K, used 96915K [0x0000000705e00000, 0x0000000800000000)
  region size 2048K, 28 young (57344K), 2 survivors (4096K)
 Metaspace       used 28384K, committed 28928K, reserved 1114112K
  class space    used 2958K, committed 3264K, reserved 1048576K
}
Event: 3.733 GC heap after
{Heap after GC invocations=15 (full 0):
 garbage-first heap   total 122880K, used 46570K [0x0000000705e00000, 0x0000000800000000)
  region size 2048K, 2 young (4096K), 2 survivors (4096K)
 Metaspace       used 28384K, committed 28928K, reserved 1114112K
  class space    used 2958K, committed 3264K, reserved 1048576K
}
Event: 3.827 GC heap before
{Heap before GC invocations=15 (full 0):
 garbage-first heap   total 122880K, used 101866K [0x0000000705e00000, 0x0000000800000000)
  region size 2048K, 29 young (59392K), 2 survivors (4096K)
 Metaspace       used 28457K, committed 28992K, reserved 1114112K
  class space    used 2958K, committed 3264K, reserved 1048576K
}
Event: 3.832 GC heap after
{Heap after GC invocations=16 (full 0):
 garbage-first heap   total 151552K, used 46408K [0x0000000705e00000, 0x0000000800000000)
  region size 2048K, 2 young (4096K), 2 survivors (4096K)
 Metaspace       used 28457K, committed 28992K, reserved 1114112K
  class space    used 2958K, committed 3264K, reserved 1048576K
}
Event: 4.598 GC heap before
{Heap before GC invocations=16 (full 0):
 garbage-first heap   total 151552K, used 124232K [0x0000000705e00000, 0x0000000800000000)
  region size 2048K, 40 young (81920K), 2 survivors (4096K)
 Metaspace       used 30911K, committed 31488K, reserved 1114112K
  class space    used 3197K, committed 3456K, reserved 1048576K
}
Event: 4.603 GC heap after
{Heap after GC invocations=17 (full 0):
 garbage-first heap   total 151552K, used 48494K [0x0000000705e00000, 0x0000000800000000)
  region size 2048K, 3 young (6144K), 3 survivors (6144K)
 Metaspace       used 30911K, committed 31488K, reserved 1114112K
  class space    used 3197K, committed 3456K, reserved 1048576K
}
Event: 4.953 GC heap before
{Heap before GC invocations=17 (full 0):
 garbage-first heap   total 151552K, used 128366K [0x0000000705e00000, 0x0000000800000000)
  region size 2048K, 40 young (81920K), 3 survivors (6144K)
 Metaspace       used 31308K, committed 31872K, reserved 1114112K
  class space    used 3212K, committed 3520K, reserved 1048576K
}
Event: 4.960 GC heap after
{Heap after GC invocations=18 (full 0):
 garbage-first heap   total 151552K, used 52670K [0x0000000705e00000, 0x0000000800000000)
  region size 2048K, 4 young (8192K), 4 survivors (8192K)
 Metaspace       used 31308K, committed 31872K, reserved 1114112K
  class space    used 3212K, committed 3520K, reserved 1048576K
}
Event: 5.387 GC heap before
{Heap before GC invocations=18 (full 0):
 garbage-first heap   total 151552K, used 122302K [0x0000000705e00000, 0x0000000800000000)
  region size 2048K, 39 young (79872K), 4 survivors (8192K)
 Metaspace       used 31495K, committed 32064K, reserved 1114112K
  class space    used 3227K, committed 3520K, reserved 1048576K
}
Event: 5.398 GC heap after
{Heap after GC invocations=19 (full 0):
 garbage-first heap   total 151552K, used 64083K [0x0000000705e00000, 0x0000000800000000)
  region size 2048K, 5 young (10240K), 5 survivors (10240K)
 Metaspace       used 31495K, committed 32064K, reserved 1114112K
  class space    used 3227K, committed 3520K, reserved 1048576K
}
Event: 5.766 GC heap before
{Heap before GC invocations=19 (full 0):
 garbage-first heap   total 151552K, used 117331K [0x0000000705e00000, 0x0000000800000000)
  region size 2048K, 31 young (63488K), 5 survivors (10240K)
 Metaspace       used 32447K, committed 33024K, reserved 1114112K
  class space    used 3334K, committed 3648K, reserved 1048576K
}
Event: 5.773 GC heap after
{Heap after GC invocations=20 (full 0):
 garbage-first heap   total 151552K, used 72901K [0x0000000705e00000, 0x0000000800000000)
  region size 2048K, 4 young (8192K), 4 survivors (8192K)
 Metaspace       used 32447K, committed 33024K, reserved 1114112K
  class space    used 3334K, committed 3648K, reserved 1048576K
}
Event: 5.983 GC heap before
{Heap before GC invocations=20 (full 0):
 garbage-first heap   total 151552K, used 115909K [0x0000000705e00000, 0x0000000800000000)
  region size 2048K, 25 young (51200K), 4 survivors (8192K)
 Metaspace       used 33116K, committed 33728K, reserved 1114112K
  class space    used 3409K, committed 3712K, reserved 1048576K
}
Event: 5.987 GC heap after
{Heap after GC invocations=21 (full 0):
 garbage-first heap   total 184320K, used 74425K [0x0000000705e00000, 0x0000000800000000)
  region size 2048K, 1 young (2048K), 1 survivors (2048K)
 Metaspace       used 33116K, committed 33728K, reserved 1114112K
  class space    used 3409K, committed 3712K, reserved 1048576K
}

