# JRE version: Java(TM) SE Runtime Environment (19.0.2+7) (build 19.0.2+7-44)
# Java VM: Java HotSpot(TM) 64-Bit Server VM (19.0.2+7-44, mixed mode, sharing, tiered, compressed oops, compressed class ptrs, g1 gc, windows-amd64)
GC Precious Log:
 CardTable entry size: 512
 Card Set container configuration: InlinePtr #cards 4 size 8 Array Of Cards #cards 16 size 48 Howl #buckets 8 coarsen threshold 3686 Howl Bitmap #cards 512 size 80 coarsen threshold 460 Card regions per heap region 1 cards per card region 4096
 CPUs: 16 total, 16 available
 Memory: 16005M
 Large Page Support: Disabled
 NUMA Support: Disabled
 Compressed Oops: Enabled (Zero based)
 Heap Region Size: 2M
 Heap Min Capacity: 8M
 Heap Initial Capacity: 252M
 Heap Max Capacity: 4002M
 Pre-touch: Disabled
 Parallel Workers: 13
 Concurrent Workers: 3
 Concurrent Refinement Workers: 13
 Periodic GC: Disabled
Heap:
 garbage-first heap   total 147456K, used 45382K [0x0000000705e00000, 0x0000000800000000)
  region size 2048K, 2 young (4096K), 2 survivors (4096K)
 Metaspace       used 28425K, committed 28992K, reserved 1114112K
  class space    used 2960K, committed 3264K, reserved 1048576K
GC Heap History (20 events):
Event: 2.170 GC heap after
{Heap after GC invocations=6 (full 0):
 garbage-first heap   total 71680K, used 26903K [0x0000000705e00000, 0x0000000800000000)
  region size 2048K, 1 young (2048K), 1 survivors (2048K)
 Metaspace       used 24236K, committed 24576K, reserved 1114112K
  class space    used 2578K, committed 2752K, reserved 1048576K
}
Event: 2.292 GC heap before
{Heap before GC invocations=6 (full 0):
 garbage-first heap   total 71680K, used 47383K [0x0000000705e00000, 0x0000000800000000)
  region size 2048K, 12 young (24576K), 1 survivors (2048K)
 Metaspace       used 24475K, committed 24832K, reserved 1114112K
  class space    used 2600K, committed 2752K, reserved 1048576K
}
Event: 2.295 GC heap after
{Heap after GC invocations=7 (full 0):
 garbage-first heap   total 71680K, used 32768K [0x0000000705e00000, 0x0000000800000000)
  region size 2048K, 2 young (4096K), 2 survivors (4096K)
 Metaspace       used 24475K, committed 24832K, reserved 1114112K
  class space    used 2600K, committed 2752K, reserved 1048576K
}
Event: 2.388 GC heap before
{Heap before GC invocations=7 (full 0):
 garbage-first heap   total 71680K, used 51200K [0x0000000705e00000, 0x0000000800000000)
  region size 2048K, 11 young (22528K), 2 survivors (4096K)
 Metaspace       used 24849K, committed 25280K, reserved 1114112K
  class space    used 2639K, committed 2880K, reserved 1048576K
}
Event: 2.393 GC heap after
{Heap after GC invocations=8 (full 0):
 garbage-first heap   total 71680K, used 36283K [0x0000000705e00000, 0x0000000800000000)
  region size 2048K, 2 young (4096K), 2 survivors (4096K)
 Metaspace       used 24849K, committed 25280K, reserved 1114112K
  class space    used 2639K, committed 2880K, reserved 1048576K
}
Event: 2.460 GC heap before
{Heap before GC invocations=8 (full 0):
 garbage-first heap   total 71680K, used 50619K [0x0000000705e00000, 0x0000000800000000)
  region size 2048K, 9 young (18432K), 2 survivors (4096K)
 Metaspace       used 25100K, committed 25536K, reserved 1114112K
  class space    used 2641K, committed 2880K, reserved 1048576K
}
Event: 2.465 GC heap after
{Heap after GC invocations=9 (full 0):
 garbage-first heap   total 120832K, used 39369K [0x0000000705e00000, 0x0000000800000000)
  region size 2048K, 2 young (4096K), 2 survivors (4096K)
 Metaspace       used 25100K, committed 25536K, reserved 1114112K
  class space    used 2641K, committed 2880K, reserved 1048576K
}
Event: 2.944 GC heap before
{Heap before GC invocations=10 (full 0):
 garbage-first heap   total 120832K, used 84425K [0x0000000705e00000, 0x0000000800000000)
  region size 2048K, 24 young (49152K), 2 survivors (4096K)
 Metaspace       used 27177K, committed 27648K, reserved 1114112K
  class space    used 2853K, committed 3072K, reserved 1048576K
}
Event: 2.950 GC heap after
{Heap after GC invocations=11 (full 0):
 garbage-first heap   total 120832K, used 43451K [0x0000000705e00000, 0x0000000800000000)
  region size 2048K, 3 young (6144K), 3 survivors (6144K)
 Metaspace       used 27177K, committed 27648K, reserved 1114112K
  class space    used 2853K, committed 3072K, reserved 1048576K
}
Event: 2.965 GC heap before
{Heap before GC invocations=11 (full 0):
 garbage-first heap   total 120832K, used 45499K [0x0000000705e00000, 0x0000000800000000)
  region size 2048K, 4 young (8192K), 3 survivors (6144K)
 Metaspace       used 27189K, committed 27648K, reserved 1114112K
  class space    used 2853K, committed 3072K, reserved 1048576K
}
Event: 2.970 GC heap after
{Heap after GC invocations=12 (full 0):
 garbage-first heap   total 120832K, used 43079K [0x0000000705e00000, 0x0000000800000000)
  region size 2048K, 1 young (2048K), 1 survivors (2048K)
 Metaspace       used 27189K, committed 27648K, reserved 1114112K
  class space    used 2853K, committed 3072K, reserved 1048576K
}
Event: 3.080 GC heap before
{Heap before GC invocations=12 (full 0):
 garbage-first heap   total 120832K, used 86087K [0x0000000705e00000, 0x0000000800000000)
  region size 2048K, 22 young (45056K), 1 survivors (2048K)
 Metaspace       used 27355K, committed 27776K, reserved 1114112K
  class space    used 2862K, committed 3072K, reserved 1048576K
}
Event: 3.081 GC heap after
{Heap after GC invocations=13 (full 0):
 garbage-first heap   total 120832K, used 42487K [0x0000000705e00000, 0x0000000800000000)
  region size 2048K, 1 young (2048K), 1 survivors (2048K)
 Metaspace       used 27355K, committed 27776K, reserved 1114112K
  class space    used 2862K, committed 3072K, reserved 1048576K
}
Event: 3.337 GC heap before
{Heap before GC invocations=13 (full 0):
 garbage-first heap   total 120832K, used 89591K [0x0000000705e00000, 0x0000000800000000)
  region size 2048K, 24 young (49152K), 1 survivors (2048K)
 Metaspace       used 28078K, committed 28608K, reserved 1114112K
  class space    used 2950K, committed 3200K, reserved 1048576K
}
Event: 3.339 GC heap after
{Heap after GC invocations=14 (full 0):
 garbage-first heap   total 120832K, used 43493K [0x0000000705e00000, 0x0000000800000000)
  region size 2048K, 1 young (2048K), 1 survivors (2048K)
 Metaspace       used 28078K, committed 28608K, reserved 1114112K
  class space    used 2950K, committed 3200K, reserved 1048576K
}
Event: 3.424 GC heap before
{Heap before GC invocations=14 (full 0):
 garbage-first heap   total 120832K, used 92645K [0x0000000705e00000, 0x0000000800000000)
  region size 2048K, 25 young (51200K), 1 survivors (2048K)
 Metaspace       used 28245K, committed 28864K, reserved 1114112K
  class space    used 2956K, committed 3264K, reserved 1048576K
}
Event: 3.428 GC heap after
{Heap after GC invocations=15 (full 0):
 garbage-first heap   total 120832K, used 44587K [0x0000000705e00000, 0x0000000800000000)
  region size 2048K, 2 young (4096K), 2 survivors (4096K)
 Metaspace       used 28245K, committed 28864K, reserved 1114112K
  class space    used 2956K, committed 3264K, reserved 1048576K
}
Event: 3.528 GC heap before
{Heap before GC invocations=15 (full 0):
 garbage-first heap   total 120832K, used 93739K [0x0000000705e00000, 0x0000000800000000)
  region size 2048K, 26 young (53248K), 2 survivors (4096K)
 Metaspace       used 28326K, committed 28928K, reserved 1114112K
  class space    used 2959K, committed 3264K, reserved 1048576K
}
Event: 3.533 GC heap after
{Heap after GC invocations=16 (full 0):
 garbage-first heap   total 120832K, used 45451K [0x0000000705e00000, 0x0000000800000000)
  region size 2048K, 2 young (4096K), 2 survivors (4096K)
 Metaspace       used 28326K, committed 28928K, reserved 1114112K
  class space    used 2959K, committed 3264K, reserved 1048576K
}
Event: 3.649 GC heap before
{Heap before GC invocations=16 (full 0):
 garbage-first heap   total 120832K, used 96651K [0x0000000705e00000, 0x0000000800000000)
  region size 2048K, 27 young (55296K), 2 survivors (4096K)
 Metaspace       used 28425K, committed 28992K, reserved 1114112K
  class space    used 2960K, committed 3264K, reserved 1048576K
}

