# JRE version: Java(TM) SE Runtime Environment (19.0.2+7) (build 19.0.2+7-44)
# Java VM: Java HotSpot(TM) 64-Bit Server VM (19.0.2+7-44, mixed mode, sharing, tiered, compressed oops, compressed class ptrs, g1 gc, windows-amd64)
GC Precious Log:
 CardTable entry size: 512
 Card Set container configuration: InlinePtr #cards 4 size 8 Array Of Cards #cards 16 size 48 Howl #buckets 8 coarsen threshold 3686 Howl Bitmap #cards 512 size 80 coarsen threshold 460 Card regions per heap region 1 cards per card region 4096
 CPUs: 16 total, 16 available
 Memory: 16005M
 Large Page Support: Disabled
 NUMA Support: Disabled
 Compressed Oops: Enabled (Zero based)
 Heap Region Size: 2M
 Heap Min Capacity: 8M
 Heap Initial Capacity: 252M
 Heap Max Capacity: 4002M
 Pre-touch: Disabled
 Parallel Workers: 13
 Concurrent Workers: 3
 Concurrent Refinement Workers: 13
 Periodic GC: Disabled
Heap:
 garbage-first heap   total 159744K, used 56561K [0x0000000705e00000, 0x0000000800000000)
  region size 2048K, 3 young (6144K), 3 survivors (6144K)
 Metaspace       used 28757K, committed 29248K, reserved 1114112K
  class space    used 2975K, committed 3264K, reserved 1048576K
GC Heap History (20 events):
Event: 2.513 GC heap after
{Heap after GC invocations=6 (full 0):
 garbage-first heap   total 79872K, used 29942K [0x0000000705e00000, 0x0000000800000000)
  region size 2048K, 1 young (2048K), 1 survivors (2048K)
 Metaspace       used 23927K, committed 24320K, reserved 1114112K
  class space    used 2535K, committed 2688K, reserved 1048576K
}
Event: 2.733 GC heap before
{Heap before GC invocations=6 (full 0):
 garbage-first heap   total 79872K, used 56566K [0x0000000705e00000, 0x0000000800000000)
  region size 2048K, 14 young (28672K), 1 survivors (2048K)
 Metaspace       used 24467K, committed 24832K, reserved 1114112K
  class space    used 2581K, committed 2752K, reserved 1048576K
}
Event: 2.737 GC heap after
{Heap after GC invocations=7 (full 0):
 garbage-first heap   total 79872K, used 36864K [0x0000000705e00000, 0x0000000800000000)
  region size 2048K, 2 young (4096K), 2 survivors (4096K)
 Metaspace       used 24467K, committed 24832K, reserved 1114112K
  class space    used 2581K, committed 2752K, reserved 1048576K
}
Event: 2.864 GC heap before
{Heap before GC invocations=7 (full 0):
 garbage-first heap   total 79872K, used 57344K [0x0000000705e00000, 0x0000000800000000)
  region size 2048K, 12 young (24576K), 2 survivors (4096K)
 Metaspace       used 24970K, committed 25408K, reserved 1114112K
  class space    used 2641K, committed 2880K, reserved 1048576K
}
Event: 2.869 GC heap after
{Heap after GC invocations=8 (full 0):
 garbage-first heap   total 126976K, used 41939K [0x0000000705e00000, 0x0000000800000000)
  region size 2048K, 2 young (4096K), 2 survivors (4096K)
 Metaspace       used 24970K, committed 25408K, reserved 1114112K
  class space    used 2641K, committed 2880K, reserved 1048576K
}
Event: 3.029 GC heap before
{Heap before GC invocations=8 (full 0):
 garbage-first heap   total 126976K, used 80851K [0x0000000705e00000, 0x0000000800000000)
  region size 2048K, 21 young (43008K), 2 survivors (4096K)
 Metaspace       used 25376K, committed 25792K, reserved 1114112K
  class space    used 2648K, committed 2880K, reserved 1048576K
}
Event: 3.037 GC heap after
{Heap after GC invocations=9 (full 0):
 garbage-first heap   total 126976K, used 50106K [0x0000000705e00000, 0x0000000800000000)
  region size 2048K, 3 young (6144K), 3 survivors (6144K)
 Metaspace       used 25376K, committed 25792K, reserved 1114112K
  class space    used 2648K, committed 2880K, reserved 1048576K
}
Event: 3.493 GC heap before
{Heap before GC invocations=9 (full 0):
 garbage-first heap   total 126976K, used 84922K [0x0000000705e00000, 0x0000000800000000)
  region size 2048K, 21 young (43008K), 3 survivors (6144K)
 Metaspace       used 27374K, committed 27776K, reserved 1114112K
  class space    used 2851K, committed 3072K, reserved 1048576K
}
Event: 3.499 GC heap after
{Heap after GC invocations=10 (full 0):
 garbage-first heap   total 126976K, used 52487K [0x0000000705e00000, 0x0000000800000000)
  region size 2048K, 1 young (2048K), 1 survivors (2048K)
 Metaspace       used 27374K, committed 27776K, reserved 1114112K
  class space    used 2851K, committed 3072K, reserved 1048576K
}
Event: 3.654 GC heap before
{Heap before GC invocations=10 (full 0):
 garbage-first heap   total 126976K, used 89351K [0x0000000705e00000, 0x0000000800000000)
  region size 2048K, 19 young (38912K), 1 survivors (2048K)
 Metaspace       used 27672K, committed 28160K, reserved 1114112K
  class space    used 2872K, committed 3136K, reserved 1048576K
}
Event: 3.657 GC heap after
{Heap after GC invocations=11 (full 0):
 garbage-first heap   total 126976K, used 52499K [0x0000000705e00000, 0x0000000800000000)
  region size 2048K, 1 young (2048K), 1 survivors (2048K)
 Metaspace       used 27672K, committed 28160K, reserved 1114112K
  class space    used 2872K, committed 3136K, reserved 1048576K
}
Event: 3.727 GC heap before
{Heap before GC invocations=11 (full 0):
 garbage-first heap   total 126976K, used 93459K [0x0000000705e00000, 0x0000000800000000)
  region size 2048K, 21 young (43008K), 1 survivors (2048K)
 Metaspace       used 27716K, committed 28224K, reserved 1114112K
  class space    used 2876K, committed 3136K, reserved 1048576K
}
Event: 3.730 GC heap after
{Heap after GC invocations=12 (full 0):
 garbage-first heap   total 159744K, used 52499K [0x0000000705e00000, 0x0000000800000000)
  region size 2048K, 1 young (2048K), 1 survivors (2048K)
 Metaspace       used 27716K, committed 28224K, reserved 1114112K
  class space    used 2876K, committed 3136K, reserved 1048576K
}
Event: 4.008 GC heap before
{Heap before GC invocations=12 (full 0):
 garbage-first heap   total 159744K, used 118035K [0x0000000705e00000, 0x0000000800000000)
  region size 2048K, 33 young (67584K), 1 survivors (2048K)
 Metaspace       used 28445K, committed 28992K, reserved 1114112K
  class space    used 2969K, committed 3264K, reserved 1048576K
}
Event: 4.011 GC heap after
{Heap after GC invocations=13 (full 0):
 garbage-first heap   total 159744K, used 53659K [0x0000000705e00000, 0x0000000800000000)
  region size 2048K, 2 young (4096K), 2 survivors (4096K)
 Metaspace       used 28445K, committed 28992K, reserved 1114112K
  class space    used 2969K, committed 3264K, reserved 1048576K
}
Event: 4.120 GC heap before
{Heap before GC invocations=13 (full 0):
 garbage-first heap   total 159744K, used 121243K [0x0000000705e00000, 0x0000000800000000)
  region size 2048K, 35 young (71680K), 2 survivors (4096K)
 Metaspace       used 28592K, committed 29120K, reserved 1114112K
  class space    used 2973K, committed 3264K, reserved 1048576K
}
Event: 4.123 GC heap after
{Heap after GC invocations=14 (full 0):
 garbage-first heap   total 159744K, used 55101K [0x0000000705e00000, 0x0000000800000000)
  region size 2048K, 3 young (6144K), 3 survivors (6144K)
 Metaspace       used 28592K, committed 29120K, reserved 1114112K
  class space    used 2973K, committed 3264K, reserved 1048576K
}
Event: 4.253 GC heap before
{Heap before GC invocations=14 (full 0):
 garbage-first heap   total 159744K, used 122685K [0x0000000705e00000, 0x0000000800000000)
  region size 2048K, 36 young (73728K), 3 survivors (6144K)
 Metaspace       used 28675K, committed 29184K, reserved 1114112K
  class space    used 2975K, committed 3264K, reserved 1048576K
}
Event: 4.259 GC heap after
{Heap after GC invocations=15 (full 0):
 garbage-first heap   total 159744K, used 56078K [0x0000000705e00000, 0x0000000800000000)
  region size 2048K, 3 young (6144K), 3 survivors (6144K)
 Metaspace       used 28675K, committed 29184K, reserved 1114112K
  class space    used 2975K, committed 3264K, reserved 1048576K
}
Event: 4.384 GC heap before
{Heap before GC invocations=15 (full 0):
 garbage-first heap   total 159744K, used 127758K [0x0000000705e00000, 0x0000000800000000)
  region size 2048K, 38 young (77824K), 3 survivors (6144K)
 Metaspace       used 28757K, committed 29248K, reserved 1114112K
  class space    used 2975K, committed 3264K, reserved 1048576K
}

