# JRE version: Java(TM) SE Runtime Environment (19.0.2+7) (build 19.0.2+7-44)
# Java VM: Java HotSpot(TM) 64-Bit Server VM (19.0.2+7-44, mixed mode, sharing, tiered, compressed oops, compressed class ptrs, g1 gc, windows-amd64)
GC Precious Log:
 CardTable entry size: 512
 Card Set container configuration: InlinePtr #cards 4 size 8 Array Of Cards #cards 16 size 48 Howl #buckets 8 coarsen threshold 3686 Howl Bitmap #cards 512 size 80 coarsen threshold 460 Card regions per heap region 1 cards per card region 4096
 CPUs: 16 total, 16 available
 Memory: 16005M
 Large Page Support: Disabled
 NUMA Support: Disabled
 Compressed Oops: Enabled (Zero based)
 Heap Region Size: 2M
 Heap Min Capacity: 8M
 Heap Initial Capacity: 252M
 Heap Max Capacity: 4002M
 Pre-touch: Disabled
 Parallel Workers: 13
 Concurrent Workers: 3
 Concurrent Refinement Workers: 13
 Periodic GC: Disabled
Heap:
 garbage-first heap   total 311296K, used 7443K [0x0000000705e00000, 0x0000000800000000)
  region size 2048K, 1 young (2048K), 1 survivors (2048K)
 Metaspace       used 2017K, committed 2176K, reserved 1114112K
  class space    used 145K, committed 256K, reserved 1048576K
GC Heap History (20 events):
Event: 1.392 GC heap after
{Heap after GC invocations=21 (full 0):
 garbage-first heap   total 311296K, used 7444K [0x0000000705e00000, 0x0000000800000000)
  region size 2048K, 1 young (2048K), 1 survivors (2048K)
 Metaspace       used 2017K, committed 2176K, reserved 1114112K
  class space    used 145K, committed 256K, reserved 1048576K
}
Event: 1.473 GC heap before
{Heap before GC invocations=21 (full 0):
 garbage-first heap   total 311296K, used 191764K [0x0000000705e00000, 0x0000000800000000)
  region size 2048K, 91 young (186368K), 1 survivors (2048K)
 Metaspace       used 2017K, committed 2176K, reserved 1114112K
  class space    used 145K, committed 256K, reserved 1048576K
}
Event: 1.474 GC heap after
{Heap after GC invocations=22 (full 0):
 garbage-first heap   total 311296K, used 7450K [0x0000000705e00000, 0x0000000800000000)
  region size 2048K, 1 young (2048K), 1 survivors (2048K)
 Metaspace       used 2017K, committed 2176K, reserved 1114112K
  class space    used 145K, committed 256K, reserved 1048576K
}
Event: 1.542 GC heap before
{Heap before GC invocations=22 (full 0):
 garbage-first heap   total 311296K, used 191770K [0x0000000705e00000, 0x0000000800000000)
  region size 2048K, 91 young (186368K), 1 survivors (2048K)
 Metaspace       used 2017K, committed 2176K, reserved 1114112K
  class space    used 145K, committed 256K, reserved 1048576K
}
Event: 1.542 GC heap after
{Heap after GC invocations=23 (full 0):
 garbage-first heap   total 311296K, used 7449K [0x0000000705e00000, 0x0000000800000000)
  region size 2048K, 1 young (2048K), 1 survivors (2048K)
 Metaspace       used 2017K, committed 2176K, reserved 1114112K
  class space    used 145K, committed 256K, reserved 1048576K
}
Event: 1.611 GC heap before
{Heap before GC invocations=23 (full 0):
 garbage-first heap   total 311296K, used 191769K [0x0000000705e00000, 0x0000000800000000)
  region size 2048K, 91 young (186368K), 1 survivors (2048K)
 Metaspace       used 2017K, committed 2176K, reserved 1114112K
  class space    used 145K, committed 256K, reserved 1048576K
}
Event: 1.611 GC heap after
{Heap after GC invocations=24 (full 0):
 garbage-first heap   total 311296K, used 7456K [0x0000000705e00000, 0x0000000800000000)
  region size 2048K, 1 young (2048K), 1 survivors (2048K)
 Metaspace       used 2017K, committed 2176K, reserved 1114112K
  class space    used 145K, committed 256K, reserved 1048576K
}
Event: 1.680 GC heap before
{Heap before GC invocations=24 (full 0):
 garbage-first heap   total 311296K, used 191776K [0x0000000705e00000, 0x0000000800000000)
  region size 2048K, 91 young (186368K), 1 survivors (2048K)
 Metaspace       used 2017K, committed 2176K, reserved 1114112K
  class space    used 145K, committed 256K, reserved 1048576K
}
Event: 1.681 GC heap after
{Heap after GC invocations=25 (full 0):
 garbage-first heap   total 311296K, used 7441K [0x0000000705e00000, 0x0000000800000000)
  region size 2048K, 1 young (2048K), 1 survivors (2048K)
 Metaspace       used 2017K, committed 2176K, reserved 1114112K
  class space    used 145K, committed 256K, reserved 1048576K
}
Event: 1.750 GC heap before
{Heap before GC invocations=25 (full 0):
 garbage-first heap   total 311296K, used 191761K [0x0000000705e00000, 0x0000000800000000)
  region size 2048K, 91 young (186368K), 1 survivors (2048K)
 Metaspace       used 2017K, committed 2176K, reserved 1114112K
  class space    used 145K, committed 256K, reserved 1048576K
}
Event: 1.751 GC heap after
{Heap after GC invocations=26 (full 0):
 garbage-first heap   total 311296K, used 7442K [0x0000000705e00000, 0x0000000800000000)
  region size 2048K, 1 young (2048K), 1 survivors (2048K)
 Metaspace       used 2017K, committed 2176K, reserved 1114112K
  class space    used 145K, committed 256K, reserved 1048576K
}
Event: 1.819 GC heap before
{Heap before GC invocations=26 (full 0):
 garbage-first heap   total 311296K, used 191762K [0x0000000705e00000, 0x0000000800000000)
  region size 2048K, 91 young (186368K), 1 survivors (2048K)
 Metaspace       used 2017K, committed 2176K, reserved 1114112K
  class space    used 145K, committed 256K, reserved 1048576K
}
Event: 1.820 GC heap after
{Heap after GC invocations=27 (full 0):
 garbage-first heap   total 311296K, used 7451K [0x0000000705e00000, 0x0000000800000000)
  region size 2048K, 1 young (2048K), 1 survivors (2048K)
 Metaspace       used 2017K, committed 2176K, reserved 1114112K
  class space    used 145K, committed 256K, reserved 1048576K
}
Event: 1.888 GC heap before
{Heap before GC invocations=27 (full 0):
 garbage-first heap   total 311296K, used 191771K [0x0000000705e00000, 0x0000000800000000)
  region size 2048K, 91 young (186368K), 1 survivors (2048K)
 Metaspace       used 2017K, committed 2176K, reserved 1114112K
  class space    used 145K, committed 256K, reserved 1048576K
}
Event: 1.889 GC heap after
{Heap after GC invocations=28 (full 0):
 garbage-first heap   total 311296K, used 7440K [0x0000000705e00000, 0x0000000800000000)
  region size 2048K, 1 young (2048K), 1 survivors (2048K)
 Metaspace       used 2017K, committed 2176K, reserved 1114112K
  class space    used 145K, committed 256K, reserved 1048576K
}
Event: 1.958 GC heap before
{Heap before GC invocations=28 (full 0):
 garbage-first heap   total 311296K, used 191760K [0x0000000705e00000, 0x0000000800000000)
  region size 2048K, 91 young (186368K), 1 survivors (2048K)
 Metaspace       used 2017K, committed 2176K, reserved 1114112K
  class space    used 145K, committed 256K, reserved 1048576K
}
Event: 1.958 GC heap after
{Heap after GC invocations=29 (full 0):
 garbage-first heap   total 311296K, used 7458K [0x0000000705e00000, 0x0000000800000000)
  region size 2048K, 1 young (2048K), 1 survivors (2048K)
 Metaspace       used 2017K, committed 2176K, reserved 1114112K
  class space    used 145K, committed 256K, reserved 1048576K
}
Event: 2.026 GC heap before
{Heap before GC invocations=29 (full 0):
 garbage-first heap   total 311296K, used 191778K [0x0000000705e00000, 0x0000000800000000)
  region size 2048K, 91 young (186368K), 1 survivors (2048K)
 Metaspace       used 2017K, committed 2176K, reserved 1114112K
  class space    used 145K, committed 256K, reserved 1048576K
}
Event: 2.027 GC heap after
{Heap after GC invocations=30 (full 0):
 garbage-first heap   total 311296K, used 7441K [0x0000000705e00000, 0x0000000800000000)
  region size 2048K, 1 young (2048K), 1 survivors (2048K)
 Metaspace       used 2017K, committed 2176K, reserved 1114112K
  class space    used 145K, committed 256K, reserved 1048576K
}
Event: 2.095 GC heap before
{Heap before GC invocations=30 (full 0):
 garbage-first heap   total 311296K, used 191761K [0x0000000705e00000, 0x0000000800000000)
  region size 2048K, 91 young (186368K), 1 survivors (2048K)
 Metaspace       used 2017K, committed 2176K, reserved 1114112K
  class space    used 145K, committed 256K, reserved 1048576K
}

