# JRE version: Java(TM) SE Runtime Environment (19.0.2+7) (build 19.0.2+7-44)
# Java VM: Java HotSpot(TM) 64-Bit Server VM (19.0.2+7-44, mixed mode, sharing, tiered, compressed oops, compressed class ptrs, g1 gc, windows-amd64)
GC Precious Log:
 CardTable entry size: 512
 Card Set container configuration: InlinePtr #cards 4 size 8 Array Of Cards #cards 16 size 48 Howl #buckets 8 coarsen threshold 3686 Howl Bitmap #cards 512 size 80 coarsen threshold 460 Card regions per heap region 1 cards per card region 4096
 CPUs: 16 total, 16 available
 Memory: 16005M
 Large Page Support: Disabled
 NUMA Support: Disabled
 Compressed Oops: Enabled (Zero based)
 Heap Region Size: 2M
 Heap Min Capacity: 8M
 Heap Initial Capacity: 252M
 Heap Max Capacity: 4002M
 Pre-touch: Disabled
 Parallel Workers: 13
 Concurrent Workers: 3
 Concurrent Refinement Workers: 13
 Periodic GC: Disabled
Heap:
 garbage-first heap   total 165888K, used 119599K [0x0000000705e00000, 0x0000000800000000)
  region size 2048K, 31 young (63488K), 6 survivors (12288K)
 Metaspace       used 33125K, committed 33728K, reserved 1114112K
  class space    used 3410K, committed 3712K, reserved 1048576K
GC Heap History (20 events):
Event: 3.099 GC heap before
{Heap before GC invocations=9 (full 0):
 garbage-first heap   total 112640K, used 78756K [0x0000000705e00000, 0x0000000800000000)
  region size 2048K, 22 young (45056K), 3 survivors (6144K)
 Metaspace       used 27313K, committed 27712K, reserved 1114112K
  class space    used 2858K, committed 3072K, reserved 1048576K
}
Event: 3.105 GC heap after
{Heap after GC invocations=10 (full 0):
 garbage-first heap   total 112640K, used 43083K [0x0000000705e00000, 0x0000000800000000)
  region size 2048K, 1 young (2048K), 1 survivors (2048K)
 Metaspace       used 27313K, committed 27712K, reserved 1114112K
  class space    used 2858K, committed 3072K, reserved 1048576K
}
Event: 3.250 GC heap before
{Heap before GC invocations=10 (full 0):
 garbage-first heap   total 112640K, used 81995K [0x0000000705e00000, 0x0000000800000000)
  region size 2048K, 20 young (40960K), 1 survivors (2048K)
 Metaspace       used 27641K, committed 28096K, reserved 1114112K
  class space    used 2908K, committed 3136K, reserved 1048576K
}
Event: 3.251 GC heap after
{Heap after GC invocations=11 (full 0):
 garbage-first heap   total 112640K, used 42691K [0x0000000705e00000, 0x0000000800000000)
  region size 2048K, 1 young (2048K), 1 survivors (2048K)
 Metaspace       used 27641K, committed 28096K, reserved 1114112K
  class space    used 2908K, committed 3136K, reserved 1048576K
}
Event: 3.414 GC heap before
{Heap before GC invocations=11 (full 0):
 garbage-first heap   total 112640K, used 83651K [0x0000000705e00000, 0x0000000800000000)
  region size 2048K, 21 young (43008K), 1 survivors (2048K)
 Metaspace       used 28068K, committed 28608K, reserved 1114112K
  class space    used 2947K, committed 3264K, reserved 1048576K
}
Event: 3.416 GC heap after
{Heap after GC invocations=12 (full 0):
 garbage-first heap   total 112640K, used 43621K [0x0000000705e00000, 0x0000000800000000)
  region size 2048K, 1 young (2048K), 1 survivors (2048K)
 Metaspace       used 28068K, committed 28608K, reserved 1114112K
  class space    used 2947K, committed 3264K, reserved 1048576K
}
Event: 3.513 GC heap before
{Heap before GC invocations=12 (full 0):
 garbage-first heap   total 112640K, used 86629K [0x0000000705e00000, 0x0000000800000000)
  region size 2048K, 22 young (45056K), 1 survivors (2048K)
 Metaspace       used 28208K, committed 28736K, reserved 1114112K
  class space    used 2954K, committed 3264K, reserved 1048576K
}
Event: 3.516 GC heap after
{Heap after GC invocations=13 (full 0):
 garbage-first heap   total 137216K, used 44501K [0x0000000705e00000, 0x0000000800000000)
  region size 2048K, 2 young (4096K), 2 survivors (4096K)
 Metaspace       used 28208K, committed 28736K, reserved 1114112K
  class space    used 2954K, committed 3264K, reserved 1048576K
}
Event: 3.689 GC heap before
{Heap before GC invocations=13 (full 0):
 garbage-first heap   total 137216K, used 105941K [0x0000000705e00000, 0x0000000800000000)
  region size 2048K, 32 young (65536K), 2 survivors (4096K)
 Metaspace       used 28351K, committed 28928K, reserved 1114112K
  class space    used 2958K, committed 3264K, reserved 1048576K
}
Event: 3.692 GC heap after
{Heap after GC invocations=14 (full 0):
 garbage-first heap   total 137216K, used 45041K [0x0000000705e00000, 0x0000000800000000)
  region size 2048K, 2 young (4096K), 2 survivors (4096K)
 Metaspace       used 28351K, committed 28928K, reserved 1114112K
  class space    used 2958K, committed 3264K, reserved 1048576K
}
Event: 3.820 GC heap before
{Heap before GC invocations=14 (full 0):
 garbage-first heap   total 137216K, used 108529K [0x0000000705e00000, 0x0000000800000000)
  region size 2048K, 33 young (67584K), 2 survivors (4096K)
 Metaspace       used 28456K, committed 29056K, reserved 1114112K
  class space    used 2958K, committed 3264K, reserved 1048576K
}
Event: 3.824 GC heap after
{Heap after GC invocations=15 (full 0):
 garbage-first heap   total 137216K, used 45879K [0x0000000705e00000, 0x0000000800000000)
  region size 2048K, 2 young (4096K), 2 survivors (4096K)
 Metaspace       used 28456K, committed 29056K, reserved 1114112K
  class space    used 2958K, committed 3264K, reserved 1048576K
}
Event: 4.526 GC heap before
{Heap before GC invocations=15 (full 0):
 garbage-first heap   total 137216K, used 111415K [0x0000000705e00000, 0x0000000800000000)
  region size 2048K, 34 young (69632K), 2 survivors (4096K)
 Metaspace       used 30919K, committed 31552K, reserved 1114112K
  class space    used 3193K, committed 3520K, reserved 1048576K
}
Event: 4.531 GC heap after
{Heap after GC invocations=16 (full 0):
 garbage-first heap   total 137216K, used 47460K [0x0000000705e00000, 0x0000000800000000)
  region size 2048K, 3 young (6144K), 3 survivors (6144K)
 Metaspace       used 30919K, committed 31552K, reserved 1114112K
  class space    used 3193K, committed 3520K, reserved 1048576K
}
Event: 4.878 GC heap before
{Heap before GC invocations=16 (full 0):
 garbage-first heap   total 137216K, used 115044K [0x0000000705e00000, 0x0000000800000000)
  region size 2048K, 34 young (69632K), 3 survivors (6144K)
 Metaspace       used 31232K, committed 31808K, reserved 1114112K
  class space    used 3208K, committed 3520K, reserved 1048576K
}
Event: 4.884 GC heap after
{Heap after GC invocations=17 (full 0):
 garbage-first heap   total 137216K, used 51130K [0x0000000705e00000, 0x0000000800000000)
  region size 2048K, 4 young (8192K), 4 survivors (8192K)
 Metaspace       used 31232K, committed 31808K, reserved 1114112K
  class space    used 3208K, committed 3520K, reserved 1048576K
}
Event: 5.225 GC heap before
{Heap before GC invocations=17 (full 0):
 garbage-first heap   total 137216K, used 112570K [0x0000000705e00000, 0x0000000800000000)
  region size 2048K, 34 young (69632K), 4 survivors (8192K)
 Metaspace       used 31449K, committed 32064K, reserved 1114112K
  class space    used 3227K, committed 3520K, reserved 1048576K
}
Event: 5.232 GC heap after
{Heap after GC invocations=18 (full 0):
 garbage-first heap   total 165888K, used 57026K [0x0000000705e00000, 0x0000000800000000)
  region size 2048K, 5 young (10240K), 5 survivors (10240K)
 Metaspace       used 31449K, committed 32064K, reserved 1114112K
  class space    used 3227K, committed 3520K, reserved 1048576K
}
Event: 5.766 GC heap before
{Heap before GC invocations=18 (full 0):
 garbage-first heap   total 165888K, used 132802K [0x0000000705e00000, 0x0000000800000000)
  region size 2048K, 42 young (86016K), 5 survivors (10240K)
 Metaspace       used 32653K, committed 33216K, reserved 1114112K
  class space    used 3359K, committed 3648K, reserved 1048576K
}
Event: 5.775 GC heap after
{Heap after GC invocations=19 (full 0):
 garbage-first heap   total 165888K, used 70447K [0x0000000705e00000, 0x0000000800000000)
  region size 2048K, 6 young (12288K), 6 survivors (12288K)
 Metaspace       used 32653K, committed 33216K, reserved 1114112K
  class space    used 3359K, committed 3648K, reserved 1048576K
}

