# JRE version: Java(TM) SE Runtime Environment (19.0.2+7) (build 19.0.2+7-44)
# Java VM: Java HotSpot(TM) 64-Bit Server VM (19.0.2+7-44, mixed mode, sharing, tiered, compressed oops, compressed class ptrs, g1 gc, windows-amd64)
GC Precious Log:
 CardTable entry size: 512
 Card Set container configuration: InlinePtr #cards 4 size 8 Array Of Cards #cards 16 size 48 Howl #buckets 8 coarsen threshold 3686 Howl Bitmap #cards 512 size 80 coarsen threshold 460 Card regions per heap region 1 cards per card region 4096
 CPUs: 16 total, 16 available
 Memory: 16005M
 Large Page Support: Disabled
 NUMA Support: Disabled
 Compressed Oops: Enabled (Zero based)
 Heap Region Size: 2M
 Heap Min Capacity: 8M
 Heap Initial Capacity: 252M
 Heap Max Capacity: 4002M
 Pre-touch: Disabled
 Parallel Workers: 13
 Concurrent Workers: 3
 Concurrent Refinement Workers: 13
 Periodic GC: Disabled
Heap:
 garbage-first heap   total 129024K, used 50564K [0x0000000705e00000, 0x0000000800000000)
  region size 2048K, 1 young (2048K), 1 survivors (2048K)
 Metaspace       used 27986K, committed 28480K, reserved 1114112K
  class space    used 2928K, committed 3200K, reserved 1048576K
GC Heap History (20 events):
Event: 3.658 GC heap after
{Heap after GC invocations=7 (full 0):
 garbage-first heap   total 67584K, used 32768K [0x0000000705e00000, 0x0000000800000000)
  region size 2048K, 2 young (4096K), 2 survivors (4096K)
 Metaspace       used 24451K, committed 24832K, reserved 1114112K
  class space    used 2581K, committed 2752K, reserved 1048576K
}
Event: 4.060 GC heap before
{Heap before GC invocations=7 (full 0):
 garbage-first heap   total 67584K, used 47104K [0x0000000705e00000, 0x0000000800000000)
  region size 2048K, 9 young (18432K), 2 survivors (4096K)
 Metaspace       used 24468K, committed 24832K, reserved 1114112K
  class space    used 2581K, committed 2752K, reserved 1048576K
}
Event: 4.065 GC heap after
{Heap after GC invocations=8 (full 0):
 garbage-first heap   total 90112K, used 37177K [0x0000000705e00000, 0x0000000800000000)
  region size 2048K, 2 young (4096K), 2 survivors (4096K)
 Metaspace       used 24468K, committed 24832K, reserved 1114112K
  class space    used 2581K, committed 2752K, reserved 1048576K
}
Event: 4.199 GC heap before
{Heap before GC invocations=8 (full 0):
 garbage-first heap   total 90112K, used 59705K [0x0000000705e00000, 0x0000000800000000)
  region size 2048K, 13 young (26624K), 2 survivors (4096K)
 Metaspace       used 24943K, committed 25344K, reserved 1114112K
  class space    used 2640K, committed 2880K, reserved 1048576K
}
Event: 4.203 GC heap after
{Heap after GC invocations=9 (full 0):
 garbage-first heap   total 90112K, used 42036K [0x0000000705e00000, 0x0000000800000000)
  region size 2048K, 2 young (4096K), 2 survivors (4096K)
 Metaspace       used 24943K, committed 25344K, reserved 1114112K
  class space    used 2640K, committed 2880K, reserved 1048576K
}
Event: 4.315 GC heap before
{Heap before GC invocations=9 (full 0):
 garbage-first heap   total 90112K, used 60468K [0x0000000705e00000, 0x0000000800000000)
  region size 2048K, 12 young (24576K), 2 survivors (4096K)
 Metaspace       used 25285K, committed 25728K, reserved 1114112K
  class space    used 2644K, committed 2880K, reserved 1048576K
}
Event: 4.320 GC heap after
{Heap after GC invocations=10 (full 0):
 garbage-first heap   total 90112K, used 46391K [0x0000000705e00000, 0x0000000800000000)
  region size 2048K, 2 young (4096K), 2 survivors (4096K)
 Metaspace       used 25285K, committed 25728K, reserved 1114112K
  class space    used 2644K, committed 2880K, reserved 1048576K
}
Event: 4.378 GC heap before
{Heap before GC invocations=10 (full 0):
 garbage-first heap   total 90112K, used 56631K [0x0000000705e00000, 0x0000000800000000)
  region size 2048K, 8 young (16384K), 2 survivors (4096K)
 Metaspace       used 25334K, committed 25792K, reserved 1114112K
  class space    used 2645K, committed 2880K, reserved 1048576K
}
Event: 4.383 GC heap after
{Heap after GC invocations=11 (full 0):
 garbage-first heap   total 90112K, used 48113K [0x0000000705e00000, 0x0000000800000000)
  region size 2048K, 1 young (2048K), 1 survivors (2048K)
 Metaspace       used 25334K, committed 25792K, reserved 1114112K
  class space    used 2645K, committed 2880K, reserved 1048576K
}
Event: 4.657 GC heap before
{Heap before GC invocations=12 (full 0):
 garbage-first heap   total 90112K, used 68593K [0x0000000705e00000, 0x0000000800000000)
  region size 2048K, 10 young (20480K), 1 survivors (2048K)
 Metaspace       used 26333K, committed 26752K, reserved 1114112K
  class space    used 2732K, committed 2944K, reserved 1048576K
}
Event: 4.661 GC heap after
{Heap after GC invocations=13 (full 0):
 garbage-first heap   total 90112K, used 52107K [0x0000000705e00000, 0x0000000800000000)
  region size 2048K, 2 young (4096K), 2 survivors (4096K)
 Metaspace       used 26333K, committed 26752K, reserved 1114112K
  class space    used 2732K, committed 2944K, reserved 1048576K
}
Event: 4.671 GC heap before
{Heap before GC invocations=13 (full 0):
 garbage-first heap   total 90112K, used 54155K [0x0000000705e00000, 0x0000000800000000)
  region size 2048K, 3 young (6144K), 2 survivors (4096K)
 Metaspace       used 26375K, committed 26816K, reserved 1114112K
  class space    used 2746K, committed 2944K, reserved 1048576K
}
Event: 4.675 GC heap after
{Heap after GC invocations=14 (full 0):
 garbage-first heap   total 110592K, used 51291K [0x0000000705e00000, 0x0000000800000000)
  region size 2048K, 1 young (2048K), 1 survivors (2048K)
 Metaspace       used 26375K, committed 26816K, reserved 1114112K
  class space    used 2746K, committed 2944K, reserved 1048576K
}
Event: 4.991 GC heap before
{Heap before GC invocations=14 (full 0):
 garbage-first heap   total 110592K, used 77915K [0x0000000705e00000, 0x0000000800000000)
  region size 2048K, 15 young (30720K), 1 survivors (2048K)
 Metaspace       used 27500K, committed 27904K, reserved 1114112K
  class space    used 2865K, committed 3072K, reserved 1048576K
}
Event: 4.993 GC heap after
{Heap after GC invocations=15 (full 0):
 garbage-first heap   total 110592K, used 51262K [0x0000000705e00000, 0x0000000800000000)
  region size 2048K, 1 young (2048K), 1 survivors (2048K)
 Metaspace       used 27500K, committed 27904K, reserved 1114112K
  class space    used 2865K, committed 3072K, reserved 1048576K
}
Event: 5.092 GC heap before
{Heap before GC invocations=16 (full 0):
 garbage-first heap   total 110592K, used 81982K [0x0000000705e00000, 0x0000000800000000)
  region size 2048K, 16 young (32768K), 1 survivors (2048K)
 Metaspace       used 27634K, committed 28160K, reserved 1114112K
  class space    used 2869K, committed 3136K, reserved 1048576K
}
Event: 5.093 GC heap after
{Heap after GC invocations=17 (full 0):
 garbage-first heap   total 110592K, used 51199K [0x0000000705e00000, 0x0000000800000000)
  region size 2048K, 1 young (2048K), 1 survivors (2048K)
 Metaspace       used 27634K, committed 28160K, reserved 1114112K
  class space    used 2869K, committed 3136K, reserved 1048576K
}
Event: 5.096 GC heap before
{Heap before GC invocations=17 (full 0):
 garbage-first heap   total 110592K, used 53247K [0x0000000705e00000, 0x0000000800000000)
  region size 2048K, 2 young (4096K), 1 survivors (2048K)
 Metaspace       used 27634K, committed 28160K, reserved 1114112K
  class space    used 2869K, committed 3136K, reserved 1048576K
}
Event: 5.099 GC heap after
{Heap after GC invocations=18 (full 0):
 garbage-first heap   total 110592K, used 50324K [0x0000000705e00000, 0x0000000800000000)
  region size 2048K, 1 young (2048K), 1 survivors (2048K)
 Metaspace       used 27634K, committed 28160K, reserved 1114112K
  class space    used 2869K, committed 3136K, reserved 1048576K
}
Event: 5.239 GC heap before
{Heap before GC invocations=18 (full 0):
 garbage-first heap   total 110592K, used 81044K [0x0000000705e00000, 0x0000000800000000)
  region size 2048K, 17 young (34816K), 1 survivors (2048K)
 Metaspace       used 27986K, committed 28480K, reserved 1114112K
  class space    used 2928K, committed 3200K, reserved 1048576K
}

