# JRE version: Java(TM) SE Runtime Environment (19.0.2+7) (build 19.0.2+7-44)
# Java VM: Java HotSpot(TM) 64-Bit Server VM (19.0.2+7-44, mixed mode, sharing, tiered, compressed oops, compressed class ptrs, g1 gc, windows-amd64)
GC Precious Log:
 CardTable entry size: 512
 Card Set container configuration: InlinePtr #cards 4 size 8 Array Of Cards #cards 16 size 48 Howl #buckets 8 coarsen threshold 3686 Howl Bitmap #cards 512 size 80 coarsen threshold 460 Card regions per heap region 1 cards per card region 4096
 CPUs: 16 total, 16 available
 Memory: 16004M
 Large Page Support: Disabled
 NUMA Support: Disabled
 Compressed Oops: Enabled (Zero based)
 Heap Region Size: 2M
 Heap Min Capacity: 8M
 Heap Initial Capacity: 252M
 Heap Max Capacity: 4002M
 Pre-touch: Disabled
 Parallel Workers: 13
 Concurrent Workers: 3
 Concurrent Refinement Workers: 13
 Periodic GC: Disabled
Heap:
 garbage-first heap   total 231424K, used 100112K [0x0000000705e00000, 0x0000000800000000)
  region size 2048K, 5 young (10240K), 3 survivors (6144K)
 Metaspace       used 34198K, committed 35392K, reserved 1114112K
  class space    used 3445K, committed 3840K, reserved 1048576K
GC Heap History (20 events):
Event: 5.337 GC heap before
{Heap before GC invocations=15 (full 0):
 garbage-first heap   total 159744K, used 127777K [0x0000000705e00000, 0x0000000800000000)
  region size 2048K, 37 young (75776K), 2 survivors (4096K)
 Metaspace       used 28694K, committed 29248K, reserved 1114112K
  class space    used 2973K, committed 3264K, reserved 1048576K
}
Event: 5.343 GC heap after
{Heap after GC invocations=16 (full 0):
 garbage-first heap   total 159744K, used 57353K [0x0000000705e00000, 0x0000000800000000)
  region size 2048K, 3 young (6144K), 3 survivors (6144K)
 Metaspace       used 28694K, committed 29248K, reserved 1114112K
  class space    used 2973K, committed 3264K, reserved 1048576K
}
Event: 5.497 GC heap before
{Heap before GC invocations=16 (full 0):
 garbage-first heap   total 159744K, used 129033K [0x0000000705e00000, 0x0000000800000000)
  region size 2048K, 38 young (77824K), 3 survivors (6144K)
 Metaspace       used 28749K, committed 29312K, reserved 1114112K
  class space    used 2975K, committed 3264K, reserved 1048576K
}
Event: 5.503 GC heap after
{Heap after GC invocations=17 (full 0):
 garbage-first heap   total 192512K, used 57813K [0x0000000705e00000, 0x0000000800000000)
  region size 2048K, 3 young (6144K), 3 survivors (6144K)
 Metaspace       used 28749K, committed 29312K, reserved 1114112K
  class space    used 2975K, committed 3264K, reserved 1048576K
}
Event: 6.650 GC heap before
{Heap before GC invocations=17 (full 0):
 garbage-first heap   total 192512K, used 156117K [0x0000000705e00000, 0x0000000800000000)
  region size 2048K, 51 young (104448K), 3 survivors (6144K)
 Metaspace       used 31322K, committed 31872K, reserved 1114112K
  class space    used 3235K, committed 3520K, reserved 1048576K
}
Event: 6.658 GC heap after
{Heap after GC invocations=18 (full 0):
 garbage-first heap   total 192512K, used 59073K [0x0000000705e00000, 0x0000000800000000)
  region size 2048K, 4 young (8192K), 4 survivors (8192K)
 Metaspace       used 31322K, committed 31872K, reserved 1114112K
  class space    used 3235K, committed 3520K, reserved 1048576K
}
Event: 7.256 GC heap before
{Heap before GC invocations=18 (full 0):
 garbage-first heap   total 192512K, used 159425K [0x0000000705e00000, 0x0000000800000000)
  region size 2048K, 51 young (104448K), 4 survivors (8192K)
 Metaspace       used 31659K, committed 32256K, reserved 1114112K
  class space    used 3243K, committed 3520K, reserved 1048576K
}
Event: 7.264 GC heap after
{Heap after GC invocations=19 (full 0):
 garbage-first heap   total 192512K, used 64906K [0x0000000705e00000, 0x0000000800000000)
  region size 2048K, 4 young (8192K), 4 survivors (8192K)
 Metaspace       used 31659K, committed 32256K, reserved 1114112K
  class space    used 3243K, committed 3520K, reserved 1048576K
}
Event: 7.740 GC heap before
{Heap before GC invocations=19 (full 0):
 garbage-first heap   total 192512K, used 159114K [0x0000000705e00000, 0x0000000800000000)
  region size 2048K, 50 young (102400K), 4 survivors (8192K)
 Metaspace       used 31949K, committed 32512K, reserved 1114112K
  class space    used 3249K, committed 3520K, reserved 1048576K
}
Event: 7.749 GC heap after
{Heap after GC invocations=20 (full 0):
 garbage-first heap   total 192512K, used 65427K [0x0000000705e00000, 0x0000000800000000)
  region size 2048K, 5 young (10240K), 5 survivors (10240K)
 Metaspace       used 31949K, committed 32512K, reserved 1114112K
  class space    used 3249K, committed 3520K, reserved 1048576K
}
Event: 8.373 GC heap before
{Heap before GC invocations=20 (full 0):
 garbage-first heap   total 192512K, used 155539K [0x0000000705e00000, 0x0000000800000000)
  region size 2048K, 50 young (102400K), 5 survivors (10240K)
 Metaspace       used 32102K, committed 32704K, reserved 1114112K
  class space    used 3259K, committed 3584K, reserved 1048576K
}
Event: 8.387 GC heap after
{Heap after GC invocations=21 (full 0):
 garbage-first heap   total 192512K, used 87616K [0x0000000705e00000, 0x0000000800000000)
  region size 2048K, 7 young (14336K), 7 survivors (14336K)
 Metaspace       used 32102K, committed 32704K, reserved 1114112K
  class space    used 3259K, committed 3584K, reserved 1048576K
}
Event: 8.884 GC heap before
{Heap before GC invocations=21 (full 0):
 garbage-first heap   total 192512K, used 144960K [0x0000000705e00000, 0x0000000800000000)
  region size 2048K, 35 young (71680K), 7 survivors (14336K)
 Metaspace       used 33460K, committed 34048K, reserved 1114112K
  class space    used 3412K, committed 3712K, reserved 1048576K
}
Event: 8.893 GC heap after
{Heap after GC invocations=22 (full 0):
 garbage-first heap   total 231424K, used 93698K [0x0000000705e00000, 0x0000000800000000)
  region size 2048K, 3 young (6144K), 3 survivors (6144K)
 Metaspace       used 33460K, committed 34048K, reserved 1114112K
  class space    used 3412K, committed 3712K, reserved 1048576K
}
Event: 9.200 GC heap before
{Heap before GC invocations=22 (full 0):
 garbage-first heap   total 231424K, used 175618K [0x0000000705e00000, 0x0000000800000000)
  region size 2048K, 43 young (88064K), 3 survivors (6144K)
 Metaspace       used 33764K, committed 34368K, reserved 1114112K
  class space    used 3449K, committed 3776K, reserved 1048576K
}
Event: 9.203 GC heap after
{Heap after GC invocations=23 (full 0):
 garbage-first heap   total 231424K, used 93674K [0x0000000705e00000, 0x0000000800000000)
  region size 2048K, 3 young (6144K), 3 survivors (6144K)
 Metaspace       used 33764K, committed 34368K, reserved 1114112K
  class space    used 3449K, committed 3776K, reserved 1048576K
}
Event: 9.545 GC heap before
{Heap before GC invocations=23 (full 0):
 garbage-first heap   total 231424K, used 181738K [0x0000000705e00000, 0x0000000800000000)
  region size 2048K, 46 young (94208K), 3 survivors (6144K)
 Metaspace       used 33900K, committed 34496K, reserved 1114112K
  class space    used 3457K, committed 3776K, reserved 1048576K
}
Event: 9.549 GC heap after
{Heap after GC invocations=24 (full 0):
 garbage-first heap   total 231424K, used 95029K [0x0000000705e00000, 0x0000000800000000)
  region size 2048K, 4 young (8192K), 4 survivors (8192K)
 Metaspace       used 33900K, committed 34496K, reserved 1114112K
  class space    used 3457K, committed 3776K, reserved 1048576K
}
Event: 10.118 GC heap before
{Heap before GC invocations=24 (full 0):
 garbage-first heap   total 231424K, used 176949K [0x0000000705e00000, 0x0000000800000000)
  region size 2048K, 45 young (92160K), 4 survivors (8192K)
 Metaspace       used 35506K, committed 36096K, reserved 1114112K
  class space    used 3587K, committed 3904K, reserved 1048576K
}
Event: 10.124 GC heap after
{Heap after GC invocations=25 (full 0):
 garbage-first heap   total 231424K, used 98064K [0x0000000705e00000, 0x0000000800000000)
  region size 2048K, 3 young (6144K), 3 survivors (6144K)
 Metaspace       used 35506K, committed 36096K, reserved 1114112K
  class space    used 3587K, committed 3904K, reserved 1048576K
}

