# JRE version: Java(TM) SE Runtime Environment (19.0.2+7) (build 19.0.2+7-44)
# Java VM: Java HotSpot(TM) 64-Bit Server VM (19.0.2+7-44, mixed mode, sharing, tiered, compressed oops, compressed class ptrs, g1 gc, windows-amd64)
GC Precious Log:
 CardTable entry size: 512
 Card Set container configuration: InlinePtr #cards 4 size 8 Array Of Cards #cards 16 size 48 Howl #buckets 8 coarsen threshold 3686 Howl Bitmap #cards 512 size 80 coarsen threshold 460 Card regions per heap region 1 cards per card region 4096
 CPUs: 16 total, 16 available
 Memory: 16004M
 Large Page Support: Disabled
 NUMA Support: Disabled
 Compressed Oops: Enabled (Zero based)
 Heap Region Size: 2M
 Heap Min Capacity: 8M
 Heap Initial Capacity: 252M
 Heap Max Capacity: 4002M
 Pre-touch: Disabled
 Parallel Workers: 13
 Concurrent Workers: 3
 Concurrent Refinement Workers: 13
 Periodic GC: Disabled
Heap:
 garbage-first heap   total 270336K, used 171140K [0x0000000705e00000, 0x0000000800000000)
  region size 2048K, 48 young (98304K), 8 survivors (16384K)
 Metaspace       used 33791K, committed 34432K, reserved 1114112K
  class space    used 3443K, committed 3776K, reserved 1048576K
GC Heap History (20 events):
Event: 6.337 GC heap before
{Heap before GC invocations=12 (full 0):
 garbage-first heap   total 137216K, used 86268K [0x0000000705e00000, 0x0000000800000000)
  region size 2048K, 19 young (38912K), 1 survivors (2048K)
 Metaspace       used 27225K, committed 27648K, reserved 1114112K
  class space    used 2829K, committed 3008K, reserved 1048576K
}
Event: 6.341 GC heap after
{Heap after GC invocations=13 (full 0):
 garbage-first heap   total 137216K, used 52631K [0x0000000705e00000, 0x0000000800000000)
  region size 2048K, 2 young (4096K), 2 survivors (4096K)
 Metaspace       used 27225K, committed 27648K, reserved 1114112K
  class space    used 2829K, committed 3008K, reserved 1048576K
}
Event: 6.666 GC heap before
{Heap before GC invocations=13 (full 0):
 garbage-first heap   total 137216K, used 91543K [0x0000000705e00000, 0x0000000800000000)
  region size 2048K, 21 young (43008K), 2 survivors (4096K)
 Metaspace       used 27697K, committed 28160K, reserved 1114112K
  class space    used 2869K, committed 3072K, reserved 1048576K
}
Event: 6.670 GC heap after
{Heap after GC invocations=14 (full 0):
 garbage-first heap   total 137216K, used 53001K [0x0000000705e00000, 0x0000000800000000)
  region size 2048K, 2 young (4096K), 2 survivors (4096K)
 Metaspace       used 27697K, committed 28160K, reserved 1114112K
  class space    used 2869K, committed 3072K, reserved 1048576K
}
Event: 6.916 GC heap before
{Heap before GC invocations=14 (full 0):
 garbage-first heap   total 137216K, used 96009K [0x0000000705e00000, 0x0000000800000000)
  region size 2048K, 23 young (47104K), 2 survivors (4096K)
 Metaspace       used 27751K, committed 28224K, reserved 1114112K
  class space    used 2874K, committed 3072K, reserved 1048576K
}
Event: 6.920 GC heap after
{Heap after GC invocations=15 (full 0):
 garbage-first heap   total 137216K, used 53120K [0x0000000705e00000, 0x0000000800000000)
  region size 2048K, 2 young (4096K), 2 survivors (4096K)
 Metaspace       used 27751K, committed 28224K, reserved 1114112K
  class space    used 2874K, committed 3072K, reserved 1048576K
}
Event: 7.258 GC heap before
{Heap before GC invocations=15 (full 0):
 garbage-first heap   total 137216K, used 100224K [0x0000000705e00000, 0x0000000800000000)
  region size 2048K, 25 young (51200K), 2 survivors (4096K)
 Metaspace       used 28354K, committed 28864K, reserved 1114112K
  class space    used 2955K, committed 3200K, reserved 1048576K
}
Event: 7.262 GC heap after
{Heap after GC invocations=16 (full 0):
 garbage-first heap   total 225280K, used 53677K [0x0000000705e00000, 0x0000000800000000)
  region size 2048K, 2 young (4096K), 2 survivors (4096K)
 Metaspace       used 28354K, committed 28864K, reserved 1114112K
  class space    used 2955K, committed 3200K, reserved 1048576K
}
Event: 7.565 GC heap before
{Heap before GC invocations=16 (full 0):
 garbage-first heap   total 225280K, used 156077K [0x0000000705e00000, 0x0000000800000000)
  region size 2048K, 52 young (106496K), 2 survivors (4096K)
 Metaspace       used 28581K, committed 29056K, reserved 1114112K
  class space    used 2965K, committed 3200K, reserved 1048576K
}
Event: 7.569 GC heap after
{Heap after GC invocations=17 (full 0):
 garbage-first heap   total 225280K, used 55318K [0x0000000705e00000, 0x0000000800000000)
  region size 2048K, 3 young (6144K), 3 survivors (6144K)
 Metaspace       used 28581K, committed 29056K, reserved 1114112K
  class space    used 2965K, committed 3200K, reserved 1048576K
}
Event: 7.838 GC heap before
{Heap before GC invocations=17 (full 0):
 garbage-first heap   total 225280K, used 163862K [0x0000000705e00000, 0x0000000800000000)
  region size 2048K, 56 young (114688K), 3 survivors (6144K)
 Metaspace       used 28746K, committed 29248K, reserved 1114112K
  class space    used 2969K, committed 3200K, reserved 1048576K
}
Event: 7.843 GC heap after
{Heap after GC invocations=18 (full 0):
 garbage-first heap   total 225280K, used 57076K [0x0000000705e00000, 0x0000000800000000)
  region size 2048K, 4 young (8192K), 4 survivors (8192K)
 Metaspace       used 28746K, committed 29248K, reserved 1114112K
  class space    used 2969K, committed 3200K, reserved 1048576K
}
Event: 8.560 GC heap before
{Heap before GC invocations=18 (full 0):
 garbage-first heap   total 225280K, used 169716K [0x0000000705e00000, 0x0000000800000000)
  region size 2048K, 59 young (120832K), 4 survivors (8192K)
 Metaspace       used 30838K, committed 31488K, reserved 1114112K
  class space    used 3205K, committed 3520K, reserved 1048576K
}
Event: 8.566 GC heap after
{Heap after GC invocations=19 (full 0):
 garbage-first heap   total 225280K, used 57746K [0x0000000705e00000, 0x0000000800000000)
  region size 2048K, 4 young (8192K), 4 survivors (8192K)
 Metaspace       used 30838K, committed 31488K, reserved 1114112K
  class space    used 3205K, committed 3520K, reserved 1048576K
}
Event: 9.484 GC heap before
{Heap before GC invocations=19 (full 0):
 garbage-first heap   total 225280K, used 172434K [0x0000000705e00000, 0x0000000800000000)
  region size 2048K, 60 young (122880K), 4 survivors (8192K)
 Metaspace       used 31670K, committed 32320K, reserved 1114112K
  class space    used 3236K, committed 3584K, reserved 1048576K
}
Event: 9.492 GC heap after
{Heap after GC invocations=20 (full 0):
 garbage-first heap   total 225280K, used 60453K [0x0000000705e00000, 0x0000000800000000)
  region size 2048K, 5 young (10240K), 5 survivors (10240K)
 Metaspace       used 31670K, committed 32320K, reserved 1114112K
  class space    used 3236K, committed 3584K, reserved 1048576K
}
Event: 10.274 GC heap before
{Heap before GC invocations=20 (full 0):
 garbage-first heap   total 225280K, used 181285K [0x0000000705e00000, 0x0000000800000000)
  region size 2048K, 62 young (126976K), 5 survivors (10240K)
 Metaspace       used 32043K, committed 32640K, reserved 1114112K
  class space    used 3251K, committed 3584K, reserved 1048576K
}
Event: 10.285 GC heap after
{Heap after GC invocations=21 (full 0):
 garbage-first heap   total 225280K, used 65484K [0x0000000705e00000, 0x0000000800000000)
  region size 2048K, 6 young (12288K), 6 survivors (12288K)
 Metaspace       used 32043K, committed 32640K, reserved 1114112K
  class space    used 3251K, committed 3584K, reserved 1048576K
}
Event: 11.067 GC heap before
{Heap before GC invocations=21 (full 0):
 garbage-first heap   total 225280K, used 180172K [0x0000000705e00000, 0x0000000800000000)
  region size 2048K, 62 young (126976K), 6 survivors (12288K)
 Metaspace       used 33486K, committed 34112K, reserved 1114112K
  class space    used 3406K, committed 3712K, reserved 1048576K
}
Event: 11.079 GC heap after
{Heap after GC invocations=22 (full 0):
 garbage-first heap   total 270336K, used 91268K [0x0000000705e00000, 0x0000000800000000)
  region size 2048K, 8 young (16384K), 8 survivors (16384K)
 Metaspace       used 33486K, committed 34112K, reserved 1114112K
  class space    used 3406K, committed 3712K, reserved 1048576K
}

