# JRE version: Java(TM) SE Runtime Environment (19.0.2+7) (build 19.0.2+7-44)
# Java VM: Java HotSpot(TM) 64-Bit Server VM (19.0.2+7-44, mixed mode, sharing, tiered, compressed oops, compressed class ptrs, g1 gc, windows-amd64)
GC Precious Log:
 CardTable entry size: 512
 Card Set container configuration: InlinePtr #cards 4 size 8 Array Of Cards #cards 16 size 48 Howl #buckets 8 coarsen threshold 3686 Howl Bitmap #cards 512 size 80 coarsen threshold 460 Card regions per heap region 1 cards per card region 4096
 CPUs: 16 total, 16 available
 Memory: 16005M
 Large Page Support: Disabled
 NUMA Support: Disabled
 Compressed Oops: Enabled (Zero based)
 Heap Region Size: 2M
 Heap Min Capacity: 8M
 Heap Initial Capacity: 252M
 Heap Max Capacity: 4002M
 Pre-touch: Disabled
 Parallel Workers: 13
 Concurrent Workers: 3
 Concurrent Refinement Workers: 13
 Periodic GC: Disabled
Heap:
 garbage-first heap   total 210944K, used 127886K [0x0000000705e00000, 0x0000000800000000)
  region size 2048K, 33 young (67584K), 1 survivors (2048K)
 Metaspace       used 33708K, committed 34304K, reserved 1114112K
  class space    used 3413K, committed 3712K, reserved 1048576K
GC Heap History (20 events):
Event: 3.838 GC heap before
{Heap before GC invocations=14 (full 0):
 garbage-first heap   total 143360K, used 115654K [0x0000000705e00000, 0x0000000800000000)
  region size 2048K, 32 young (65536K), 2 survivors (4096K)
 Metaspace       used 28594K, committed 29120K, reserved 1114112K
  class space    used 2962K, committed 3264K, reserved 1048576K
}
Event: 3.842 GC heap after
{Heap after GC invocations=15 (full 0):
 garbage-first heap   total 143360K, used 54675K [0x0000000705e00000, 0x0000000800000000)
  region size 2048K, 3 young (6144K), 3 survivors (6144K)
 Metaspace       used 28594K, committed 29120K, reserved 1114112K
  class space    used 2962K, committed 3264K, reserved 1048576K
}
Event: 3.936 GC heap before
{Heap before GC invocations=15 (full 0):
 garbage-first heap   total 143360K, used 116115K [0x0000000705e00000, 0x0000000800000000)
  region size 2048K, 33 young (67584K), 3 survivors (6144K)
 Metaspace       used 28618K, committed 29184K, reserved 1114112K
  class space    used 2962K, committed 3264K, reserved 1048576K
}
Event: 3.940 GC heap after
{Heap after GC invocations=16 (full 0):
 garbage-first heap   total 172032K, used 54977K [0x0000000705e00000, 0x0000000800000000)
  region size 2048K, 3 young (6144K), 3 survivors (6144K)
 Metaspace       used 28618K, committed 29184K, reserved 1114112K
  class space    used 2962K, committed 3264K, reserved 1048576K
}
Event: 4.730 GC heap before
{Heap before GC invocations=16 (full 0):
 garbage-first heap   total 172032K, used 138945K [0x0000000705e00000, 0x0000000800000000)
  region size 2048K, 44 young (90112K), 3 survivors (6144K)
 Metaspace       used 31198K, committed 31744K, reserved 1114112K
  class space    used 3212K, committed 3520K, reserved 1048576K
}
Event: 4.735 GC heap after
{Heap after GC invocations=17 (full 0):
 garbage-first heap   total 172032K, used 56725K [0x0000000705e00000, 0x0000000800000000)
  region size 2048K, 4 young (8192K), 4 survivors (8192K)
 Metaspace       used 31198K, committed 31744K, reserved 1114112K
  class space    used 3212K, committed 3520K, reserved 1048576K
}
Event: 5.120 GC heap before
{Heap before GC invocations=17 (full 0):
 garbage-first heap   total 172032K, used 142741K [0x0000000705e00000, 0x0000000800000000)
  region size 2048K, 44 young (90112K), 4 survivors (8192K)
 Metaspace       used 31480K, committed 32128K, reserved 1114112K
  class space    used 3217K, committed 3520K, reserved 1048576K
}
Event: 5.126 GC heap after
{Heap after GC invocations=18 (full 0):
 garbage-first heap   total 172032K, used 60889K [0x0000000705e00000, 0x0000000800000000)
  region size 2048K, 5 young (10240K), 5 survivors (10240K)
 Metaspace       used 31480K, committed 32128K, reserved 1114112K
  class space    used 3217K, committed 3520K, reserved 1048576K
}
Event: 5.547 GC heap before
{Heap before GC invocations=18 (full 0):
 garbage-first heap   total 172032K, used 140761K [0x0000000705e00000, 0x0000000800000000)
  region size 2048K, 44 young (90112K), 5 survivors (10240K)
 Metaspace       used 31734K, committed 32320K, reserved 1114112K
  class space    used 3236K, committed 3520K, reserved 1048576K
}
Event: 5.554 GC heap after
{Heap after GC invocations=19 (full 0):
 garbage-first heap   total 172032K, used 68831K [0x0000000705e00000, 0x0000000800000000)
  region size 2048K, 6 young (12288K), 6 survivors (12288K)
 Metaspace       used 31734K, committed 32320K, reserved 1114112K
  class space    used 3236K, committed 3520K, reserved 1048576K
}
Event: 5.841 GC heap before
{Heap before GC invocations=19 (full 0):
 garbage-first heap   total 172032K, used 138463K [0x0000000705e00000, 0x0000000800000000)
  region size 2048K, 40 young (81920K), 6 survivors (12288K)
 Metaspace       used 31802K, committed 32320K, reserved 1114112K
  class space    used 3238K, committed 3520K, reserved 1048576K
}
Event: 5.850 GC heap after
{Heap after GC invocations=20 (full 0):
 garbage-first heap   total 172032K, used 87177K [0x0000000705e00000, 0x0000000800000000)
  region size 2048K, 5 young (10240K), 5 survivors (10240K)
 Metaspace       used 31802K, committed 32320K, reserved 1114112K
  class space    used 3238K, committed 3520K, reserved 1048576K
}
Event: 6.174 GC heap before
{Heap before GC invocations=20 (full 0):
 garbage-first heap   total 172032K, used 132233K [0x0000000705e00000, 0x0000000800000000)
  region size 2048K, 27 young (55296K), 5 survivors (10240K)
 Metaspace       used 33144K, committed 33728K, reserved 1114112K
  class space    used 3385K, committed 3712K, reserved 1048576K
}
Event: 6.177 GC heap after
{Heap after GC invocations=21 (full 0):
 garbage-first heap   total 210944K, used 89520K [0x0000000705e00000, 0x0000000800000000)
  region size 2048K, 1 young (2048K), 1 survivors (2048K)
 Metaspace       used 33144K, committed 33728K, reserved 1114112K
  class space    used 3385K, committed 3712K, reserved 1048576K
}
Event: 6.465 GC heap before
{Heap before GC invocations=22 (full 0):
 garbage-first heap   total 210944K, used 159152K [0x0000000705e00000, 0x0000000800000000)
  region size 2048K, 36 young (73728K), 1 survivors (2048K)
 Metaspace       used 31668K, committed 32704K, reserved 1114112K
  class space    used 3231K, committed 3648K, reserved 1048576K
}
Event: 6.467 GC heap after
{Heap after GC invocations=23 (full 0):
 garbage-first heap   total 210944K, used 88085K [0x0000000705e00000, 0x0000000800000000)
  region size 2048K, 2 young (4096K), 2 survivors (4096K)
 Metaspace       used 31668K, committed 32704K, reserved 1114112K
  class space    used 3231K, committed 3648K, reserved 1048576K
}
Event: 6.488 GC heap before
{Heap before GC invocations=23 (full 0):
 garbage-first heap   total 210944K, used 94229K [0x0000000705e00000, 0x0000000800000000)
  region size 2048K, 5 young (10240K), 2 survivors (4096K)
 Metaspace       used 31671K, committed 32704K, reserved 1114112K
  class space    used 3231K, committed 3648K, reserved 1048576K
}
Event: 6.491 GC heap after
{Heap after GC invocations=24 (full 0):
 garbage-first heap   total 210944K, used 69280K [0x0000000705e00000, 0x0000000800000000)
  region size 2048K, 1 young (2048K), 1 survivors (2048K)
 Metaspace       used 31671K, committed 32704K, reserved 1114112K
  class space    used 3231K, committed 3648K, reserved 1048576K
}
Event: 6.521 GC heap before
{Heap before GC invocations=24 (full 0):
 garbage-first heap   total 210944K, used 77472K [0x0000000705e00000, 0x0000000800000000)
  region size 2048K, 5 young (10240K), 1 survivors (2048K)
 Metaspace       used 31674K, committed 32704K, reserved 1114112K
  class space    used 3231K, committed 3648K, reserved 1048576K
}
Event: 6.523 GC heap after
{Heap after GC invocations=25 (full 0):
 garbage-first heap   total 210944K, used 66446K [0x0000000705e00000, 0x0000000800000000)
  region size 2048K, 1 young (2048K), 1 survivors (2048K)
 Metaspace       used 31674K, committed 32704K, reserved 1114112K
  class space    used 3231K, committed 3648K, reserved 1048576K
}

