# JRE version: Java(TM) SE Runtime Environment (19.0.2+7) (build 19.0.2+7-44)
# Java VM: Java HotSpot(TM) 64-Bit Server VM (19.0.2+7-44, mixed mode, sharing, tiered, compressed oops, compressed class ptrs, g1 gc, windows-amd64)
GC Precious Log:
 CardTable entry size: 512
 Card Set container configuration: InlinePtr #cards 4 size 8 Array Of Cards #cards 16 size 48 Howl #buckets 8 coarsen threshold 3686 Howl Bitmap #cards 512 size 80 coarsen threshold 460 Card regions per heap region 1 cards per card region 4096
 CPUs: 16 total, 16 available
 Memory: 16004M
 Large Page Support: Disabled
 NUMA Support: Disabled
 Compressed Oops: Enabled (Zero based)
 Heap Region Size: 2M
 Heap Min Capacity: 8M
 Heap Initial Capacity: 252M
 Heap Max Capacity: 4002M
 Pre-touch: Disabled
 Parallel Workers: 13
 Concurrent Workers: 3
 Concurrent Refinement Workers: 13
 Periodic GC: Disabled
Heap:
 garbage-first heap   total 245760K, used 81625K [0x0000000705e00000, 0x0000000800000000)
  region size 2048K, 17 young (34816K), 5 survivors (10240K)
 Metaspace       used 31614K, committed 32192K, reserved 1114112K
  class space    used 3240K, committed 3520K, reserved 1048576K
GC Heap History (20 events):
Event: 3.685 GC heap before
{Heap before GC invocations=6 (full 0):
 garbage-first heap   total 63488K, used 40850K [0x0000000705e00000, 0x0000000800000000)
  region size 2048K, 9 young (18432K), 1 survivors (2048K)
 Metaspace       used 24371K, committed 24768K, reserved 1114112K
  class space    used 2581K, committed 2816K, reserved 1048576K
}
Event: 3.691 GC heap after
{Heap after GC invocations=7 (full 0):
 garbage-first heap   total 63488K, used 30596K [0x0000000705e00000, 0x0000000800000000)
  region size 2048K, 2 young (4096K), 2 survivors (4096K)
 Metaspace       used 24371K, committed 24768K, reserved 1114112K
  class space    used 2581K, committed 2816K, reserved 1048576K
}
Event: 3.914 GC heap before
{Heap before GC invocations=7 (full 0):
 garbage-first heap   total 63488K, used 42884K [0x0000000705e00000, 0x0000000800000000)
  region size 2048K, 9 young (18432K), 2 survivors (4096K)
 Metaspace       used 24433K, committed 24832K, reserved 1114112K
  class space    used 2581K, committed 2816K, reserved 1048576K
}
Event: 3.930 GC heap after
{Heap after GC invocations=8 (full 0):
 garbage-first heap   total 161792K, used 35313K [0x0000000705e00000, 0x0000000800000000)
  region size 2048K, 2 young (4096K), 2 survivors (4096K)
 Metaspace       used 24433K, committed 24832K, reserved 1114112K
  class space    used 2581K, committed 2816K, reserved 1048576K
}
Event: 4.699 GC heap before
{Heap before GC invocations=8 (full 0):
 garbage-first heap   total 161792K, used 102897K [0x0000000705e00000, 0x0000000800000000)
  region size 2048K, 34 young (69632K), 2 survivors (4096K)
 Metaspace       used 25343K, committed 25792K, reserved 1114112K
  class space    used 2647K, committed 2880K, reserved 1048576K
}
Event: 4.716 GC heap after
{Heap after GC invocations=9 (full 0):
 garbage-first heap   total 161792K, used 49831K [0x0000000705e00000, 0x0000000800000000)
  region size 2048K, 5 young (10240K), 5 survivors (10240K)
 Metaspace       used 25343K, committed 25792K, reserved 1114112K
  class space    used 2647K, committed 2880K, reserved 1048576K
}
Event: 5.456 GC heap before
{Heap before GC invocations=9 (full 0):
 garbage-first heap   total 161792K, used 107175K [0x0000000705e00000, 0x0000000800000000)
  region size 2048K, 33 young (67584K), 5 survivors (10240K)
 Metaspace       used 27566K, committed 28032K, reserved 1114112K
  class space    used 2867K, committed 3072K, reserved 1048576K
}
Event: 5.465 GC heap after
{Heap after GC invocations=10 (full 0):
 garbage-first heap   total 161792K, used 53627K [0x0000000705e00000, 0x0000000800000000)
  region size 2048K, 2 young (4096K), 2 survivors (4096K)
 Metaspace       used 27566K, committed 28032K, reserved 1114112K
  class space    used 2867K, committed 3072K, reserved 1048576K
}
Event: 5.644 GC heap before
{Heap before GC invocations=10 (full 0):
 garbage-first heap   total 161792K, used 113019K [0x0000000705e00000, 0x0000000800000000)
  region size 2048K, 31 young (63488K), 2 survivors (4096K)
 Metaspace       used 27704K, committed 28160K, reserved 1114112K
  class space    used 2875K, committed 3136K, reserved 1048576K
}
Event: 5.648 GC heap after
{Heap after GC invocations=11 (full 0):
 garbage-first heap   total 161792K, used 53162K [0x0000000705e00000, 0x0000000800000000)
  region size 2048K, 2 young (4096K), 2 survivors (4096K)
 Metaspace       used 27704K, committed 28160K, reserved 1114112K
  class space    used 2875K, committed 3136K, reserved 1048576K
}
Event: 5.996 GC heap before
{Heap before GC invocations=11 (full 0):
 garbage-first heap   total 161792K, used 116650K [0x0000000705e00000, 0x0000000800000000)
  region size 2048K, 33 young (67584K), 2 survivors (4096K)
 Metaspace       used 28402K, committed 28992K, reserved 1114112K
  class space    used 2963K, committed 3264K, reserved 1048576K
}
Event: 6.002 GC heap after
{Heap after GC invocations=12 (full 0):
 garbage-first heap   total 204800K, used 54195K [0x0000000705e00000, 0x0000000800000000)
  region size 2048K, 2 young (4096K), 2 survivors (4096K)
 Metaspace       used 28402K, committed 28992K, reserved 1114112K
  class space    used 2963K, committed 3264K, reserved 1048576K
}
Event: 6.235 GC heap before
{Heap before GC invocations=12 (full 0):
 garbage-first heap   total 204800K, used 146355K [0x0000000705e00000, 0x0000000800000000)
  region size 2048K, 47 young (96256K), 2 survivors (4096K)
 Metaspace       used 28573K, committed 29120K, reserved 1114112K
  class space    used 2970K, committed 3264K, reserved 1048576K
}
Event: 6.240 GC heap after
{Heap after GC invocations=13 (full 0):
 garbage-first heap   total 204800K, used 55646K [0x0000000705e00000, 0x0000000800000000)
  region size 2048K, 3 young (6144K), 3 survivors (6144K)
 Metaspace       used 28573K, committed 29120K, reserved 1114112K
  class space    used 2970K, committed 3264K, reserved 1048576K
}
Event: 6.487 GC heap before
{Heap before GC invocations=13 (full 0):
 garbage-first heap   total 204800K, used 151902K [0x0000000705e00000, 0x0000000800000000)
  region size 2048K, 50 young (102400K), 3 survivors (6144K)
 Metaspace       used 28722K, committed 29248K, reserved 1114112K
  class space    used 2972K, committed 3264K, reserved 1048576K
}
Event: 6.494 GC heap after
{Heap after GC invocations=14 (full 0):
 garbage-first heap   total 204800K, used 57175K [0x0000000705e00000, 0x0000000800000000)
  region size 2048K, 4 young (8192K), 4 survivors (8192K)
 Metaspace       used 28722K, committed 29248K, reserved 1114112K
  class space    used 2972K, committed 3264K, reserved 1048576K
}
Event: 6.701 GC heap before
{Heap before GC invocations=14 (full 0):
 garbage-first heap   total 204800K, used 155479K [0x0000000705e00000, 0x0000000800000000)
  region size 2048K, 52 young (106496K), 4 survivors (8192K)
 Metaspace       used 28803K, committed 29376K, reserved 1114112K
  class space    used 2974K, committed 3264K, reserved 1048576K
}
Event: 6.707 GC heap after
{Heap after GC invocations=15 (full 0):
 garbage-first heap   total 204800K, used 56031K [0x0000000705e00000, 0x0000000800000000)
  region size 2048K, 3 young (6144K), 3 survivors (6144K)
 Metaspace       used 28803K, committed 29376K, reserved 1114112K
  class space    used 2974K, committed 3264K, reserved 1048576K
}
Event: 7.876 GC heap before
{Heap before GC invocations=15 (full 0):
 garbage-first heap   total 204800K, used 160479K [0x0000000705e00000, 0x0000000800000000)
  region size 2048K, 54 young (110592K), 3 survivors (6144K)
 Metaspace       used 31534K, committed 32064K, reserved 1114112K
  class space    used 3237K, committed 3520K, reserved 1048576K
}
Event: 7.886 GC heap after
{Heap after GC invocations=16 (full 0):
 garbage-first heap   total 245760K, used 59097K [0x0000000705e00000, 0x0000000800000000)
  region size 2048K, 5 young (10240K), 5 survivors (10240K)
 Metaspace       used 31534K, committed 32064K, reserved 1114112K
  class space    used 3237K, committed 3520K, reserved 1048576K
}

