# JRE version: Java(TM) SE Runtime Environment (19.0.2+7) (build 19.0.2+7-44)
# Java VM: Java HotSpot(TM) 64-Bit Server VM (19.0.2+7-44, mixed mode, sharing, tiered, compressed oops, compressed class ptrs, g1 gc, windows-amd64)
GC Precious Log:
 CardTable entry size: 512
 Card Set container configuration: InlinePtr #cards 4 size 8 Array Of Cards #cards 16 size 48 Howl #buckets 8 coarsen threshold 3686 Howl Bitmap #cards 512 size 80 coarsen threshold 460 Card regions per heap region 1 cards per card region 4096
 CPUs: 16 total, 16 available
 Memory: 16005M
 Large Page Support: Disabled
 NUMA Support: Disabled
 Compressed Oops: Enabled (Zero based)
 Heap Region Size: 2M
 Heap Min Capacity: 8M
 Heap Initial Capacity: 252M
 Heap Max Capacity: 4002M
 Pre-touch: Disabled
 Parallel Workers: 13
 Concurrent Workers: 3
 Concurrent Refinement Workers: 13
 Periodic GC: Disabled
Heap:
 garbage-first heap   total 114688K, used 67456K [0x0000000705e00000, 0x0000000800000000)
  region size 2048K, 14 young (28672K), 1 survivors (2048K)
 Metaspace       used 28062K, committed 28544K, reserved 1114112K
  class space    used 2945K, committed 3200K, reserved 1048576K
GC Heap History (20 events):
Event: 1.802 GC heap before
{Heap before GC invocations=2 (full 0):
 garbage-first heap   total 258048K, used 153439K [0x0000000705e00000, 0x0000000800000000)
  region size 2048K, 60 young (122880K), 2 survivors (4096K)
 Metaspace       used 21135K, committed 21504K, reserved 1114112K
  class space    used 2286K, committed 2496K, reserved 1048576K
}
Event: 1.809 GC heap after
{Heap after GC invocations=3 (full 0):
 garbage-first heap   total 258048K, used 14847K [0x0000000705e00000, 0x0000000800000000)
  region size 2048K, 6 young (12288K), 6 survivors (12288K)
 Metaspace       used 21135K, committed 21504K, reserved 1114112K
  class space    used 2286K, committed 2496K, reserved 1048576K
}
Event: 2.137 GC heap before
{Heap before GC invocations=4 (full 0):
 garbage-first heap   total 61440K, used 47615K [0x0000000705e00000, 0x0000000800000000)
  region size 2048K, 22 young (45056K), 6 survivors (12288K)
 Metaspace       used 24179K, committed 24576K, reserved 1114112K
  class space    used 2576K, committed 2752K, reserved 1048576K
}
Event: 2.144 GC heap after
{Heap after GC invocations=5 (full 0):
 garbage-first heap   total 71680K, used 24751K [0x0000000705e00000, 0x0000000800000000)
  region size 2048K, 3 young (6144K), 3 survivors (6144K)
 Metaspace       used 24179K, committed 24576K, reserved 1114112K
  class space    used 2576K, committed 2752K, reserved 1048576K
}
Event: 2.165 GC heap before
{Heap before GC invocations=5 (full 0):
 garbage-first heap   total 71680K, used 26799K [0x0000000705e00000, 0x0000000800000000)
  region size 2048K, 4 young (8192K), 3 survivors (6144K)
 Metaspace       used 24219K, committed 24576K, reserved 1114112K
  class space    used 2576K, committed 2752K, reserved 1048576K
}
Event: 2.169 GC heap after
{Heap after GC invocations=6 (full 0):
 garbage-first heap   total 71680K, used 26121K [0x0000000705e00000, 0x0000000800000000)
  region size 2048K, 1 young (2048K), 1 survivors (2048K)
 Metaspace       used 24219K, committed 24576K, reserved 1114112K
  class space    used 2576K, committed 2752K, reserved 1048576K
}
Event: 2.311 GC heap before
{Heap before GC invocations=6 (full 0):
 garbage-first heap   total 71680K, used 46601K [0x0000000705e00000, 0x0000000800000000)
  region size 2048K, 12 young (24576K), 1 survivors (2048K)
 Metaspace       used 24457K, committed 24832K, reserved 1114112K
  class space    used 2598K, committed 2752K, reserved 1048576K
}
Event: 2.314 GC heap after
{Heap after GC invocations=7 (full 0):
 garbage-first heap   total 71680K, used 32252K [0x0000000705e00000, 0x0000000800000000)
  region size 2048K, 2 young (4096K), 2 survivors (4096K)
 Metaspace       used 24457K, committed 24832K, reserved 1114112K
  class space    used 2598K, committed 2752K, reserved 1048576K
}
Event: 2.407 GC heap before
{Heap before GC invocations=7 (full 0):
 garbage-first heap   total 71680K, used 48636K [0x0000000705e00000, 0x0000000800000000)
  region size 2048K, 11 young (22528K), 2 survivors (4096K)
 Metaspace       used 24835K, committed 25280K, reserved 1114112K
  class space    used 2638K, committed 2880K, reserved 1048576K
}
Event: 2.412 GC heap after
{Heap after GC invocations=8 (full 0):
 garbage-first heap   total 71680K, used 35422K [0x0000000705e00000, 0x0000000800000000)
  region size 2048K, 2 young (4096K), 2 survivors (4096K)
 Metaspace       used 24835K, committed 25280K, reserved 1114112K
  class space    used 2638K, committed 2880K, reserved 1048576K
}
Event: 2.494 GC heap before
{Heap before GC invocations=8 (full 0):
 garbage-first heap   total 71680K, used 51806K [0x0000000705e00000, 0x0000000800000000)
  region size 2048K, 10 young (20480K), 2 survivors (4096K)
 Metaspace       used 25105K, committed 25536K, reserved 1114112K
  class space    used 2640K, committed 2880K, reserved 1048576K
}
Event: 2.499 GC heap after
{Heap after GC invocations=9 (full 0):
 garbage-first heap   total 114688K, used 38849K [0x0000000705e00000, 0x0000000800000000)
  region size 2048K, 2 young (4096K), 2 survivors (4096K)
 Metaspace       used 25105K, committed 25536K, reserved 1114112K
  class space    used 2640K, committed 2880K, reserved 1048576K
}
Event: 2.938 GC heap before
{Heap before GC invocations=10 (full 0):
 garbage-first heap   total 114688K, used 77761K [0x0000000705e00000, 0x0000000800000000)
  region size 2048K, 21 young (43008K), 2 survivors (4096K)
 Metaspace       used 27074K, committed 27520K, reserved 1114112K
  class space    used 2840K, committed 3072K, reserved 1048576K
}
Event: 2.944 GC heap after
{Heap after GC invocations=11 (full 0):
 garbage-first heap   total 114688K, used 42849K [0x0000000705e00000, 0x0000000800000000)
  region size 2048K, 2 young (4096K), 2 survivors (4096K)
 Metaspace       used 27074K, committed 27520K, reserved 1114112K
  class space    used 2840K, committed 3072K, reserved 1048576K
}
Event: 2.959 GC heap before
{Heap before GC invocations=11 (full 0):
 garbage-first heap   total 114688K, used 44897K [0x0000000705e00000, 0x0000000800000000)
  region size 2048K, 3 young (6144K), 2 survivors (4096K)
 Metaspace       used 27115K, committed 27584K, reserved 1114112K
  class space    used 2845K, committed 3072K, reserved 1048576K
}
Event: 2.963 GC heap after
{Heap after GC invocations=12 (full 0):
 garbage-first heap   total 114688K, used 42540K [0x0000000705e00000, 0x0000000800000000)
  region size 2048K, 1 young (2048K), 1 survivors (2048K)
 Metaspace       used 27115K, committed 27584K, reserved 1114112K
  class space    used 2845K, committed 3072K, reserved 1048576K
}
Event: 3.114 GC heap before
{Heap before GC invocations=12 (full 0):
 garbage-first heap   total 114688K, used 79404K [0x0000000705e00000, 0x0000000800000000)
  region size 2048K, 20 young (40960K), 1 survivors (2048K)
 Metaspace       used 27326K, committed 27776K, reserved 1114112K
  class space    used 2859K, committed 3072K, reserved 1048576K
}
Event: 3.114 GC heap after
{Heap after GC invocations=13 (full 0):
 garbage-first heap   total 114688K, used 42249K [0x0000000705e00000, 0x0000000800000000)
  region size 2048K, 1 young (2048K), 1 survivors (2048K)
 Metaspace       used 27326K, committed 27776K, reserved 1114112K
  class space    used 2859K, committed 3072K, reserved 1048576K
}
Event: 3.328 GC heap before
{Heap before GC invocations=13 (full 0):
 garbage-first heap   total 114688K, used 83209K [0x0000000705e00000, 0x0000000800000000)
  region size 2048K, 21 young (43008K), 1 survivors (2048K)
 Metaspace       used 27900K, committed 28416K, reserved 1114112K
  class space    used 2933K, committed 3200K, reserved 1048576K
}
Event: 3.330 GC heap after
{Heap after GC invocations=14 (full 0):
 garbage-first heap   total 114688K, used 42880K [0x0000000705e00000, 0x0000000800000000)
  region size 2048K, 1 young (2048K), 1 survivors (2048K)
 Metaspace       used 27900K, committed 28416K, reserved 1114112K
  class space    used 2933K, committed 3200K, reserved 1048576K
}

