# JRE version: Java(TM) SE Runtime Environment (19.0.2+7) (build 19.0.2+7-44)
# Java VM: Java HotSpot(TM) 64-Bit Server VM (19.0.2+7-44, mixed mode, sharing, tiered, compressed oops, compressed class ptrs, g1 gc, windows-amd64)
GC Precious Log:
 CardTable entry size: 512
 Card Set container configuration: InlinePtr #cards 4 size 8 Array Of Cards #cards 16 size 48 Howl #buckets 8 coarsen threshold 3686 Howl Bitmap #cards 512 size 80 coarsen threshold 460 Card regions per heap region 1 cards per card region 4096
 CPUs: 16 total, 16 available
 Memory: 16004M
 Large Page Support: Disabled
 NUMA Support: Disabled
 Compressed Oops: Enabled (Zero based)
 Heap Region Size: 2M
 Heap Min Capacity: 8M
 Heap Initial Capacity: 252M
 Heap Max Capacity: 4002M
 Pre-touch: Disabled
 Parallel Workers: 13
 Concurrent Workers: 3
 Concurrent Refinement Workers: 13
 Periodic GC: Disabled
Heap:
 garbage-first heap   total 262144K, used 122598K [0x0000000705e00000, 0x0000000800000000)
  region size 2048K, 26 young (53248K), 10 survivors (20480K)
 Metaspace       used 33514K, committed 34112K, reserved 1114112K
  class space    used 3406K, committed 3712K, reserved 1048576K
GC Heap History (20 events):
Event: 5.740 GC heap before
{Heap before GC invocations=10 (full 0):
 garbage-first heap   total 131072K, used 88900K [0x0000000705e00000, 0x0000000800000000)
  region size 2048K, 25 young (51200K), 1 survivors (2048K)
 Metaspace       used 25342K, committed 25792K, reserved 1114112K
  class space    used 2646K, committed 2880K, reserved 1048576K
}
Event: 5.747 GC heap after
{Heap after GC invocations=11 (full 0):
 garbage-first heap   total 131072K, used 48151K [0x0000000705e00000, 0x0000000800000000)
  region size 2048K, 4 young (8192K), 4 survivors (8192K)
 Metaspace       used 25342K, committed 25792K, reserved 1114112K
  class space    used 2646K, committed 2880K, reserved 1048576K
}
Event: 5.756 GC heap before
{Heap before GC invocations=11 (full 0):
 garbage-first heap   total 131072K, used 52247K [0x0000000705e00000, 0x0000000800000000)
  region size 2048K, 5 young (10240K), 4 survivors (8192K)
 Metaspace       used 25346K, committed 25792K, reserved 1114112K
  class space    used 2646K, committed 2880K, reserved 1048576K
}
Event: 5.760 GC heap after
{Heap after GC invocations=12 (full 0):
 garbage-first heap   total 131072K, used 50236K [0x0000000705e00000, 0x0000000800000000)
  region size 2048K, 1 young (2048K), 1 survivors (2048K)
 Metaspace       used 25346K, committed 25792K, reserved 1114112K
  class space    used 2646K, committed 2880K, reserved 1048576K
}
Event: 6.249 GC heap before
{Heap before GC invocations=12 (full 0):
 garbage-first heap   total 131072K, used 91196K [0x0000000705e00000, 0x0000000800000000)
  region size 2048K, 22 young (45056K), 1 survivors (2048K)
 Metaspace       used 27354K, committed 27776K, reserved 1114112K
  class space    used 2847K, committed 3072K, reserved 1048576K
}
Event: 6.252 GC heap after
{Heap after GC invocations=13 (full 0):
 garbage-first heap   total 131072K, used 52154K [0x0000000705e00000, 0x0000000800000000)
  region size 2048K, 2 young (4096K), 2 survivors (4096K)
 Metaspace       used 27354K, committed 27776K, reserved 1114112K
  class space    used 2847K, committed 3072K, reserved 1048576K
}
Event: 6.407 GC heap before
{Heap before GC invocations=13 (full 0):
 garbage-first heap   total 131072K, used 95162K [0x0000000705e00000, 0x0000000800000000)
  region size 2048K, 23 young (47104K), 2 survivors (4096K)
 Metaspace       used 27683K, committed 28160K, reserved 1114112K
  class space    used 2871K, committed 3136K, reserved 1048576K
}
Event: 6.410 GC heap after
{Heap after GC invocations=14 (full 0):
 garbage-first heap   total 131072K, used 52381K [0x0000000705e00000, 0x0000000800000000)
  region size 2048K, 2 young (4096K), 2 survivors (4096K)
 Metaspace       used 27683K, committed 28160K, reserved 1114112K
  class space    used 2871K, committed 3136K, reserved 1048576K
}
Event: 6.473 GC heap before
{Heap before GC invocations=14 (full 0):
 garbage-first heap   total 131072K, used 99485K [0x0000000705e00000, 0x0000000800000000)
  region size 2048K, 25 young (51200K), 2 survivors (4096K)
 Metaspace       used 27726K, committed 28224K, reserved 1114112K
  class space    used 2876K, committed 3136K, reserved 1048576K
}
Event: 6.477 GC heap after
{Heap after GC invocations=15 (full 0):
 garbage-first heap   total 262144K, used 52577K [0x0000000705e00000, 0x0000000800000000)
  region size 2048K, 2 young (4096K), 2 survivors (4096K)
 Metaspace       used 27726K, committed 28224K, reserved 1114112K
  class space    used 2876K, committed 3136K, reserved 1048576K
}
Event: 6.910 GC heap before
{Heap before GC invocations=15 (full 0):
 garbage-first heap   total 262144K, used 195937K [0x0000000705e00000, 0x0000000800000000)
  region size 2048K, 73 young (149504K), 2 survivors (4096K)
 Metaspace       used 28565K, committed 29120K, reserved 1114112K
  class space    used 2965K, committed 3264K, reserved 1048576K
}
Event: 6.912 GC heap after
{Heap after GC invocations=16 (full 0):
 garbage-first heap   total 262144K, used 55143K [0x0000000705e00000, 0x0000000800000000)
  region size 2048K, 3 young (6144K), 3 survivors (6144K)
 Metaspace       used 28565K, committed 29120K, reserved 1114112K
  class space    used 2965K, committed 3264K, reserved 1048576K
}
Event: 7.164 GC heap before
{Heap before GC invocations=16 (full 0):
 garbage-first heap   total 262144K, used 204647K [0x0000000705e00000, 0x0000000800000000)
  region size 2048K, 76 young (155648K), 3 survivors (6144K)
 Metaspace       used 28724K, committed 29248K, reserved 1114112K
  class space    used 2969K, committed 3264K, reserved 1048576K
}
Event: 7.168 GC heap after
{Heap after GC invocations=17 (full 0):
 garbage-first heap   total 262144K, used 56441K [0x0000000705e00000, 0x0000000800000000)
  region size 2048K, 4 young (8192K), 4 survivors (8192K)
 Metaspace       used 28724K, committed 29248K, reserved 1114112K
  class space    used 2969K, committed 3264K, reserved 1048576K
}
Event: 8.141 GC heap before
{Heap before GC invocations=17 (full 0):
 garbage-first heap   total 262144K, used 203897K [0x0000000705e00000, 0x0000000800000000)
  region size 2048K, 76 young (155648K), 4 survivors (8192K)
 Metaspace       used 31526K, committed 32064K, reserved 1114112K
  class space    used 3233K, committed 3520K, reserved 1048576K
}
Event: 8.147 GC heap after
{Heap after GC invocations=18 (full 0):
 garbage-first heap   total 262144K, used 58358K [0x0000000705e00000, 0x0000000800000000)
  region size 2048K, 5 young (10240K), 5 survivors (10240K)
 Metaspace       used 31526K, committed 32064K, reserved 1114112K
  class space    used 3233K, committed 3520K, reserved 1048576K
}
Event: 8.768 GC heap before
{Heap before GC invocations=18 (full 0):
 garbage-first heap   total 262144K, used 207862K [0x0000000705e00000, 0x0000000800000000)
  region size 2048K, 76 young (155648K), 5 survivors (10240K)
 Metaspace       used 31941K, committed 32512K, reserved 1114112K
  class space    used 3244K, committed 3520K, reserved 1048576K
}
Event: 8.774 GC heap after
{Heap after GC invocations=19 (full 0):
 garbage-first heap   total 262144K, used 64569K [0x0000000705e00000, 0x0000000800000000)
  region size 2048K, 7 young (14336K), 7 survivors (14336K)
 Metaspace       used 31941K, committed 32512K, reserved 1114112K
  class space    used 3244K, committed 3520K, reserved 1048576K
}
Event: 9.660 GC heap before
{Heap before GC invocations=19 (full 0):
 garbage-first heap   total 262144K, used 205881K [0x0000000705e00000, 0x0000000800000000)
  region size 2048K, 76 young (155648K), 7 survivors (14336K)
 Metaspace       used 33482K, committed 34112K, reserved 1114112K
  class space    used 3406K, committed 3712K, reserved 1048576K
}
Event: 9.672 GC heap after
{Heap after GC invocations=20 (full 0):
 garbage-first heap   total 262144K, used 91878K [0x0000000705e00000, 0x0000000800000000)
  region size 2048K, 10 young (20480K), 10 survivors (20480K)
 Metaspace       used 33482K, committed 34112K, reserved 1114112K
  class space    used 3406K, committed 3712K, reserved 1048576K
}

