# JRE version: Java(TM) SE Runtime Environment (19.0.2+7) (build 19.0.2+7-44)
# Java VM: Java HotSpot(TM) 64-Bit Server VM (19.0.2+7-44, mixed mode, sharing, tiered, compressed oops, compressed class ptrs, g1 gc, windows-amd64)
GC Precious Log:
 CardTable entry size: 512
 Card Set container configuration: InlinePtr #cards 4 size 8 Array Of Cards #cards 16 size 48 Howl #buckets 8 coarsen threshold 3686 Howl Bitmap #cards 512 size 80 coarsen threshold 460 Card regions per heap region 1 cards per card region 4096
 CPUs: 16 total, 16 available
 Memory: 16005M
 Large Page Support: Disabled
 NUMA Support: Disabled
 Compressed Oops: Enabled (Zero based)
 Heap Region Size: 2M
 Heap Min Capacity: 8M
 Heap Initial Capacity: 252M
 Heap Max Capacity: 4002M
 Pre-touch: Disabled
 Parallel Workers: 13
 Concurrent Workers: 3
 Concurrent Refinement Workers: 13
 Periodic GC: Disabled
Heap:
 garbage-first heap   total 192512K, used 125089K [0x0000000705e00000, 0x0000000800000000)
  region size 2048K, 35 young (71680K), 3 survivors (6144K)
 Metaspace       used 31654K, committed 32256K, reserved 1114112K
  class space    used 3238K, committed 3520K, reserved 1048576K
GC Heap History (20 events):
Event: 3.226 GC heap before
{Heap before GC invocations=8 (full 0):
 garbage-first heap   total 129024K, used 78623K [0x0000000705e00000, 0x0000000800000000)
  region size 2048K, 21 young (43008K), 2 survivors (4096K)
 Metaspace       used 25291K, committed 25728K, reserved 1114112K
  class space    used 2643K, committed 2880K, reserved 1048576K
}
Event: 3.233 GC heap after
{Heap after GC invocations=9 (full 0):
 garbage-first heap   total 129024K, used 46490K [0x0000000705e00000, 0x0000000800000000)
  region size 2048K, 3 young (6144K), 3 survivors (6144K)
 Metaspace       used 25291K, committed 25728K, reserved 1114112K
  class space    used 2643K, committed 2880K, reserved 1048576K
}
Event: 3.603 GC heap before
{Heap before GC invocations=9 (full 0):
 garbage-first heap   total 129024K, used 83354K [0x0000000705e00000, 0x0000000800000000)
  region size 2048K, 21 young (43008K), 3 survivors (6144K)
 Metaspace       used 26687K, committed 27072K, reserved 1114112K
  class space    used 2781K, committed 3008K, reserved 1048576K
}
Event: 3.608 GC heap after
{Heap after GC invocations=10 (full 0):
 garbage-first heap   total 129024K, used 51493K [0x0000000705e00000, 0x0000000800000000)
  region size 2048K, 2 young (4096K), 2 survivors (4096K)
 Metaspace       used 26687K, committed 27072K, reserved 1114112K
  class space    used 2781K, committed 3008K, reserved 1048576K
}
Event: 3.850 GC heap before
{Heap before GC invocations=10 (full 0):
 garbage-first heap   total 129024K, used 88357K [0x0000000705e00000, 0x0000000800000000)
  region size 2048K, 20 young (40960K), 2 survivors (4096K)
 Metaspace       used 27591K, committed 28096K, reserved 1114112K
  class space    used 2867K, committed 3136K, reserved 1048576K
}
Event: 3.853 GC heap after
{Heap after GC invocations=11 (full 0):
 garbage-first heap   total 129024K, used 51843K [0x0000000705e00000, 0x0000000800000000)
  region size 2048K, 2 young (4096K), 2 survivors (4096K)
 Metaspace       used 27591K, committed 28096K, reserved 1114112K
  class space    used 2867K, committed 3136K, reserved 1048576K
}
Event: 3.939 GC heap before
{Heap before GC invocations=11 (full 0):
 garbage-first heap   total 129024K, used 90755K [0x0000000705e00000, 0x0000000800000000)
  region size 2048K, 21 young (43008K), 2 survivors (4096K)
 Metaspace       used 27680K, committed 28160K, reserved 1114112K
  class space    used 2872K, committed 3136K, reserved 1048576K
}
Event: 3.942 GC heap after
{Heap after GC invocations=12 (full 0):
 garbage-first heap   total 155648K, used 52272K [0x0000000705e00000, 0x0000000800000000)
  region size 2048K, 1 young (2048K), 1 survivors (2048K)
 Metaspace       used 27680K, committed 28160K, reserved 1114112K
  class space    used 2872K, committed 3136K, reserved 1048576K
}
Event: 4.180 GC heap before
{Heap before GC invocations=12 (full 0):
 garbage-first heap   total 155648K, used 109616K [0x0000000705e00000, 0x0000000800000000)
  region size 2048K, 30 young (61440K), 1 survivors (2048K)
 Metaspace       used 28308K, committed 28800K, reserved 1114112K
  class space    used 2954K, committed 3200K, reserved 1048576K
}
Event: 4.182 GC heap after
{Heap after GC invocations=13 (full 0):
 garbage-first heap   total 155648K, used 52776K [0x0000000705e00000, 0x0000000800000000)
  region size 2048K, 1 young (2048K), 1 survivors (2048K)
 Metaspace       used 28308K, committed 28800K, reserved 1114112K
  class space    used 2954K, committed 3200K, reserved 1048576K
}
Event: 4.308 GC heap before
{Heap before GC invocations=13 (full 0):
 garbage-first heap   total 155648K, used 116264K [0x0000000705e00000, 0x0000000800000000)
  region size 2048K, 32 young (65536K), 1 survivors (2048K)
 Metaspace       used 28548K, committed 29120K, reserved 1114112K
  class space    used 2967K, committed 3264K, reserved 1048576K
}
Event: 4.310 GC heap after
{Heap after GC invocations=14 (full 0):
 garbage-first heap   total 155648K, used 54073K [0x0000000705e00000, 0x0000000800000000)
  region size 2048K, 2 young (4096K), 2 survivors (4096K)
 Metaspace       used 28548K, committed 29120K, reserved 1114112K
  class space    used 2967K, committed 3264K, reserved 1048576K
}
Event: 4.395 GC heap before
{Heap before GC invocations=14 (full 0):
 garbage-first heap   total 155648K, used 117561K [0x0000000705e00000, 0x0000000800000000)
  region size 2048K, 33 young (67584K), 2 survivors (4096K)
 Metaspace       used 28573K, committed 29120K, reserved 1114112K
  class space    used 2968K, committed 3264K, reserved 1048576K
}
Event: 4.398 GC heap after
{Heap after GC invocations=15 (full 0):
 garbage-first heap   total 155648K, used 54417K [0x0000000705e00000, 0x0000000800000000)
  region size 2048K, 2 young (4096K), 2 survivors (4096K)
 Metaspace       used 28573K, committed 29120K, reserved 1114112K
  class space    used 2968K, committed 3264K, reserved 1048576K
}
Event: 4.561 GC heap before
{Heap before GC invocations=15 (full 0):
 garbage-first heap   total 155648K, used 122001K [0x0000000705e00000, 0x0000000800000000)
  region size 2048K, 35 young (71680K), 2 survivors (4096K)
 Metaspace       used 28724K, committed 29248K, reserved 1114112K
  class space    used 2970K, committed 3264K, reserved 1048576K
}
Event: 4.566 GC heap after
{Heap after GC invocations=16 (full 0):
 garbage-first heap   total 155648K, used 55790K [0x0000000705e00000, 0x0000000800000000)
  region size 2048K, 3 young (6144K), 3 survivors (6144K)
 Metaspace       used 28724K, committed 29248K, reserved 1114112K
  class space    used 2970K, committed 3264K, reserved 1048576K
}
Event: 4.655 GC heap before
{Heap before GC invocations=16 (full 0):
 garbage-first heap   total 155648K, used 123374K [0x0000000705e00000, 0x0000000800000000)
  region size 2048K, 36 young (73728K), 3 survivors (6144K)
 Metaspace       used 28794K, committed 29312K, reserved 1114112K
  class space    used 2972K, committed 3264K, reserved 1048576K
}
Event: 4.659 GC heap after
{Heap after GC invocations=17 (full 0):
 garbage-first heap   total 192512K, used 55113K [0x0000000705e00000, 0x0000000800000000)
  region size 2048K, 2 young (4096K), 2 survivors (4096K)
 Metaspace       used 28794K, committed 29312K, reserved 1114112K
  class space    used 2972K, committed 3264K, reserved 1048576K
}
Event: 5.664 GC heap before
{Heap before GC invocations=17 (full 0):
 garbage-first heap   total 192512K, used 155465K [0x0000000705e00000, 0x0000000800000000)
  region size 2048K, 51 young (104448K), 2 survivors (4096K)
 Metaspace       used 31430K, committed 32000K, reserved 1114112K
  class space    used 3232K, committed 3520K, reserved 1048576K
}
Event: 5.670 GC heap after
{Heap after GC invocations=18 (full 0):
 garbage-first heap   total 192512K, used 57505K [0x0000000705e00000, 0x0000000800000000)
  region size 2048K, 3 young (6144K), 3 survivors (6144K)
 Metaspace       used 31430K, committed 32000K, reserved 1114112K
  class space    used 3232K, committed 3520K, reserved 1048576K
}

