# JRE version: Java(TM) SE Runtime Environment (19.0.2+7) (build 19.0.2+7-44)
# Java VM: Java HotSpot(TM) 64-Bit Server VM (19.0.2+7-44, mixed mode, sharing, tiered, compressed oops, compressed class ptrs, g1 gc, windows-amd64)
GC Precious Log:
 CardTable entry size: 512
 Card Set container configuration: InlinePtr #cards 4 size 8 Array Of Cards #cards 16 size 48 Howl #buckets 8 coarsen threshold 3686 Howl Bitmap #cards 512 size 80 coarsen threshold 460 Card regions per heap region 1 cards per card region 4096
 CPUs: 16 total, 16 available
 Memory: 16005M
 Large Page Support: Disabled
 NUMA Support: Disabled
 Compressed Oops: Enabled (Zero based)
 Heap Region Size: 2M
 Heap Min Capacity: 8M
 Heap Initial Capacity: 252M
 Heap Max Capacity: 4002M
 Pre-touch: Disabled
 Parallel Workers: 13
 Concurrent Workers: 3
 Concurrent Refinement Workers: 13
 Periodic GC: Disabled
Heap:
 garbage-first heap   total 225280K, used 125637K [0x0000000705e00000, 0x0000000800000000)
  region size 2048K, 37 young (75776K), 9 survivors (18432K)
 Metaspace       used 33231K, committed 33792K, reserved 1114112K
  class space    used 3416K, committed 3712K, reserved 1048576K
GC Heap History (20 events):
Event: 2.561 GC heap before
{Heap before GC invocations=8 (full 0):
 garbage-first heap   total 71680K, used 51861K [0x0000000705e00000, 0x0000000800000000)
  region size 2048K, 10 young (20480K), 2 survivors (4096K)
 Metaspace       used 25128K, committed 25536K, reserved 1114112K
  class space    used 2640K, committed 2880K, reserved 1048576K
}
Event: 2.565 GC heap after
{Heap after GC invocations=9 (full 0):
 garbage-first heap   total 114688K, used 38514K [0x0000000705e00000, 0x0000000800000000)
  region size 2048K, 2 young (4096K), 2 survivors (4096K)
 Metaspace       used 25128K, committed 25536K, reserved 1114112K
  class space    used 2640K, committed 2880K, reserved 1048576K
}
Event: 3.010 GC heap before
{Heap before GC invocations=10 (full 0):
 garbage-first heap   total 114688K, used 77426K [0x0000000705e00000, 0x0000000800000000)
  region size 2048K, 21 young (43008K), 2 survivors (4096K)
 Metaspace       used 27084K, committed 27520K, reserved 1114112K
  class space    used 2840K, committed 3072K, reserved 1048576K
}
Event: 3.015 GC heap after
{Heap after GC invocations=11 (full 0):
 garbage-first heap   total 114688K, used 42615K [0x0000000705e00000, 0x0000000800000000)
  region size 2048K, 2 young (4096K), 2 survivors (4096K)
 Metaspace       used 27084K, committed 27520K, reserved 1114112K
  class space    used 2840K, committed 3072K, reserved 1048576K
}
Event: 3.026 GC heap before
{Heap before GC invocations=11 (full 0):
 garbage-first heap   total 114688K, used 44663K [0x0000000705e00000, 0x0000000800000000)
  region size 2048K, 3 young (6144K), 2 survivors (4096K)
 Metaspace       used 27135K, committed 27584K, reserved 1114112K
  class space    used 2846K, committed 3072K, reserved 1048576K
}
Event: 3.030 GC heap after
{Heap after GC invocations=12 (full 0):
 garbage-first heap   total 114688K, used 42506K [0x0000000705e00000, 0x0000000800000000)
  region size 2048K, 1 young (2048K), 1 survivors (2048K)
 Metaspace       used 27135K, committed 27584K, reserved 1114112K
  class space    used 2846K, committed 3072K, reserved 1048576K
}
Event: 3.187 GC heap before
{Heap before GC invocations=12 (full 0):
 garbage-first heap   total 114688K, used 81418K [0x0000000705e00000, 0x0000000800000000)
  region size 2048K, 20 young (40960K), 1 survivors (2048K)
 Metaspace       used 27359K, committed 27776K, reserved 1114112K
  class space    used 2860K, committed 3072K, reserved 1048576K
}
Event: 3.187 GC heap after
{Heap after GC invocations=13 (full 0):
 garbage-first heap   total 114688K, used 42319K [0x0000000705e00000, 0x0000000800000000)
  region size 2048K, 1 young (2048K), 1 survivors (2048K)
 Metaspace       used 27359K, committed 27776K, reserved 1114112K
  class space    used 2860K, committed 3072K, reserved 1048576K
}
Event: 3.362 GC heap before
{Heap before GC invocations=13 (full 0):
 garbage-first heap   total 114688K, used 83279K [0x0000000705e00000, 0x0000000800000000)
  region size 2048K, 21 young (43008K), 1 survivors (2048K)
 Metaspace       used 27931K, committed 28416K, reserved 1114112K
  class space    used 2934K, committed 3200K, reserved 1048576K
}
Event: 3.365 GC heap after
{Heap after GC invocations=14 (full 0):
 garbage-first heap   total 114688K, used 42901K [0x0000000705e00000, 0x0000000800000000)
  region size 2048K, 1 young (2048K), 1 survivors (2048K)
 Metaspace       used 27931K, committed 28416K, reserved 1114112K
  class space    used 2934K, committed 3200K, reserved 1048576K
}
Event: 3.458 GC heap before
{Heap before GC invocations=14 (full 0):
 garbage-first heap   total 114688K, used 85909K [0x0000000705e00000, 0x0000000800000000)
  region size 2048K, 22 young (45056K), 1 survivors (2048K)
 Metaspace       used 28161K, committed 28672K, reserved 1114112K
  class space    used 2946K, committed 3200K, reserved 1048576K
}
Event: 3.461 GC heap after
{Heap after GC invocations=15 (full 0):
 garbage-first heap   total 114688K, used 43963K [0x0000000705e00000, 0x0000000800000000)
  region size 2048K, 1 young (2048K), 1 survivors (2048K)
 Metaspace       used 28161K, committed 28672K, reserved 1114112K
  class space    used 2946K, committed 3200K, reserved 1048576K
}
Event: 3.545 GC heap before
{Heap before GC invocations=15 (full 0):
 garbage-first heap   total 114688K, used 89019K [0x0000000705e00000, 0x0000000800000000)
  region size 2048K, 23 young (47104K), 1 survivors (2048K)
 Metaspace       used 28222K, committed 28800K, reserved 1114112K
  class space    used 2950K, committed 3264K, reserved 1048576K
}
Event: 3.548 GC heap after
{Heap after GC invocations=16 (full 0):
 garbage-first heap   total 225280K, used 44224K [0x0000000705e00000, 0x0000000800000000)
  region size 2048K, 2 young (4096K), 2 survivors (4096K)
 Metaspace       used 28222K, committed 28800K, reserved 1114112K
  class space    used 2950K, committed 3264K, reserved 1048576K
}
Event: 4.096 GC heap before
{Heap before GC invocations=16 (full 0):
 garbage-first heap   total 225280K, used 171200K [0x0000000705e00000, 0x0000000800000000)
  region size 2048K, 64 young (131072K), 2 survivors (4096K)
 Metaspace       used 29605K, committed 30208K, reserved 1114112K
  class space    used 3124K, committed 3456K, reserved 1048576K
}
Event: 4.099 GC heap after
{Heap after GC invocations=17 (full 0):
 garbage-first heap   total 225280K, used 45874K [0x0000000705e00000, 0x0000000800000000)
  region size 2048K, 2 young (4096K), 2 survivors (4096K)
 Metaspace       used 29605K, committed 30208K, reserved 1114112K
  class space    used 3124K, committed 3456K, reserved 1048576K
}
Event: 4.955 GC heap before
{Heap before GC invocations=17 (full 0):
 garbage-first heap   total 225280K, used 181042K [0x0000000705e00000, 0x0000000800000000)
  region size 2048K, 66 young (135168K), 2 survivors (4096K)
 Metaspace       used 31316K, committed 31936K, reserved 1114112K
  class space    used 3212K, committed 3520K, reserved 1048576K
}
Event: 4.959 GC heap after
{Heap after GC invocations=18 (full 0):
 garbage-first heap   total 225280K, used 51353K [0x0000000705e00000, 0x0000000800000000)
  region size 2048K, 4 young (8192K), 4 survivors (8192K)
 Metaspace       used 31316K, committed 31936K, reserved 1114112K
  class space    used 3212K, committed 3520K, reserved 1048576K
}
Event: 5.807 GC heap before
{Heap before GC invocations=18 (full 0):
 garbage-first heap   total 225280K, used 178329K [0x0000000705e00000, 0x0000000800000000)
  region size 2048K, 66 young (135168K), 4 survivors (8192K)
 Metaspace       used 32919K, committed 33472K, reserved 1114112K
  class space    used 3377K, committed 3648K, reserved 1048576K
}
Event: 5.815 GC heap after
{Heap after GC invocations=19 (full 0):
 garbage-first heap   total 225280K, used 70341K [0x0000000705e00000, 0x0000000800000000)
  region size 2048K, 9 young (18432K), 9 survivors (18432K)
 Metaspace       used 32919K, committed 33472K, reserved 1114112K
  class space    used 3377K, committed 3648K, reserved 1048576K
}

