# JRE version: Java(TM) SE Runtime Environment (19.0.2+7) (build 19.0.2+7-44)
# Java VM: Java HotSpot(TM) 64-Bit Server VM (19.0.2+7-44, mixed mode, sharing, tiered, compressed oops, compressed class ptrs, g1 gc, windows-amd64)
GC Precious Log:
 CardTable entry size: 512
 Card Set container configuration: InlinePtr #cards 4 size 8 Array Of Cards #cards 16 size 48 Howl #buckets 8 coarsen threshold 3686 Howl Bitmap #cards 512 size 80 coarsen threshold 460 Card regions per heap region 1 cards per card region 4096
 CPUs: 16 total, 16 available
 Memory: 16005M
 Large Page Support: Disabled
 NUMA Support: Disabled
 Compressed Oops: Enabled (Zero based)
 Heap Region Size: 2M
 Heap Min Capacity: 8M
 Heap Initial Capacity: 252M
 Heap Max Capacity: 4002M
 Pre-touch: Disabled
 Parallel Workers: 13
 Concurrent Workers: 3
 Concurrent Refinement Workers: 13
 Periodic GC: Disabled
Heap:
 garbage-first heap   total 221184K, used 117538K [0x0000000705e00000, 0x0000000800000000)
  region size 2048K, 15 young (30720K), 2 survivors (4096K)
 Metaspace       used 35801K, committed 36480K, reserved 1114112K
  class space    used 3632K, committed 3968K, reserved 1048576K
GC Heap History (20 events):
Event: 3.555 GC heap before
{Heap before GC invocations=14 (full 0):
 garbage-first heap   total 116736K, used 87042K [0x0000000705e00000, 0x0000000800000000)
  region size 2048K, 18 young (36864K), 1 survivors (2048K)
 Metaspace       used 27678K, committed 28160K, reserved 1114112K
  class space    used 2874K, committed 3136K, reserved 1048576K
}
Event: 3.556 GC heap after
{Heap after GC invocations=15 (full 0):
 garbage-first heap   total 116736K, used 52021K [0x0000000705e00000, 0x0000000800000000)
  region size 2048K, 1 young (2048K), 1 survivors (2048K)
 Metaspace       used 27678K, committed 28160K, reserved 1114112K
  class space    used 2874K, committed 3136K, reserved 1048576K
}
Event: 3.731 GC heap before
{Heap before GC invocations=15 (full 0):
 garbage-first heap   total 116736K, used 88885K [0x0000000705e00000, 0x0000000800000000)
  region size 2048K, 19 young (38912K), 1 survivors (2048K)
 Metaspace       used 28237K, committed 28736K, reserved 1114112K
  class space    used 2957K, committed 3200K, reserved 1048576K
}
Event: 3.733 GC heap after
{Heap after GC invocations=16 (full 0):
 garbage-first heap   total 184320K, used 52393K [0x0000000705e00000, 0x0000000800000000)
  region size 2048K, 1 young (2048K), 1 survivors (2048K)
 Metaspace       used 28237K, committed 28736K, reserved 1114112K
  class space    used 2957K, committed 3200K, reserved 1048576K
}
Event: 3.945 GC heap before
{Heap before GC invocations=16 (full 0):
 garbage-first heap   total 184320K, used 140457K [0x0000000705e00000, 0x0000000800000000)
  region size 2048K, 44 young (90112K), 1 survivors (2048K)
 Metaspace       used 28564K, committed 29120K, reserved 1114112K
  class space    used 2972K, committed 3264K, reserved 1048576K
}
Event: 3.947 GC heap after
{Heap after GC invocations=17 (full 0):
 garbage-first heap   total 184320K, used 54286K [0x0000000705e00000, 0x0000000800000000)
  region size 2048K, 2 young (4096K), 2 survivors (4096K)
 Metaspace       used 28564K, committed 29120K, reserved 1114112K
  class space    used 2972K, committed 3264K, reserved 1048576K
}
Event: 4.104 GC heap before
{Heap before GC invocations=17 (full 0):
 garbage-first heap   total 184320K, used 142350K [0x0000000705e00000, 0x0000000800000000)
  region size 2048K, 45 young (92160K), 2 survivors (4096K)
 Metaspace       used 28651K, committed 29184K, reserved 1114112K
  class space    used 2975K, committed 3264K, reserved 1048576K
}
Event: 4.107 GC heap after
{Heap after GC invocations=18 (full 0):
 garbage-first heap   total 184320K, used 55533K [0x0000000705e00000, 0x0000000800000000)
  region size 2048K, 3 young (6144K), 3 survivors (6144K)
 Metaspace       used 28651K, committed 29184K, reserved 1114112K
  class space    used 2975K, committed 3264K, reserved 1048576K
}
Event: 4.275 GC heap before
{Heap before GC invocations=18 (full 0):
 garbage-first heap   total 184320K, used 145645K [0x0000000705e00000, 0x0000000800000000)
  region size 2048K, 47 young (96256K), 3 survivors (6144K)
 Metaspace       used 28791K, committed 29312K, reserved 1114112K
  class space    used 2975K, committed 3264K, reserved 1048576K
}
Event: 4.278 GC heap after
{Heap after GC invocations=19 (full 0):
 garbage-first heap   total 184320K, used 55855K [0x0000000705e00000, 0x0000000800000000)
  region size 2048K, 3 young (6144K), 3 survivors (6144K)
 Metaspace       used 28791K, committed 29312K, reserved 1114112K
  class space    used 2975K, committed 3264K, reserved 1048576K
}
Event: 5.080 GC heap before
{Heap before GC invocations=19 (full 0):
 garbage-first heap   total 184320K, used 148015K [0x0000000705e00000, 0x0000000800000000)
  region size 2048K, 48 young (98304K), 3 survivors (6144K)
 Metaspace       used 31388K, committed 31936K, reserved 1114112K
  class space    used 3226K, committed 3520K, reserved 1048576K
}
Event: 5.085 GC heap after
{Heap after GC invocations=20 (full 0):
 garbage-first heap   total 221184K, used 57544K [0x0000000705e00000, 0x0000000800000000)
  region size 2048K, 4 young (8192K), 4 survivors (8192K)
 Metaspace       used 31388K, committed 31936K, reserved 1114112K
  class space    used 3226K, committed 3520K, reserved 1048576K
}
Event: 5.640 GC heap before
{Heap before GC invocations=20 (full 0):
 garbage-first heap   total 221184K, used 182472K [0x0000000705e00000, 0x0000000800000000)
  region size 2048K, 63 young (129024K), 4 survivors (8192K)
 Metaspace       used 31766K, committed 32320K, reserved 1114112K
  class space    used 3245K, committed 3520K, reserved 1048576K
}
Event: 5.646 GC heap after
{Heap after GC invocations=21 (full 0):
 garbage-first heap   total 221184K, used 62600K [0x0000000705e00000, 0x0000000800000000)
  region size 2048K, 5 young (10240K), 5 survivors (10240K)
 Metaspace       used 31766K, committed 32320K, reserved 1114112K
  class space    used 3245K, committed 3520K, reserved 1048576K
}
Event: 6.288 GC heap before
{Heap before GC invocations=21 (full 0):
 garbage-first heap   total 221184K, used 181384K [0x0000000705e00000, 0x0000000800000000)
  region size 2048K, 63 young (129024K), 5 survivors (10240K)
 Metaspace       used 32019K, committed 32640K, reserved 1114112K
  class space    used 3256K, committed 3584K, reserved 1048576K
}
Event: 6.300 GC heap after
{Heap after GC invocations=22 (full 0):
 garbage-first heap   total 221184K, used 88183K [0x0000000705e00000, 0x0000000800000000)
  region size 2048K, 8 young (16384K), 8 survivors (16384K)
 Metaspace       used 32019K, committed 32640K, reserved 1114112K
  class space    used 3256K, committed 3584K, reserved 1048576K
}
Event: 6.795 GC heap before
{Heap before GC invocations=22 (full 0):
 garbage-first heap   total 221184K, used 163959K [0x0000000705e00000, 0x0000000800000000)
  region size 2048K, 45 young (92160K), 8 survivors (16384K)
 Metaspace       used 33641K, committed 34240K, reserved 1114112K
  class space    used 3440K, committed 3776K, reserved 1048576K
}
Event: 6.802 GC heap after
{Heap after GC invocations=23 (full 0):
 garbage-first heap   total 221184K, used 91408K [0x0000000705e00000, 0x0000000800000000)
  region size 2048K, 2 young (4096K), 2 survivors (4096K)
 Metaspace       used 33641K, committed 34240K, reserved 1114112K
  class space    used 3440K, committed 3776K, reserved 1048576K
}
Event: 7.201 GC heap before
{Heap before GC invocations=23 (full 0):
 garbage-first heap   total 221184K, used 169232K [0x0000000705e00000, 0x0000000800000000)
  region size 2048K, 40 young (81920K), 2 survivors (4096K)
 Metaspace       used 34968K, committed 35648K, reserved 1114112K
  class space    used 3551K, committed 3904K, reserved 1048576K
}
Event: 7.204 GC heap after
{Heap after GC invocations=24 (full 0):
 garbage-first heap   total 221184K, used 92962K [0x0000000705e00000, 0x0000000800000000)
  region size 2048K, 2 young (4096K), 2 survivors (4096K)
 Metaspace       used 34968K, committed 35648K, reserved 1114112K
  class space    used 3551K, committed 3904K, reserved 1048576K
}

