# JRE version: Java(TM) SE Runtime Environment (19.0.2+7) (build 19.0.2+7-44)
# Java VM: Java HotSpot(TM) 64-Bit Server VM (19.0.2+7-44, mixed mode, sharing, tiered, compressed oops, compressed class ptrs, g1 gc, windows-amd64)
GC Precious Log:
 CardTable entry size: 512
 Card Set container configuration: InlinePtr #cards 4 size 8 Array Of Cards #cards 16 size 48 Howl #buckets 8 coarsen threshold 3686 Howl Bitmap #cards 512 size 80 coarsen threshold 460 Card regions per heap region 1 cards per card region 4096
 CPUs: 16 total, 16 available
 Memory: 16005M
 Large Page Support: Disabled
 NUMA Support: Disabled
 Compressed Oops: Enabled (Zero based)
 Heap Region Size: 2M
 Heap Min Capacity: 8M
 Heap Initial Capacity: 252M
 Heap Max Capacity: 4002M
 Pre-touch: Disabled
 Parallel Workers: 13
 Concurrent Workers: 3
 Concurrent Refinement Workers: 13
 Periodic GC: Disabled
Heap:
 garbage-first heap   total 217088K, used 163200K [0x0000000705e00000, 0x0000000800000000)
  region size 2048K, 46 young (94208K), 8 survivors (16384K)
 Metaspace       used 33452K, committed 34048K, reserved 1114112K
  class space    used 3428K, committed 3776K, reserved 1048576K
GC Heap History (20 events):
Event: 3.477 GC heap before
{Heap before GC invocations=11 (full 0):
 garbage-first heap   total 110592K, used 79590K [0x0000000705e00000, 0x0000000800000000)
  region size 2048K, 15 young (30720K), 1 survivors (2048K)
 Metaspace       used 27568K, committed 28096K, reserved 1114112K
  class space    used 2871K, committed 3136K, reserved 1048576K
}
Event: 3.478 GC heap after
{Heap after GC invocations=12 (full 0):
 garbage-first heap   total 137216K, used 52495K [0x0000000705e00000, 0x0000000800000000)
  region size 2048K, 1 young (2048K), 1 survivors (2048K)
 Metaspace       used 27568K, committed 28096K, reserved 1114112K
  class space    used 2871K, committed 3136K, reserved 1048576K
}
Event: 3.708 GC heap before
{Heap before GC invocations=13 (full 0):
 garbage-first heap   total 137216K, used 99599K [0x0000000705e00000, 0x0000000800000000)
  region size 2048K, 25 young (51200K), 1 survivors (2048K)
 Metaspace       used 28130K, committed 28672K, reserved 1114112K
  class space    used 2949K, committed 3200K, reserved 1048576K
}
Event: 3.709 GC heap after
{Heap after GC invocations=14 (full 0):
 garbage-first heap   total 137216K, used 53004K [0x0000000705e00000, 0x0000000800000000)
  region size 2048K, 1 young (2048K), 1 survivors (2048K)
 Metaspace       used 28130K, committed 28672K, reserved 1114112K
  class space    used 2949K, committed 3200K, reserved 1048576K
}
Event: 3.723 GC heap before
{Heap before GC invocations=14 (full 0):
 garbage-first heap   total 137216K, used 57100K [0x0000000705e00000, 0x0000000800000000)
  region size 2048K, 3 young (6144K), 1 survivors (2048K)
 Metaspace       used 28161K, committed 28672K, reserved 1114112K
  class space    used 2951K, committed 3200K, reserved 1048576K
}
Event: 3.725 GC heap after
{Heap after GC invocations=15 (full 0):
 garbage-first heap   total 137216K, used 52216K [0x0000000705e00000, 0x0000000800000000)
  region size 2048K, 1 young (2048K), 1 survivors (2048K)
 Metaspace       used 28161K, committed 28672K, reserved 1114112K
  class space    used 2951K, committed 3200K, reserved 1048576K
}
Event: 3.837 GC heap before
{Heap before GC invocations=15 (full 0):
 garbage-first heap   total 137216K, used 105464K [0x0000000705e00000, 0x0000000800000000)
  region size 2048K, 27 young (55296K), 1 survivors (2048K)
 Metaspace       used 28409K, committed 28992K, reserved 1114112K
  class space    used 2964K, committed 3264K, reserved 1048576K
}
Event: 3.839 GC heap after
{Heap after GC invocations=16 (full 0):
 garbage-first heap   total 137216K, used 53608K [0x0000000705e00000, 0x0000000800000000)
  region size 2048K, 2 young (4096K), 2 survivors (4096K)
 Metaspace       used 28409K, committed 28992K, reserved 1114112K
  class space    used 2964K, committed 3264K, reserved 1048576K
}
Event: 3.921 GC heap before
{Heap before GC invocations=16 (full 0):
 garbage-first heap   total 137216K, used 106856K [0x0000000705e00000, 0x0000000800000000)
  region size 2048K, 28 young (57344K), 2 survivors (4096K)
 Metaspace       used 28461K, committed 29056K, reserved 1114112K
  class space    used 2966K, committed 3264K, reserved 1048576K
}
Event: 3.923 GC heap after
{Heap after GC invocations=17 (full 0):
 garbage-first heap   total 137216K, used 53660K [0x0000000705e00000, 0x0000000800000000)
  region size 2048K, 2 young (4096K), 2 survivors (4096K)
 Metaspace       used 28461K, committed 29056K, reserved 1114112K
  class space    used 2966K, committed 3264K, reserved 1048576K
}
Event: 4.030 GC heap before
{Heap before GC invocations=17 (full 0):
 garbage-first heap   total 137216K, used 108956K [0x0000000705e00000, 0x0000000800000000)
  region size 2048K, 29 young (59392K), 2 survivors (4096K)
 Metaspace       used 28597K, committed 29120K, reserved 1114112K
  class space    used 2968K, committed 3264K, reserved 1048576K
}
Event: 4.034 GC heap after
{Heap after GC invocations=18 (full 0):
 garbage-first heap   total 137216K, used 54769K [0x0000000705e00000, 0x0000000800000000)
  region size 2048K, 2 young (4096K), 2 survivors (4096K)
 Metaspace       used 28597K, committed 29120K, reserved 1114112K
  class space    used 2968K, committed 3264K, reserved 1048576K
}
Event: 4.113 GC heap before
{Heap before GC invocations=18 (full 0):
 garbage-first heap   total 137216K, used 112113K [0x0000000705e00000, 0x0000000800000000)
  region size 2048K, 30 young (61440K), 2 survivors (4096K)
 Metaspace       used 28623K, committed 29184K, reserved 1114112K
  class space    used 2968K, committed 3264K, reserved 1048576K
}
Event: 4.117 GC heap after
{Heap after GC invocations=19 (full 0):
 garbage-first heap   total 217088K, used 55344K [0x0000000705e00000, 0x0000000800000000)
  region size 2048K, 3 young (6144K), 3 survivors (6144K)
 Metaspace       used 28623K, committed 29184K, reserved 1114112K
  class space    used 2968K, committed 3264K, reserved 1048576K
}
Event: 5.090 GC heap before
{Heap before GC invocations=19 (full 0):
 garbage-first heap   total 217088K, used 174128K [0x0000000705e00000, 0x0000000800000000)
  region size 2048K, 61 young (124928K), 3 survivors (6144K)
 Metaspace       used 31304K, committed 31872K, reserved 1114112K
  class space    used 3218K, committed 3520K, reserved 1048576K
}
Event: 5.095 GC heap after
{Heap after GC invocations=20 (full 0):
 garbage-first heap   total 217088K, used 57264K [0x0000000705e00000, 0x0000000800000000)
  region size 2048K, 3 young (6144K), 3 survivors (6144K)
 Metaspace       used 31304K, committed 31872K, reserved 1114112K
  class space    used 3218K, committed 3520K, reserved 1048576K
}
Event: 5.693 GC heap before
{Heap before GC invocations=20 (full 0):
 garbage-first heap   total 217088K, used 180144K [0x0000000705e00000, 0x0000000800000000)
  region size 2048K, 61 young (124928K), 3 survivors (6144K)
 Metaspace       used 31728K, committed 32320K, reserved 1114112K
  class space    used 3243K, committed 3520K, reserved 1048576K
}
Event: 5.699 GC heap after
{Heap after GC invocations=21 (full 0):
 garbage-first heap   total 217088K, used 66074K [0x0000000705e00000, 0x0000000800000000)
  region size 2048K, 7 young (14336K), 7 survivors (14336K)
 Metaspace       used 31728K, committed 32320K, reserved 1114112K
  class space    used 3243K, committed 3520K, reserved 1048576K
}
Event: 6.304 GC heap before
{Heap before GC invocations=21 (full 0):
 garbage-first heap   total 217088K, used 172570K [0x0000000705e00000, 0x0000000800000000)
  region size 2048K, 60 young (122880K), 7 survivors (14336K)
 Metaspace       used 33133K, committed 33728K, reserved 1114112K
  class space    used 3392K, committed 3712K, reserved 1048576K
}
Event: 6.314 GC heap after
{Heap after GC invocations=22 (full 0):
 garbage-first heap   total 217088K, used 87424K [0x0000000705e00000, 0x0000000800000000)
  region size 2048K, 8 young (16384K), 8 survivors (16384K)
 Metaspace       used 33133K, committed 33728K, reserved 1114112K
  class space    used 3392K, committed 3712K, reserved 1048576K
}

