# JRE version: Java(TM) SE Runtime Environment (19.0.2+7) (build 19.0.2+7-44)
# Java VM: Java HotSpot(TM) 64-Bit Server VM (19.0.2+7-44, mixed mode, sharing, tiered, compressed oops, compressed class ptrs, g1 gc, windows-amd64)
GC Precious Log:
 CardTable entry size: 512
 Card Set container configuration: InlinePtr #cards 4 size 8 Array Of Cards #cards 16 size 48 Howl #buckets 8 coarsen threshold 3686 Howl Bitmap #cards 512 size 80 coarsen threshold 460 Card regions per heap region 1 cards per card region 4096
 CPUs: 16 total, 16 available
 Memory: 16005M
 Large Page Support: Disabled
 NUMA Support: Disabled
 Compressed Oops: Enabled (Zero based)
 Heap Region Size: 2M
 Heap Min Capacity: 8M
 Heap Initial Capacity: 252M
 Heap Max Capacity: 4002M
 Pre-touch: Disabled
 Parallel Workers: 13
 Concurrent Workers: 3
 Concurrent Refinement Workers: 13
 Periodic GC: Disabled
Heap:
 garbage-first heap   total 200704K, used 95855K [0x0000000705e00000, 0x0000000800000000)
  region size 2048K, 5 young (10240K), 2 survivors (4096K)
 Metaspace       used 33741K, committed 34368K, reserved 1114112K
  class space    used 3439K, committed 3776K, reserved 1048576K
GC Heap History (20 events):
Event: 3.829 GC heap before
{Heap before GC invocations=12 (full 0):
 garbage-first heap   total 133120K, used 103748K [0x0000000705e00000, 0x0000000800000000)
  region size 2048K, 26 young (53248K), 1 survivors (2048K)
 Metaspace       used 28553K, committed 29056K, reserved 1114112K
  class space    used 2967K, committed 3264K, reserved 1048576K
}
Event: 3.832 GC heap after
{Heap after GC invocations=13 (full 0):
 garbage-first heap   total 133120K, used 53652K [0x0000000705e00000, 0x0000000800000000)
  region size 2048K, 2 young (4096K), 2 survivors (4096K)
 Metaspace       used 28553K, committed 29056K, reserved 1114112K
  class space    used 2967K, committed 3264K, reserved 1048576K
}
Event: 3.899 GC heap before
{Heap before GC invocations=13 (full 0):
 garbage-first heap   total 133120K, used 104852K [0x0000000705e00000, 0x0000000800000000)
  region size 2048K, 27 young (55296K), 2 survivors (4096K)
 Metaspace       used 28592K, committed 29120K, reserved 1114112K
  class space    used 2968K, committed 3264K, reserved 1048576K
}
Event: 3.902 GC heap after
{Heap after GC invocations=14 (full 0):
 garbage-first heap   total 159744K, used 54407K [0x0000000705e00000, 0x0000000800000000)
  region size 2048K, 2 young (4096K), 2 survivors (4096K)
 Metaspace       used 28592K, committed 29120K, reserved 1114112K
  class space    used 2968K, committed 3264K, reserved 1048576K
}
Event: 4.053 GC heap before
{Heap before GC invocations=14 (full 0):
 garbage-first heap   total 159744K, used 128135K [0x0000000705e00000, 0x0000000800000000)
  region size 2048K, 39 young (79872K), 2 survivors (4096K)
 Metaspace       used 28733K, committed 29312K, reserved 1114112K
  class space    used 2970K, committed 3264K, reserved 1048576K
}
Event: 4.057 GC heap after
{Heap after GC invocations=15 (full 0):
 garbage-first heap   total 159744K, used 55742K [0x0000000705e00000, 0x0000000800000000)
  region size 2048K, 3 young (6144K), 3 survivors (6144K)
 Metaspace       used 28733K, committed 29312K, reserved 1114112K
  class space    used 2970K, committed 3264K, reserved 1048576K
}
Event: 4.162 GC heap before
{Heap before GC invocations=15 (full 0):
 garbage-first heap   total 159744K, used 129470K [0x0000000705e00000, 0x0000000800000000)
  region size 2048K, 39 young (79872K), 3 survivors (6144K)
 Metaspace       used 28814K, committed 29376K, reserved 1114112K
  class space    used 2970K, committed 3264K, reserved 1048576K
}
Event: 4.166 GC heap after
{Heap after GC invocations=16 (full 0):
 garbage-first heap   total 159744K, used 54936K [0x0000000705e00000, 0x0000000800000000)
  region size 2048K, 2 young (4096K), 2 survivors (4096K)
 Metaspace       used 28814K, committed 29376K, reserved 1114112K
  class space    used 2970K, committed 3264K, reserved 1048576K
}
Event: 4.844 GC heap before
{Heap before GC invocations=16 (full 0):
 garbage-first heap   total 159744K, used 132760K [0x0000000705e00000, 0x0000000800000000)
  region size 2048K, 40 young (81920K), 2 survivors (4096K)
 Metaspace       used 31316K, committed 31936K, reserved 1114112K
  class space    used 3217K, committed 3520K, reserved 1048576K
}
Event: 4.850 GC heap after
{Heap after GC invocations=17 (full 0):
 garbage-first heap   total 159744K, used 56882K [0x0000000705e00000, 0x0000000800000000)
  region size 2048K, 3 young (6144K), 3 survivors (6144K)
 Metaspace       used 31316K, committed 31936K, reserved 1114112K
  class space    used 3217K, committed 3520K, reserved 1048576K
}
Event: 5.213 GC heap before
{Heap before GC invocations=17 (full 0):
 garbage-first heap   total 159744K, used 136754K [0x0000000705e00000, 0x0000000800000000)
  region size 2048K, 40 young (81920K), 3 survivors (6144K)
 Metaspace       used 31626K, committed 32192K, reserved 1114112K
  class space    used 3232K, committed 3520K, reserved 1048576K
}
Event: 5.220 GC heap after
{Heap after GC invocations=18 (full 0):
 garbage-first heap   total 159744K, used 60831K [0x0000000705e00000, 0x0000000800000000)
  region size 2048K, 4 young (8192K), 4 survivors (8192K)
 Metaspace       used 31626K, committed 32192K, reserved 1114112K
  class space    used 3232K, committed 3520K, reserved 1048576K
}
Event: 5.512 GC heap before
{Heap before GC invocations=18 (full 0):
 garbage-first heap   total 159744K, used 132511K [0x0000000705e00000, 0x0000000800000000)
  region size 2048K, 39 young (79872K), 4 survivors (8192K)
 Metaspace       used 31815K, committed 32384K, reserved 1114112K
  class space    used 3240K, committed 3520K, reserved 1048576K
}
Event: 5.520 GC heap after
{Heap after GC invocations=19 (full 0):
 garbage-first heap   total 200704K, used 62869K [0x0000000705e00000, 0x0000000800000000)
  region size 2048K, 4 young (8192K), 4 survivors (8192K)
 Metaspace       used 31815K, committed 32384K, reserved 1114112K
  class space    used 3240K, committed 3520K, reserved 1048576K
}
Event: 6.142 GC heap before
{Heap before GC invocations=19 (full 0):
 garbage-first heap   total 200704K, used 167317K [0x0000000705e00000, 0x0000000800000000)
  region size 2048K, 55 young (112640K), 4 survivors (8192K)
 Metaspace       used 32011K, committed 32640K, reserved 1114112K
  class space    used 3249K, committed 3584K, reserved 1048576K
}
Event: 6.152 GC heap after
{Heap after GC invocations=20 (full 0):
 garbage-first heap   total 200704K, used 86635K [0x0000000705e00000, 0x0000000800000000)
  region size 2048K, 7 young (14336K), 7 survivors (14336K)
 Metaspace       used 32011K, committed 32640K, reserved 1114112K
  class space    used 3249K, committed 3584K, reserved 1048576K
}
Event: 6.621 GC heap before
{Heap before GC invocations=20 (full 0):
 garbage-first heap   total 200704K, used 152171K [0x0000000705e00000, 0x0000000800000000)
  region size 2048K, 39 young (79872K), 7 survivors (14336K)
 Metaspace       used 33613K, committed 34176K, reserved 1114112K
  class space    used 3430K, committed 3712K, reserved 1048576K
}
Event: 6.627 GC heap after
{Heap after GC invocations=21 (full 0):
 garbage-first heap   total 200704K, used 91595K [0x0000000705e00000, 0x0000000800000000)
  region size 2048K, 2 young (4096K), 2 survivors (4096K)
 Metaspace       used 33613K, committed 34176K, reserved 1114112K
  class space    used 3430K, committed 3712K, reserved 1048576K
}
Event: 6.816 GC heap before
{Heap before GC invocations=21 (full 0):
 garbage-first heap   total 200704K, used 157131K [0x0000000705e00000, 0x0000000800000000)
  region size 2048K, 34 young (69632K), 2 survivors (4096K)
 Metaspace       used 33738K, committed 34368K, reserved 1114112K
  class space    used 3439K, committed 3776K, reserved 1048576K
}
Event: 6.819 GC heap after
{Heap after GC invocations=22 (full 0):
 garbage-first heap   total 200704K, used 91759K [0x0000000705e00000, 0x0000000800000000)
  region size 2048K, 2 young (4096K), 2 survivors (4096K)
 Metaspace       used 33738K, committed 34368K, reserved 1114112K
  class space    used 3439K, committed 3776K, reserved 1048576K
}

