# JRE version: Java(TM) SE Runtime Environment (19.0.2+7) (build 19.0.2+7-44)
# Java VM: Java HotSpot(TM) 64-Bit Server VM (19.0.2+7-44, mixed mode, sharing, tiered, compressed oops, compressed class ptrs, g1 gc, windows-amd64)
GC Precious Log:
 CardTable entry size: 512
 Card Set container configuration: InlinePtr #cards 4 size 8 Array Of Cards #cards 16 size 48 Howl #buckets 8 coarsen threshold 3686 Howl Bitmap #cards 512 size 80 coarsen threshold 460 Card regions per heap region 1 cards per card region 4096
 CPUs: 16 total, 16 available
 Memory: 16005M
 Large Page Support: Disabled
 NUMA Support: Disabled
 Compressed Oops: Enabled (Zero based)
 Heap Region Size: 2M
 Heap Min Capacity: 8M
 Heap Initial Capacity: 252M
 Heap Max Capacity: 4002M
 Pre-touch: Disabled
 Parallel Workers: 13
 Concurrent Workers: 3
 Concurrent Refinement Workers: 13
 Periodic GC: Disabled
Heap:
 garbage-first heap   total 270336K, used 167225K [0x0000000705e00000, 0x0000000800000000)
  region size 2048K, 57 young (116736K), 2 survivors (4096K)
 Metaspace       used 31197K, committed 31808K, reserved 1114112K
  class space    used 3227K, committed 3520K, reserved 1048576K
GC Heap History (20 events):
Event: 3.383 GC heap before
{Heap before GC invocations=7 (full 0):
 garbage-first heap   total 75776K, used 52947K [0x0000000705e00000, 0x0000000800000000)
  region size 2048K, 10 young (20480K), 2 survivors (4096K)
 Metaspace       used 24549K, committed 24960K, reserved 1114112K
  class space    used 2590K, committed 2752K, reserved 1048576K
}
Event: 3.387 GC heap after
{Heap after GC invocations=8 (full 0):
 garbage-first heap   total 75776K, used 40960K [0x0000000705e00000, 0x0000000800000000)
  region size 2048K, 2 young (4096K), 2 survivors (4096K)
 Metaspace       used 24549K, committed 24960K, reserved 1114112K
  class space    used 2590K, committed 2752K, reserved 1048576K
}
Event: 3.473 GC heap before
{Heap before GC invocations=8 (full 0):
 garbage-first heap   total 75776K, used 55296K [0x0000000705e00000, 0x0000000800000000)
  region size 2048K, 9 young (18432K), 2 survivors (4096K)
 Metaspace       used 25041K, committed 25536K, reserved 1114112K
  class space    used 2648K, committed 2880K, reserved 1048576K
}
Event: 3.477 GC heap after
{Heap after GC invocations=9 (full 0):
 garbage-first heap   total 75776K, used 43888K [0x0000000705e00000, 0x0000000800000000)
  region size 2048K, 2 young (4096K), 2 survivors (4096K)
 Metaspace       used 25041K, committed 25536K, reserved 1114112K
  class space    used 2648K, committed 2880K, reserved 1048576K
}
Event: 3.533 GC heap before
{Heap before GC invocations=10 (full 0):
 garbage-first heap   total 79872K, used 56176K [0x0000000705e00000, 0x0000000800000000)
  region size 2048K, 8 young (16384K), 2 survivors (4096K)
 Metaspace       used 25186K, committed 25600K, reserved 1114112K
  class space    used 2650K, committed 2880K, reserved 1048576K
}
Event: 3.536 GC heap after
{Heap after GC invocations=11 (full 0):
 garbage-first heap   total 79872K, used 45721K [0x0000000705e00000, 0x0000000800000000)
  region size 2048K, 1 young (2048K), 1 survivors (2048K)
 Metaspace       used 25186K, committed 25600K, reserved 1114112K
  class space    used 2650K, committed 2880K, reserved 1048576K
}
Event: 3.548 GC heap before
{Heap before GC invocations=11 (full 0):
 garbage-first heap   total 79872K, used 47769K [0x0000000705e00000, 0x0000000800000000)
  region size 2048K, 2 young (4096K), 1 survivors (2048K)
 Metaspace       used 25235K, committed 25664K, reserved 1114112K
  class space    used 2651K, committed 2880K, reserved 1048576K
}
Event: 3.550 GC heap after
{Heap after GC invocations=12 (full 0):
 garbage-first heap   total 159744K, used 45336K [0x0000000705e00000, 0x0000000800000000)
  region size 2048K, 1 young (2048K), 1 survivors (2048K)
 Metaspace       used 25235K, committed 25664K, reserved 1114112K
  class space    used 2651K, committed 2880K, reserved 1048576K
}
Event: 4.277 GC heap before
{Heap before GC invocations=12 (full 0):
 garbage-first heap   total 159744K, used 110872K [0x0000000705e00000, 0x0000000800000000)
  region size 2048K, 33 young (67584K), 1 survivors (2048K)
 Metaspace       used 27548K, committed 28032K, reserved 1114112K
  class space    used 2871K, committed 3136K, reserved 1048576K
}
Event: 4.283 GC heap after
{Heap after GC invocations=13 (full 0):
 garbage-first heap   total 159744K, used 52606K [0x0000000705e00000, 0x0000000800000000)
  region size 2048K, 3 young (6144K), 3 survivors (6144K)
 Metaspace       used 27548K, committed 28032K, reserved 1114112K
  class space    used 2871K, committed 3136K, reserved 1048576K
}
Event: 4.504 GC heap before
{Heap before GC invocations=13 (full 0):
 garbage-first heap   total 159744K, used 116094K [0x0000000705e00000, 0x0000000800000000)
  region size 2048K, 34 young (69632K), 3 survivors (6144K)
 Metaspace       used 27757K, committed 28224K, reserved 1114112K
  class space    used 2883K, committed 3136K, reserved 1048576K
}
Event: 4.510 GC heap after
{Heap after GC invocations=14 (full 0):
 garbage-first heap   total 159744K, used 53410K [0x0000000705e00000, 0x0000000800000000)
  region size 2048K, 1 young (2048K), 1 survivors (2048K)
 Metaspace       used 27757K, committed 28224K, reserved 1114112K
  class space    used 2883K, committed 3136K, reserved 1048576K
}
Event: 5.102 GC heap before
{Heap before GC invocations=14 (full 0):
 garbage-first heap   total 159744K, used 118946K [0x0000000705e00000, 0x0000000800000000)
  region size 2048K, 33 young (67584K), 1 survivors (2048K)
 Metaspace       used 28426K, committed 28928K, reserved 1114112K
  class space    used 2966K, committed 3264K, reserved 1048576K
}
Event: 5.104 GC heap after
{Heap after GC invocations=15 (full 0):
 garbage-first heap   total 159744K, used 53771K [0x0000000705e00000, 0x0000000800000000)
  region size 2048K, 1 young (2048K), 1 survivors (2048K)
 Metaspace       used 28426K, committed 28928K, reserved 1114112K
  class space    used 2966K, committed 3264K, reserved 1048576K
}
Event: 5.311 GC heap before
{Heap before GC invocations=15 (full 0):
 garbage-first heap   total 159744K, used 123403K [0x0000000705e00000, 0x0000000800000000)
  region size 2048K, 35 young (71680K), 1 survivors (2048K)
 Metaspace       used 28602K, committed 29120K, reserved 1114112K
  class space    used 2971K, committed 3264K, reserved 1048576K
}
Event: 5.315 GC heap after
{Heap after GC invocations=16 (full 0):
 garbage-first heap   total 159744K, used 55302K [0x0000000705e00000, 0x0000000800000000)
  region size 2048K, 2 young (4096K), 2 survivors (4096K)
 Metaspace       used 28602K, committed 29120K, reserved 1114112K
  class space    used 2971K, committed 3264K, reserved 1048576K
}
Event: 5.755 GC heap before
{Heap before GC invocations=16 (full 0):
 garbage-first heap   total 159744K, used 124934K [0x0000000705e00000, 0x0000000800000000)
  region size 2048K, 36 young (73728K), 2 survivors (4096K)
 Metaspace       used 28676K, committed 29248K, reserved 1114112K
  class space    used 2974K, committed 3264K, reserved 1048576K
}
Event: 5.761 GC heap after
{Heap after GC invocations=17 (full 0):
 garbage-first heap   total 159744K, used 56772K [0x0000000705e00000, 0x0000000800000000)
  region size 2048K, 3 young (6144K), 3 survivors (6144K)
 Metaspace       used 28676K, committed 29248K, reserved 1114112K
  class space    used 2974K, committed 3264K, reserved 1048576K
}
Event: 6.333 GC heap before
{Heap before GC invocations=17 (full 0):
 garbage-first heap   total 159744K, used 126404K [0x0000000705e00000, 0x0000000800000000)
  region size 2048K, 37 young (75776K), 3 survivors (6144K)
 Metaspace       used 28787K, committed 29376K, reserved 1114112K
  class space    used 2974K, committed 3264K, reserved 1048576K
}
Event: 6.338 GC heap after
{Heap after GC invocations=18 (full 0):
 garbage-first heap   total 270336K, used 56633K [0x0000000705e00000, 0x0000000800000000)
  region size 2048K, 2 young (4096K), 2 survivors (4096K)
 Metaspace       used 28787K, committed 29376K, reserved 1114112K
  class space    used 2974K, committed 3264K, reserved 1048576K
}

