# JRE version: Java(TM) SE Runtime Environment (19.0.2+7) (build 19.0.2+7-44)
# Java VM: Java HotSpot(TM) 64-Bit Server VM (19.0.2+7-44, mixed mode, sharing, tiered, compressed oops, compressed class ptrs, g1 gc, windows-amd64)
GC Precious Log:
 CardTable entry size: 512
 Card Set container configuration: InlinePtr #cards 4 size 8 Array Of Cards #cards 16 size 48 Howl #buckets 8 coarsen threshold 3686 Howl Bitmap #cards 512 size 80 coarsen threshold 460 Card regions per heap region 1 cards per card region 4096
 CPUs: 16 total, 16 available
 Memory: 16005M
 Large Page Support: Disabled
 NUMA Support: Disabled
 Compressed Oops: Enabled (Zero based)
 Heap Region Size: 2M
 Heap Min Capacity: 8M
 Heap Initial Capacity: 252M
 Heap Max Capacity: 4002M
 Pre-touch: Disabled
 Parallel Workers: 13
 Concurrent Workers: 3
 Concurrent Refinement Workers: 13
 Periodic GC: Disabled
Heap:
 garbage-first heap   total 143360K, used 66722K [0x0000000705e00000, 0x0000000800000000)
  region size 2048K, 10 young (20480K), 2 survivors (4096K)
 Metaspace       used 27688K, committed 28224K, reserved 1114112K
  class space    used 2871K, committed 3136K, reserved 1048576K
GC Heap History (20 events):
Event: 2.669 GC heap before
{Heap before GC invocations=2 (full 0):
 garbage-first heap   total 258048K, used 169702K [0x0000000705e00000, 0x0000000800000000)
  region size 2048K, 68 young (139264K), 2 survivors (4096K)
 Metaspace       used 21144K, committed 21504K, reserved 1114112K
  class space    used 2271K, committed 2496K, reserved 1048576K
}
Event: 2.679 GC heap after
{Heap after GC invocations=3 (full 0):
 garbage-first heap   total 258048K, used 15684K [0x0000000705e00000, 0x0000000800000000)
  region size 2048K, 6 young (12288K), 6 survivors (12288K)
 Metaspace       used 21144K, committed 21504K, reserved 1114112K
  class space    used 2271K, committed 2496K, reserved 1048576K
}
Event: 2.984 GC heap before
{Heap before GC invocations=4 (full 0):
 garbage-first heap   total 61440K, used 40260K [0x0000000705e00000, 0x0000000800000000)
  region size 2048K, 18 young (36864K), 6 survivors (12288K)
 Metaspace       used 23637K, committed 24064K, reserved 1114112K
  class space    used 2492K, committed 2688K, reserved 1048576K
}
Event: 2.991 GC heap after
{Heap after GC invocations=5 (full 0):
 garbage-first heap   total 63488K, used 24971K [0x0000000705e00000, 0x0000000800000000)
  region size 2048K, 3 young (6144K), 3 survivors (6144K)
 Metaspace       used 23637K, committed 24064K, reserved 1114112K
  class space    used 2492K, committed 2688K, reserved 1048576K
}
Event: 3.006 GC heap before
{Heap before GC invocations=5 (full 0):
 garbage-first heap   total 63488K, used 27019K [0x0000000705e00000, 0x0000000800000000)
  region size 2048K, 4 young (8192K), 3 survivors (6144K)
 Metaspace       used 23640K, committed 24064K, reserved 1114112K
  class space    used 2492K, committed 2688K, reserved 1048576K
}
Event: 3.010 GC heap after
{Heap after GC invocations=6 (full 0):
 garbage-first heap   total 63488K, used 26040K [0x0000000705e00000, 0x0000000800000000)
  region size 2048K, 1 young (2048K), 1 survivors (2048K)
 Metaspace       used 23640K, committed 24064K, reserved 1114112K
  class space    used 2492K, committed 2688K, reserved 1048576K
}
Event: 3.223 GC heap before
{Heap before GC invocations=6 (full 0):
 garbage-first heap   total 63488K, used 40376K [0x0000000705e00000, 0x0000000800000000)
  region size 2048K, 9 young (18432K), 1 survivors (2048K)
 Metaspace       used 24404K, committed 24768K, reserved 1114112K
  class space    used 2578K, committed 2752K, reserved 1048576K
}
Event: 3.226 GC heap after
{Heap after GC invocations=7 (full 0):
 garbage-first heap   total 63488K, used 30289K [0x0000000705e00000, 0x0000000800000000)
  region size 2048K, 2 young (4096K), 2 survivors (4096K)
 Metaspace       used 24404K, committed 24768K, reserved 1114112K
  class space    used 2578K, committed 2752K, reserved 1048576K
}
Event: 3.482 GC heap before
{Heap before GC invocations=7 (full 0):
 garbage-first heap   total 63488K, used 44625K [0x0000000705e00000, 0x0000000800000000)
  region size 2048K, 9 young (18432K), 2 survivors (4096K)
 Metaspace       used 24464K, committed 24832K, reserved 1114112K
  class space    used 2578K, committed 2752K, reserved 1048576K
}
Event: 3.487 GC heap after
{Heap after GC invocations=8 (full 0):
 garbage-first heap   total 63488K, used 35361K [0x0000000705e00000, 0x0000000800000000)
  region size 2048K, 2 young (4096K), 2 survivors (4096K)
 Metaspace       used 24464K, committed 24832K, reserved 1114112K
  class space    used 2578K, committed 2752K, reserved 1048576K
}
Event: 3.544 GC heap before
{Heap before GC invocations=8 (full 0):
 garbage-first heap   total 63488K, used 43553K [0x0000000705e00000, 0x0000000800000000)
  region size 2048K, 7 young (14336K), 2 survivors (4096K)
 Metaspace       used 24468K, committed 24832K, reserved 1114112K
  class space    used 2578K, committed 2752K, reserved 1048576K
}
Event: 3.546 GC heap after
{Heap after GC invocations=9 (full 0):
 garbage-first heap   total 161792K, used 38138K [0x0000000705e00000, 0x0000000800000000)
  region size 2048K, 1 young (2048K), 1 survivors (2048K)
 Metaspace       used 24468K, committed 24832K, reserved 1114112K
  class space    used 2578K, committed 2752K, reserved 1048576K
}
Event: 3.843 GC heap before
{Heap before GC invocations=10 (full 0):
 garbage-first heap   total 143360K, used 95482K [0x0000000705e00000, 0x0000000800000000)
  region size 2048K, 28 young (57344K), 1 survivors (2048K)
 Metaspace       used 25361K, committed 25792K, reserved 1114112K
  class space    used 2644K, committed 2880K, reserved 1048576K
}
Event: 3.851 GC heap after
{Heap after GC invocations=11 (full 0):
 garbage-first heap   total 143360K, used 50426K [0x0000000705e00000, 0x0000000800000000)
  region size 2048K, 4 young (8192K), 4 survivors (8192K)
 Metaspace       used 25361K, committed 25792K, reserved 1114112K
  class space    used 2644K, committed 2880K, reserved 1048576K
}
Event: 3.875 GC heap before
{Heap before GC invocations=11 (full 0):
 garbage-first heap   total 143360K, used 52474K [0x0000000705e00000, 0x0000000800000000)
  region size 2048K, 5 young (10240K), 4 survivors (8192K)
 Metaspace       used 25366K, committed 25792K, reserved 1114112K
  class space    used 2644K, committed 2880K, reserved 1048576K
}
Event: 3.880 GC heap after
{Heap after GC invocations=12 (full 0):
 garbage-first heap   total 143360K, used 50926K [0x0000000705e00000, 0x0000000800000000)
  region size 2048K, 1 young (2048K), 1 survivors (2048K)
 Metaspace       used 25366K, committed 25792K, reserved 1114112K
  class space    used 2644K, committed 2880K, reserved 1048576K
}
Event: 4.401 GC heap before
{Heap before GC invocations=12 (full 0):
 garbage-first heap   total 143360K, used 89838K [0x0000000705e00000, 0x0000000800000000)
  region size 2048K, 21 young (43008K), 1 survivors (2048K)
 Metaspace       used 27484K, committed 27904K, reserved 1114112K
  class space    used 2860K, committed 3072K, reserved 1048576K
}
Event: 4.403 GC heap after
{Heap after GC invocations=13 (full 0):
 garbage-first heap   total 143360K, used 52162K [0x0000000705e00000, 0x0000000800000000)
  region size 2048K, 2 young (4096K), 2 survivors (4096K)
 Metaspace       used 27484K, committed 27904K, reserved 1114112K
  class space    used 2860K, committed 3072K, reserved 1048576K
}
Event: 4.522 GC heap before
{Heap before GC invocations=13 (full 0):
 garbage-first heap   total 143360K, used 95170K [0x0000000705e00000, 0x0000000800000000)
  region size 2048K, 23 young (47104K), 2 survivors (4096K)
 Metaspace       used 27670K, committed 28160K, reserved 1114112K
  class space    used 2869K, committed 3136K, reserved 1048576K
}
Event: 4.525 GC heap after
{Heap after GC invocations=14 (full 0):
 garbage-first heap   total 143360K, used 52386K [0x0000000705e00000, 0x0000000800000000)
  region size 2048K, 2 young (4096K), 2 survivors (4096K)
 Metaspace       used 27670K, committed 28160K, reserved 1114112K
  class space    used 2869K, committed 3136K, reserved 1048576K
}

