# JRE version: Java(TM) SE Runtime Environment (19.0.2+7) (build 19.0.2+7-44)
# Java VM: Java HotSpot(TM) 64-Bit Server VM (19.0.2+7-44, mixed mode, sharing, tiered, compressed oops, compressed class ptrs, g1 gc, windows-amd64)
GC Precious Log:
 CardTable entry size: 512
 Card Set container configuration: InlinePtr #cards 4 size 8 Array Of Cards #cards 16 size 48 Howl #buckets 8 coarsen threshold 3686 Howl Bitmap #cards 512 size 80 coarsen threshold 460 Card regions per heap region 1 cards per card region 4096
 CPUs: 16 total, 16 available
 Memory: 16005M
 Large Page Support: Disabled
 NUMA Support: Disabled
 Compressed Oops: Enabled (Zero based)
 Heap Region Size: 2M
 Heap Min Capacity: 8M
 Heap Initial Capacity: 252M
 Heap Max Capacity: 4002M
 Pre-touch: Disabled
 Parallel Workers: 13
 Concurrent Workers: 3
 Concurrent Refinement Workers: 13
 Periodic GC: Disabled
Heap:
 garbage-first heap   total 256000K, used 99392K [0x0000000705e00000, 0x0000000800000000)
  region size 2048K, 6 young (12288K), 1 survivors (2048K)
 Metaspace       used 33847K, committed 34432K, reserved 1114112K
  class space    used 3452K, committed 3776K, reserved 1048576K
GC Heap History (20 events):
Event: 3.704 GC heap before
{Heap before GC invocations=11 (full 0):
 garbage-first heap   total 131072K, used 95077K [0x0000000705e00000, 0x0000000800000000)
  region size 2048K, 23 young (47104K), 2 survivors (4096K)
 Metaspace       used 27722K, committed 28224K, reserved 1114112K
  class space    used 2882K, committed 3136K, reserved 1048576K
}
Event: 3.706 GC heap after
{Heap after GC invocations=12 (full 0):
 garbage-first heap   total 157696K, used 52157K [0x0000000705e00000, 0x0000000800000000)
  region size 2048K, 2 young (4096K), 2 survivors (4096K)
 Metaspace       used 27722K, committed 28224K, reserved 1114112K
  class space    used 2882K, committed 3136K, reserved 1048576K
}
Event: 3.982 GC heap before
{Heap before GC invocations=12 (full 0):
 garbage-first heap   total 157696K, used 117693K [0x0000000705e00000, 0x0000000800000000)
  region size 2048K, 34 young (69632K), 2 survivors (4096K)
 Metaspace       used 28493K, committed 29056K, reserved 1114112K
  class space    used 2970K, committed 3264K, reserved 1048576K
}
Event: 3.986 GC heap after
{Heap after GC invocations=13 (full 0):
 garbage-first heap   total 157696K, used 53363K [0x0000000705e00000, 0x0000000800000000)
  region size 2048K, 2 young (4096K), 2 survivors (4096K)
 Metaspace       used 28493K, committed 29056K, reserved 1114112K
  class space    used 2970K, committed 3264K, reserved 1048576K
}
Event: 4.074 GC heap before
{Heap before GC invocations=13 (full 0):
 garbage-first heap   total 157696K, used 120947K [0x0000000705e00000, 0x0000000800000000)
  region size 2048K, 35 young (71680K), 2 survivors (4096K)
 Metaspace       used 28591K, committed 29120K, reserved 1114112K
  class space    used 2973K, committed 3264K, reserved 1048576K
}
Event: 4.079 GC heap after
{Heap after GC invocations=14 (full 0):
 garbage-first heap   total 157696K, used 54438K [0x0000000705e00000, 0x0000000800000000)
  region size 2048K, 3 young (6144K), 3 survivors (6144K)
 Metaspace       used 28591K, committed 29120K, reserved 1114112K
  class space    used 2973K, committed 3264K, reserved 1048576K
}
Event: 4.196 GC heap before
{Heap before GC invocations=14 (full 0):
 garbage-first heap   total 157696K, used 124070K [0x0000000705e00000, 0x0000000800000000)
  region size 2048K, 37 young (75776K), 3 survivors (6144K)
 Metaspace       used 28679K, committed 29248K, reserved 1114112K
  class space    used 2975K, committed 3264K, reserved 1048576K
}
Event: 4.203 GC heap after
{Heap after GC invocations=15 (full 0):
 garbage-first heap   total 157696K, used 55855K [0x0000000705e00000, 0x0000000800000000)
  region size 2048K, 4 young (8192K), 4 survivors (8192K)
 Metaspace       used 28679K, committed 29248K, reserved 1114112K
  class space    used 2975K, committed 3264K, reserved 1048576K
}
Event: 4.368 GC heap before
{Heap before GC invocations=15 (full 0):
 garbage-first heap   total 157696K, used 125487K [0x0000000705e00000, 0x0000000800000000)
  region size 2048K, 38 young (77824K), 4 survivors (8192K)
 Metaspace       used 28758K, committed 29376K, reserved 1114112K
  class space    used 2977K, committed 3264K, reserved 1048576K
}
Event: 4.375 GC heap after
{Heap after GC invocations=16 (full 0):
 garbage-first heap   total 212992K, used 56072K [0x0000000705e00000, 0x0000000800000000)
  region size 2048K, 3 young (6144K), 3 survivors (6144K)
 Metaspace       used 28758K, committed 29376K, reserved 1114112K
  class space    used 2977K, committed 3264K, reserved 1048576K
}
Event: 5.281 GC heap before
{Heap before GC invocations=16 (full 0):
 garbage-first heap   total 212992K, used 170760K [0x0000000705e00000, 0x0000000800000000)
  region size 2048K, 59 young (120832K), 3 survivors (6144K)
 Metaspace       used 31431K, committed 32064K, reserved 1114112K
  class space    used 3236K, committed 3520K, reserved 1048576K
}
Event: 5.285 GC heap after
{Heap after GC invocations=17 (full 0):
 garbage-first heap   total 212992K, used 57574K [0x0000000705e00000, 0x0000000800000000)
  region size 2048K, 3 young (6144K), 3 survivors (6144K)
 Metaspace       used 31431K, committed 32064K, reserved 1114112K
  class space    used 3236K, committed 3520K, reserved 1048576K
}
Event: 5.789 GC heap before
{Heap before GC invocations=17 (full 0):
 garbage-first heap   total 212992K, used 178406K [0x0000000705e00000, 0x0000000800000000)
  region size 2048K, 60 young (122880K), 3 survivors (6144K)
 Metaspace       used 31777K, committed 32384K, reserved 1114112K
  class space    used 3249K, committed 3520K, reserved 1048576K
}
Event: 5.795 GC heap after
{Heap after GC invocations=18 (full 0):
 garbage-first heap   total 212992K, used 62979K [0x0000000705e00000, 0x0000000800000000)
  region size 2048K, 5 young (10240K), 5 survivors (10240K)
 Metaspace       used 31777K, committed 32384K, reserved 1114112K
  class space    used 3249K, committed 3520K, reserved 1048576K
}
Event: 6.481 GC heap before
{Heap before GC invocations=18 (full 0):
 garbage-first heap   total 212992K, used 171523K [0x0000000705e00000, 0x0000000800000000)
  region size 2048K, 59 young (120832K), 5 survivors (10240K)
 Metaspace       used 32103K, committed 32704K, reserved 1114112K
  class space    used 3260K, committed 3584K, reserved 1048576K
}
Event: 6.490 GC heap after
{Heap after GC invocations=19 (full 0):
 garbage-first heap   total 212992K, used 82866K [0x0000000705e00000, 0x0000000800000000)
  region size 2048K, 8 young (16384K), 8 survivors (16384K)
 Metaspace       used 32103K, committed 32704K, reserved 1114112K
  class space    used 3260K, committed 3584K, reserved 1048576K
}
Event: 6.971 GC heap before
{Heap before GC invocations=19 (full 0):
 garbage-first heap   total 212992K, used 160690K [0x0000000705e00000, 0x0000000800000000)
  region size 2048K, 46 young (94208K), 8 survivors (16384K)
 Metaspace       used 33471K, committed 34048K, reserved 1114112K
  class space    used 3407K, committed 3712K, reserved 1048576K
}
Event: 6.979 GC heap after
{Heap after GC invocations=20 (full 0):
 garbage-first heap   total 212992K, used 90145K [0x0000000705e00000, 0x0000000800000000)
  region size 2048K, 4 young (8192K), 4 survivors (8192K)
 Metaspace       used 33471K, committed 34048K, reserved 1114112K
  class space    used 3407K, committed 3712K, reserved 1048576K
}
Event: 7.160 GC heap before
{Heap before GC invocations=20 (full 0):
 garbage-first heap   total 212992K, used 161825K [0x0000000705e00000, 0x0000000800000000)
  region size 2048K, 39 young (79872K), 4 survivors (8192K)
 Metaspace       used 33772K, committed 34432K, reserved 1114112K
  class space    used 3444K, committed 3776K, reserved 1048576K
}
Event: 7.163 GC heap after
{Heap after GC invocations=21 (full 0):
 garbage-first heap   total 256000K, used 91200K [0x0000000705e00000, 0x0000000800000000)
  region size 2048K, 1 young (2048K), 1 survivors (2048K)
 Metaspace       used 33772K, committed 34432K, reserved 1114112K
  class space    used 3444K, committed 3776K, reserved 1048576K
}

