# JRE version: Java(TM) SE Runtime Environment (19.0.2+7) (build 19.0.2+7-44)
# Java VM: Java HotSpot(TM) 64-Bit Server VM (19.0.2+7-44, mixed mode, sharing, tiered, compressed oops, compressed class ptrs, g1 gc, windows-amd64)
GC Precious Log:
 CardTable entry size: 512
 Card Set container configuration: InlinePtr #cards 4 size 8 Array Of Cards #cards 16 size 48 Howl #buckets 8 coarsen threshold 3686 Howl Bitmap #cards 512 size 80 coarsen threshold 460 Card regions per heap region 1 cards per card region 4096
 CPUs: 16 total, 16 available
 Memory: 16005M
 Large Page Support: Disabled
 NUMA Support: Disabled
 Compressed Oops: Enabled (Zero based)
 Heap Region Size: 2M
 Heap Min Capacity: 8M
 Heap Initial Capacity: 252M
 Heap Max Capacity: 4002M
 Pre-touch: Disabled
 Parallel Workers: 13
 Concurrent Workers: 3
 Concurrent Refinement Workers: 13
 Periodic GC: Disabled
Heap:
 garbage-first heap   total 272384K, used 90522K [0x0000000705e00000, 0x0000000800000000)
  region size 2048K, 1 young (2048K), 1 survivors (2048K)
 Metaspace       used 33462K, committed 34048K, reserved 1114112K
  class space    used 3426K, committed 3712K, reserved 1048576K
GC Heap History (20 events):
Event: 3.069 GC heap after
{Heap after GC invocations=12 (full 0):
 garbage-first heap   total 114688K, used 52518K [0x0000000705e00000, 0x0000000800000000)
  region size 2048K, 1 young (2048K), 1 survivors (2048K)
 Metaspace       used 25942K, committed 26368K, reserved 1114112K
  class space    used 2699K, committed 2944K, reserved 1048576K
}
Event: 3.389 GC heap before
{Heap before GC invocations=12 (full 0):
 garbage-first heap   total 114688K, used 79142K [0x0000000705e00000, 0x0000000800000000)
  region size 2048K, 15 young (30720K), 1 survivors (2048K)
 Metaspace       used 27386K, committed 27840K, reserved 1114112K
  class space    used 2857K, committed 3072K, reserved 1048576K
}
Event: 3.391 GC heap after
{Heap after GC invocations=13 (full 0):
 garbage-first heap   total 114688K, used 52731K [0x0000000705e00000, 0x0000000800000000)
  region size 2048K, 1 young (2048K), 1 survivors (2048K)
 Metaspace       used 27386K, committed 27840K, reserved 1114112K
  class space    used 2857K, committed 3072K, reserved 1048576K
}
Event: 3.526 GC heap before
{Heap before GC invocations=14 (full 0):
 garbage-first heap   total 114688K, used 83451K [0x0000000705e00000, 0x0000000800000000)
  region size 2048K, 16 young (32768K), 1 survivors (2048K)
 Metaspace       used 27553K, committed 28096K, reserved 1114112K
  class space    used 2864K, committed 3136K, reserved 1048576K
}
Event: 3.528 GC heap after
{Heap after GC invocations=15 (full 0):
 garbage-first heap   total 114688K, used 52638K [0x0000000705e00000, 0x0000000800000000)
  region size 2048K, 1 young (2048K), 1 survivors (2048K)
 Metaspace       used 27553K, committed 28096K, reserved 1114112K
  class space    used 2864K, committed 3136K, reserved 1048576K
}
Event: 3.533 GC heap before
{Heap before GC invocations=15 (full 0):
 garbage-first heap   total 114688K, used 54686K [0x0000000705e00000, 0x0000000800000000)
  region size 2048K, 2 young (4096K), 1 survivors (2048K)
 Metaspace       used 27565K, committed 28096K, reserved 1114112K
  class space    used 2866K, committed 3136K, reserved 1048576K
}
Event: 3.535 GC heap after
{Heap after GC invocations=16 (full 0):
 garbage-first heap   total 114688K, used 51861K [0x0000000705e00000, 0x0000000800000000)
  region size 2048K, 1 young (2048K), 1 survivors (2048K)
 Metaspace       used 27565K, committed 28096K, reserved 1114112K
  class space    used 2866K, committed 3136K, reserved 1048576K
}
Event: 3.599 GC heap before
{Heap before GC invocations=16 (full 0):
 garbage-first heap   total 114688K, used 82581K [0x0000000705e00000, 0x0000000800000000)
  region size 2048K, 17 young (34816K), 1 survivors (2048K)
 Metaspace       used 27598K, committed 28096K, reserved 1114112K
  class space    used 2869K, committed 3136K, reserved 1048576K
}
Event: 3.601 GC heap after
{Heap after GC invocations=17 (full 0):
 garbage-first heap   total 229376K, used 51858K [0x0000000705e00000, 0x0000000800000000)
  region size 2048K, 1 young (2048K), 1 survivors (2048K)
 Metaspace       used 27598K, committed 28096K, reserved 1114112K
  class space    used 2869K, committed 3136K, reserved 1048576K
}
Event: 3.978 GC heap before
{Heap before GC invocations=17 (full 0):
 garbage-first heap   total 229376K, used 162450K [0x0000000705e00000, 0x0000000800000000)
  region size 2048K, 55 young (112640K), 1 survivors (2048K)
 Metaspace       used 28441K, committed 29056K, reserved 1114112K
  class space    used 2960K, committed 3264K, reserved 1048576K
}
Event: 3.980 GC heap after
{Heap after GC invocations=18 (full 0):
 garbage-first heap   total 229376K, used 53867K [0x0000000705e00000, 0x0000000800000000)
  region size 2048K, 2 young (4096K), 2 survivors (4096K)
 Metaspace       used 28441K, committed 29056K, reserved 1114112K
  class space    used 2960K, committed 3264K, reserved 1048576K
}
Event: 4.164 GC heap before
{Heap before GC invocations=18 (full 0):
 garbage-first heap   total 229376K, used 168555K [0x0000000705e00000, 0x0000000800000000)
  region size 2048K, 58 young (118784K), 2 survivors (4096K)
 Metaspace       used 28609K, committed 29184K, reserved 1114112K
  class space    used 2963K, committed 3264K, reserved 1048576K
}
Event: 4.167 GC heap after
{Heap after GC invocations=19 (full 0):
 garbage-first heap   total 229376K, used 55058K [0x0000000705e00000, 0x0000000800000000)
  region size 2048K, 2 young (4096K), 2 survivors (4096K)
 Metaspace       used 28609K, committed 29184K, reserved 1114112K
  class space    used 2963K, committed 3264K, reserved 1048576K
}
Event: 4.974 GC heap before
{Heap before GC invocations=19 (full 0):
 garbage-first heap   total 229376K, used 175890K [0x0000000705e00000, 0x0000000800000000)
  region size 2048K, 61 young (124928K), 2 survivors (4096K)
 Metaspace       used 31227K, committed 31872K, reserved 1114112K
  class space    used 3212K, committed 3520K, reserved 1048576K
}
Event: 4.978 GC heap after
{Heap after GC invocations=20 (full 0):
 garbage-first heap   total 229376K, used 57065K [0x0000000705e00000, 0x0000000800000000)
  region size 2048K, 3 young (6144K), 3 survivors (6144K)
 Metaspace       used 31227K, committed 31872K, reserved 1114112K
  class space    used 3212K, committed 3520K, reserved 1048576K
}
Event: 5.496 GC heap before
{Heap before GC invocations=20 (full 0):
 garbage-first heap   total 229376K, used 181993K [0x0000000705e00000, 0x0000000800000000)
  region size 2048K, 62 young (126976K), 3 survivors (6144K)
 Metaspace       used 31649K, committed 32192K, reserved 1114112K
  class space    used 3232K, committed 3520K, reserved 1048576K
}
Event: 5.501 GC heap after
{Heap after GC invocations=21 (full 0):
 garbage-first heap   total 229376K, used 62466K [0x0000000705e00000, 0x0000000800000000)
  region size 2048K, 5 young (10240K), 5 survivors (10240K)
 Metaspace       used 31649K, committed 32192K, reserved 1114112K
  class space    used 3232K, committed 3520K, reserved 1048576K
}
Event: 6.145 GC heap before
{Heap before GC invocations=21 (full 0):
 garbage-first heap   total 229376K, used 179202K [0x0000000705e00000, 0x0000000800000000)
  region size 2048K, 63 young (129024K), 5 survivors (10240K)
 Metaspace       used 32445K, committed 33088K, reserved 1114112K
  class space    used 3327K, committed 3648K, reserved 1048576K
}
Event: 6.159 GC heap after
{Heap after GC invocations=22 (full 0):
 garbage-first heap   total 229376K, used 87170K [0x0000000705e00000, 0x0000000800000000)
  region size 2048K, 8 young (16384K), 8 survivors (16384K)
 Metaspace       used 32445K, committed 33088K, reserved 1114112K
  class space    used 3327K, committed 3648K, reserved 1048576K
}
Event: 6.468 GC heap before
{Heap before GC invocations=22 (full 0):
 garbage-first heap   total 229376K, used 173186K [0x0000000705e00000, 0x0000000800000000)
  region size 2048K, 50 young (102400K), 8 survivors (16384K)
 Metaspace       used 33462K, committed 34048K, reserved 1114112K
  class space    used 3426K, committed 3712K, reserved 1048576K
}

