# JRE version: Java(TM) SE Runtime Environment (19.0.2+7) (build 19.0.2+7-44)
# Java VM: Java HotSpot(TM) 64-Bit Server VM (19.0.2+7-44, mixed mode, sharing, tiered, compressed oops, compressed class ptrs, g1 gc, windows-amd64)
GC Precious Log:
 CardTable entry size: 512
 Card Set container configuration: InlinePtr #cards 4 size 8 Array Of Cards #cards 16 size 48 Howl #buckets 8 coarsen threshold 3686 Howl Bitmap #cards 512 size 80 coarsen threshold 460 Card regions per heap region 1 cards per card region 4096
 CPUs: 16 total, 16 available
 Memory: 16005M
 Large Page Support: Disabled
 NUMA Support: Disabled
 Compressed Oops: Enabled (Zero based)
 Heap Region Size: 2M
 Heap Min Capacity: 8M
 Heap Initial Capacity: 252M
 Heap Max Capacity: 4002M
 Pre-touch: Disabled
 Parallel Workers: 13
 Concurrent Workers: 3
 Concurrent Refinement Workers: 13
 Periodic GC: Disabled
Heap:
 garbage-first heap   total 274432K, used 94391K [0x0000000705e00000, 0x0000000800000000)
  region size 2048K, 13 young (26624K), 10 survivors (20480K)
 Metaspace       used 33542K, committed 34112K, reserved 1114112K
  class space    used 3431K, committed 3712K, reserved 1048576K
GC Heap History (20 events):
Event: 4.086 GC heap before
{Heap before GC invocations=9 (full 0):
 garbage-first heap   total 137216K, used 84388K [0x0000000705e00000, 0x0000000800000000)
  region size 2048K, 23 young (47104K), 2 survivors (4096K)
 Metaspace       used 25349K, committed 25792K, reserved 1114112K
  class space    used 2644K, committed 2880K, reserved 1048576K
}
Event: 4.092 GC heap after
{Heap after GC invocations=10 (full 0):
 garbage-first heap   total 137216K, used 49725K [0x0000000705e00000, 0x0000000800000000)
  region size 2048K, 3 young (6144K), 3 survivors (6144K)
 Metaspace       used 25349K, committed 25792K, reserved 1114112K
  class space    used 2644K, committed 2880K, reserved 1048576K
}
Event: 4.100 GC heap before
{Heap before GC invocations=10 (full 0):
 garbage-first heap   total 137216K, used 53821K [0x0000000705e00000, 0x0000000800000000)
  region size 2048K, 4 young (8192K), 3 survivors (6144K)
 Metaspace       used 25352K, committed 25792K, reserved 1114112K
  class space    used 2644K, committed 2880K, reserved 1048576K
}
Event: 4.104 GC heap after
{Heap after GC invocations=11 (full 0):
 garbage-first heap   total 137216K, used 51322K [0x0000000705e00000, 0x0000000800000000)
  region size 2048K, 1 young (2048K), 1 survivors (2048K)
 Metaspace       used 25352K, committed 25792K, reserved 1114112K
  class space    used 2644K, committed 2880K, reserved 1048576K
}
Event: 4.633 GC heap before
{Heap before GC invocations=11 (full 0):
 garbage-first heap   total 137216K, used 90234K [0x0000000705e00000, 0x0000000800000000)
  region size 2048K, 21 young (43008K), 1 survivors (2048K)
 Metaspace       used 27429K, committed 27840K, reserved 1114112K
  class space    used 2853K, committed 3072K, reserved 1048576K
}
Event: 4.636 GC heap after
{Heap after GC invocations=12 (full 0):
 garbage-first heap   total 137216K, used 53251K [0x0000000705e00000, 0x0000000800000000)
  region size 2048K, 2 young (4096K), 2 survivors (4096K)
 Metaspace       used 27429K, committed 27840K, reserved 1114112K
  class space    used 2853K, committed 3072K, reserved 1048576K
}
Event: 4.774 GC heap before
{Heap before GC invocations=12 (full 0):
 garbage-first heap   total 137216K, used 96259K [0x0000000705e00000, 0x0000000800000000)
  region size 2048K, 23 young (47104K), 2 survivors (4096K)
 Metaspace       used 27655K, committed 28160K, reserved 1114112K
  class space    used 2870K, committed 3136K, reserved 1048576K
}
Event: 4.776 GC heap after
{Heap after GC invocations=13 (full 0):
 garbage-first heap   total 137216K, used 53322K [0x0000000705e00000, 0x0000000800000000)
  region size 2048K, 2 young (4096K), 2 survivors (4096K)
 Metaspace       used 27655K, committed 28160K, reserved 1114112K
  class space    used 2870K, committed 3136K, reserved 1048576K
}
Event: 4.995 GC heap before
{Heap before GC invocations=13 (full 0):
 garbage-first heap   total 137216K, used 98378K [0x0000000705e00000, 0x0000000800000000)
  region size 2048K, 24 young (49152K), 2 survivors (4096K)
 Metaspace       used 28111K, committed 28608K, reserved 1114112K
  class space    used 2945K, committed 3200K, reserved 1048576K
}
Event: 4.999 GC heap after
{Heap after GC invocations=14 (full 0):
 garbage-first heap   total 137216K, used 53715K [0x0000000705e00000, 0x0000000800000000)
  region size 2048K, 2 young (4096K), 2 survivors (4096K)
 Metaspace       used 28111K, committed 28608K, reserved 1114112K
  class space    used 2945K, committed 3200K, reserved 1048576K
}
Event: 5.166 GC heap before
{Heap before GC invocations=14 (full 0):
 garbage-first heap   total 137216K, used 102867K [0x0000000705e00000, 0x0000000800000000)
  region size 2048K, 26 young (53248K), 2 survivors (4096K)
 Metaspace       used 28413K, committed 28928K, reserved 1114112K
  class space    used 2963K, committed 3264K, reserved 1048576K
}
Event: 5.171 GC heap after
{Heap after GC invocations=15 (full 0):
 garbage-first heap   total 274432K, used 54601K [0x0000000705e00000, 0x0000000800000000)
  region size 2048K, 3 young (6144K), 3 survivors (6144K)
 Metaspace       used 28413K, committed 28928K, reserved 1114112K
  class space    used 2963K, committed 3264K, reserved 1048576K
}
Event: 5.502 GC heap before
{Heap before GC invocations=15 (full 0):
 garbage-first heap   total 274432K, used 202057K [0x0000000705e00000, 0x0000000800000000)
  region size 2048K, 75 young (153600K), 3 survivors (6144K)
 Metaspace       used 28702K, committed 29248K, reserved 1114112K
  class space    used 2968K, committed 3264K, reserved 1048576K
}
Event: 5.505 GC heap after
{Heap after GC invocations=16 (full 0):
 garbage-first heap   total 274432K, used 56832K [0x0000000705e00000, 0x0000000800000000)
  region size 2048K, 4 young (8192K), 4 survivors (8192K)
 Metaspace       used 28702K, committed 29248K, reserved 1114112K
  class space    used 2968K, committed 3264K, reserved 1048576K
}
Event: 6.509 GC heap before
{Heap before GC invocations=16 (full 0):
 garbage-first heap   total 274432K, used 208384K [0x0000000705e00000, 0x0000000800000000)
  region size 2048K, 78 young (159744K), 4 survivors (8192K)
 Metaspace       used 31354K, committed 32000K, reserved 1114112K
  class space    used 3219K, committed 3520K, reserved 1048576K
}
Event: 6.514 GC heap after
{Heap after GC invocations=17 (full 0):
 garbage-first heap   total 274432K, used 59046K [0x0000000705e00000, 0x0000000800000000)
  region size 2048K, 5 young (10240K), 5 survivors (10240K)
 Metaspace       used 31354K, committed 32000K, reserved 1114112K
  class space    used 3219K, committed 3520K, reserved 1048576K
}
Event: 7.579 GC heap before
{Heap before GC invocations=17 (full 0):
 garbage-first heap   total 274432K, used 216742K [0x0000000705e00000, 0x0000000800000000)
  region size 2048K, 80 young (163840K), 5 survivors (10240K)
 Metaspace       used 31855K, committed 32384K, reserved 1114112K
  class space    used 3245K, committed 3520K, reserved 1048576K
}
Event: 7.586 GC heap after
{Heap after GC invocations=18 (full 0):
 garbage-first heap   total 274432K, used 68580K [0x0000000705e00000, 0x0000000800000000)
  region size 2048K, 8 young (16384K), 8 survivors (16384K)
 Metaspace       used 31855K, committed 32384K, reserved 1114112K
  class space    used 3245K, committed 3520K, reserved 1048576K
}
Event: 8.695 GC heap before
{Heap before GC invocations=18 (full 0):
 garbage-first heap   total 274432K, used 213988K [0x0000000705e00000, 0x0000000800000000)
  region size 2048K, 80 young (163840K), 8 survivors (16384K)
 Metaspace       used 33539K, committed 34112K, reserved 1114112K
  class space    used 3430K, committed 3712K, reserved 1048576K
}
Event: 8.710 GC heap after
{Heap after GC invocations=19 (full 0):
 garbage-first heap   total 274432K, used 90295K [0x0000000705e00000, 0x0000000800000000)
  region size 2048K, 10 young (20480K), 10 survivors (20480K)
 Metaspace       used 33539K, committed 34112K, reserved 1114112K
  class space    used 3430K, committed 3712K, reserved 1048576K
}

