# JRE version: Java(TM) SE Runtime Environment (19.0.2+7) (build 19.0.2+7-44)
# Java VM: Java HotSpot(TM) 64-Bit Server VM (19.0.2+7-44, mixed mode, sharing, tiered, compressed oops, compressed class ptrs, g1 gc, windows-amd64)
GC Precious Log:
 CardTable entry size: 512
 Card Set container configuration: InlinePtr #cards 4 size 8 Array Of Cards #cards 16 size 48 Howl #buckets 8 coarsen threshold 3686 Howl Bitmap #cards 512 size 80 coarsen threshold 460 Card regions per heap region 1 cards per card region 4096
 CPUs: 16 total, 16 available
 Memory: 16005M
 Large Page Support: Disabled
 NUMA Support: Disabled
 Compressed Oops: Enabled (Zero based)
 Heap Region Size: 2M
 Heap Min Capacity: 8M
 Heap Initial Capacity: 252M
 Heap Max Capacity: 4002M
 Pre-touch: Disabled
 Parallel Workers: 13
 Concurrent Workers: 3
 Concurrent Refinement Workers: 13
 Periodic GC: Disabled
Heap:
 garbage-first heap   total 225280K, used 105788K [0x0000000705e00000, 0x0000000800000000)
  region size 2048K, 11 young (22528K), 3 survivors (6144K)
 Metaspace       used 33641K, committed 34304K, reserved 1114112K
  class space    used 3434K, committed 3776K, reserved 1048576K
GC Heap History (20 events):
Event: 3.623 GC heap before
{Heap before GC invocations=11 (full 0):
 garbage-first heap   total 120832K, used 92159K [0x0000000705e00000, 0x0000000800000000)
  region size 2048K, 20 young (40960K), 1 survivors (2048K)
 Metaspace       used 27746K, committed 28224K, reserved 1114112K
  class space    used 2883K, committed 3136K, reserved 1048576K
}
Event: 3.625 GC heap after
{Heap after GC invocations=12 (full 0):
 garbage-first heap   total 151552K, used 53335K [0x0000000705e00000, 0x0000000800000000)
  region size 2048K, 1 young (2048K), 1 survivors (2048K)
 Metaspace       used 27746K, committed 28224K, reserved 1114112K
  class space    used 2883K, committed 3136K, reserved 1048576K
}
Event: 3.867 GC heap before
{Heap before GC invocations=12 (full 0):
 garbage-first heap   total 151552K, used 114775K [0x0000000705e00000, 0x0000000800000000)
  region size 2048K, 31 young (63488K), 1 survivors (2048K)
 Metaspace       used 28441K, committed 28992K, reserved 1114112K
  class space    used 2966K, committed 3264K, reserved 1048576K
}
Event: 3.870 GC heap after
{Heap after GC invocations=13 (full 0):
 garbage-first heap   total 151552K, used 54015K [0x0000000705e00000, 0x0000000800000000)
  region size 2048K, 2 young (4096K), 2 survivors (4096K)
 Metaspace       used 28441K, committed 28992K, reserved 1114112K
  class space    used 2966K, committed 3264K, reserved 1048576K
}
Event: 3.988 GC heap before
{Heap before GC invocations=13 (full 0):
 garbage-first heap   total 151552K, used 117503K [0x0000000705e00000, 0x0000000800000000)
  region size 2048K, 33 young (67584K), 2 survivors (4096K)
 Metaspace       used 28609K, committed 29120K, reserved 1114112K
  class space    used 2974K, committed 3264K, reserved 1048576K
}
Event: 3.991 GC heap after
{Heap after GC invocations=14 (full 0):
 garbage-first heap   total 151552K, used 55427K [0x0000000705e00000, 0x0000000800000000)
  region size 2048K, 2 young (4096K), 2 survivors (4096K)
 Metaspace       used 28609K, committed 29120K, reserved 1114112K
  class space    used 2974K, committed 3264K, reserved 1048576K
}
Event: 4.120 GC heap before
{Heap before GC invocations=14 (full 0):
 garbage-first heap   total 151552K, used 120963K [0x0000000705e00000, 0x0000000800000000)
  region size 2048K, 34 young (69632K), 2 survivors (4096K)
 Metaspace       used 28692K, committed 29248K, reserved 1114112K
  class space    used 2977K, committed 3264K, reserved 1048576K
}
Event: 4.125 GC heap after
{Heap after GC invocations=15 (full 0):
 garbage-first heap   total 151552K, used 57137K [0x0000000705e00000, 0x0000000800000000)
  region size 2048K, 3 young (6144K), 3 survivors (6144K)
 Metaspace       used 28692K, committed 29248K, reserved 1114112K
  class space    used 2977K, committed 3264K, reserved 1048576K
}
Event: 4.246 GC heap before
{Heap before GC invocations=15 (full 0):
 garbage-first heap   total 151552K, used 120625K [0x0000000705e00000, 0x0000000800000000)
  region size 2048K, 34 young (69632K), 3 survivors (6144K)
 Metaspace       used 28789K, committed 29376K, reserved 1114112K
  class space    used 2977K, committed 3264K, reserved 1048576K
}
Event: 4.251 GC heap after
{Heap after GC invocations=16 (full 0):
 garbage-first heap   total 184320K, used 56574K [0x0000000705e00000, 0x0000000800000000)
  region size 2048K, 2 young (4096K), 2 survivors (4096K)
 Metaspace       used 28789K, committed 29376K, reserved 1114112K
  class space    used 2977K, committed 3264K, reserved 1048576K
}
Event: 4.606 GC heap before
{Heap before GC invocations=16 (full 0):
 garbage-first heap   total 184320K, used 150782K [0x0000000705e00000, 0x0000000800000000)
  region size 2048K, 48 young (98304K), 2 survivors (4096K)
 Metaspace       used 29973K, committed 30528K, reserved 1114112K
  class space    used 3145K, committed 3456K, reserved 1048576K
}
Event: 4.609 GC heap after
{Heap after GC invocations=17 (full 0):
 garbage-first heap   total 184320K, used 57348K [0x0000000705e00000, 0x0000000800000000)
  region size 2048K, 3 young (6144K), 3 survivors (6144K)
 Metaspace       used 29973K, committed 30528K, reserved 1114112K
  class space    used 3145K, committed 3456K, reserved 1048576K
}
Event: 5.372 GC heap before
{Heap before GC invocations=17 (full 0):
 garbage-first heap   total 184320K, used 151556K [0x0000000705e00000, 0x0000000800000000)
  region size 2048K, 49 young (100352K), 3 survivors (6144K)
 Metaspace       used 31610K, committed 32192K, reserved 1114112K
  class space    used 3239K, committed 3520K, reserved 1048576K
}
Event: 5.377 GC heap after
{Heap after GC invocations=18 (full 0):
 garbage-first heap   total 184320K, used 59214K [0x0000000705e00000, 0x0000000800000000)
  region size 2048K, 4 young (8192K), 4 survivors (8192K)
 Metaspace       used 31610K, committed 32192K, reserved 1114112K
  class space    used 3239K, committed 3520K, reserved 1048576K
}
Event: 5.796 GC heap before
{Heap before GC invocations=18 (full 0):
 garbage-first heap   total 184320K, used 157518K [0x0000000705e00000, 0x0000000800000000)
  region size 2048K, 50 young (102400K), 4 survivors (8192K)
 Metaspace       used 31879K, committed 32512K, reserved 1114112K
  class space    used 3247K, committed 3584K, reserved 1048576K
}
Event: 5.803 GC heap after
{Heap after GC invocations=19 (full 0):
 garbage-first heap   total 184320K, used 63719K [0x0000000705e00000, 0x0000000800000000)
  region size 2048K, 5 young (10240K), 5 survivors (10240K)
 Metaspace       used 31879K, committed 32512K, reserved 1114112K
  class space    used 3247K, committed 3584K, reserved 1048576K
}
Event: 6.369 GC heap before
{Heap before GC invocations=19 (full 0):
 garbage-first heap   total 184320K, used 153831K [0x0000000705e00000, 0x0000000800000000)
  region size 2048K, 49 young (100352K), 5 survivors (10240K)
 Metaspace       used 32090K, committed 32704K, reserved 1114112K
  class space    used 3259K, committed 3584K, reserved 1048576K
}
Event: 6.379 GC heap after
{Heap after GC invocations=20 (full 0):
 garbage-first heap   total 186368K, used 85209K [0x0000000705e00000, 0x0000000800000000)
  region size 2048K, 7 young (14336K), 7 survivors (14336K)
 Metaspace       used 32090K, committed 32704K, reserved 1114112K
  class space    used 3259K, committed 3584K, reserved 1048576K
}
Event: 6.768 GC heap before
{Heap before GC invocations=20 (full 0):
 garbage-first heap   total 186368K, used 138457K [0x0000000705e00000, 0x0000000800000000)
  region size 2048K, 33 young (67584K), 7 survivors (14336K)
 Metaspace       used 33422K, committed 34048K, reserved 1114112K
  class space    used 3406K, committed 3712K, reserved 1048576K
}
Event: 6.775 GC heap after
{Heap after GC invocations=21 (full 0):
 garbage-first heap   total 225280K, used 91452K [0x0000000705e00000, 0x0000000800000000)
  region size 2048K, 3 young (6144K), 3 survivors (6144K)
 Metaspace       used 33422K, committed 34048K, reserved 1114112K
  class space    used 3406K, committed 3712K, reserved 1048576K
}

