# JRE version: Java(TM) SE Runtime Environment (19.0.2+7) (build 19.0.2+7-44)
# Java VM: Java HotSpot(TM) 64-Bit Server VM (19.0.2+7-44, mixed mode, sharing, tiered, compressed oops, compressed class ptrs, g1 gc, windows-amd64)
GC Precious Log:
 CardTable entry size: 512
 Card Set container configuration: InlinePtr #cards 4 size 8 Array Of Cards #cards 16 size 48 Howl #buckets 8 coarsen threshold 3686 Howl Bitmap #cards 512 size 80 coarsen threshold 460 Card regions per heap region 1 cards per card region 4096
 CPUs: 16 total, 16 available
 Memory: 16005M
 Large Page Support: Disabled
 NUMA Support: Disabled
 Compressed Oops: Enabled (Zero based)
 Heap Region Size: 2M
 Heap Min Capacity: 8M
 Heap Initial Capacity: 252M
 Heap Max Capacity: 4002M
 Pre-touch: Disabled
 Parallel Workers: 13
 Concurrent Workers: 3
 Concurrent Refinement Workers: 13
 Periodic GC: Disabled
Heap:
 garbage-first heap   total 112640K, used 43205K [0x0000000705e00000, 0x0000000800000000)
  region size 2048K, 1 young (2048K), 1 survivors (2048K)
 Metaspace       used 28065K, committed 28544K, reserved 1114112K
  class space    used 2944K, committed 3200K, reserved 1048576K
GC Heap History (20 events):
Event: 0.366 GC heap after
{Heap after GC invocations=1 (full 0):
 garbage-first heap   total 258048K, used 3930K [0x0000000705e00000, 0x0000000800000000)
  region size 2048K, 2 young (4096K), 2 survivors (4096K)
 Metaspace       used 5307K, committed 5440K, reserved 1114112K
  class space    used 580K, committed 640K, reserved 1048576K
}
Event: 0.840 GC heap before
{Heap before GC invocations=1 (full 0):
 garbage-first heap   total 258048K, used 38746K [0x0000000705e00000, 0x0000000800000000)
  region size 2048K, 19 young (38912K), 2 survivors (4096K)
 Metaspace       used 10645K, committed 10816K, reserved 1114112K
  class space    used 1237K, committed 1344K, reserved 1048576K
}
Event: 0.842 GC heap after
{Heap after GC invocations=2 (full 0):
 garbage-first heap   total 258048K, used 5873K [0x0000000705e00000, 0x0000000800000000)
  region size 2048K, 2 young (4096K), 2 survivors (4096K)
 Metaspace       used 10645K, committed 10816K, reserved 1114112K
  class space    used 1237K, committed 1344K, reserved 1048576K
}
Event: 1.853 GC heap before
{Heap before GC invocations=2 (full 0):
 garbage-first heap   total 258048K, used 155377K [0x0000000705e00000, 0x0000000800000000)
  region size 2048K, 60 young (122880K), 2 survivors (4096K)
 Metaspace       used 21134K, committed 21504K, reserved 1114112K
  class space    used 2286K, committed 2496K, reserved 1048576K
}
Event: 1.860 GC heap after
{Heap after GC invocations=3 (full 0):
 garbage-first heap   total 258048K, used 14825K [0x0000000705e00000, 0x0000000800000000)
  region size 2048K, 6 young (12288K), 6 survivors (12288K)
 Metaspace       used 21134K, committed 21504K, reserved 1114112K
  class space    used 2286K, committed 2496K, reserved 1048576K
}
Event: 2.188 GC heap before
{Heap before GC invocations=4 (full 0):
 garbage-first heap   total 61440K, used 47593K [0x0000000705e00000, 0x0000000800000000)
  region size 2048K, 22 young (45056K), 6 survivors (12288K)
 Metaspace       used 24206K, committed 24576K, reserved 1114112K
  class space    used 2577K, committed 2752K, reserved 1048576K
}
Event: 2.196 GC heap after
{Heap after GC invocations=5 (full 0):
 garbage-first heap   total 71680K, used 24794K [0x0000000705e00000, 0x0000000800000000)
  region size 2048K, 3 young (6144K), 3 survivors (6144K)
 Metaspace       used 24206K, committed 24576K, reserved 1114112K
  class space    used 2577K, committed 2752K, reserved 1048576K
}
Event: 2.216 GC heap before
{Heap before GC invocations=5 (full 0):
 garbage-first heap   total 71680K, used 26842K [0x0000000705e00000, 0x0000000800000000)
  region size 2048K, 4 young (8192K), 3 survivors (6144K)
 Metaspace       used 24242K, committed 24576K, reserved 1114112K
  class space    used 2577K, committed 2752K, reserved 1048576K
}
Event: 2.219 GC heap after
{Heap after GC invocations=6 (full 0):
 garbage-first heap   total 71680K, used 26463K [0x0000000705e00000, 0x0000000800000000)
  region size 2048K, 1 young (2048K), 1 survivors (2048K)
 Metaspace       used 24242K, committed 24576K, reserved 1114112K
  class space    used 2577K, committed 2752K, reserved 1048576K
}
Event: 2.359 GC heap before
{Heap before GC invocations=6 (full 0):
 garbage-first heap   total 71680K, used 46943K [0x0000000705e00000, 0x0000000800000000)
  region size 2048K, 12 young (24576K), 1 survivors (2048K)
 Metaspace       used 24485K, committed 24832K, reserved 1114112K
  class space    used 2599K, committed 2752K, reserved 1048576K
}
Event: 2.362 GC heap after
{Heap after GC invocations=7 (full 0):
 garbage-first heap   total 71680K, used 32152K [0x0000000705e00000, 0x0000000800000000)
  region size 2048K, 2 young (4096K), 2 survivors (4096K)
 Metaspace       used 24485K, committed 24832K, reserved 1114112K
  class space    used 2599K, committed 2752K, reserved 1048576K
}
Event: 2.441 GC heap before
{Heap before GC invocations=7 (full 0):
 garbage-first heap   total 71680K, used 48536K [0x0000000705e00000, 0x0000000800000000)
  region size 2048K, 11 young (22528K), 2 survivors (4096K)
 Metaspace       used 24845K, committed 25280K, reserved 1114112K
  class space    used 2639K, committed 2880K, reserved 1048576K
}
Event: 2.445 GC heap after
{Heap after GC invocations=8 (full 0):
 garbage-first heap   total 112640K, used 35333K [0x0000000705e00000, 0x0000000800000000)
  region size 2048K, 2 young (4096K), 2 survivors (4096K)
 Metaspace       used 24845K, committed 25280K, reserved 1114112K
  class space    used 2639K, committed 2880K, reserved 1048576K
}
Event: 2.760 GC heap before
{Heap before GC invocations=8 (full 0):
 garbage-first heap   total 112640K, used 76293K [0x0000000705e00000, 0x0000000800000000)
  region size 2048K, 22 young (45056K), 2 survivors (4096K)
 Metaspace       used 26231K, committed 26624K, reserved 1114112K
  class space    used 2758K, committed 3008K, reserved 1048576K
}
Event: 2.767 GC heap after
{Heap after GC invocations=9 (full 0):
 garbage-first heap   total 112640K, used 41625K [0x0000000705e00000, 0x0000000800000000)
  region size 2048K, 3 young (6144K), 3 survivors (6144K)
 Metaspace       used 26231K, committed 26624K, reserved 1114112K
  class space    used 2758K, committed 3008K, reserved 1048576K
}
Event: 3.060 GC heap before
{Heap before GC invocations=9 (full 0):
 garbage-first heap   total 112640K, used 78489K [0x0000000705e00000, 0x0000000800000000)
  region size 2048K, 21 young (43008K), 3 survivors (6144K)
 Metaspace       used 27308K, committed 27776K, reserved 1114112K
  class space    used 2858K, committed 3072K, reserved 1048576K
}
Event: 3.064 GC heap after
{Heap after GC invocations=10 (full 0):
 garbage-first heap   total 112640K, used 42820K [0x0000000705e00000, 0x0000000800000000)
  region size 2048K, 1 young (2048K), 1 survivors (2048K)
 Metaspace       used 27308K, committed 27776K, reserved 1114112K
  class space    used 2858K, committed 3072K, reserved 1048576K
}
Event: 3.160 GC heap before
{Heap before GC invocations=10 (full 0):
 garbage-first heap   total 112640K, used 81732K [0x0000000705e00000, 0x0000000800000000)
  region size 2048K, 20 young (40960K), 1 survivors (2048K)
 Metaspace       used 27485K, committed 27904K, reserved 1114112K
  class space    used 2874K, committed 3072K, reserved 1048576K
}
Event: 3.161 GC heap after
{Heap after GC invocations=11 (full 0):
 garbage-first heap   total 112640K, used 42250K [0x0000000705e00000, 0x0000000800000000)
  region size 2048K, 1 young (2048K), 1 survivors (2048K)
 Metaspace       used 27485K, committed 27904K, reserved 1114112K
  class space    used 2874K, committed 3072K, reserved 1048576K
}
Event: 3.381 GC heap before
{Heap before GC invocations=11 (full 0):
 garbage-first heap   total 112640K, used 81162K [0x0000000705e00000, 0x0000000800000000)
  region size 2048K, 21 young (43008K), 1 survivors (2048K)
 Metaspace       used 28065K, committed 28544K, reserved 1114112K
  class space    used 2944K, committed 3200K, reserved 1048576K
}

