# JRE version: Java(TM) SE Runtime Environment (19.0.2+7) (build 19.0.2+7-44)
# Java VM: Java HotSpot(TM) 64-Bit Server VM (19.0.2+7-44, mixed mode, sharing, tiered, compressed oops, compressed class ptrs, g1 gc, windows-amd64)
GC Precious Log:
 CardTable entry size: 512
 Card Set container configuration: InlinePtr #cards 4 size 8 Array Of Cards #cards 16 size 48 Howl #buckets 8 coarsen threshold 3686 Howl Bitmap #cards 512 size 80 coarsen threshold 460 Card regions per heap region 1 cards per card region 4096
 CPUs: 16 total, 16 available
 Memory: 16005M
 Large Page Support: Disabled
 NUMA Support: Disabled
 Compressed Oops: Enabled (Zero based)
 Heap Region Size: 2M
 Heap Min Capacity: 8M
 Heap Initial Capacity: 252M
 Heap Max Capacity: 4002M
 Pre-touch: Disabled
 Parallel Workers: 13
 Concurrent Workers: 3
 Concurrent Refinement Workers: 13
 Periodic GC: Disabled
Heap:
 garbage-first heap   total 311296K, used 142096K [0x0000000705e00000, 0x0000000800000000)
  region size 2048K, 67 young (137216K), 6 survivors (12288K)
 Metaspace       used 14751K, committed 14976K, reserved 1114112K
  class space    used 1500K, committed 1600K, reserved 1048576K
GC Heap History (20 events):
Event: 0.269 GC heap before
{Heap before GC invocations=0 (full 0):
 garbage-first heap   total 258048K, used 20480K [0x0000000705e00000, 0x0000000800000000)
  region size 2048K, 11 young (22528K), 0 survivors (0K)
 Metaspace       used 3570K, committed 3776K, reserved 1114112K
  class space    used 328K, committed 448K, reserved 1048576K
}
Event: 0.271 GC heap after
{Heap after GC invocations=1 (full 0):
 garbage-first heap   total 258048K, used 7486K [0x0000000705e00000, 0x0000000800000000)
  region size 2048K, 2 young (4096K), 2 survivors (4096K)
 Metaspace       used 3570K, committed 3776K, reserved 1114112K
  class space    used 328K, committed 448K, reserved 1048576K
}
Event: 0.505 GC heap before
{Heap before GC invocations=1 (full 0):
 garbage-first heap   total 258048K, used 30014K [0x0000000705e00000, 0x0000000800000000)
  region size 2048K, 13 young (26624K), 2 survivors (4096K)
 Metaspace       used 7903K, committed 8064K, reserved 1114112K
  class space    used 777K, committed 832K, reserved 1048576K
}
Event: 0.508 GC heap after
{Heap after GC invocations=2 (full 0):
 garbage-first heap   total 258048K, used 11148K [0x0000000705e00000, 0x0000000800000000)
  region size 2048K, 2 young (4096K), 2 survivors (4096K)
 Metaspace       used 7903K, committed 8064K, reserved 1114112K
  class space    used 777K, committed 832K, reserved 1048576K
}
Event: 0.929 GC heap before
{Heap before GC invocations=2 (full 0):
 garbage-first heap   total 258048K, used 60300K [0x0000000705e00000, 0x0000000800000000)
  region size 2048K, 26 young (53248K), 2 survivors (4096K)
 Metaspace       used 12298K, committed 12480K, reserved 1114112K
  class space    used 1307K, committed 1408K, reserved 1048576K
}
Event: 0.933 GC heap after
{Heap after GC invocations=3 (full 0):
 garbage-first heap   total 258048K, used 16384K [0x0000000705e00000, 0x0000000800000000)
  region size 2048K, 4 young (8192K), 4 survivors (8192K)
 Metaspace       used 12298K, committed 12480K, reserved 1114112K
  class space    used 1307K, committed 1408K, reserved 1048576K
}
Event: 1.326 GC heap before
{Heap before GC invocations=3 (full 0):
 garbage-first heap   total 258048K, used 159744K [0x0000000705e00000, 0x0000000800000000)
  region size 2048K, 75 young (153600K), 4 survivors (8192K)
 Metaspace       used 14296K, committed 14528K, reserved 1114112K
  class space    used 1468K, committed 1600K, reserved 1048576K
}
Event: 1.329 GC heap after
{Heap after GC invocations=4 (full 0):
 garbage-first heap   total 258048K, used 19113K [0x0000000705e00000, 0x0000000800000000)
  region size 2048K, 6 young (12288K), 6 survivors (12288K)
 Metaspace       used 14296K, committed 14528K, reserved 1114112K
  class space    used 1468K, committed 1600K, reserved 1048576K
}
Event: 1.454 GC heap before
{Heap before GC invocations=4 (full 0):
 garbage-first heap   total 258048K, used 160425K [0x0000000705e00000, 0x0000000800000000)
  region size 2048K, 75 young (153600K), 6 survivors (12288K)
 Metaspace       used 14385K, committed 14656K, reserved 1114112K
  class space    used 1468K, committed 1600K, reserved 1048576K
}
Event: 1.457 GC heap after
{Heap after GC invocations=5 (full 0):
 garbage-first heap   total 258048K, used 19310K [0x0000000705e00000, 0x0000000800000000)
  region size 2048K, 6 young (12288K), 6 survivors (12288K)
 Metaspace       used 14385K, committed 14656K, reserved 1114112K
  class space    used 1468K, committed 1600K, reserved 1048576K
}
Event: 1.598 GC heap before
{Heap before GC invocations=5 (full 0):
 garbage-first heap   total 258048K, used 160622K [0x0000000705e00000, 0x0000000800000000)
  region size 2048K, 75 young (153600K), 6 survivors (12288K)
 Metaspace       used 14385K, committed 14656K, reserved 1114112K
  class space    used 1468K, committed 1600K, reserved 1048576K
}
Event: 1.601 GC heap after
{Heap after GC invocations=6 (full 0):
 garbage-first heap   total 258048K, used 19368K [0x0000000705e00000, 0x0000000800000000)
  region size 2048K, 6 young (12288K), 6 survivors (12288K)
 Metaspace       used 14385K, committed 14656K, reserved 1114112K
  class space    used 1468K, committed 1600K, reserved 1048576K
}
Event: 1.725 GC heap before
{Heap before GC invocations=6 (full 0):
 garbage-first heap   total 258048K, used 160680K [0x0000000705e00000, 0x0000000800000000)
  region size 2048K, 75 young (153600K), 6 survivors (12288K)
 Metaspace       used 14389K, committed 14656K, reserved 1114112K
  class space    used 1468K, committed 1600K, reserved 1048576K
}
Event: 1.728 GC heap after
{Heap after GC invocations=7 (full 0):
 garbage-first heap   total 258048K, used 19388K [0x0000000705e00000, 0x0000000800000000)
  region size 2048K, 6 young (12288K), 6 survivors (12288K)
 Metaspace       used 14389K, committed 14656K, reserved 1114112K
  class space    used 1468K, committed 1600K, reserved 1048576K
}
Event: 1.857 GC heap before
{Heap before GC invocations=7 (full 0):
 garbage-first heap   total 258048K, used 160700K [0x0000000705e00000, 0x0000000800000000)
  region size 2048K, 75 young (153600K), 6 survivors (12288K)
 Metaspace       used 14389K, committed 14656K, reserved 1114112K
  class space    used 1468K, committed 1600K, reserved 1048576K
}
Event: 1.860 GC heap after
{Heap after GC invocations=8 (full 0):
 garbage-first heap   total 311296K, used 19696K [0x0000000705e00000, 0x0000000800000000)
  region size 2048K, 6 young (12288K), 6 survivors (12288K)
 Metaspace       used 14389K, committed 14656K, reserved 1114112K
  class space    used 1468K, committed 1600K, reserved 1048576K
}
Event: 2.010 GC heap before
{Heap before GC invocations=8 (full 0):
 garbage-first heap   total 311296K, used 193776K [0x0000000705e00000, 0x0000000800000000)
  region size 2048K, 91 young (186368K), 6 survivors (12288K)
 Metaspace       used 14389K, committed 14656K, reserved 1114112K
  class space    used 1468K, committed 1600K, reserved 1048576K
}
Event: 2.016 GC heap after
{Heap after GC invocations=9 (full 0):
 garbage-first heap   total 311296K, used 19246K [0x0000000705e00000, 0x0000000800000000)
  region size 2048K, 6 young (12288K), 6 survivors (12288K)
 Metaspace       used 14389K, committed 14656K, reserved 1114112K
  class space    used 1468K, committed 1600K, reserved 1048576K
}
Event: 2.163 GC heap before
{Heap before GC invocations=9 (full 0):
 garbage-first heap   total 311296K, used 193326K [0x0000000705e00000, 0x0000000800000000)
  region size 2048K, 91 young (186368K), 6 survivors (12288K)
 Metaspace       used 14389K, committed 14656K, reserved 1114112K
  class space    used 1468K, committed 1600K, reserved 1048576K
}
Event: 2.165 GC heap after
{Heap after GC invocations=10 (full 0):
 garbage-first heap   total 311296K, used 19216K [0x0000000705e00000, 0x0000000800000000)
  region size 2048K, 6 young (12288K), 6 survivors (12288K)
 Metaspace       used 14389K, committed 14656K, reserved 1114112K
  class space    used 1468K, committed 1600K, reserved 1048576K
}

