# JRE version: Java(TM) SE Runtime Environment (19.0.2+7) (build 19.0.2+7-44)
# Java VM: Java HotSpot(TM) 64-Bit Server VM (19.0.2+7-44, mixed mode, sharing, tiered, compressed oops, compressed class ptrs, g1 gc, windows-amd64)
GC Precious Log:
 CardTable entry size: 512
 Card Set container configuration: InlinePtr #cards 4 size 8 Array Of Cards #cards 16 size 48 Howl #buckets 8 coarsen threshold 3686 Howl Bitmap #cards 512 size 80 coarsen threshold 460 Card regions per heap region 1 cards per card region 4096
 CPUs: 16 total, 16 available
 Memory: 16005M
 Large Page Support: Disabled
 NUMA Support: Disabled
 Compressed Oops: Enabled (Zero based)
 Heap Region Size: 2M
 Heap Min Capacity: 8M
 Heap Initial Capacity: 252M
 Heap Max Capacity: 4002M
 Pre-touch: Disabled
 Parallel Workers: 13
 Concurrent Workers: 3
 Concurrent Refinement Workers: 13
 Periodic GC: Disabled
Heap:
 garbage-first heap   total 237568K, used 99603K [0x0000000705e00000, 0x0000000800000000)
  region size 2048K, 8 young (16384K), 3 survivors (6144K)
 Metaspace       used 33752K, committed 34368K, reserved 1114112K
  class space    used 3443K, committed 3776K, reserved 1048576K
GC Heap History (20 events):
Event: 3.608 GC heap before
{Heap before GC invocations=13 (full 0):
 garbage-first heap   total 108544K, used 55130K [0x0000000705e00000, 0x0000000800000000)
  region size 2048K, 2 young (4096K), 1 survivors (2048K)
 Metaspace       used 27703K, committed 28160K, reserved 1114112K
  class space    used 2878K, committed 3136K, reserved 1048576K
}
Event: 3.610 GC heap after
{Heap after GC invocations=14 (full 0):
 garbage-first heap   total 139264K, used 52035K [0x0000000705e00000, 0x0000000800000000)
  region size 2048K, 1 young (2048K), 1 survivors (2048K)
 Metaspace       used 27703K, committed 28160K, reserved 1114112K
  class space    used 2878K, committed 3136K, reserved 1048576K
}
Event: 3.697 GC heap before
{Heap before GC invocations=14 (full 0):
 garbage-first heap   total 139264K, used 99139K [0x0000000705e00000, 0x0000000800000000)
  region size 2048K, 25 young (51200K), 1 survivors (2048K)
 Metaspace       used 27753K, committed 28224K, reserved 1114112K
  class space    used 2883K, committed 3136K, reserved 1048576K
}
Event: 3.698 GC heap after
{Heap after GC invocations=15 (full 0):
 garbage-first heap   total 139264K, used 51971K [0x0000000705e00000, 0x0000000800000000)
  region size 2048K, 1 young (2048K), 1 survivors (2048K)
 Metaspace       used 27753K, committed 28224K, reserved 1114112K
  class space    used 2883K, committed 3136K, reserved 1048576K
}
Event: 4.079 GC heap before
{Heap before GC invocations=15 (full 0):
 garbage-first heap   total 139264K, used 103171K [0x0000000705e00000, 0x0000000800000000)
  region size 2048K, 27 young (55296K), 1 survivors (2048K)
 Metaspace       used 28446K, committed 28992K, reserved 1114112K
  class space    used 2967K, committed 3264K, reserved 1048576K
}
Event: 4.082 GC heap after
{Heap after GC invocations=16 (full 0):
 garbage-first heap   total 139264K, used 53261K [0x0000000705e00000, 0x0000000800000000)
  region size 2048K, 1 young (2048K), 1 survivors (2048K)
 Metaspace       used 28446K, committed 28992K, reserved 1114112K
  class space    used 2967K, committed 3264K, reserved 1048576K
}
Event: 4.293 GC heap before
{Heap before GC invocations=16 (full 0):
 garbage-first heap   total 139264K, used 108557K [0x0000000705e00000, 0x0000000800000000)
  region size 2048K, 28 young (57344K), 1 survivors (2048K)
 Metaspace       used 28614K, committed 29120K, reserved 1114112K
  class space    used 2975K, committed 3264K, reserved 1048576K
}
Event: 4.296 GC heap after
{Heap after GC invocations=17 (full 0):
 garbage-first heap   total 139264K, used 54524K [0x0000000705e00000, 0x0000000800000000)
  region size 2048K, 2 young (4096K), 2 survivors (4096K)
 Metaspace       used 28614K, committed 29120K, reserved 1114112K
  class space    used 2975K, committed 3264K, reserved 1048576K
}
Event: 4.629 GC heap before
{Heap before GC invocations=17 (full 0):
 garbage-first heap   total 139264K, used 109820K [0x0000000705e00000, 0x0000000800000000)
  region size 2048K, 29 young (59392K), 2 survivors (4096K)
 Metaspace       used 28627K, committed 29120K, reserved 1114112K
  class space    used 2975K, committed 3264K, reserved 1048576K
}
Event: 4.632 GC heap after
{Heap after GC invocations=18 (full 0):
 garbage-first heap   total 139264K, used 54521K [0x0000000705e00000, 0x0000000800000000)
  region size 2048K, 2 young (4096K), 2 survivors (4096K)
 Metaspace       used 28627K, committed 29120K, reserved 1114112K
  class space    used 2975K, committed 3264K, reserved 1048576K
}
Event: 4.956 GC heap before
{Heap before GC invocations=18 (full 0):
 garbage-first heap   total 139264K, used 111865K [0x0000000705e00000, 0x0000000800000000)
  region size 2048K, 30 young (61440K), 2 survivors (4096K)
 Metaspace       used 28769K, committed 29312K, reserved 1114112K
  class space    used 2977K, committed 3264K, reserved 1048576K
}
Event: 4.961 GC heap after
{Heap after GC invocations=19 (full 0):
 garbage-first heap   total 237568K, used 56099K [0x0000000705e00000, 0x0000000800000000)
  region size 2048K, 3 young (6144K), 3 survivors (6144K)
 Metaspace       used 28769K, committed 29312K, reserved 1114112K
  class space    used 2977K, committed 3264K, reserved 1048576K
}
Event: 6.179 GC heap before
{Heap before GC invocations=19 (full 0):
 garbage-first heap   total 237568K, used 191267K [0x0000000705e00000, 0x0000000800000000)
  region size 2048K, 69 young (141312K), 3 survivors (6144K)
 Metaspace       used 31157K, committed 31744K, reserved 1114112K
  class space    used 3225K, committed 3520K, reserved 1048576K
}
Event: 6.184 GC heap after
{Heap after GC invocations=20 (full 0):
 garbage-first heap   total 237568K, used 57148K [0x0000000705e00000, 0x0000000800000000)
  region size 2048K, 3 young (6144K), 3 survivors (6144K)
 Metaspace       used 31157K, committed 31744K, reserved 1114112K
  class space    used 3225K, committed 3520K, reserved 1048576K
}
Event: 7.047 GC heap before
{Heap before GC invocations=20 (full 0):
 garbage-first heap   total 237568K, used 196412K [0x0000000705e00000, 0x0000000800000000)
  region size 2048K, 69 young (141312K), 3 survivors (6144K)
 Metaspace       used 31763K, committed 32384K, reserved 1114112K
  class space    used 3243K, committed 3584K, reserved 1048576K
}
Event: 7.055 GC heap after
{Heap after GC invocations=21 (full 0):
 garbage-first heap   total 237568K, used 62297K [0x0000000705e00000, 0x0000000800000000)
  region size 2048K, 5 young (10240K), 5 survivors (10240K)
 Metaspace       used 31763K, committed 32384K, reserved 1114112K
  class space    used 3243K, committed 3584K, reserved 1048576K
}
Event: 7.979 GC heap before
{Heap before GC invocations=21 (full 0):
 garbage-first heap   total 237568K, used 193369K [0x0000000705e00000, 0x0000000800000000)
  region size 2048K, 69 young (141312K), 5 survivors (10240K)
 Metaspace       used 32109K, committed 32704K, reserved 1114112K
  class space    used 3260K, committed 3584K, reserved 1048576K
}
Event: 7.990 GC heap after
{Heap after GC invocations=22 (full 0):
 garbage-first heap   total 237568K, used 85350K [0x0000000705e00000, 0x0000000800000000)
  region size 2048K, 9 young (18432K), 9 survivors (18432K)
 Metaspace       used 32109K, committed 32704K, reserved 1114112K
  class space    used 3260K, committed 3584K, reserved 1048576K
}
Event: 8.642 GC heap before
{Heap before GC invocations=22 (full 0):
 garbage-first heap   total 237568K, used 181606K [0x0000000705e00000, 0x0000000800000000)
  region size 2048K, 56 young (114688K), 9 survivors (18432K)
 Metaspace       used 33745K, committed 34368K, reserved 1114112K
  class space    used 3443K, committed 3776K, reserved 1048576K
}
Event: 8.654 GC heap after
{Heap after GC invocations=23 (full 0):
 garbage-first heap   total 237568K, used 91411K [0x0000000705e00000, 0x0000000800000000)
  region size 2048K, 3 young (6144K), 3 survivors (6144K)
 Metaspace       used 33745K, committed 34368K, reserved 1114112K
  class space    used 3443K, committed 3776K, reserved 1048576K
}

