# JRE version: Java(TM) SE Runtime Environment (19.0.2+7) (build 19.0.2+7-44)
# Java VM: Java HotSpot(TM) 64-Bit Server VM (19.0.2+7-44, mixed mode, sharing, tiered, compressed oops, compressed class ptrs, g1 gc, windows-amd64)
GC Precious Log:
 CardTable entry size: 512
 Card Set container configuration: InlinePtr #cards 4 size 8 Array Of Cards #cards 16 size 48 Howl #buckets 8 coarsen threshold 3686 Howl Bitmap #cards 512 size 80 coarsen threshold 460 Card regions per heap region 1 cards per card region 4096
 CPUs: 16 total, 16 available
 Memory: 16005M
 Large Page Support: Disabled
 NUMA Support: Disabled
 Compressed Oops: Enabled (Zero based)
 Heap Region Size: 2M
 Heap Min Capacity: 8M
 Heap Initial Capacity: 252M
 Heap Max Capacity: 4002M
 Pre-touch: Disabled
 Parallel Workers: 13
 Concurrent Workers: 3
 Concurrent Refinement Workers: 13
 Periodic GC: Disabled
Heap:
 garbage-first heap   total 204800K, used 78064K [0x0000000705e00000, 0x0000000800000000)
  region size 2048K, 5 young (10240K), 1 survivors (2048K)
 Metaspace       used 33322K, committed 33856K, reserved 1114112K
  class space    used 3424K, committed 3712K, reserved 1048576K
GC Heap History (20 events):
Event: 3.233 GC heap before
{Heap before GC invocations=12 (full 0):
 garbage-first heap   total 116736K, used 80755K [0x0000000705e00000, 0x0000000800000000)
  region size 2048K, 20 young (40960K), 1 survivors (2048K)
 Metaspace       used 27371K, committed 27840K, reserved 1114112K
  class space    used 2861K, committed 3136K, reserved 1048576K
}
Event: 3.234 GC heap after
{Heap after GC invocations=13 (full 0):
 garbage-first heap   total 116736K, used 41257K [0x0000000705e00000, 0x0000000800000000)
  region size 2048K, 1 young (2048K), 1 survivors (2048K)
 Metaspace       used 27371K, committed 27840K, reserved 1114112K
  class space    used 2861K, committed 3136K, reserved 1048576K
}
Event: 3.425 GC heap before
{Heap before GC invocations=13 (full 0):
 garbage-first heap   total 116736K, used 82217K [0x0000000705e00000, 0x0000000800000000)
  region size 2048K, 21 young (43008K), 1 survivors (2048K)
 Metaspace       used 27972K, committed 28480K, reserved 1114112K
  class space    used 2946K, committed 3200K, reserved 1048576K
}
Event: 3.427 GC heap after
{Heap after GC invocations=14 (full 0):
 garbage-first heap   total 116736K, used 41848K [0x0000000705e00000, 0x0000000800000000)
  region size 2048K, 1 young (2048K), 1 survivors (2048K)
 Metaspace       used 27972K, committed 28480K, reserved 1114112K
  class space    used 2946K, committed 3200K, reserved 1048576K
}
Event: 3.547 GC heap before
{Heap before GC invocations=14 (full 0):
 garbage-first heap   total 116736K, used 84856K [0x0000000705e00000, 0x0000000800000000)
  region size 2048K, 22 young (45056K), 1 survivors (2048K)
 Metaspace       used 28227K, committed 28800K, reserved 1114112K
  class space    used 2955K, committed 3264K, reserved 1048576K
}
Event: 3.550 GC heap after
{Heap after GC invocations=15 (full 0):
 garbage-first heap   total 116736K, used 42938K [0x0000000705e00000, 0x0000000800000000)
  region size 2048K, 1 young (2048K), 1 survivors (2048K)
 Metaspace       used 28227K, committed 28800K, reserved 1114112K
  class space    used 2955K, committed 3264K, reserved 1048576K
}
Event: 3.633 GC heap before
{Heap before GC invocations=15 (full 0):
 garbage-first heap   total 116736K, used 87994K [0x0000000705e00000, 0x0000000800000000)
  region size 2048K, 23 young (47104K), 1 survivors (2048K)
 Metaspace       used 28270K, committed 28800K, reserved 1114112K
  class space    used 2958K, committed 3264K, reserved 1048576K
}
Event: 3.636 GC heap after
{Heap after GC invocations=16 (full 0):
 garbage-first heap   total 116736K, used 43228K [0x0000000705e00000, 0x0000000800000000)
  region size 2048K, 2 young (4096K), 2 survivors (4096K)
 Metaspace       used 28270K, committed 28800K, reserved 1114112K
  class space    used 2958K, committed 3264K, reserved 1048576K
}
Event: 3.748 GC heap before
{Heap before GC invocations=16 (full 0):
 garbage-first heap   total 116736K, used 90332K [0x0000000705e00000, 0x0000000800000000)
  region size 2048K, 25 young (51200K), 2 survivors (4096K)
 Metaspace       used 28428K, committed 28992K, reserved 1114112K
  class space    used 2961K, committed 3264K, reserved 1048576K
}
Event: 3.753 GC heap after
{Heap after GC invocations=17 (full 0):
 garbage-first heap   total 169984K, used 44192K [0x0000000705e00000, 0x0000000800000000)
  region size 2048K, 2 young (4096K), 2 survivors (4096K)
 Metaspace       used 28428K, committed 28992K, reserved 1114112K
  class space    used 2961K, committed 3264K, reserved 1048576K
}
Event: 4.412 GC heap before
{Heap before GC invocations=17 (full 0):
 garbage-first heap   total 169984K, used 132256K [0x0000000705e00000, 0x0000000800000000)
  region size 2048K, 45 young (92160K), 2 survivors (4096K)
 Metaspace       used 30488K, committed 31040K, reserved 1114112K
  class space    used 3192K, committed 3456K, reserved 1048576K
}
Event: 4.416 GC heap after
{Heap after GC invocations=18 (full 0):
 garbage-first heap   total 169984K, used 45128K [0x0000000705e00000, 0x0000000800000000)
  region size 2048K, 2 young (4096K), 2 survivors (4096K)
 Metaspace       used 30488K, committed 31040K, reserved 1114112K
  class space    used 3192K, committed 3456K, reserved 1048576K
}
Event: 4.871 GC heap before
{Heap before GC invocations=18 (full 0):
 garbage-first heap   total 169984K, used 139336K [0x0000000705e00000, 0x0000000800000000)
  region size 2048K, 46 young (94208K), 2 survivors (4096K)
 Metaspace       used 31277K, committed 31872K, reserved 1114112K
  class space    used 3212K, committed 3520K, reserved 1048576K
}
Event: 4.877 GC heap after
{Heap after GC invocations=19 (full 0):
 garbage-first heap   total 169984K, used 49700K [0x0000000705e00000, 0x0000000800000000)
  region size 2048K, 4 young (8192K), 4 survivors (8192K)
 Metaspace       used 31277K, committed 31872K, reserved 1114112K
  class space    used 3212K, committed 3520K, reserved 1048576K
}
Event: 5.348 GC heap before
{Heap before GC invocations=19 (full 0):
 garbage-first heap   total 169984K, used 135716K [0x0000000705e00000, 0x0000000800000000)
  region size 2048K, 46 young (94208K), 4 survivors (8192K)
 Metaspace       used 31518K, committed 32128K, reserved 1114112K
  class space    used 3231K, committed 3520K, reserved 1048576K
}
Event: 5.359 GC heap after
{Heap after GC invocations=20 (full 0):
 garbage-first heap   total 169984K, used 62766K [0x0000000705e00000, 0x0000000800000000)
  region size 2048K, 6 young (12288K), 6 survivors (12288K)
 Metaspace       used 31518K, committed 32128K, reserved 1114112K
  class space    used 3231K, committed 3520K, reserved 1048576K
}
Event: 5.819 GC heap before
{Heap before GC invocations=20 (full 0):
 garbage-first heap   total 169984K, used 130350K [0x0000000705e00000, 0x0000000800000000)
  region size 2048K, 39 young (79872K), 6 survivors (12288K)
 Metaspace       used 32877K, committed 33472K, reserved 1114112K
  class space    used 3378K, committed 3648K, reserved 1048576K
}
Event: 5.827 GC heap after
{Heap after GC invocations=21 (full 0):
 garbage-first heap   total 169984K, used 70620K [0x0000000705e00000, 0x0000000800000000)
  region size 2048K, 4 young (8192K), 4 survivors (8192K)
 Metaspace       used 32877K, committed 33472K, reserved 1114112K
  class space    used 3378K, committed 3648K, reserved 1048576K
}
Event: 6.090 GC heap before
{Heap before GC invocations=21 (full 0):
 garbage-first heap   total 169984K, used 130012K [0x0000000705e00000, 0x0000000800000000)
  region size 2048K, 33 young (67584K), 4 survivors (8192K)
 Metaspace       used 33290K, committed 33856K, reserved 1114112K
  class space    used 3424K, committed 3712K, reserved 1048576K
}
Event: 6.094 GC heap after
{Heap after GC invocations=22 (full 0):
 garbage-first heap   total 204800K, used 71920K [0x0000000705e00000, 0x0000000800000000)
  region size 2048K, 1 young (2048K), 1 survivors (2048K)
 Metaspace       used 33290K, committed 33856K, reserved 1114112K
  class space    used 3424K, committed 3712K, reserved 1048576K
}

