# JRE version: Java(TM) SE Runtime Environment (19.0.2+7) (build 19.0.2+7-44)
# Java VM: Java HotSpot(TM) 64-Bit Server VM (19.0.2+7-44, mixed mode, sharing, tiered, compressed oops, compressed class ptrs, g1 gc, windows-amd64)
GC Precious Log:
 CardTable entry size: 512
 Card Set container configuration: InlinePtr #cards 4 size 8 Array Of Cards #cards 16 size 48 Howl #buckets 8 coarsen threshold 3686 Howl Bitmap #cards 512 size 80 coarsen threshold 460 Card regions per heap region 1 cards per card region 4096
 CPUs: 16 total, 16 available
 Memory: 16005M
 Large Page Support: Disabled
 NUMA Support: Disabled
 Compressed Oops: Enabled (Zero based)
 Heap Region Size: 2M
 Heap Min Capacity: 8M
 Heap Initial Capacity: 252M
 Heap Max Capacity: 4002M
 Pre-touch: Disabled
 Parallel Workers: 13
 Concurrent Workers: 3
 Concurrent Refinement Workers: 13
 Periodic GC: Disabled
Heap:
 garbage-first heap   total 190464K, used 91276K [0x0000000705e00000, 0x0000000800000000)
  region size 2048K, 13 young (26624K), 4 survivors (8192K)
 Metaspace       used 35287K, committed 35840K, reserved 1114112K
  class space    used 3602K, committed 3904K, reserved 1048576K
GC Heap History (20 events):
Event: 3.548 GC heap before
{Heap before GC invocations=11 (full 0):
 garbage-first heap   total 108544K, used 81107K [0x0000000705e00000, 0x0000000800000000)
  region size 2048K, 20 young (40960K), 1 survivors (2048K)
 Metaspace       used 28019K, committed 28544K, reserved 1114112K
  class space    used 2943K, committed 3200K, reserved 1048576K
}
Event: 3.550 GC heap after
{Heap after GC invocations=12 (full 0):
 garbage-first heap   total 131072K, used 43268K [0x0000000705e00000, 0x0000000800000000)
  region size 2048K, 1 young (2048K), 1 survivors (2048K)
 Metaspace       used 28019K, committed 28544K, reserved 1114112K
  class space    used 2943K, committed 3200K, reserved 1048576K
}
Event: 3.689 GC heap before
{Heap before GC invocations=12 (full 0):
 garbage-first heap   total 131072K, used 100612K [0x0000000705e00000, 0x0000000800000000)
  region size 2048K, 29 young (59392K), 1 survivors (2048K)
 Metaspace       used 28226K, committed 28736K, reserved 1114112K
  class space    used 2955K, committed 3264K, reserved 1048576K
}
Event: 3.691 GC heap after
{Heap after GC invocations=13 (full 0):
 garbage-first heap   total 131072K, used 44158K [0x0000000705e00000, 0x0000000800000000)
  region size 2048K, 2 young (4096K), 2 survivors (4096K)
 Metaspace       used 28226K, committed 28736K, reserved 1114112K
  class space    used 2955K, committed 3264K, reserved 1048576K
}
Event: 3.819 GC heap before
{Heap before GC invocations=13 (full 0):
 garbage-first heap   total 131072K, used 101502K [0x0000000705e00000, 0x0000000800000000)
  region size 2048K, 30 young (61440K), 2 survivors (4096K)
 Metaspace       used 28376K, committed 28992K, reserved 1114112K
  class space    used 2958K, committed 3264K, reserved 1048576K
}
Event: 3.823 GC heap after
{Heap after GC invocations=14 (full 0):
 garbage-first heap   total 131072K, used 45451K [0x0000000705e00000, 0x0000000800000000)
  region size 2048K, 2 young (4096K), 2 survivors (4096K)
 Metaspace       used 28376K, committed 28992K, reserved 1114112K
  class space    used 2958K, committed 3264K, reserved 1048576K
}
Event: 3.930 GC heap before
{Heap before GC invocations=14 (full 0):
 garbage-first heap   total 131072K, used 104843K [0x0000000705e00000, 0x0000000800000000)
  region size 2048K, 31 young (63488K), 2 survivors (4096K)
 Metaspace       used 28468K, committed 29056K, reserved 1114112K
  class space    used 2958K, committed 3264K, reserved 1048576K
}
Event: 3.933 GC heap after
{Heap after GC invocations=15 (full 0):
 garbage-first heap   total 131072K, used 44562K [0x0000000705e00000, 0x0000000800000000)
  region size 2048K, 2 young (4096K), 2 survivors (4096K)
 Metaspace       used 28468K, committed 29056K, reserved 1114112K
  class space    used 2958K, committed 3264K, reserved 1048576K
}
Event: 4.652 GC heap before
{Heap before GC invocations=15 (full 0):
 garbage-first heap   total 131072K, used 106002K [0x0000000705e00000, 0x0000000800000000)
  region size 2048K, 32 young (65536K), 2 survivors (4096K)
 Metaspace       used 30882K, committed 31424K, reserved 1114112K
  class space    used 3194K, committed 3456K, reserved 1048576K
}
Event: 4.658 GC heap after
{Heap after GC invocations=16 (full 0):
 garbage-first heap   total 157696K, used 47262K [0x0000000705e00000, 0x0000000800000000)
  region size 2048K, 3 young (6144K), 3 survivors (6144K)
 Metaspace       used 30882K, committed 31424K, reserved 1114112K
  class space    used 3194K, committed 3456K, reserved 1048576K
}
Event: 5.041 GC heap before
{Heap before GC invocations=16 (full 0):
 garbage-first heap   total 157696K, used 131230K [0x0000000705e00000, 0x0000000800000000)
  region size 2048K, 42 young (86016K), 3 survivors (6144K)
 Metaspace       used 31314K, committed 31936K, reserved 1114112K
  class space    used 3215K, committed 3520K, reserved 1048576K
}
Event: 5.047 GC heap after
{Heap after GC invocations=17 (full 0):
 garbage-first heap   total 157696K, used 53781K [0x0000000705e00000, 0x0000000800000000)
  region size 2048K, 4 young (8192K), 4 survivors (8192K)
 Metaspace       used 31314K, committed 31936K, reserved 1114112K
  class space    used 3215K, committed 3520K, reserved 1048576K
}
Event: 5.543 GC heap before
{Heap before GC invocations=17 (full 0):
 garbage-first heap   total 157696K, used 129557K [0x0000000705e00000, 0x0000000800000000)
  region size 2048K, 41 young (83968K), 4 survivors (8192K)
 Metaspace       used 31483K, committed 32064K, reserved 1114112K
  class space    used 3226K, committed 3520K, reserved 1048576K
}
Event: 5.552 GC heap after
{Heap after GC invocations=18 (full 0):
 garbage-first heap   total 157696K, used 66825K [0x0000000705e00000, 0x0000000800000000)
  region size 2048K, 6 young (12288K), 6 survivors (12288K)
 Metaspace       used 31483K, committed 32064K, reserved 1114112K
  class space    used 3226K, committed 3520K, reserved 1048576K
}
Event: 5.941 GC heap before
{Heap before GC invocations=18 (full 0):
 garbage-first heap   total 157696K, used 120073K [0x0000000705e00000, 0x0000000800000000)
  region size 2048K, 32 young (65536K), 6 survivors (12288K)
 Metaspace       used 32832K, committed 33408K, reserved 1114112K
  class space    used 3372K, committed 3648K, reserved 1048576K
}
Event: 5.949 GC heap after
{Heap after GC invocations=19 (full 0):
 garbage-first heap   total 157696K, used 71838K [0x0000000705e00000, 0x0000000800000000)
  region size 2048K, 2 young (4096K), 2 survivors (4096K)
 Metaspace       used 32832K, committed 33408K, reserved 1114112K
  class space    used 3372K, committed 3648K, reserved 1048576K
}
Event: 6.156 GC heap before
{Heap before GC invocations=19 (full 0):
 garbage-first heap   total 157696K, used 120990K [0x0000000705e00000, 0x0000000800000000)
  region size 2048K, 26 young (53248K), 2 survivors (4096K)
 Metaspace       used 33212K, committed 33792K, reserved 1114112K
  class space    used 3418K, committed 3712K, reserved 1048576K
}
Event: 6.158 GC heap after
{Heap after GC invocations=20 (full 0):
 garbage-first heap   total 157696K, used 72321K [0x0000000705e00000, 0x0000000800000000)
  region size 2048K, 3 young (6144K), 3 survivors (6144K)
 Metaspace       used 33212K, committed 33792K, reserved 1114112K
  class space    used 3418K, committed 3712K, reserved 1048576K
}
Event: 6.503 GC heap before
{Heap before GC invocations=20 (full 0):
 garbage-first heap   total 157696K, used 121473K [0x0000000705e00000, 0x0000000800000000)
  region size 2048K, 27 young (55296K), 3 survivors (6144K)
 Metaspace       used 34578K, committed 35200K, reserved 1114112K
  class space    used 3533K, committed 3840K, reserved 1048576K
}
Event: 6.507 GC heap after
{Heap after GC invocations=21 (full 0):
 garbage-first heap   total 190464K, used 74892K [0x0000000705e00000, 0x0000000800000000)
  region size 2048K, 4 young (8192K), 4 survivors (8192K)
 Metaspace       used 34578K, committed 35200K, reserved 1114112K
  class space    used 3533K, committed 3840K, reserved 1048576K
}

