# JRE version: Java(TM) SE Runtime Environment (19.0.2+7) (build 19.0.2+7-44)
# Java VM: Java HotSpot(TM) 64-Bit Server VM (19.0.2+7-44, mixed mode, sharing, tiered, compressed oops, compressed class ptrs, g1 gc, windows-amd64)
GC Precious Log:
 CardTable entry size: 512
 Card Set container configuration: InlinePtr #cards 4 size 8 Array Of Cards #cards 16 size 48 Howl #buckets 8 coarsen threshold 3686 Howl Bitmap #cards 512 size 80 coarsen threshold 460 Card regions per heap region 1 cards per card region 4096
 CPUs: 16 total, 16 available
 Memory: 16005M
 Large Page Support: Disabled
 NUMA Support: Disabled
 Compressed Oops: Enabled (Zero based)
 Heap Region Size: 2M
 Heap Min Capacity: 8M
 Heap Initial Capacity: 252M
 Heap Max Capacity: 4002M
 Pre-touch: Disabled
 Parallel Workers: 13
 Concurrent Workers: 3
 Concurrent Refinement Workers: 13
 Periodic GC: Disabled
Heap:
 garbage-first heap   total 272384K, used 96253K [0x0000000705e00000, 0x0000000800000000)
  region size 2048K, 3 young (6144K), 3 survivors (6144K)
 Metaspace       used 35067K, committed 35712K, reserved 1114112K
  class space    used 3556K, committed 3904K, reserved 1048576K
GC Heap History (20 events):
Event: 3.400 GC heap after
{Heap after GC invocations=11 (full 0):
 garbage-first heap   total 131072K, used 49534K [0x0000000705e00000, 0x0000000800000000)
  region size 2048K, 1 young (2048K), 1 survivors (2048K)
 Metaspace       used 25334K, committed 25792K, reserved 1114112K
  class space    used 2644K, committed 2880K, reserved 1048576K
}
Event: 3.774 GC heap before
{Heap before GC invocations=11 (full 0):
 garbage-first heap   total 131072K, used 86398K [0x0000000705e00000, 0x0000000800000000)
  region size 2048K, 19 young (38912K), 1 survivors (2048K)
 Metaspace       used 26964K, committed 27392K, reserved 1114112K
  class space    used 2808K, committed 3008K, reserved 1048576K
}
Event: 3.778 GC heap after
{Heap after GC invocations=12 (full 0):
 garbage-first heap   total 131072K, used 54000K [0x0000000705e00000, 0x0000000800000000)
  region size 2048K, 2 young (4096K), 2 survivors (4096K)
 Metaspace       used 26964K, committed 27392K, reserved 1114112K
  class space    used 2808K, committed 3008K, reserved 1048576K
}
Event: 3.998 GC heap before
{Heap before GC invocations=12 (full 0):
 garbage-first heap   total 131072K, used 90864K [0x0000000705e00000, 0x0000000800000000)
  region size 2048K, 20 young (40960K), 2 survivors (4096K)
 Metaspace       used 27605K, committed 28096K, reserved 1114112K
  class space    used 2866K, committed 3136K, reserved 1048576K
}
Event: 4.001 GC heap after
{Heap after GC invocations=13 (full 0):
 garbage-first heap   total 131072K, used 54382K [0x0000000705e00000, 0x0000000800000000)
  region size 2048K, 2 young (4096K), 2 survivors (4096K)
 Metaspace       used 27605K, committed 28096K, reserved 1114112K
  class space    used 2866K, committed 3136K, reserved 1048576K
}
Event: 4.070 GC heap before
{Heap before GC invocations=13 (full 0):
 garbage-first heap   total 131072K, used 95342K [0x0000000705e00000, 0x0000000800000000)
  region size 2048K, 22 young (45056K), 2 survivors (4096K)
 Metaspace       used 27675K, committed 28160K, reserved 1114112K
  class space    used 2870K, committed 3136K, reserved 1048576K
}
Event: 4.073 GC heap after
{Heap after GC invocations=14 (full 0):
 garbage-first heap   total 245760K, used 54603K [0x0000000705e00000, 0x0000000800000000)
  region size 2048K, 1 young (2048K), 1 survivors (2048K)
 Metaspace       used 27675K, committed 28160K, reserved 1114112K
  class space    used 2870K, committed 3136K, reserved 1048576K
}
Event: 4.479 GC heap before
{Heap before GC invocations=14 (full 0):
 garbage-first heap   total 245760K, used 175435K [0x0000000705e00000, 0x0000000800000000)
  region size 2048K, 60 young (122880K), 1 survivors (2048K)
 Metaspace       used 28578K, committed 29120K, reserved 1114112K
  class space    used 2969K, committed 3264K, reserved 1048576K
}
Event: 4.481 GC heap after
{Heap after GC invocations=15 (full 0):
 garbage-first heap   total 245760K, used 56698K [0x0000000705e00000, 0x0000000800000000)
  region size 2048K, 2 young (4096K), 2 survivors (4096K)
 Metaspace       used 28578K, committed 29120K, reserved 1114112K
  class space    used 2969K, committed 3264K, reserved 1048576K
}
Event: 4.701 GC heap before
{Heap before GC invocations=15 (full 0):
 garbage-first heap   total 245760K, used 181626K [0x0000000705e00000, 0x0000000800000000)
  region size 2048K, 63 young (129024K), 2 survivors (4096K)
 Metaspace       used 28753K, committed 29312K, reserved 1114112K
  class space    used 2971K, committed 3264K, reserved 1048576K
}
Event: 4.704 GC heap after
{Heap after GC invocations=16 (full 0):
 garbage-first heap   total 245760K, used 57998K [0x0000000705e00000, 0x0000000800000000)
  region size 2048K, 2 young (4096K), 2 survivors (4096K)
 Metaspace       used 28753K, committed 29312K, reserved 1114112K
  class space    used 2971K, committed 3264K, reserved 1048576K
}
Event: 5.545 GC heap before
{Heap before GC invocations=16 (full 0):
 garbage-first heap   total 245760K, used 189070K [0x0000000705e00000, 0x0000000800000000)
  region size 2048K, 66 young (135168K), 2 survivors (4096K)
 Metaspace       used 31306K, committed 31872K, reserved 1114112K
  class space    used 3219K, committed 3520K, reserved 1048576K
}
Event: 5.549 GC heap after
{Heap after GC invocations=17 (full 0):
 garbage-first heap   total 245760K, used 59807K [0x0000000705e00000, 0x0000000800000000)
  region size 2048K, 3 young (6144K), 3 survivors (6144K)
 Metaspace       used 31306K, committed 31872K, reserved 1114112K
  class space    used 3219K, committed 3520K, reserved 1048576K
}
Event: 6.144 GC heap before
{Heap before GC invocations=17 (full 0):
 garbage-first heap   total 245760K, used 197023K [0x0000000705e00000, 0x0000000800000000)
  region size 2048K, 68 young (139264K), 3 survivors (6144K)
 Metaspace       used 31768K, committed 32320K, reserved 1114112K
  class space    used 3241K, committed 3520K, reserved 1048576K
}
Event: 6.149 GC heap after
{Heap after GC invocations=18 (full 0):
 garbage-first heap   total 245760K, used 64795K [0x0000000705e00000, 0x0000000800000000)
  region size 2048K, 5 young (10240K), 5 survivors (10240K)
 Metaspace       used 31768K, committed 32320K, reserved 1114112K
  class space    used 3241K, committed 3520K, reserved 1048576K
}
Event: 6.923 GC heap before
{Heap before GC invocations=18 (full 0):
 garbage-first heap   total 245760K, used 193819K [0x0000000705e00000, 0x0000000800000000)
  region size 2048K, 69 young (141312K), 5 survivors (10240K)
 Metaspace       used 32170K, committed 32768K, reserved 1114112K
  class space    used 3268K, committed 3584K, reserved 1048576K
}
Event: 6.935 GC heap after
{Heap after GC invocations=19 (full 0):
 garbage-first heap   total 245760K, used 91430K [0x0000000705e00000, 0x0000000800000000)
  region size 2048K, 9 young (18432K), 9 survivors (18432K)
 Metaspace       used 32170K, committed 32768K, reserved 1114112K
  class space    used 3268K, committed 3584K, reserved 1048576K
}
Event: 7.425 GC heap before
{Heap before GC invocations=19 (full 0):
 garbage-first heap   total 245760K, used 183590K [0x0000000705e00000, 0x0000000800000000)
  region size 2048K, 54 young (110592K), 9 survivors (18432K)
 Metaspace       used 33652K, committed 34304K, reserved 1114112K
  class space    used 3434K, committed 3776K, reserved 1048576K
}
Event: 7.435 GC heap after
{Heap after GC invocations=20 (full 0):
 garbage-first heap   total 245760K, used 93760K [0x0000000705e00000, 0x0000000800000000)
  region size 2048K, 1 young (2048K), 1 survivors (2048K)
 Metaspace       used 33652K, committed 34304K, reserved 1114112K
  class space    used 3434K, committed 3776K, reserved 1048576K
}
Event: 7.932 GC heap before
{Heap before GC invocations=20 (full 0):
 garbage-first heap   total 245760K, used 190016K [0x0000000705e00000, 0x0000000800000000)
  region size 2048K, 48 young (98304K), 1 survivors (2048K)
 Metaspace       used 35067K, committed 35712K, reserved 1114112K
  class space    used 3556K, committed 3904K, reserved 1048576K
}

