# JRE version: Java(TM) SE Runtime Environment (19.0.2+7) (build 19.0.2+7-44)
# Java VM: Java HotSpot(TM) 64-Bit Server VM (19.0.2+7-44, mixed mode, sharing, tiered, compressed oops, compressed class ptrs, g1 gc, windows-amd64)
GC Precious Log:
 CardTable entry size: 512
 Card Set container configuration: InlinePtr #cards 4 size 8 Array Of Cards #cards 16 size 48 Howl #buckets 8 coarsen threshold 3686 Howl Bitmap #cards 512 size 80 coarsen threshold 460 Card regions per heap region 1 cards per card region 4096
 CPUs: 16 total, 16 available
 Memory: 16005M
 Large Page Support: Disabled
 NUMA Support: Disabled
 Compressed Oops: Enabled (Zero based)
 Heap Region Size: 2M
 Heap Min Capacity: 8M
 Heap Initial Capacity: 252M
 Heap Max Capacity: 4002M
 Pre-touch: Disabled
 Parallel Workers: 13
 Concurrent Workers: 3
 Concurrent Refinement Workers: 13
 Periodic GC: Disabled
Heap:
 garbage-first heap   total 276480K, used 170112K [0x0000000705e00000, 0x0000000800000000)
  region size 2048K, 46 young (94208K), 5 survivors (10240K)
 Metaspace       used 35580K, committed 36160K, reserved 1114112K
  class space    used 3612K, committed 3904K, reserved 1048576K
GC Heap History (20 events):
Event: 3.231 GC heap before
{Heap before GC invocations=10 (full 0):
 garbage-first heap   total 139264K, used 97183K [0x0000000705e00000, 0x0000000800000000)
  region size 2048K, 27 young (55296K), 2 survivors (4096K)
 Metaspace       used 27326K, committed 27776K, reserved 1114112K
  class space    used 2848K, committed 3072K, reserved 1048576K
}
Event: 3.236 GC heap after
{Heap after GC invocations=11 (full 0):
 garbage-first heap   total 139264K, used 51355K [0x0000000705e00000, 0x0000000800000000)
  region size 2048K, 4 young (8192K), 4 survivors (8192K)
 Metaspace       used 27326K, committed 27776K, reserved 1114112K
  class space    used 2848K, committed 3072K, reserved 1048576K
}
Event: 3.248 GC heap before
{Heap before GC invocations=11 (full 0):
 garbage-first heap   total 139264K, used 53403K [0x0000000705e00000, 0x0000000800000000)
  region size 2048K, 5 young (10240K), 4 survivors (8192K)
 Metaspace       used 27349K, committed 27776K, reserved 1114112K
  class space    used 2852K, committed 3072K, reserved 1048576K
}
Event: 3.252 GC heap after
{Heap after GC invocations=12 (full 0):
 garbage-first heap   total 139264K, used 51610K [0x0000000705e00000, 0x0000000800000000)
  region size 2048K, 1 young (2048K), 1 survivors (2048K)
 Metaspace       used 27349K, committed 27776K, reserved 1114112K
  class space    used 2852K, committed 3072K, reserved 1048576K
}
Event: 3.429 GC heap before
{Heap before GC invocations=12 (full 0):
 garbage-first heap   total 139264K, used 98714K [0x0000000705e00000, 0x0000000800000000)
  region size 2048K, 25 young (51200K), 1 survivors (2048K)
 Metaspace       used 27568K, committed 28096K, reserved 1114112K
  class space    used 2866K, committed 3136K, reserved 1048576K
}
Event: 3.430 GC heap after
{Heap after GC invocations=13 (full 0):
 garbage-first heap   total 139264K, used 50970K [0x0000000705e00000, 0x0000000800000000)
  region size 2048K, 1 young (2048K), 1 survivors (2048K)
 Metaspace       used 27568K, committed 28096K, reserved 1114112K
  class space    used 2866K, committed 3136K, reserved 1048576K
}
Event: 3.639 GC heap before
{Heap before GC invocations=13 (full 0):
 garbage-first heap   total 139264K, used 102170K [0x0000000705e00000, 0x0000000800000000)
  region size 2048K, 26 young (53248K), 1 survivors (2048K)
 Metaspace       used 28201K, committed 28736K, reserved 1114112K
  class space    used 2946K, committed 3200K, reserved 1048576K
}
Event: 3.640 GC heap after
{Heap after GC invocations=14 (full 0):
 garbage-first heap   total 139264K, used 51456K [0x0000000705e00000, 0x0000000800000000)
  region size 2048K, 1 young (2048K), 1 survivors (2048K)
 Metaspace       used 28201K, committed 28736K, reserved 1114112K
  class space    used 2946K, committed 3200K, reserved 1048576K
}
Event: 3.761 GC heap before
{Heap before GC invocations=14 (full 0):
 garbage-first heap   total 139264K, used 106752K [0x0000000705e00000, 0x0000000800000000)
  region size 2048K, 28 young (57344K), 1 survivors (2048K)
 Metaspace       used 28394K, committed 28992K, reserved 1114112K
  class space    used 2958K, committed 3264K, reserved 1048576K
}
Event: 3.764 GC heap after
{Heap after GC invocations=15 (full 0):
 garbage-first heap   total 139264K, used 52655K [0x0000000705e00000, 0x0000000800000000)
  region size 2048K, 2 young (4096K), 2 survivors (4096K)
 Metaspace       used 28394K, committed 28992K, reserved 1114112K
  class space    used 2958K, committed 3264K, reserved 1048576K
}
Event: 3.832 GC heap before
{Heap before GC invocations=15 (full 0):
 garbage-first heap   total 139264K, used 107951K [0x0000000705e00000, 0x0000000800000000)
  region size 2048K, 29 young (59392K), 2 survivors (4096K)
 Metaspace       used 28447K, committed 28992K, reserved 1114112K
  class space    used 2958K, committed 3264K, reserved 1048576K
}
Event: 3.833 GC heap after
{Heap after GC invocations=16 (full 0):
 garbage-first heap   total 139264K, used 52890K [0x0000000705e00000, 0x0000000800000000)
  region size 2048K, 2 young (4096K), 2 survivors (4096K)
 Metaspace       used 28447K, committed 28992K, reserved 1114112K
  class space    used 2958K, committed 3264K, reserved 1048576K
}
Event: 3.977 GC heap before
{Heap before GC invocations=16 (full 0):
 garbage-first heap   total 139264K, used 110234K [0x0000000705e00000, 0x0000000800000000)
  region size 2048K, 30 young (61440K), 2 survivors (4096K)
 Metaspace       used 28582K, committed 29120K, reserved 1114112K
  class space    used 2961K, committed 3264K, reserved 1048576K
}
Event: 3.982 GC heap after
{Heap after GC invocations=17 (full 0):
 garbage-first heap   total 276480K, used 54224K [0x0000000705e00000, 0x0000000800000000)
  region size 2048K, 2 young (4096K), 2 survivors (4096K)
 Metaspace       used 28582K, committed 29120K, reserved 1114112K
  class space    used 2961K, committed 3264K, reserved 1048576K
}
Event: 5.011 GC heap before
{Heap before GC invocations=17 (full 0):
 garbage-first heap   total 276480K, used 216016K [0x0000000705e00000, 0x0000000800000000)
  region size 2048K, 81 young (165888K), 2 survivors (4096K)
 Metaspace       used 31265K, committed 31872K, reserved 1114112K
  class space    used 3209K, committed 3520K, reserved 1048576K
}
Event: 5.015 GC heap after
{Heap after GC invocations=18 (full 0):
 garbage-first heap   total 276480K, used 56288K [0x0000000705e00000, 0x0000000800000000)
  region size 2048K, 3 young (6144K), 3 survivors (6144K)
 Metaspace       used 31265K, committed 31872K, reserved 1114112K
  class space    used 3209K, committed 3520K, reserved 1048576K
}
Event: 5.804 GC heap before
{Heap before GC invocations=18 (full 0):
 garbage-first heap   total 276480K, used 218080K [0x0000000705e00000, 0x0000000800000000)
  region size 2048K, 81 young (165888K), 3 survivors (6144K)
 Metaspace       used 31731K, committed 32256K, reserved 1114112K
  class space    used 3232K, committed 3520K, reserved 1048576K
}
Event: 5.811 GC heap after
{Heap after GC invocations=19 (full 0):
 garbage-first heap   total 276480K, used 77836K [0x0000000705e00000, 0x0000000800000000)
  region size 2048K, 11 young (22528K), 11 survivors (22528K)
 Metaspace       used 31731K, committed 32256K, reserved 1114112K
  class space    used 3232K, committed 3520K, reserved 1048576K
}
Event: 6.502 GC heap before
{Heap before GC invocations=19 (full 0):
 garbage-first heap   total 276480K, used 213004K [0x0000000705e00000, 0x0000000800000000)
  region size 2048K, 77 young (157696K), 11 survivors (22528K)
 Metaspace       used 33487K, committed 34112K, reserved 1114112K
  class space    used 3424K, committed 3712K, reserved 1048576K
}
Event: 6.510 GC heap after
{Heap after GC invocations=20 (full 0):
 garbage-first heap   total 276480K, used 88192K [0x0000000705e00000, 0x0000000800000000)
  region size 2048K, 5 young (10240K), 5 survivors (10240K)
 Metaspace       used 33487K, committed 34112K, reserved 1114112K
  class space    used 3424K, committed 3712K, reserved 1048576K
}

