# JRE version: Java(TM) SE Runtime Environment (19.0.2+7) (build 19.0.2+7-44)
# Java VM: Java HotSpot(TM) 64-Bit Server VM (19.0.2+7-44, mixed mode, sharing, tiered, compressed oops, compressed class ptrs, g1 gc, windows-amd64)
GC Precious Log:
 CardTable entry size: 512
 Card Set container configuration: InlinePtr #cards 4 size 8 Array Of Cards #cards 16 size 48 Howl #buckets 8 coarsen threshold 3686 Howl Bitmap #cards 512 size 80 coarsen threshold 460 Card regions per heap region 1 cards per card region 4096
 CPUs: 16 total, 16 available
 Memory: 16005M
 Large Page Support: Disabled
 NUMA Support: Disabled
 Compressed Oops: Enabled (Zero based)
 Heap Region Size: 2M
 Heap Min Capacity: 8M
 Heap Initial Capacity: 252M
 Heap Max Capacity: 4002M
 Pre-touch: Disabled
 Parallel Workers: 13
 Concurrent Workers: 3
 Concurrent Refinement Workers: 13
 Periodic GC: Disabled
Heap:
 garbage-first heap   total 251904K, used 150201K [0x0000000705e00000, 0x0000000800000000)
  region size 2048K, 34 young (69632K), 4 survivors (8192K)
 Metaspace       used 35636K, committed 36288K, reserved 1114112K
  class space    used 3619K, committed 3904K, reserved 1048576K
GC Heap History (20 events):
Event: 4.044 GC heap before
{Heap before GC invocations=13 (full 0):
 garbage-first heap   total 124928K, used 90539K [0x0000000705e00000, 0x0000000800000000)
  region size 2048K, 21 young (43008K), 2 survivors (4096K)
 Metaspace       used 27607K, committed 28096K, reserved 1114112K
  class space    used 2868K, committed 3072K, reserved 1048576K
}
Event: 4.048 GC heap after
{Heap after GC invocations=14 (full 0):
 garbage-first heap   total 124928K, used 52256K [0x0000000705e00000, 0x0000000800000000)
  region size 2048K, 2 young (4096K), 2 survivors (4096K)
 Metaspace       used 27607K, committed 28096K, reserved 1114112K
  class space    used 2868K, committed 3072K, reserved 1048576K
}
Event: 4.148 GC heap before
{Heap before GC invocations=14 (full 0):
 garbage-first heap   total 124928K, used 93216K [0x0000000705e00000, 0x0000000800000000)
  region size 2048K, 22 young (45056K), 2 survivors (4096K)
 Metaspace       used 27841K, committed 28352K, reserved 1114112K
  class space    used 2905K, committed 3136K, reserved 1048576K
}
Event: 4.151 GC heap after
{Heap after GC invocations=15 (full 0):
 garbage-first heap   total 124928K, used 51963K [0x0000000705e00000, 0x0000000800000000)
  region size 2048K, 2 young (4096K), 2 survivors (4096K)
 Metaspace       used 27841K, committed 28352K, reserved 1114112K
  class space    used 2905K, committed 3136K, reserved 1048576K
}
Event: 4.329 GC heap before
{Heap before GC invocations=15 (full 0):
 garbage-first heap   total 124928K, used 94971K [0x0000000705e00000, 0x0000000800000000)
  region size 2048K, 23 young (47104K), 2 survivors (4096K)
 Metaspace       used 28348K, committed 28928K, reserved 1114112K
  class space    used 2962K, committed 3264K, reserved 1048576K
}
Event: 4.334 GC heap after
{Heap after GC invocations=16 (full 0):
 garbage-first heap   total 124928K, used 53162K [0x0000000705e00000, 0x0000000800000000)
  region size 2048K, 2 young (4096K), 2 survivors (4096K)
 Metaspace       used 28348K, committed 28928K, reserved 1114112K
  class space    used 2962K, committed 3264K, reserved 1048576K
}
Event: 4.421 GC heap before
{Heap before GC invocations=16 (full 0):
 garbage-first heap   total 124928K, used 98218K [0x0000000705e00000, 0x0000000800000000)
  region size 2048K, 24 young (49152K), 2 survivors (4096K)
 Metaspace       used 28489K, committed 29056K, reserved 1114112K
  class space    used 2964K, committed 3264K, reserved 1048576K
}
Event: 4.427 GC heap after
{Heap after GC invocations=17 (full 0):
 garbage-first heap   total 208896K, used 54286K [0x0000000705e00000, 0x0000000800000000)
  region size 2048K, 2 young (4096K), 2 survivors (4096K)
 Metaspace       used 28489K, committed 29056K, reserved 1114112K
  class space    used 2964K, committed 3264K, reserved 1048576K
}
Event: 4.652 GC heap before
{Heap before GC invocations=17 (full 0):
 garbage-first heap   total 208896K, used 162830K [0x0000000705e00000, 0x0000000800000000)
  region size 2048K, 55 young (112640K), 2 survivors (4096K)
 Metaspace       used 28664K, committed 29248K, reserved 1114112K
  class space    used 2967K, committed 3264K, reserved 1048576K
}
Event: 4.656 GC heap after
{Heap after GC invocations=18 (full 0):
 garbage-first heap   total 208896K, used 55092K [0x0000000705e00000, 0x0000000800000000)
  region size 2048K, 2 young (4096K), 2 survivors (4096K)
 Metaspace       used 28664K, committed 29248K, reserved 1114112K
  class space    used 2967K, committed 3264K, reserved 1048576K
}
Event: 5.453 GC heap before
{Heap before GC invocations=18 (full 0):
 garbage-first heap   total 208896K, used 167732K [0x0000000705e00000, 0x0000000800000000)
  region size 2048K, 57 young (116736K), 2 survivors (4096K)
 Metaspace       used 31009K, committed 31616K, reserved 1114112K
  class space    used 3214K, committed 3520K, reserved 1048576K
}
Event: 5.458 GC heap after
{Heap after GC invocations=19 (full 0):
 garbage-first heap   total 208896K, used 56767K [0x0000000705e00000, 0x0000000800000000)
  region size 2048K, 3 young (6144K), 3 survivors (6144K)
 Metaspace       used 31009K, committed 31616K, reserved 1114112K
  class space    used 3214K, committed 3520K, reserved 1048576K
}
Event: 5.983 GC heap before
{Heap before GC invocations=19 (full 0):
 garbage-first heap   total 208896K, used 173503K [0x0000000705e00000, 0x0000000800000000)
  region size 2048K, 58 young (118784K), 3 survivors (6144K)
 Metaspace       used 31581K, committed 32192K, reserved 1114112K
  class space    used 3227K, committed 3520K, reserved 1048576K
}
Event: 5.988 GC heap after
{Heap after GC invocations=20 (full 0):
 garbage-first heap   total 208896K, used 61320K [0x0000000705e00000, 0x0000000800000000)
  region size 2048K, 4 young (8192K), 4 survivors (8192K)
 Metaspace       used 31581K, committed 32192K, reserved 1114112K
  class space    used 3227K, committed 3520K, reserved 1048576K
}
Event: 6.540 GC heap before
{Heap before GC invocations=20 (full 0):
 garbage-first heap   total 208896K, used 167816K [0x0000000705e00000, 0x0000000800000000)
  region size 2048K, 57 young (116736K), 4 survivors (8192K)
 Metaspace       used 31855K, committed 32512K, reserved 1114112K
  class space    used 3245K, committed 3584K, reserved 1048576K
}
Event: 6.549 GC heap after
{Heap after GC invocations=21 (full 0):
 garbage-first heap   total 208896K, used 82168K [0x0000000705e00000, 0x0000000800000000)
  region size 2048K, 8 young (16384K), 8 survivors (16384K)
 Metaspace       used 31855K, committed 32512K, reserved 1114112K
  class space    used 3245K, committed 3584K, reserved 1048576K
}
Event: 7.005 GC heap before
{Heap before GC invocations=21 (full 0):
 garbage-first heap   total 208896K, used 155896K [0x0000000705e00000, 0x0000000800000000)
  region size 2048K, 44 young (90112K), 8 survivors (16384K)
 Metaspace       used 33233K, committed 33856K, reserved 1114112K
  class space    used 3393K, committed 3712K, reserved 1048576K
}
Event: 7.014 GC heap after
{Heap after GC invocations=22 (full 0):
 garbage-first heap   total 251904K, used 89652K [0x0000000705e00000, 0x0000000800000000)
  region size 2048K, 4 young (8192K), 4 survivors (8192K)
 Metaspace       used 33233K, committed 33856K, reserved 1114112K
  class space    used 3393K, committed 3712K, reserved 1048576K
}
Event: 7.363 GC heap before
{Heap before GC invocations=22 (full 0):
 garbage-first heap   total 251904K, used 185908K [0x0000000705e00000, 0x0000000800000000)
  region size 2048K, 51 young (104448K), 4 survivors (8192K)
 Metaspace       used 33633K, committed 34304K, reserved 1114112K
  class space    used 3438K, committed 3776K, reserved 1048576K
}
Event: 7.366 GC heap after
{Heap after GC invocations=23 (full 0):
 garbage-first heap   total 251904K, used 90809K [0x0000000705e00000, 0x0000000800000000)
  region size 2048K, 4 young (8192K), 4 survivors (8192K)
 Metaspace       used 33633K, committed 34304K, reserved 1114112K
  class space    used 3438K, committed 3776K, reserved 1048576K
}

