# JRE version: Java(TM) SE Runtime Environment (19.0.2+7) (build 19.0.2+7-44)
# Java VM: Java HotSpot(TM) 64-Bit Server VM (19.0.2+7-44, mixed mode, sharing, tiered, compressed oops, compressed class ptrs, g1 gc, windows-amd64)
GC Precious Log:
 CardTable entry size: 512
 Card Set container configuration: InlinePtr #cards 4 size 8 Array Of Cards #cards 16 size 48 Howl #buckets 8 coarsen threshold 3686 Howl Bitmap #cards 512 size 80 coarsen threshold 460 Card regions per heap region 1 cards per card region 4096
 CPUs: 16 total, 16 available
 Memory: 16005M
 Large Page Support: Disabled
 NUMA Support: Disabled
 Compressed Oops: Enabled (Zero based)
 Heap Region Size: 2M
 Heap Min Capacity: 8M
 Heap Initial Capacity: 252M
 Heap Max Capacity: 4002M
 Pre-touch: Disabled
 Parallel Workers: 13
 Concurrent Workers: 3
 Concurrent Refinement Workers: 13
 Periodic GC: Disabled
Heap:
 garbage-first heap   total 323584K, used 112041K [0x0000000705e00000, 0x0000000800000000)
  region size 2048K, 16 young (32768K), 6 survivors (12288K)
 Metaspace       used 35893K, committed 36544K, reserved 1114112K
  class space    used 3636K, committed 3968K, reserved 1048576K
GC Heap History (20 events):
Event: 3.612 GC heap before
{Heap before GC invocations=16 (full 0):
 garbage-first heap   total 116736K, used 87087K [0x0000000705e00000, 0x0000000800000000)
  region size 2048K, 18 young (36864K), 1 survivors (2048K)
 Metaspace       used 27748K, committed 28224K, reserved 1114112K
  class space    used 2883K, committed 3136K, reserved 1048576K
}
Event: 3.613 GC heap after
{Heap after GC invocations=17 (full 0):
 garbage-first heap   total 239616K, used 52085K [0x0000000705e00000, 0x0000000800000000)
  region size 2048K, 1 young (2048K), 1 survivors (2048K)
 Metaspace       used 27748K, committed 28224K, reserved 1114112K
  class space    used 2883K, committed 3136K, reserved 1048576K
}
Event: 4.031 GC heap before
{Heap before GC invocations=18 (full 0):
 garbage-first heap   total 204800K, used 172917K [0x0000000705e00000, 0x0000000800000000)
  region size 2048K, 60 young (122880K), 1 survivors (2048K)
 Metaspace       used 28602K, committed 29120K, reserved 1114112K
  class space    used 2974K, committed 3264K, reserved 1048576K
}
Event: 4.033 GC heap after
{Heap after GC invocations=19 (full 0):
 garbage-first heap   total 204800K, used 54631K [0x0000000705e00000, 0x0000000800000000)
  region size 2048K, 2 young (4096K), 2 survivors (4096K)
 Metaspace       used 28602K, committed 29120K, reserved 1114112K
  class space    used 2974K, committed 3264K, reserved 1048576K
}
Event: 4.041 GC heap before
{Heap before GC invocations=19 (full 0):
 garbage-first heap   total 204800K, used 60775K [0x0000000705e00000, 0x0000000800000000)
  region size 2048K, 5 young (10240K), 2 survivors (4096K)
 Metaspace       used 28602K, committed 29120K, reserved 1114112K
  class space    used 2974K, committed 3264K, reserved 1048576K
}
Event: 4.043 GC heap after
{Heap after GC invocations=20 (full 0):
 garbage-first heap   total 204800K, used 54771K [0x0000000705e00000, 0x0000000800000000)
  region size 2048K, 1 young (2048K), 1 survivors (2048K)
 Metaspace       used 28602K, committed 29120K, reserved 1114112K
  class space    used 2974K, committed 3264K, reserved 1048576K
}
Event: 4.206 GC heap before
{Heap before GC invocations=20 (full 0):
 garbage-first heap   total 204800K, used 153075K [0x0000000705e00000, 0x0000000800000000)
  region size 2048K, 50 young (102400K), 1 survivors (2048K)
 Metaspace       used 28694K, committed 29248K, reserved 1114112K
  class space    used 2976K, committed 3264K, reserved 1048576K
}
Event: 4.208 GC heap after
{Heap after GC invocations=21 (full 0):
 garbage-first heap   total 204800K, used 55998K [0x0000000705e00000, 0x0000000800000000)
  region size 2048K, 1 young (2048K), 1 survivors (2048K)
 Metaspace       used 28694K, committed 29248K, reserved 1114112K
  class space    used 2976K, committed 3264K, reserved 1048576K
}
Event: 4.370 GC heap before
{Heap before GC invocations=21 (full 0):
 garbage-first heap   total 204800K, used 160446K [0x0000000705e00000, 0x0000000800000000)
  region size 2048K, 52 young (106496K), 1 survivors (2048K)
 Metaspace       used 28852K, committed 29440K, reserved 1114112K
  class space    used 2978K, committed 3264K, reserved 1048576K
}
Event: 4.372 GC heap after
{Heap after GC invocations=22 (full 0):
 garbage-first heap   total 204800K, used 56214K [0x0000000705e00000, 0x0000000800000000)
  region size 2048K, 1 young (2048K), 1 survivors (2048K)
 Metaspace       used 28852K, committed 29440K, reserved 1114112K
  class space    used 2978K, committed 3264K, reserved 1048576K
}
Event: 5.288 GC heap before
{Heap before GC invocations=22 (full 0):
 garbage-first heap   total 204800K, used 162710K [0x0000000705e00000, 0x0000000800000000)
  region size 2048K, 53 young (108544K), 1 survivors (2048K)
 Metaspace       used 31534K, committed 32128K, reserved 1114112K
  class space    used 3239K, committed 3520K, reserved 1048576K
}
Event: 5.292 GC heap after
{Heap after GC invocations=23 (full 0):
 garbage-first heap   total 204800K, used 58052K [0x0000000705e00000, 0x0000000800000000)
  region size 2048K, 2 young (4096K), 2 survivors (4096K)
 Metaspace       used 31534K, committed 32128K, reserved 1114112K
  class space    used 3239K, committed 3520K, reserved 1048576K
}
Event: 5.781 GC heap before
{Heap before GC invocations=23 (full 0):
 garbage-first heap   total 204800K, used 168644K [0x0000000705e00000, 0x0000000800000000)
  region size 2048K, 54 young (110592K), 2 survivors (4096K)
 Metaspace       used 31821K, committed 32448K, reserved 1114112K
  class space    used 3251K, committed 3584K, reserved 1048576K
}
Event: 5.785 GC heap after
{Heap after GC invocations=24 (full 0):
 garbage-first heap   total 204800K, used 62971K [0x0000000705e00000, 0x0000000800000000)
  region size 2048K, 4 young (8192K), 4 survivors (8192K)
 Metaspace       used 31821K, committed 32448K, reserved 1114112K
  class space    used 3251K, committed 3584K, reserved 1048576K
}
Event: 6.348 GC heap before
{Heap before GC invocations=24 (full 0):
 garbage-first heap   total 204800K, used 165371K [0x0000000705e00000, 0x0000000800000000)
  region size 2048K, 54 young (110592K), 4 survivors (8192K)
 Metaspace       used 32148K, committed 32768K, reserved 1114112K
  class space    used 3262K, committed 3584K, reserved 1048576K
}
Event: 6.357 GC heap after
{Heap after GC invocations=25 (full 0):
 garbage-first heap   total 204800K, used 81662K [0x0000000705e00000, 0x0000000800000000)
  region size 2048K, 7 young (14336K), 7 survivors (14336K)
 Metaspace       used 32148K, committed 32768K, reserved 1114112K
  class space    used 3262K, committed 3584K, reserved 1048576K
}
Event: 6.844 GC heap before
{Heap before GC invocations=25 (full 0):
 garbage-first heap   total 204800K, used 157438K [0x0000000705e00000, 0x0000000800000000)
  region size 2048K, 44 young (90112K), 7 survivors (14336K)
 Metaspace       used 33485K, committed 34112K, reserved 1114112K
  class space    used 3409K, committed 3712K, reserved 1048576K
}
Event: 6.854 GC heap after
{Heap after GC invocations=26 (full 0):
 garbage-first heap   total 323584K, used 92043K [0x0000000705e00000, 0x0000000800000000)
  region size 2048K, 5 young (10240K), 5 survivors (10240K)
 Metaspace       used 33485K, committed 34112K, reserved 1114112K
  class space    used 3409K, committed 3712K, reserved 1048576K
}
Event: 7.590 GC heap before
{Heap before GC invocations=26 (full 0):
 garbage-first heap   total 323584K, used 251787K [0x0000000705e00000, 0x0000000800000000)
  region size 2048K, 83 young (169984K), 5 survivors (10240K)
 Metaspace       used 35160K, committed 35840K, reserved 1114112K
  class space    used 3568K, committed 3904K, reserved 1048576K
}
Event: 7.594 GC heap after
{Heap after GC invocations=27 (full 0):
 garbage-first heap   total 323584K, used 93609K [0x0000000705e00000, 0x0000000800000000)
  region size 2048K, 6 young (12288K), 6 survivors (12288K)
 Metaspace       used 35160K, committed 35840K, reserved 1114112K
  class space    used 3568K, committed 3904K, reserved 1048576K
}

