# JRE version: Java(TM) SE Runtime Environment (19.0.2+7) (build 19.0.2+7-44)
# Java VM: Java HotSpot(TM) 64-Bit Server VM (19.0.2+7-44, mixed mode, sharing, tiered, compressed oops, compressed class ptrs, g1 gc, windows-amd64)
GC Precious Log:
 CardTable entry size: 512
 Card Set container configuration: InlinePtr #cards 4 size 8 Array Of Cards #cards 16 size 48 Howl #buckets 8 coarsen threshold 3686 Howl Bitmap #cards 512 size 80 coarsen threshold 460 Card regions per heap region 1 cards per card region 4096
 CPUs: 16 total, 16 available
 Memory: 16005M
 Large Page Support: Disabled
 NUMA Support: Disabled
 Compressed Oops: Enabled (Zero based)
 Heap Region Size: 2M
 Heap Min Capacity: 8M
 Heap Initial Capacity: 252M
 Heap Max Capacity: 4002M
 Pre-touch: Disabled
 Parallel Workers: 13
 Concurrent Workers: 3
 Concurrent Refinement Workers: 13
 Periodic GC: Disabled
Heap:
 garbage-first heap   total 196608K, used 78454K [0x0000000705e00000, 0x0000000800000000)
  region size 2048K, 7 young (14336K), 7 survivors (14336K)
 Metaspace       used 31841K, committed 32448K, reserved 1114112K
  class space    used 3247K, committed 3584K, reserved 1048576K
GC Heap History (20 events):
Event: 3.295 GC heap after
{Heap after GC invocations=11 (full 0):
 garbage-first heap   total 110592K, used 51512K [0x0000000705e00000, 0x0000000800000000)
  region size 2048K, 3 young (6144K), 3 survivors (6144K)
 Metaspace       used 25305K, committed 25792K, reserved 1114112K
  class space    used 2643K, committed 2880K, reserved 1048576K
}
Event: 3.325 GC heap before
{Heap before GC invocations=11 (full 0):
 garbage-first heap   total 110592K, used 53560K [0x0000000705e00000, 0x0000000800000000)
  region size 2048K, 4 young (8192K), 3 survivors (6144K)
 Metaspace       used 25417K, committed 25856K, reserved 1114112K
  class space    used 2656K, committed 2880K, reserved 1048576K
}
Event: 3.332 GC heap after
{Heap after GC invocations=12 (full 0):
 garbage-first heap   total 110592K, used 51926K [0x0000000705e00000, 0x0000000800000000)
  region size 2048K, 1 young (2048K), 1 survivors (2048K)
 Metaspace       used 25417K, committed 25856K, reserved 1114112K
  class space    used 2656K, committed 2880K, reserved 1048576K
}
Event: 3.705 GC heap before
{Heap before GC invocations=12 (full 0):
 garbage-first heap   total 110592K, used 78550K [0x0000000705e00000, 0x0000000800000000)
  region size 2048K, 15 young (30720K), 1 survivors (2048K)
 Metaspace       used 27165K, committed 27648K, reserved 1114112K
  class space    used 2839K, committed 3072K, reserved 1048576K
}
Event: 3.707 GC heap after
{Heap after GC invocations=13 (full 0):
 garbage-first heap   total 110592K, used 52112K [0x0000000705e00000, 0x0000000800000000)
  region size 2048K, 1 young (2048K), 1 survivors (2048K)
 Metaspace       used 27165K, committed 27648K, reserved 1114112K
  class space    used 2839K, committed 3072K, reserved 1048576K
}
Event: 3.825 GC heap before
{Heap before GC invocations=14 (full 0):
 garbage-first heap   total 110592K, used 82832K [0x0000000705e00000, 0x0000000800000000)
  region size 2048K, 16 young (32768K), 1 survivors (2048K)
 Metaspace       used 27537K, committed 28032K, reserved 1114112K
  class space    used 2866K, committed 3136K, reserved 1048576K
}
Event: 3.827 GC heap after
{Heap after GC invocations=15 (full 0):
 garbage-first heap   total 110592K, used 52623K [0x0000000705e00000, 0x0000000800000000)
  region size 2048K, 1 young (2048K), 1 survivors (2048K)
 Metaspace       used 27537K, committed 28032K, reserved 1114112K
  class space    used 2866K, committed 3136K, reserved 1048576K
}
Event: 3.831 GC heap before
{Heap before GC invocations=15 (full 0):
 garbage-first heap   total 110592K, used 54671K [0x0000000705e00000, 0x0000000800000000)
  region size 2048K, 2 young (4096K), 1 survivors (2048K)
 Metaspace       used 27541K, committed 28032K, reserved 1114112K
  class space    used 2867K, committed 3136K, reserved 1048576K
}
Event: 3.835 GC heap after
{Heap after GC invocations=16 (full 0):
 garbage-first heap   total 196608K, used 51504K [0x0000000705e00000, 0x0000000800000000)
  region size 2048K, 1 young (2048K), 1 survivors (2048K)
 Metaspace       used 27541K, committed 28032K, reserved 1114112K
  class space    used 2867K, committed 3136K, reserved 1048576K
}
Event: 4.177 GC heap before
{Heap before GC invocations=16 (full 0):
 garbage-first heap   total 196608K, used 137520K [0x0000000705e00000, 0x0000000800000000)
  region size 2048K, 44 young (90112K), 1 survivors (2048K)
 Metaspace       used 28337K, committed 28928K, reserved 1114112K
  class space    used 2964K, committed 3264K, reserved 1048576K
}
Event: 4.179 GC heap after
{Heap after GC invocations=17 (full 0):
 garbage-first heap   total 196608K, used 52299K [0x0000000705e00000, 0x0000000800000000)
  region size 2048K, 1 young (2048K), 1 survivors (2048K)
 Metaspace       used 28337K, committed 28928K, reserved 1114112K
  class space    used 2964K, committed 3264K, reserved 1048576K
}
Event: 4.322 GC heap before
{Heap before GC invocations=17 (full 0):
 garbage-first heap   total 196608K, used 146507K [0x0000000705e00000, 0x0000000800000000)
  region size 2048K, 47 young (96256K), 1 survivors (2048K)
 Metaspace       used 28510K, committed 29056K, reserved 1114112K
  class space    used 2969K, committed 3264K, reserved 1048576K
}
Event: 4.324 GC heap after
{Heap after GC invocations=18 (full 0):
 garbage-first heap   total 196608K, used 53548K [0x0000000705e00000, 0x0000000800000000)
  region size 2048K, 2 young (4096K), 2 survivors (4096K)
 Metaspace       used 28510K, committed 29056K, reserved 1114112K
  class space    used 2969K, committed 3264K, reserved 1048576K
}
Event: 4.499 GC heap before
{Heap before GC invocations=18 (full 0):
 garbage-first heap   total 196608K, used 149804K [0x0000000705e00000, 0x0000000800000000)
  region size 2048K, 49 young (100352K), 2 survivors (4096K)
 Metaspace       used 28667K, committed 29248K, reserved 1114112K
  class space    used 2971K, committed 3264K, reserved 1048576K
}
Event: 4.503 GC heap after
{Heap after GC invocations=19 (full 0):
 garbage-first heap   total 196608K, used 55238K [0x0000000705e00000, 0x0000000800000000)
  region size 2048K, 3 young (6144K), 3 survivors (6144K)
 Metaspace       used 28667K, committed 29248K, reserved 1114112K
  class space    used 2971K, committed 3264K, reserved 1048576K
}
Event: 5.305 GC heap before
{Heap before GC invocations=19 (full 0):
 garbage-first heap   total 196608K, used 153542K [0x0000000705e00000, 0x0000000800000000)
  region size 2048K, 51 young (104448K), 3 survivors (6144K)
 Metaspace       used 31190K, committed 31808K, reserved 1114112K
  class space    used 3219K, committed 3520K, reserved 1048576K
}
Event: 5.310 GC heap after
{Heap after GC invocations=20 (full 0):
 garbage-first heap   total 196608K, used 56586K [0x0000000705e00000, 0x0000000800000000)
  region size 2048K, 3 young (6144K), 3 survivors (6144K)
 Metaspace       used 31190K, committed 31808K, reserved 1114112K
  class space    used 3219K, committed 3520K, reserved 1048576K
}
Event: 5.777 GC heap before
{Heap before GC invocations=20 (full 0):
 garbage-first heap   total 196608K, used 161034K [0x0000000705e00000, 0x0000000800000000)
  region size 2048K, 52 young (106496K), 3 survivors (6144K)
 Metaspace       used 31585K, committed 32128K, reserved 1114112K
  class space    used 3229K, committed 3520K, reserved 1048576K
}
Event: 5.784 GC heap after
{Heap after GC invocations=21 (full 0):
 garbage-first heap   total 196608K, used 60891K [0x0000000705e00000, 0x0000000800000000)
  region size 2048K, 4 young (8192K), 4 survivors (8192K)
 Metaspace       used 31585K, committed 32128K, reserved 1114112K
  class space    used 3229K, committed 3520K, reserved 1048576K
}
Event: 6.273 GC heap before
{Heap before GC invocations=21 (full 0):
 garbage-first heap   total 196608K, used 159195K [0x0000000705e00000, 0x0000000800000000)
  region size 2048K, 52 young (106496K), 4 survivors (8192K)
 Metaspace       used 31841K, committed 32448K, reserved 1114112K
  class space    used 3247K, committed 3584K, reserved 1048576K
}

