# JRE version: Java(TM) SE Runtime Environment (19.0.2+7) (build 19.0.2+7-44)
# Java VM: Java HotSpot(TM) 64-Bit Server VM (19.0.2+7-44, mixed mode, sharing, tiered, compressed oops, compressed class ptrs, g1 gc, windows-amd64)
GC Precious Log:
 CardTable entry size: 512
 Card Set container configuration: InlinePtr #cards 4 size 8 Array Of Cards #cards 16 size 48 Howl #buckets 8 coarsen threshold 3686 Howl Bitmap #cards 512 size 80 coarsen threshold 460 Card regions per heap region 1 cards per card region 4096
 CPUs: 16 total, 16 available
 Memory: 16005M
 Large Page Support: Disabled
 NUMA Support: Disabled
 Compressed Oops: Enabled (Zero based)
 Heap Region Size: 2M
 Heap Min Capacity: 8M
 Heap Initial Capacity: 252M
 Heap Max Capacity: 4002M
 Pre-touch: Disabled
 Parallel Workers: 13
 Concurrent Workers: 3
 Concurrent Refinement Workers: 13
 Periodic GC: Disabled
Heap:
 garbage-first heap   total 294912K, used 113402K [0x0000000705e00000, 0x0000000800000000)
  region size 2048K, 15 young (30720K), 2 survivors (4096K)
 Metaspace       used 34919K, committed 35584K, reserved 1114112K
  class space    used 3548K, committed 3904K, reserved 1048576K
GC Heap History (20 events):
Event: 3.257 GC heap before
{Heap before GC invocations=12 (full 0):
 garbage-first heap   total 122880K, used 84476K [0x0000000705e00000, 0x0000000800000000)
  region size 2048K, 18 young (36864K), 1 survivors (2048K)
 Metaspace       used 27541K, committed 27968K, reserved 1114112K
  class space    used 2863K, committed 3072K, reserved 1048576K
}
Event: 3.258 GC heap after
{Heap after GC invocations=13 (full 0):
 garbage-first heap   total 122880K, used 51621K [0x0000000705e00000, 0x0000000800000000)
  region size 2048K, 1 young (2048K), 1 survivors (2048K)
 Metaspace       used 27541K, committed 27968K, reserved 1114112K
  class space    used 2863K, committed 3072K, reserved 1048576K
}
Event: 3.335 GC heap before
{Heap before GC invocations=13 (full 0):
 garbage-first heap   total 122880K, used 88485K [0x0000000705e00000, 0x0000000800000000)
  region size 2048K, 19 young (38912K), 1 survivors (2048K)
 Metaspace       used 27637K, committed 28160K, reserved 1114112K
  class space    used 2867K, committed 3136K, reserved 1048576K
}
Event: 3.337 GC heap after
{Heap after GC invocations=14 (full 0):
 garbage-first heap   total 122880K, used 51516K [0x0000000705e00000, 0x0000000800000000)
  region size 2048K, 1 young (2048K), 1 survivors (2048K)
 Metaspace       used 27637K, committed 28160K, reserved 1114112K
  class space    used 2867K, committed 3136K, reserved 1048576K
}
Event: 3.533 GC heap before
{Heap before GC invocations=14 (full 0):
 garbage-first heap   total 122880K, used 90428K [0x0000000705e00000, 0x0000000800000000)
  region size 2048K, 20 young (40960K), 1 survivors (2048K)
 Metaspace       used 28141K, committed 28672K, reserved 1114112K
  class space    used 2943K, committed 3200K, reserved 1048576K
}
Event: 3.535 GC heap after
{Heap after GC invocations=15 (full 0):
 garbage-first heap   total 122880K, used 52083K [0x0000000705e00000, 0x0000000800000000)
  region size 2048K, 1 young (2048K), 1 survivors (2048K)
 Metaspace       used 28141K, committed 28672K, reserved 1114112K
  class space    used 2943K, committed 3200K, reserved 1048576K
}
Event: 3.646 GC heap before
{Heap before GC invocations=15 (full 0):
 garbage-first heap   total 122880K, used 95091K [0x0000000705e00000, 0x0000000800000000)
  region size 2048K, 22 young (45056K), 1 survivors (2048K)
 Metaspace       used 28394K, committed 28992K, reserved 1114112K
  class space    used 2959K, committed 3264K, reserved 1048576K
}
Event: 3.650 GC heap after
{Heap after GC invocations=16 (full 0):
 garbage-first heap   total 122880K, used 52954K [0x0000000705e00000, 0x0000000800000000)
  region size 2048K, 1 young (2048K), 1 survivors (2048K)
 Metaspace       used 28394K, committed 28992K, reserved 1114112K
  class space    used 2959K, committed 3264K, reserved 1048576K
}
Event: 3.726 GC heap before
{Heap before GC invocations=16 (full 0):
 garbage-first heap   total 122880K, used 98010K [0x0000000705e00000, 0x0000000800000000)
  region size 2048K, 23 young (47104K), 1 survivors (2048K)
 Metaspace       used 28522K, committed 29120K, reserved 1114112K
  class space    used 2962K, committed 3264K, reserved 1048576K
}
Event: 3.731 GC heap after
{Heap after GC invocations=17 (full 0):
 garbage-first heap   total 245760K, used 53869K [0x0000000705e00000, 0x0000000800000000)
  region size 2048K, 2 young (4096K), 2 survivors (4096K)
 Metaspace       used 28522K, committed 29120K, reserved 1114112K
  class space    used 2962K, committed 3264K, reserved 1048576K
}
Event: 3.994 GC heap before
{Heap before GC invocations=17 (full 0):
 garbage-first heap   total 245760K, used 186989K [0x0000000705e00000, 0x0000000800000000)
  region size 2048K, 67 young (137216K), 2 survivors (4096K)
 Metaspace       used 28696K, committed 29248K, reserved 1114112K
  class space    used 2965K, committed 3264K, reserved 1048576K
}
Event: 3.997 GC heap after
{Heap after GC invocations=18 (full 0):
 garbage-first heap   total 245760K, used 55043K [0x0000000705e00000, 0x0000000800000000)
  region size 2048K, 2 young (4096K), 2 survivors (4096K)
 Metaspace       used 28696K, committed 29248K, reserved 1114112K
  class space    used 2965K, committed 3264K, reserved 1048576K
}
Event: 5.011 GC heap before
{Heap before GC invocations=18 (full 0):
 garbage-first heap   total 245760K, used 192259K [0x0000000705e00000, 0x0000000800000000)
  region size 2048K, 69 young (141312K), 2 survivors (4096K)
 Metaspace       used 31456K, committed 32064K, reserved 1114112K
  class space    used 3215K, committed 3520K, reserved 1048576K
}
Event: 5.016 GC heap after
{Heap after GC invocations=19 (full 0):
 garbage-first heap   total 245760K, used 57922K [0x0000000705e00000, 0x0000000800000000)
  region size 2048K, 4 young (8192K), 4 survivors (8192K)
 Metaspace       used 31456K, committed 32064K, reserved 1114112K
  class space    used 3215K, committed 3520K, reserved 1048576K
}
Event: 5.669 GC heap before
{Heap before GC invocations=19 (full 0):
 garbage-first heap   total 245760K, used 199234K [0x0000000705e00000, 0x0000000800000000)
  region size 2048K, 71 young (145408K), 4 survivors (8192K)
 Metaspace       used 31852K, committed 32448K, reserved 1114112K
  class space    used 3241K, committed 3520K, reserved 1048576K
}
Event: 5.677 GC heap after
{Heap after GC invocations=20 (full 0):
 garbage-first heap   total 245760K, used 76013K [0x0000000705e00000, 0x0000000800000000)
  region size 2048K, 9 young (18432K), 9 survivors (18432K)
 Metaspace       used 31852K, committed 32448K, reserved 1114112K
  class space    used 3241K, committed 3520K, reserved 1048576K
}
Event: 6.311 GC heap before
{Heap before GC invocations=20 (full 0):
 garbage-first heap   total 245760K, used 188653K [0x0000000705e00000, 0x0000000800000000)
  region size 2048K, 64 young (131072K), 9 survivors (18432K)
 Metaspace       used 33485K, committed 34176K, reserved 1114112K
  class space    used 3426K, committed 3776K, reserved 1048576K
}
Event: 6.320 GC heap after
{Heap after GC invocations=21 (full 0):
 garbage-first heap   total 245760K, used 89092K [0x0000000705e00000, 0x0000000800000000)
  region size 2048K, 7 young (14336K), 7 survivors (14336K)
 Metaspace       used 33485K, committed 34176K, reserved 1114112K
  class space    used 3426K, committed 3776K, reserved 1048576K
}
Event: 6.671 GC heap before
{Heap before GC invocations=21 (full 0):
 garbage-first heap   total 245760K, used 187396K [0x0000000705e00000, 0x0000000800000000)
  region size 2048K, 55 young (112640K), 7 survivors (14336K)
 Metaspace       used 33685K, committed 34368K, reserved 1114112K
  class space    used 3435K, committed 3776K, reserved 1048576K
}
Event: 6.674 GC heap after
{Heap after GC invocations=22 (full 0):
 garbage-first heap   total 294912K, used 88826K [0x0000000705e00000, 0x0000000800000000)
  region size 2048K, 2 young (4096K), 2 survivors (4096K)
 Metaspace       used 33685K, committed 34368K, reserved 1114112K
  class space    used 3435K, committed 3776K, reserved 1048576K
}

