# JRE version: Java(TM) SE Runtime Environment (19.0.2+7) (build 19.0.2+7-44)
# Java VM: Java HotSpot(TM) 64-Bit Server VM (19.0.2+7-44, mixed mode, sharing, tiered, compressed oops, compressed class ptrs, g1 gc, windows-amd64)
GC Precious Log:
 CardTable entry size: 512
 Card Set container configuration: InlinePtr #cards 4 size 8 Array Of Cards #cards 16 size 48 Howl #buckets 8 coarsen threshold 3686 Howl Bitmap #cards 512 size 80 coarsen threshold 460 Card regions per heap region 1 cards per card region 4096
 CPUs: 16 total, 16 available
 Memory: 16005M
 Large Page Support: Disabled
 NUMA Support: Disabled
 Compressed Oops: Enabled (Zero based)
 Heap Region Size: 2M
 Heap Min Capacity: 8M
 Heap Initial Capacity: 252M
 Heap Max Capacity: 4002M
 Pre-touch: Disabled
 Parallel Workers: 13
 Concurrent Workers: 3
 Concurrent Refinement Workers: 13
 Periodic GC: Disabled
Heap:
 garbage-first heap   total 143360K, used 58281K [0x0000000705e00000, 0x0000000800000000)
  region size 2048K, 7 young (14336K), 3 survivors (6144K)
 Metaspace       used 32670K, committed 33216K, reserved 1114112K
  class space    used 3385K, committed 3648K, reserved 1048576K
GC Heap History (20 events):
Event: 3.446 GC heap before
{Heap before GC invocations=6 (full 0):
 garbage-first heap   total 63488K, used 41525K [0x0000000705e00000, 0x0000000800000000)
  region size 2048K, 9 young (18432K), 1 survivors (2048K)
 Metaspace       used 24390K, committed 24832K, reserved 1114112K
  class space    used 2578K, committed 2816K, reserved 1048576K
}
Event: 3.448 GC heap after
{Heap after GC invocations=7 (full 0):
 garbage-first heap   total 63488K, used 32588K [0x0000000705e00000, 0x0000000800000000)
  region size 2048K, 2 young (4096K), 2 survivors (4096K)
 Metaspace       used 24390K, committed 24832K, reserved 1114112K
  class space    used 2578K, committed 2816K, reserved 1048576K
}
Event: 3.520 GC heap before
{Heap before GC invocations=7 (full 0):
 garbage-first heap   total 63488K, used 42828K [0x0000000705e00000, 0x0000000800000000)
  region size 2048K, 8 young (16384K), 2 survivors (4096K)
 Metaspace       used 24414K, committed 24832K, reserved 1114112K
  class space    used 2578K, committed 2816K, reserved 1048576K
}
Event: 3.522 GC heap after
{Heap after GC invocations=8 (full 0):
 garbage-first heap   total 63488K, used 35561K [0x0000000705e00000, 0x0000000800000000)
  region size 2048K, 1 young (2048K), 1 survivors (2048K)
 Metaspace       used 24414K, committed 24832K, reserved 1114112K
  class space    used 2578K, committed 2816K, reserved 1048576K
}
Event: 3.751 GC heap before
{Heap before GC invocations=9 (full 0):
 garbage-first heap   total 71680K, used 45801K [0x0000000705e00000, 0x0000000800000000)
  region size 2048K, 6 young (12288K), 1 survivors (2048K)
 Metaspace       used 24617K, committed 25024K, reserved 1114112K
  class space    used 2599K, committed 2816K, reserved 1048576K
}
Event: 3.755 GC heap after
{Heap after GC invocations=10 (full 0):
 garbage-first heap   total 71680K, used 38912K [0x0000000705e00000, 0x0000000800000000)
  region size 2048K, 1 young (2048K), 1 survivors (2048K)
 Metaspace       used 24617K, committed 25024K, reserved 1114112K
  class space    used 2599K, committed 2816K, reserved 1048576K
}
Event: 3.892 GC heap before
{Heap before GC invocations=10 (full 0):
 garbage-first heap   total 71680K, used 40960K [0x0000000705e00000, 0x0000000800000000)
  region size 2048K, 2 young (4096K), 1 survivors (2048K)
 Metaspace       used 24764K, committed 25152K, reserved 1114112K
  class space    used 2619K, committed 2816K, reserved 1048576K
}
Event: 3.895 GC heap after
{Heap after GC invocations=11 (full 0):
 garbage-first heap   total 118784K, used 38916K [0x0000000705e00000, 0x0000000800000000)
  region size 2048K, 1 young (2048K), 1 survivors (2048K)
 Metaspace       used 24764K, committed 25152K, reserved 1114112K
  class space    used 2619K, committed 2816K, reserved 1048576K
}
Event: 4.247 GC heap before
{Heap before GC invocations=11 (full 0):
 garbage-first heap   total 118784K, used 67588K [0x0000000705e00000, 0x0000000800000000)
  region size 2048K, 16 young (32768K), 1 survivors (2048K)
 Metaspace       used 25249K, committed 25664K, reserved 1114112K
  class space    used 2641K, committed 2880K, reserved 1048576K
}
Event: 4.254 GC heap after
{Heap after GC invocations=12 (full 0):
 garbage-first heap   total 118784K, used 43976K [0x0000000705e00000, 0x0000000800000000)
  region size 2048K, 2 young (4096K), 2 survivors (4096K)
 Metaspace       used 25249K, committed 25664K, reserved 1114112K
  class space    used 2641K, committed 2880K, reserved 1048576K
}
Event: 4.626 GC heap before
{Heap before GC invocations=12 (full 0):
 garbage-first heap   total 118784K, used 72648K [0x0000000705e00000, 0x0000000800000000)
  region size 2048K, 17 young (34816K), 2 survivors (4096K)
 Metaspace       used 27208K, committed 27648K, reserved 1114112K
  class space    used 2847K, committed 3072K, reserved 1048576K
}
Event: 4.630 GC heap after
{Heap after GC invocations=13 (full 0):
 garbage-first heap   total 118784K, used 45604K [0x0000000705e00000, 0x0000000800000000)
  region size 2048K, 1 young (2048K), 1 survivors (2048K)
 Metaspace       used 27208K, committed 27648K, reserved 1114112K
  class space    used 2847K, committed 3072K, reserved 1048576K
}
Event: 4.824 GC heap before
{Heap before GC invocations=13 (full 0):
 garbage-first heap   total 118784K, used 78372K [0x0000000705e00000, 0x0000000800000000)
  region size 2048K, 17 young (34816K), 1 survivors (2048K)
 Metaspace       used 27843K, committed 28352K, reserved 1114112K
  class space    used 2936K, committed 3200K, reserved 1048576K
}
Event: 4.826 GC heap after
{Heap after GC invocations=14 (full 0):
 garbage-first heap   total 118784K, used 45493K [0x0000000705e00000, 0x0000000800000000)
  region size 2048K, 1 young (2048K), 1 survivors (2048K)
 Metaspace       used 27843K, committed 28352K, reserved 1114112K
  class space    used 2936K, committed 3200K, reserved 1048576K
}
Event: 4.924 GC heap before
{Heap before GC invocations=14 (full 0):
 garbage-first heap   total 118784K, used 80309K [0x0000000705e00000, 0x0000000800000000)
  region size 2048K, 18 young (36864K), 1 survivors (2048K)
 Metaspace       used 28065K, committed 28608K, reserved 1114112K
  class space    used 2943K, committed 3200K, reserved 1048576K
}
Event: 4.926 GC heap after
{Heap after GC invocations=15 (full 0):
 garbage-first heap   total 143360K, used 45894K [0x0000000705e00000, 0x0000000800000000)
  region size 2048K, 1 young (2048K), 1 survivors (2048K)
 Metaspace       used 28065K, committed 28608K, reserved 1114112K
  class space    used 2943K, committed 3200K, reserved 1048576K
}
Event: 5.641 GC heap before
{Heap before GC invocations=15 (full 0):
 garbage-first heap   total 143360K, used 101190K [0x0000000705e00000, 0x0000000800000000)
  region size 2048K, 27 young (55296K), 1 survivors (2048K)
 Metaspace       used 30567K, committed 31168K, reserved 1114112K
  class space    used 3196K, committed 3456K, reserved 1048576K
}
Event: 5.646 GC heap after
{Heap after GC invocations=16 (full 0):
 garbage-first heap   total 143360K, used 49782K [0x0000000705e00000, 0x0000000800000000)
  region size 2048K, 2 young (4096K), 2 survivors (4096K)
 Metaspace       used 30567K, committed 31168K, reserved 1114112K
  class space    used 3196K, committed 3456K, reserved 1048576K
}
Event: 6.090 GC heap before
{Heap before GC invocations=16 (full 0):
 garbage-first heap   total 143360K, used 100982K [0x0000000705e00000, 0x0000000800000000)
  region size 2048K, 28 young (57344K), 2 survivors (4096K)
 Metaspace       used 32062K, committed 32704K, reserved 1114112K
  class space    used 3325K, committed 3648K, reserved 1048576K
}
Event: 6.095 GC heap after
{Heap after GC invocations=17 (full 0):
 garbage-first heap   total 143360K, used 52137K [0x0000000705e00000, 0x0000000800000000)
  region size 2048K, 3 young (6144K), 3 survivors (6144K)
 Metaspace       used 32062K, committed 32704K, reserved 1114112K
  class space    used 3325K, committed 3648K, reserved 1048576K
}

