# JRE version: Java(TM) SE Runtime Environment (19.0.2+7) (build 19.0.2+7-44)
# Java VM: Java HotSpot(TM) 64-Bit Server VM (19.0.2+7-44, mixed mode, sharing, tiered, compressed oops, compressed class ptrs, g1 gc, windows-amd64)
GC Precious Log:
 CardTable entry size: 512
 Card Set container configuration: InlinePtr #cards 4 size 8 Array Of Cards #cards 16 size 48 Howl #buckets 8 coarsen threshold 3686 Howl Bitmap #cards 512 size 80 coarsen threshold 460 Card regions per heap region 1 cards per card region 4096
 CPUs: 16 total, 16 available
 Memory: 16005M
 Large Page Support: Disabled
 NUMA Support: Disabled
 Compressed Oops: Enabled (Zero based)
 Heap Region Size: 2M
 Heap Min Capacity: 8M
 Heap Initial Capacity: 252M
 Heap Max Capacity: 4002M
 Pre-touch: Disabled
 Parallel Workers: 13
 Concurrent Workers: 3
 Concurrent Refinement Workers: 13
 Periodic GC: Disabled
Heap:
 garbage-first heap   total 274432K, used 186767K [0x0000000705e00000, 0x0000000800000000)
  region size 2048K, 49 young (100352K), 2 survivors (4096K)
 Metaspace       used 35877K, committed 36480K, reserved 1114112K
  class space    used 3631K, committed 3968K, reserved 1048576K
GC Heap History (20 events):
Event: 3.632 GC heap before
{Heap before GC invocations=12 (full 0):
 garbage-first heap   total 137216K, used 95943K [0x0000000705e00000, 0x0000000800000000)
  region size 2048K, 23 young (47104K), 1 survivors (2048K)
 Metaspace       used 27626K, committed 28096K, reserved 1114112K
  class space    used 2868K, committed 3136K, reserved 1048576K
}
Event: 3.633 GC heap after
{Heap after GC invocations=13 (full 0):
 garbage-first heap   total 137216K, used 52273K [0x0000000705e00000, 0x0000000800000000)
  region size 2048K, 1 young (2048K), 1 survivors (2048K)
 Metaspace       used 27626K, committed 28096K, reserved 1114112K
  class space    used 2868K, committed 3136K, reserved 1048576K
}
Event: 3.719 GC heap before
{Heap before GC invocations=13 (full 0):
 garbage-first heap   total 137216K, used 97329K [0x0000000705e00000, 0x0000000800000000)
  region size 2048K, 24 young (49152K), 1 survivors (2048K)
 Metaspace       used 27706K, committed 28160K, reserved 1114112K
  class space    used 2873K, committed 3136K, reserved 1048576K
}
Event: 3.720 GC heap after
{Heap after GC invocations=14 (full 0):
 garbage-first heap   total 137216K, used 52111K [0x0000000705e00000, 0x0000000800000000)
  region size 2048K, 1 young (2048K), 1 survivors (2048K)
 Metaspace       used 27706K, committed 28160K, reserved 1114112K
  class space    used 2873K, committed 3136K, reserved 1048576K
}
Event: 3.946 GC heap before
{Heap before GC invocations=14 (full 0):
 garbage-first heap   total 137216K, used 101263K [0x0000000705e00000, 0x0000000800000000)
  region size 2048K, 26 young (53248K), 1 survivors (2048K)
 Metaspace       used 28342K, committed 28800K, reserved 1114112K
  class space    used 2954K, committed 3200K, reserved 1048576K
}
Event: 3.948 GC heap after
{Heap after GC invocations=15 (full 0):
 garbage-first heap   total 137216K, used 53082K [0x0000000705e00000, 0x0000000800000000)
  region size 2048K, 1 young (2048K), 1 survivors (2048K)
 Metaspace       used 28342K, committed 28800K, reserved 1114112K
  class space    used 2954K, committed 3200K, reserved 1048576K
}
Event: 4.058 GC heap before
{Heap before GC invocations=15 (full 0):
 garbage-first heap   total 137216K, used 106330K [0x0000000705e00000, 0x0000000800000000)
  region size 2048K, 27 young (55296K), 1 survivors (2048K)
 Metaspace       used 28571K, committed 29056K, reserved 1114112K
  class space    used 2970K, committed 3264K, reserved 1048576K
}
Event: 4.060 GC heap after
{Heap after GC invocations=16 (full 0):
 garbage-first heap   total 137216K, used 54099K [0x0000000705e00000, 0x0000000800000000)
  region size 2048K, 2 young (4096K), 2 survivors (4096K)
 Metaspace       used 28571K, committed 29056K, reserved 1114112K
  class space    used 2970K, committed 3264K, reserved 1048576K
}
Event: 4.133 GC heap before
{Heap before GC invocations=16 (full 0):
 garbage-first heap   total 137216K, used 105299K [0x0000000705e00000, 0x0000000800000000)
  region size 2048K, 28 young (57344K), 2 survivors (4096K)
 Metaspace       used 28599K, committed 29120K, reserved 1114112K
  class space    used 2971K, committed 3264K, reserved 1048576K
}
Event: 4.135 GC heap after
{Heap after GC invocations=17 (full 0):
 garbage-first heap   total 137216K, used 54687K [0x0000000705e00000, 0x0000000800000000)
  region size 2048K, 2 young (4096K), 2 survivors (4096K)
 Metaspace       used 28599K, committed 29120K, reserved 1114112K
  class space    used 2971K, committed 3264K, reserved 1048576K
}
Event: 4.245 GC heap before
{Heap before GC invocations=17 (full 0):
 garbage-first heap   total 137216K, used 109983K [0x0000000705e00000, 0x0000000800000000)
  region size 2048K, 29 young (59392K), 2 survivors (4096K)
 Metaspace       used 28679K, committed 29184K, reserved 1114112K
  class space    used 2973K, committed 3264K, reserved 1048576K
}
Event: 4.250 GC heap after
{Heap after GC invocations=18 (full 0):
 garbage-first heap   total 274432K, used 56069K [0x0000000705e00000, 0x0000000800000000)
  region size 2048K, 3 young (6144K), 3 survivors (6144K)
 Metaspace       used 28679K, committed 29184K, reserved 1114112K
  class space    used 2973K, committed 3264K, reserved 1048576K
}
Event: 4.914 GC heap before
{Heap before GC invocations=18 (full 0):
 garbage-first heap   total 274432K, used 213765K [0x0000000705e00000, 0x0000000800000000)
  region size 2048K, 80 young (163840K), 3 survivors (6144K)
 Metaspace       used 30764K, committed 31360K, reserved 1114112K
  class space    used 3211K, committed 3520K, reserved 1048576K
}
Event: 4.918 GC heap after
{Heap after GC invocations=19 (full 0):
 garbage-first heap   total 274432K, used 57183K [0x0000000705e00000, 0x0000000800000000)
  region size 2048K, 3 young (6144K), 3 survivors (6144K)
 Metaspace       used 30764K, committed 31360K, reserved 1114112K
  class space    used 3211K, committed 3520K, reserved 1048576K
}
Event: 5.709 GC heap before
{Heap before GC invocations=19 (full 0):
 garbage-first heap   total 274432K, used 218975K [0x0000000705e00000, 0x0000000800000000)
  region size 2048K, 80 young (163840K), 3 survivors (6144K)
 Metaspace       used 31761K, committed 32320K, reserved 1114112K
  class space    used 3242K, committed 3520K, reserved 1048576K
}
Event: 5.716 GC heap after
{Heap after GC invocations=20 (full 0):
 garbage-first heap   total 274432K, used 62633K [0x0000000705e00000, 0x0000000800000000)
  region size 2048K, 5 young (10240K), 5 survivors (10240K)
 Metaspace       used 31761K, committed 32320K, reserved 1114112K
  class space    used 3242K, committed 3520K, reserved 1048576K
}
Event: 7.094 GC heap before
{Heap before GC invocations=20 (full 0):
 garbage-first heap   total 274432K, used 216233K [0x0000000705e00000, 0x0000000800000000)
  region size 2048K, 80 young (163840K), 5 survivors (10240K)
 Metaspace       used 32130K, committed 32768K, reserved 1114112K
  class space    used 3257K, committed 3584K, reserved 1048576K
}
Event: 7.106 GC heap after
{Heap after GC invocations=21 (full 0):
 garbage-first heap   total 274432K, used 88677K [0x0000000705e00000, 0x0000000800000000)
  region size 2048K, 10 young (20480K), 10 survivors (20480K)
 Metaspace       used 32130K, committed 32768K, reserved 1114112K
  class space    used 3257K, committed 3584K, reserved 1048576K
}
Event: 7.674 GC heap before
{Heap before GC invocations=21 (full 0):
 garbage-first heap   total 274432K, used 207461K [0x0000000705e00000, 0x0000000800000000)
  region size 2048K, 68 young (139264K), 10 survivors (20480K)
 Metaspace       used 33773K, committed 34432K, reserved 1114112K
  class space    used 3440K, committed 3776K, reserved 1048576K
}
Event: 7.682 GC heap after
{Heap after GC invocations=22 (full 0):
 garbage-first heap   total 274432K, used 92559K [0x0000000705e00000, 0x0000000800000000)
  region size 2048K, 2 young (4096K), 2 survivors (4096K)
 Metaspace       used 33773K, committed 34432K, reserved 1114112K
  class space    used 3440K, committed 3776K, reserved 1048576K
}

