# JRE version: Java(TM) SE Runtime Environment (19.0.2+7) (build 19.0.2+7-44)
# Java VM: Java HotSpot(TM) 64-Bit Server VM (19.0.2+7-44, mixed mode, sharing, tiered, compressed oops, compressed class ptrs, g1 gc, windows-amd64)
GC Precious Log:
 CardTable entry size: 512
 Card Set container configuration: InlinePtr #cards 4 size 8 Array Of Cards #cards 16 size 48 Howl #buckets 8 coarsen threshold 3686 Howl Bitmap #cards 512 size 80 coarsen threshold 460 Card regions per heap region 1 cards per card region 4096
 CPUs: 16 total, 16 available
 Memory: 16005M
 Large Page Support: Disabled
 NUMA Support: Disabled
 Compressed Oops: Enabled (Zero based)
 Heap Region Size: 2M
 Heap Min Capacity: 8M
 Heap Initial Capacity: 252M
 Heap Max Capacity: 4002M
 Pre-touch: Disabled
 Parallel Workers: 13
 Concurrent Workers: 3
 Concurrent Refinement Workers: 13
 Periodic GC: Disabled
Heap:
 garbage-first heap   total 147456K, used 45356K [0x0000000705e00000, 0x0000000800000000)
  region size 2048K, 2 young (4096K), 2 survivors (4096K)
 Metaspace       used 28416K, committed 28992K, reserved 1114112K
  class space    used 2961K, committed 3264K, reserved 1048576K
GC Heap History (20 events):
Event: 2.252 GC heap after
{Heap after GC invocations=6 (full 0):
 garbage-first heap   total 71680K, used 27289K [0x0000000705e00000, 0x0000000800000000)
  region size 2048K, 1 young (2048K), 1 survivors (2048K)
 Metaspace       used 24229K, committed 24576K, reserved 1114112K
  class space    used 2580K, committed 2752K, reserved 1048576K
}
Event: 2.383 GC heap before
{Heap before GC invocations=6 (full 0):
 garbage-first heap   total 71680K, used 47769K [0x0000000705e00000, 0x0000000800000000)
  region size 2048K, 12 young (24576K), 1 survivors (2048K)
 Metaspace       used 24495K, committed 24832K, reserved 1114112K
  class space    used 2603K, committed 2752K, reserved 1048576K
}
Event: 2.386 GC heap after
{Heap after GC invocations=7 (full 0):
 garbage-first heap   total 71680K, used 32768K [0x0000000705e00000, 0x0000000800000000)
  region size 2048K, 2 young (4096K), 2 survivors (4096K)
 Metaspace       used 24495K, committed 24832K, reserved 1114112K
  class space    used 2603K, committed 2752K, reserved 1048576K
}
Event: 2.468 GC heap before
{Heap before GC invocations=7 (full 0):
 garbage-first heap   total 71680K, used 51200K [0x0000000705e00000, 0x0000000800000000)
  region size 2048K, 11 young (22528K), 2 survivors (4096K)
 Metaspace       used 24847K, committed 25280K, reserved 1114112K
  class space    used 2642K, committed 2880K, reserved 1048576K
}
Event: 2.472 GC heap after
{Heap after GC invocations=8 (full 0):
 garbage-first heap   total 71680K, used 36288K [0x0000000705e00000, 0x0000000800000000)
  region size 2048K, 2 young (4096K), 2 survivors (4096K)
 Metaspace       used 24847K, committed 25280K, reserved 1114112K
  class space    used 2642K, committed 2880K, reserved 1048576K
}
Event: 2.540 GC heap before
{Heap before GC invocations=8 (full 0):
 garbage-first heap   total 71680K, used 48576K [0x0000000705e00000, 0x0000000800000000)
  region size 2048K, 9 young (18432K), 2 survivors (4096K)
 Metaspace       used 25110K, committed 25536K, reserved 1114112K
  class space    used 2643K, committed 2880K, reserved 1048576K
}
Event: 2.544 GC heap after
{Heap after GC invocations=9 (full 0):
 garbage-first heap   total 116736K, used 38866K [0x0000000705e00000, 0x0000000800000000)
  region size 2048K, 2 young (4096K), 2 survivors (4096K)
 Metaspace       used 25110K, committed 25536K, reserved 1114112K
  class space    used 2643K, committed 2880K, reserved 1048576K
}
Event: 2.998 GC heap before
{Heap before GC invocations=10 (full 0):
 garbage-first heap   total 116736K, used 79826K [0x0000000705e00000, 0x0000000800000000)
  region size 2048K, 22 young (45056K), 2 survivors (4096K)
 Metaspace       used 27074K, committed 27520K, reserved 1114112K
  class space    used 2842K, committed 3072K, reserved 1048576K
}
Event: 3.004 GC heap after
{Heap after GC invocations=11 (full 0):
 garbage-first heap   total 116736K, used 43286K [0x0000000705e00000, 0x0000000800000000)
  region size 2048K, 3 young (6144K), 3 survivors (6144K)
 Metaspace       used 27074K, committed 27520K, reserved 1114112K
  class space    used 2842K, committed 3072K, reserved 1048576K
}
Event: 3.024 GC heap before
{Heap before GC invocations=11 (full 0):
 garbage-first heap   total 116736K, used 45334K [0x0000000705e00000, 0x0000000800000000)
  region size 2048K, 4 young (8192K), 3 survivors (6144K)
 Metaspace       used 27153K, committed 27584K, reserved 1114112K
  class space    used 2849K, committed 3072K, reserved 1048576K
}
Event: 3.029 GC heap after
{Heap after GC invocations=12 (full 0):
 garbage-first heap   total 116736K, used 42983K [0x0000000705e00000, 0x0000000800000000)
  region size 2048K, 1 young (2048K), 1 survivors (2048K)
 Metaspace       used 27153K, committed 27584K, reserved 1114112K
  class space    used 2849K, committed 3072K, reserved 1048576K
}
Event: 3.181 GC heap before
{Heap before GC invocations=12 (full 0):
 garbage-first heap   total 116736K, used 81895K [0x0000000705e00000, 0x0000000800000000)
  region size 2048K, 20 young (40960K), 1 survivors (2048K)
 Metaspace       used 27372K, committed 27840K, reserved 1114112K
  class space    used 2863K, committed 3136K, reserved 1048576K
}
Event: 3.182 GC heap after
{Heap after GC invocations=13 (full 0):
 garbage-first heap   total 116736K, used 42639K [0x0000000705e00000, 0x0000000800000000)
  region size 2048K, 1 young (2048K), 1 survivors (2048K)
 Metaspace       used 27372K, committed 27840K, reserved 1114112K
  class space    used 2863K, committed 3136K, reserved 1048576K
}
Event: 3.387 GC heap before
{Heap before GC invocations=13 (full 0):
 garbage-first heap   total 116736K, used 85647K [0x0000000705e00000, 0x0000000800000000)
  region size 2048K, 22 young (45056K), 1 survivors (2048K)
 Metaspace       used 27969K, committed 28480K, reserved 1114112K
  class space    used 2940K, committed 3200K, reserved 1048576K
}
Event: 3.389 GC heap after
{Heap after GC invocations=14 (full 0):
 garbage-first heap   total 116736K, used 43032K [0x0000000705e00000, 0x0000000800000000)
  region size 2048K, 1 young (2048K), 1 survivors (2048K)
 Metaspace       used 27969K, committed 28480K, reserved 1114112K
  class space    used 2940K, committed 3200K, reserved 1048576K
}
Event: 3.488 GC heap before
{Heap before GC invocations=14 (full 0):
 garbage-first heap   total 116736K, used 88088K [0x0000000705e00000, 0x0000000800000000)
  region size 2048K, 23 young (47104K), 1 survivors (2048K)
 Metaspace       used 28226K, committed 28800K, reserved 1114112K
  class space    used 2956K, committed 3264K, reserved 1048576K
}
Event: 3.492 GC heap after
{Heap after GC invocations=15 (full 0):
 garbage-first heap   total 116736K, used 44141K [0x0000000705e00000, 0x0000000800000000)
  region size 2048K, 1 young (2048K), 1 survivors (2048K)
 Metaspace       used 28226K, committed 28800K, reserved 1114112K
  class space    used 2956K, committed 3264K, reserved 1048576K
}
Event: 3.572 GC heap before
{Heap before GC invocations=15 (full 0):
 garbage-first heap   total 116736K, used 91245K [0x0000000705e00000, 0x0000000800000000)
  region size 2048K, 24 young (49152K), 1 survivors (2048K)
 Metaspace       used 28278K, committed 28800K, reserved 1114112K
  class space    used 2960K, committed 3264K, reserved 1048576K
}
Event: 3.575 GC heap after
{Heap after GC invocations=16 (full 0):
 garbage-first heap   total 116736K, used 44502K [0x0000000705e00000, 0x0000000800000000)
  region size 2048K, 2 young (4096K), 2 survivors (4096K)
 Metaspace       used 28278K, committed 28800K, reserved 1114112K
  class space    used 2960K, committed 3264K, reserved 1048576K
}
Event: 3.676 GC heap before
{Heap before GC invocations=16 (full 0):
 garbage-first heap   total 116736K, used 91606K [0x0000000705e00000, 0x0000000800000000)
  region size 2048K, 25 young (51200K), 2 survivors (4096K)
 Metaspace       used 28416K, committed 28992K, reserved 1114112K
  class space    used 2961K, committed 3264K, reserved 1048576K
}

