# JRE version: Java(TM) SE Runtime Environment (19.0.2+7) (build 19.0.2+7-44)
# Java VM: Java HotSpot(TM) 64-Bit Server VM (19.0.2+7-44, mixed mode, sharing, tiered, compressed oops, compressed class ptrs, g1 gc, windows-amd64)
GC Precious Log:
 CardTable entry size: 512
 Card Set container configuration: InlinePtr #cards 4 size 8 Array Of Cards #cards 16 size 48 Howl #buckets 8 coarsen threshold 3686 Howl Bitmap #cards 512 size 80 coarsen threshold 460 Card regions per heap region 1 cards per card region 4096
 CPUs: 16 total, 16 available
 Memory: 16005M
 Large Page Support: Disabled
 NUMA Support: Disabled
 Compressed Oops: Enabled (Zero based)
 Heap Region Size: 2M
 Heap Min Capacity: 8M
 Heap Initial Capacity: 252M
 Heap Max Capacity: 4002M
 Pre-touch: Disabled
 Parallel Workers: 13
 Concurrent Workers: 3
 Concurrent Refinement Workers: 13
 Periodic GC: Disabled
Heap:
 garbage-first heap   total 194560K, used 130954K [0x0000000705e00000, 0x0000000800000000)
  region size 2048K, 24 young (49152K), 2 survivors (4096K)
 Metaspace       used 35595K, committed 36160K, reserved 1114112K
  class space    used 3620K, committed 3904K, reserved 1048576K
GC Heap History (20 events):
Event: 3.703 GC heap before
{Heap before GC invocations=12 (full 0):
 garbage-first heap   total 131072K, used 101104K [0x0000000705e00000, 0x0000000800000000)
  region size 2048K, 25 young (51200K), 1 survivors (2048K)
 Metaspace       used 28393K, committed 28928K, reserved 1114112K
  class space    used 2966K, committed 3264K, reserved 1048576K
}
Event: 3.705 GC heap after
{Heap after GC invocations=13 (full 0):
 garbage-first heap   total 131072K, used 53238K [0x0000000705e00000, 0x0000000800000000)
  region size 2048K, 2 young (4096K), 2 survivors (4096K)
 Metaspace       used 28393K, committed 28928K, reserved 1114112K
  class space    used 2966K, committed 3264K, reserved 1048576K
}
Event: 3.778 GC heap before
{Heap before GC invocations=13 (full 0):
 garbage-first heap   total 131072K, used 102390K [0x0000000705e00000, 0x0000000800000000)
  region size 2048K, 26 young (53248K), 2 survivors (4096K)
 Metaspace       used 28436K, committed 28992K, reserved 1114112K
  class space    used 2967K, committed 3264K, reserved 1048576K
}
Event: 3.781 GC heap after
{Heap after GC invocations=14 (full 0):
 garbage-first heap   total 157696K, used 53520K [0x0000000705e00000, 0x0000000800000000)
  region size 2048K, 2 young (4096K), 2 survivors (4096K)
 Metaspace       used 28436K, committed 28992K, reserved 1114112K
  class space    used 2967K, committed 3264K, reserved 1048576K
}
Event: 3.942 GC heap before
{Heap before GC invocations=14 (full 0):
 garbage-first heap   total 157696K, used 127248K [0x0000000705e00000, 0x0000000800000000)
  region size 2048K, 38 young (77824K), 2 survivors (4096K)
 Metaspace       used 28609K, committed 29120K, reserved 1114112K
  class space    used 2969K, committed 3264K, reserved 1048576K
}
Event: 3.946 GC heap after
{Heap after GC invocations=15 (full 0):
 garbage-first heap   total 157696K, used 54611K [0x0000000705e00000, 0x0000000800000000)
  region size 2048K, 2 young (4096K), 2 survivors (4096K)
 Metaspace       used 28609K, committed 29120K, reserved 1114112K
  class space    used 2969K, committed 3264K, reserved 1048576K
}
Event: 4.059 GC heap before
{Heap before GC invocations=15 (full 0):
 garbage-first heap   total 157696K, used 128339K [0x0000000705e00000, 0x0000000800000000)
  region size 2048K, 38 young (77824K), 2 survivors (4096K)
 Metaspace       used 28677K, committed 29184K, reserved 1114112K
  class space    used 2969K, committed 3264K, reserved 1048576K
}
Event: 4.064 GC heap after
{Heap after GC invocations=16 (full 0):
 garbage-first heap   total 157696K, used 54956K [0x0000000705e00000, 0x0000000800000000)
  region size 2048K, 3 young (6144K), 3 survivors (6144K)
 Metaspace       used 28677K, committed 29184K, reserved 1114112K
  class space    used 2969K, committed 3264K, reserved 1048576K
}
Event: 4.865 GC heap before
{Heap before GC invocations=16 (full 0):
 garbage-first heap   total 157696K, used 128684K [0x0000000705e00000, 0x0000000800000000)
  region size 2048K, 39 young (79872K), 3 survivors (6144K)
 Metaspace       used 31275K, committed 31808K, reserved 1114112K
  class space    used 3219K, committed 3520K, reserved 1048576K
}
Event: 4.873 GC heap after
{Heap after GC invocations=17 (full 0):
 garbage-first heap   total 157696K, used 56772K [0x0000000705e00000, 0x0000000800000000)
  region size 2048K, 3 young (6144K), 3 survivors (6144K)
 Metaspace       used 31275K, committed 31808K, reserved 1114112K
  class space    used 3219K, committed 3520K, reserved 1048576K
}
Event: 5.367 GC heap before
{Heap before GC invocations=17 (full 0):
 garbage-first heap   total 157696K, used 134596K [0x0000000705e00000, 0x0000000800000000)
  region size 2048K, 39 young (79872K), 3 survivors (6144K)
 Metaspace       used 31518K, committed 32128K, reserved 1114112K
  class space    used 3224K, committed 3520K, reserved 1048576K
}
Event: 5.376 GC heap after
{Heap after GC invocations=18 (full 0):
 garbage-first heap   total 157696K, used 61056K [0x0000000705e00000, 0x0000000800000000)
  region size 2048K, 4 young (8192K), 4 survivors (8192K)
 Metaspace       used 31518K, committed 32128K, reserved 1114112K
  class space    used 3224K, committed 3520K, reserved 1048576K
}
Event: 6.125 GC heap before
{Heap before GC invocations=18 (full 0):
 garbage-first heap   total 157696K, used 130688K [0x0000000705e00000, 0x0000000800000000)
  region size 2048K, 38 young (77824K), 4 survivors (8192K)
 Metaspace       used 31750K, committed 32320K, reserved 1114112K
  class space    used 3242K, committed 3520K, reserved 1048576K
}
Event: 6.133 GC heap after
{Heap after GC invocations=19 (full 0):
 garbage-first heap   total 194560K, used 69384K [0x0000000705e00000, 0x0000000800000000)
  region size 2048K, 5 young (10240K), 5 survivors (10240K)
 Metaspace       used 31750K, committed 32320K, reserved 1114112K
  class space    used 3242K, committed 3520K, reserved 1048576K
}
Event: 6.717 GC heap before
{Heap before GC invocations=19 (full 0):
 garbage-first heap   total 194560K, used 155400K [0x0000000705e00000, 0x0000000800000000)
  region size 2048K, 47 young (96256K), 5 survivors (10240K)
 Metaspace       used 32866K, committed 33472K, reserved 1114112K
  class space    used 3366K, committed 3648K, reserved 1048576K
}
Event: 6.725 GC heap after
{Heap after GC invocations=20 (full 0):
 garbage-first heap   total 194560K, used 87231K [0x0000000705e00000, 0x0000000800000000)
  region size 2048K, 6 young (12288K), 6 survivors (12288K)
 Metaspace       used 32866K, committed 33472K, reserved 1114112K
  class space    used 3366K, committed 3648K, reserved 1048576K
}
Event: 6.945 GC heap before
{Heap before GC invocations=20 (full 0):
 garbage-first heap   total 194560K, used 150719K [0x0000000705e00000, 0x0000000800000000)
  region size 2048K, 37 young (75776K), 6 survivors (12288K)
 Metaspace       used 33429K, committed 34048K, reserved 1114112K
  class space    used 3427K, committed 3712K, reserved 1048576K
}
Event: 6.949 GC heap after
{Heap after GC invocations=21 (full 0):
 garbage-first heap   total 194560K, used 89199K [0x0000000705e00000, 0x0000000800000000)
  region size 2048K, 1 young (2048K), 1 survivors (2048K)
 Metaspace       used 33429K, committed 34048K, reserved 1114112K
  class space    used 3427K, committed 3712K, reserved 1048576K
}
Event: 7.199 GC heap before
{Heap before GC invocations=21 (full 0):
 garbage-first heap   total 194560K, used 154735K [0x0000000705e00000, 0x0000000800000000)
  region size 2048K, 33 young (67584K), 1 survivors (2048K)
 Metaspace       used 33587K, committed 34176K, reserved 1114112K
  class space    used 3438K, committed 3712K, reserved 1048576K
}
Event: 7.202 GC heap after
{Heap after GC invocations=22 (full 0):
 garbage-first heap   total 194560K, used 89994K [0x0000000705e00000, 0x0000000800000000)
  region size 2048K, 2 young (4096K), 2 survivors (4096K)
 Metaspace       used 33587K, committed 34176K, reserved 1114112K
  class space    used 3438K, committed 3712K, reserved 1048576K
}

