# JRE version: Java(TM) SE Runtime Environment (19.0.2+7) (build 19.0.2+7-44)
# Java VM: Java HotSpot(TM) 64-Bit Server VM (19.0.2+7-44, mixed mode, sharing, tiered, compressed oops, compressed class ptrs, g1 gc, windows-amd64)
GC Precious Log:
 CardTable entry size: 512
 Card Set container configuration: InlinePtr #cards 4 size 8 Array Of Cards #cards 16 size 48 Howl #buckets 8 coarsen threshold 3686 Howl Bitmap #cards 512 size 80 coarsen threshold 460 Card regions per heap region 1 cards per card region 4096
 CPUs: 16 total, 16 available
 Memory: 16004M
 Large Page Support: Disabled
 NUMA Support: Disabled
 Compressed Oops: Enabled (Zero based)
 Heap Region Size: 2M
 Heap Min Capacity: 8M
 Heap Initial Capacity: 252M
 Heap Max Capacity: 4002M
 Pre-touch: Disabled
 Parallel Workers: 13
 Concurrent Workers: 3
 Concurrent Refinement Workers: 13
 Periodic GC: Disabled
Heap:
 garbage-first heap   total 303104K, used 145464K [0x0000000705e00000, 0x0000000800000000)
  region size 2048K, 47 young (96256K), 3 survivors (6144K)
 Metaspace       used 29043K, committed 29632K, reserved 1114112K
  class space    used 3023K, committed 3328K, reserved 1048576K
GC Heap History (20 events):
Event: 3.859 GC heap before
{Heap before GC invocations=8 (full 0):
 garbage-first heap   total 116736K, used 74647K [0x0000000705e00000, 0x0000000800000000)
  region size 2048K, 21 young (43008K), 2 survivors (4096K)
 Metaspace       used 25097K, committed 25600K, reserved 1114112K
  class space    used 2640K, committed 2880K, reserved 1048576K
}
Event: 3.870 GC heap after
{Heap after GC invocations=9 (full 0):
 garbage-first heap   total 116736K, used 45769K [0x0000000705e00000, 0x0000000800000000)
  region size 2048K, 3 young (6144K), 3 survivors (6144K)
 Metaspace       used 25097K, committed 25600K, reserved 1114112K
  class space    used 2640K, committed 2880K, reserved 1048576K
}
Event: 4.230 GC heap before
{Heap before GC invocations=9 (full 0):
 garbage-first heap   total 116736K, used 82633K [0x0000000705e00000, 0x0000000800000000)
  region size 2048K, 20 young (40960K), 3 survivors (6144K)
 Metaspace       used 25896K, committed 26304K, reserved 1114112K
  class space    used 2690K, committed 2880K, reserved 1048576K
}
Event: 4.241 GC heap after
{Heap after GC invocations=10 (full 0):
 garbage-first heap   total 116736K, used 53757K [0x0000000705e00000, 0x0000000800000000)
  region size 2048K, 3 young (6144K), 3 survivors (6144K)
 Metaspace       used 25896K, committed 26304K, reserved 1114112K
  class space    used 2690K, committed 2880K, reserved 1048576K
}
Event: 4.610 GC heap before
{Heap before GC invocations=10 (full 0):
 garbage-first heap   total 116736K, used 82429K [0x0000000705e00000, 0x0000000800000000)
  region size 2048K, 18 young (36864K), 3 survivors (6144K)
 Metaspace       used 27433K, committed 27904K, reserved 1114112K
  class space    used 2860K, committed 3072K, reserved 1048576K
}
Event: 4.617 GC heap after
{Heap after GC invocations=11 (full 0):
 garbage-first heap   total 116736K, used 55572K [0x0000000705e00000, 0x0000000800000000)
  region size 2048K, 1 young (2048K), 1 survivors (2048K)
 Metaspace       used 27433K, committed 27904K, reserved 1114112K
  class space    used 2860K, committed 3072K, reserved 1048576K
}
Event: 4.768 GC heap before
{Heap before GC invocations=11 (full 0):
 garbage-first heap   total 116736K, used 86292K [0x0000000705e00000, 0x0000000800000000)
  region size 2048K, 16 young (32768K), 1 survivors (2048K)
 Metaspace       used 27598K, committed 28096K, reserved 1114112K
  class space    used 2868K, committed 3136K, reserved 1048576K
}
Event: 4.770 GC heap after
{Heap after GC invocations=12 (full 0):
 garbage-first heap   total 151552K, used 55067K [0x0000000705e00000, 0x0000000800000000)
  region size 2048K, 1 young (2048K), 1 survivors (2048K)
 Metaspace       used 27598K, committed 28096K, reserved 1114112K
  class space    used 2868K, committed 3136K, reserved 1048576K
}
Event: 4.967 GC heap before
{Heap before GC invocations=13 (full 0):
 garbage-first heap   total 151552K, used 109471K [0x0000000705e00000, 0x0000000800000000)
  region size 2048K, 28 young (57344K), 1 survivors (2048K)
 Metaspace       used 27650K, committed 28160K, reserved 1114112K
  class space    used 2873K, committed 3136K, reserved 1048576K
}
Event: 4.969 GC heap after
{Heap after GC invocations=14 (full 0):
 garbage-first heap   total 151552K, used 54152K [0x0000000705e00000, 0x0000000800000000)
  region size 2048K, 1 young (2048K), 1 survivors (2048K)
 Metaspace       used 27650K, committed 28160K, reserved 1114112K
  class space    used 2873K, committed 3136K, reserved 1048576K
}
Event: 4.979 GC heap before
{Heap before GC invocations=14 (full 0):
 garbage-first heap   total 151552K, used 58248K [0x0000000705e00000, 0x0000000800000000)
  region size 2048K, 3 young (6144K), 1 survivors (2048K)
 Metaspace       used 27658K, committed 28160K, reserved 1114112K
  class space    used 2874K, committed 3136K, reserved 1048576K
}
Event: 4.984 GC heap after
{Heap after GC invocations=15 (full 0):
 garbage-first heap   total 151552K, used 53323K [0x0000000705e00000, 0x0000000800000000)
  region size 2048K, 1 young (2048K), 1 survivors (2048K)
 Metaspace       used 27658K, committed 28160K, reserved 1114112K
  class space    used 2874K, committed 3136K, reserved 1048576K
}
Event: 5.377 GC heap before
{Heap before GC invocations=15 (full 0):
 garbage-first heap   total 151552K, used 110667K [0x0000000705e00000, 0x0000000800000000)
  region size 2048K, 30 young (61440K), 1 survivors (2048K)
 Metaspace       used 28407K, committed 28992K, reserved 1114112K
  class space    used 2964K, committed 3264K, reserved 1048576K
}
Event: 5.379 GC heap after
{Heap after GC invocations=16 (full 0):
 garbage-first heap   total 151552K, used 54533K [0x0000000705e00000, 0x0000000800000000)
  region size 2048K, 1 young (2048K), 1 survivors (2048K)
 Metaspace       used 28407K, committed 28992K, reserved 1114112K
  class space    used 2964K, committed 3264K, reserved 1048576K
}
Event: 5.529 GC heap before
{Heap before GC invocations=16 (full 0):
 garbage-first heap   total 151552K, used 118021K [0x0000000705e00000, 0x0000000800000000)
  region size 2048K, 32 young (65536K), 1 survivors (2048K)
 Metaspace       used 28520K, committed 29056K, reserved 1114112K
  class space    used 2967K, committed 3264K, reserved 1048576K
}
Event: 5.533 GC heap after
{Heap after GC invocations=17 (full 0):
 garbage-first heap   total 151552K, used 55800K [0x0000000705e00000, 0x0000000800000000)
  region size 2048K, 2 young (4096K), 2 survivors (4096K)
 Metaspace       used 28520K, committed 29056K, reserved 1114112K
  class space    used 2967K, committed 3264K, reserved 1048576K
}
Event: 5.747 GC heap before
{Heap before GC invocations=17 (full 0):
 garbage-first heap   total 151552K, used 119288K [0x0000000705e00000, 0x0000000800000000)
  region size 2048K, 33 young (67584K), 2 survivors (4096K)
 Metaspace       used 28583K, committed 29120K, reserved 1114112K
  class space    used 2969K, committed 3264K, reserved 1048576K
}
Event: 5.753 GC heap after
{Heap after GC invocations=18 (full 0):
 garbage-first heap   total 151552K, used 57296K [0x0000000705e00000, 0x0000000800000000)
  region size 2048K, 3 young (6144K), 3 survivors (6144K)
 Metaspace       used 28583K, committed 29120K, reserved 1114112K
  class space    used 2969K, committed 3264K, reserved 1048576K
}
Event: 5.935 GC heap before
{Heap before GC invocations=18 (full 0):
 garbage-first heap   total 151552K, used 120784K [0x0000000705e00000, 0x0000000800000000)
  region size 2048K, 34 young (69632K), 3 survivors (6144K)
 Metaspace       used 28670K, committed 29184K, reserved 1114112K
  class space    used 2969K, committed 3264K, reserved 1048576K
}
Event: 5.941 GC heap after
{Heap after GC invocations=19 (full 0):
 garbage-first heap   total 303104K, used 57400K [0x0000000705e00000, 0x0000000800000000)
  region size 2048K, 3 young (6144K), 3 survivors (6144K)
 Metaspace       used 28670K, committed 29184K, reserved 1114112K
  class space    used 2969K, committed 3264K, reserved 1048576K
}

