# JRE version: Java(TM) SE Runtime Environment (19.0.2+7) (build 19.0.2+7-44)
# Java VM: Java HotSpot(TM) 64-Bit Server VM (19.0.2+7-44, mixed mode, sharing, tiered, compressed oops, compressed class ptrs, g1 gc, windows-amd64)
GC Precious Log:
 CardTable entry size: 512
 Card Set container configuration: InlinePtr #cards 4 size 8 Array Of Cards #cards 16 size 48 Howl #buckets 8 coarsen threshold 3686 Howl Bitmap #cards 512 size 80 coarsen threshold 460 Card regions per heap region 1 cards per card region 4096
 CPUs: 16 total, 16 available
 Memory: 16005M
 Large Page Support: Disabled
 NUMA Support: Disabled
 Compressed Oops: Enabled (Zero based)
 Heap Region Size: 2M
 Heap Min Capacity: 8M
 Heap Initial Capacity: 252M
 Heap Max Capacity: 4002M
 Pre-touch: Disabled
 Parallel Workers: 13
 Concurrent Workers: 3
 Concurrent Refinement Workers: 13
 Periodic GC: Disabled
Heap:
 garbage-first heap   total 215040K, used 159897K [0x0000000705e00000, 0x0000000800000000)
  region size 2048K, 36 young (73728K), 2 survivors (4096K)
 Metaspace       used 35782K, committed 36416K, reserved 1114112K
  class space    used 3622K, committed 3968K, reserved 1048576K
GC Heap History (20 events):
Event: 3.821 GC heap before
{Heap before GC invocations=14 (full 0):
 garbage-first heap   total 118784K, used 91548K [0x0000000705e00000, 0x0000000800000000)
  region size 2048K, 20 young (40960K), 1 survivors (2048K)
 Metaspace       used 27686K, committed 28160K, reserved 1114112K
  class space    used 2872K, committed 3136K, reserved 1048576K
}
Event: 3.823 GC heap after
{Heap after GC invocations=15 (full 0):
 garbage-first heap   total 118784K, used 53217K [0x0000000705e00000, 0x0000000800000000)
  region size 2048K, 1 young (2048K), 1 survivors (2048K)
 Metaspace       used 27686K, committed 28160K, reserved 1114112K
  class space    used 2872K, committed 3136K, reserved 1048576K
}
Event: 4.047 GC heap before
{Heap before GC invocations=15 (full 0):
 garbage-first heap   total 118784K, used 94177K [0x0000000705e00000, 0x0000000800000000)
  region size 2048K, 21 young (43008K), 1 survivors (2048K)
 Metaspace       used 28351K, committed 28928K, reserved 1114112K
  class space    used 2960K, committed 3264K, reserved 1048576K
}
Event: 4.050 GC heap after
{Heap after GC invocations=16 (full 0):
 garbage-first heap   total 178176K, used 53574K [0x0000000705e00000, 0x0000000800000000)
  region size 2048K, 1 young (2048K), 1 survivors (2048K)
 Metaspace       used 28351K, committed 28928K, reserved 1114112K
  class space    used 2960K, committed 3264K, reserved 1048576K
}
Event: 4.242 GC heap before
{Heap before GC invocations=16 (full 0):
 garbage-first heap   total 178176K, used 141638K [0x0000000705e00000, 0x0000000800000000)
  region size 2048K, 44 young (90112K), 1 survivors (2048K)
 Metaspace       used 28561K, committed 29120K, reserved 1114112K
  class space    used 2969K, committed 3264K, reserved 1048576K
}
Event: 4.244 GC heap after
{Heap after GC invocations=17 (full 0):
 garbage-first heap   total 178176K, used 54861K [0x0000000705e00000, 0x0000000800000000)
  region size 2048K, 2 young (4096K), 2 survivors (4096K)
 Metaspace       used 28561K, committed 29120K, reserved 1114112K
  class space    used 2969K, committed 3264K, reserved 1048576K
}
Event: 4.407 GC heap before
{Heap before GC invocations=17 (full 0):
 garbage-first heap   total 178176K, used 142925K [0x0000000705e00000, 0x0000000800000000)
  region size 2048K, 45 young (92160K), 2 survivors (4096K)
 Metaspace       used 28708K, committed 29248K, reserved 1114112K
  class space    used 2971K, committed 3264K, reserved 1048576K
}
Event: 4.410 GC heap after
{Heap after GC invocations=18 (full 0):
 garbage-first heap   total 178176K, used 56418K [0x0000000705e00000, 0x0000000800000000)
  region size 2048K, 3 young (6144K), 3 survivors (6144K)
 Metaspace       used 28708K, committed 29248K, reserved 1114112K
  class space    used 2971K, committed 3264K, reserved 1048576K
}
Event: 4.543 GC heap before
{Heap before GC invocations=18 (full 0):
 garbage-first heap   total 178176K, used 144482K [0x0000000705e00000, 0x0000000800000000)
  region size 2048K, 46 young (94208K), 3 survivors (6144K)
 Metaspace       used 28792K, committed 29312K, reserved 1114112K
  class space    used 2971K, committed 3264K, reserved 1048576K
}
Event: 4.546 GC heap after
{Heap after GC invocations=19 (full 0):
 garbage-first heap   total 178176K, used 56290K [0x0000000705e00000, 0x0000000800000000)
  region size 2048K, 3 young (6144K), 3 survivors (6144K)
 Metaspace       used 28792K, committed 29312K, reserved 1114112K
  class space    used 2971K, committed 3264K, reserved 1048576K
}
Event: 5.411 GC heap before
{Heap before GC invocations=19 (full 0):
 garbage-first heap   total 178176K, used 146402K [0x0000000705e00000, 0x0000000800000000)
  region size 2048K, 47 young (96256K), 3 survivors (6144K)
 Metaspace       used 31388K, committed 31936K, reserved 1114112K
  class space    used 3221K, committed 3520K, reserved 1048576K
}
Event: 5.416 GC heap after
{Heap after GC invocations=20 (full 0):
 garbage-first heap   total 215040K, used 58572K [0x0000000705e00000, 0x0000000800000000)
  region size 2048K, 4 young (8192K), 4 survivors (8192K)
 Metaspace       used 31388K, committed 31936K, reserved 1114112K
  class space    used 3221K, committed 3520K, reserved 1048576K
}
Event: 5.970 GC heap before
{Heap before GC invocations=20 (full 0):
 garbage-first heap   total 215040K, used 179404K [0x0000000705e00000, 0x0000000800000000)
  region size 2048K, 61 young (124928K), 4 survivors (8192K)
 Metaspace       used 31755K, committed 32320K, reserved 1114112K
  class space    used 3240K, committed 3520K, reserved 1048576K
}
Event: 5.975 GC heap after
{Heap after GC invocations=21 (full 0):
 garbage-first heap   total 215040K, used 63324K [0x0000000705e00000, 0x0000000800000000)
  region size 2048K, 5 young (10240K), 5 survivors (10240K)
 Metaspace       used 31755K, committed 32320K, reserved 1114112K
  class space    used 3240K, committed 3520K, reserved 1048576K
}
Event: 6.668 GC heap before
{Heap before GC invocations=21 (full 0):
 garbage-first heap   total 215040K, used 173916K [0x0000000705e00000, 0x0000000800000000)
  region size 2048K, 60 young (122880K), 5 survivors (10240K)
 Metaspace       used 31995K, committed 32576K, reserved 1114112K
  class space    used 3250K, committed 3584K, reserved 1048576K
}
Event: 6.679 GC heap after
{Heap after GC invocations=22 (full 0):
 garbage-first heap   total 215040K, used 88070K [0x0000000705e00000, 0x0000000800000000)
  region size 2048K, 8 young (16384K), 8 survivors (16384K)
 Metaspace       used 31995K, committed 32576K, reserved 1114112K
  class space    used 3250K, committed 3584K, reserved 1048576K
}
Event: 7.185 GC heap before
{Heap before GC invocations=22 (full 0):
 garbage-first heap   total 215040K, used 159750K [0x0000000705e00000, 0x0000000800000000)
  region size 2048K, 43 young (88064K), 8 survivors (16384K)
 Metaspace       used 33601K, committed 34240K, reserved 1114112K
  class space    used 3432K, committed 3776K, reserved 1048576K
}
Event: 7.191 GC heap after
{Heap after GC invocations=23 (full 0):
 garbage-first heap   total 215040K, used 91774K [0x0000000705e00000, 0x0000000800000000)
  region size 2048K, 2 young (4096K), 2 survivors (4096K)
 Metaspace       used 33601K, committed 34240K, reserved 1114112K
  class space    used 3432K, committed 3776K, reserved 1048576K
}
Event: 7.410 GC heap before
{Heap before GC invocations=23 (full 0):
 garbage-first heap   total 215040K, used 165502K [0x0000000705e00000, 0x0000000800000000)
  region size 2048K, 38 young (77824K), 2 survivors (4096K)
 Metaspace       used 33777K, committed 34432K, reserved 1114112K
  class space    used 3441K, committed 3776K, reserved 1048576K
}
Event: 7.413 GC heap after
{Heap after GC invocations=24 (full 0):
 garbage-first heap   total 215040K, used 92313K [0x0000000705e00000, 0x0000000800000000)
  region size 2048K, 2 young (4096K), 2 survivors (4096K)
 Metaspace       used 33777K, committed 34432K, reserved 1114112K
  class space    used 3441K, committed 3776K, reserved 1048576K
}

