# JRE version: Java(TM) SE Runtime Environment (19.0.2+7) (build 19.0.2+7-44)
# Java VM: Java HotSpot(TM) 64-Bit Server VM (19.0.2+7-44, mixed mode, sharing, tiered, compressed oops, compressed class ptrs, g1 gc, windows-amd64)
GC Precious Log:
 CardTable entry size: 512
 Card Set container configuration: InlinePtr #cards 4 size 8 Array Of Cards #cards 16 size 48 Howl #buckets 8 coarsen threshold 3686 Howl Bitmap #cards 512 size 80 coarsen threshold 460 Card regions per heap region 1 cards per card region 4096
 CPUs: 16 total, 16 available
 Memory: 16005M
 Large Page Support: Disabled
 NUMA Support: Disabled
 Compressed Oops: Enabled (Zero based)
 Heap Region Size: 2M
 Heap Min Capacity: 8M
 Heap Initial Capacity: 252M
 Heap Max Capacity: 4002M
 Pre-touch: Disabled
 Parallel Workers: 13
 Concurrent Workers: 3
 Concurrent Refinement Workers: 13
 Periodic GC: Disabled
Heap:
 garbage-first heap   total 143360K, used 44126K [0x0000000705e00000, 0x0000000800000000)
  region size 2048K, 2 young (4096K), 2 survivors (4096K)
 Metaspace       used 28407K, committed 28928K, reserved 1114112K
  class space    used 2961K, committed 3200K, reserved 1048576K
GC Heap History (20 events):
Event: 4.194 GC heap after
{Heap after GC invocations=5 (full 0):
 garbage-first heap   total 88064K, used 29674K [0x0000000705e00000, 0x0000000800000000)
  region size 2048K, 10 young (20480K), 10 survivors (20480K)
 Metaspace       used 24307K, committed 24768K, reserved 1114112K
  class space    used 2580K, committed 2816K, reserved 1048576K
}
Event: 4.333 GC heap before
{Heap before GC invocations=5 (full 0):
 garbage-first heap   total 88064K, used 56298K [0x0000000705e00000, 0x0000000800000000)
  region size 2048K, 23 young (47104K), 10 survivors (20480K)
 Metaspace       used 24826K, committed 25216K, reserved 1114112K
  class space    used 2639K, committed 2816K, reserved 1048576K
}
Event: 4.342 GC heap after
{Heap after GC invocations=6 (full 0):
 garbage-first heap   total 88064K, used 34475K [0x0000000705e00000, 0x0000000800000000)
  region size 2048K, 3 young (6144K), 3 survivors (6144K)
 Metaspace       used 24826K, committed 25216K, reserved 1114112K
  class space    used 2639K, committed 2816K, reserved 1048576K
}
Event: 4.641 GC heap before
{Heap before GC invocations=6 (full 0):
 garbage-first heap   total 88064K, used 59051K [0x0000000705e00000, 0x0000000800000000)
  region size 2048K, 16 young (32768K), 3 survivors (6144K)
 Metaspace       used 25179K, committed 25536K, reserved 1114112K
  class space    used 2642K, committed 2816K, reserved 1048576K
}
Event: 4.647 GC heap after
{Heap after GC invocations=7 (full 0):
 garbage-first heap   total 88064K, used 37752K [0x0000000705e00000, 0x0000000800000000)
  region size 2048K, 2 young (4096K), 2 survivors (4096K)
 Metaspace       used 25179K, committed 25536K, reserved 1114112K
  class space    used 2642K, committed 2816K, reserved 1048576K
}
Event: 4.987 GC heap before
{Heap before GC invocations=7 (full 0):
 garbage-first heap   total 88064K, used 62328K [0x0000000705e00000, 0x0000000800000000)
  region size 2048K, 14 young (28672K), 2 survivors (4096K)
 Metaspace       used 26784K, committed 27200K, reserved 1114112K
  class space    used 2810K, committed 3008K, reserved 1048576K
}
Event: 4.992 GC heap after
{Heap after GC invocations=8 (full 0):
 garbage-first heap   total 88064K, used 41395K [0x0000000705e00000, 0x0000000800000000)
  region size 2048K, 1 young (2048K), 1 survivors (2048K)
 Metaspace       used 26784K, committed 27200K, reserved 1114112K
  class space    used 2810K, committed 3008K, reserved 1048576K
}
Event: 5.188 GC heap before
{Heap before GC invocations=8 (full 0):
 garbage-first heap   total 88064K, used 63923K [0x0000000705e00000, 0x0000000800000000)
  region size 2048K, 12 young (24576K), 1 survivors (2048K)
 Metaspace       used 27310K, committed 27712K, reserved 1114112K
  class space    used 2859K, committed 3072K, reserved 1048576K
}
Event: 5.190 GC heap after
{Heap after GC invocations=9 (full 0):
 garbage-first heap   total 106496K, used 41638K [0x0000000705e00000, 0x0000000800000000)
  region size 2048K, 1 young (2048K), 1 survivors (2048K)
 Metaspace       used 27310K, committed 27712K, reserved 1114112K
  class space    used 2859K, committed 3072K, reserved 1048576K
}
Event: 5.275 GC heap before
{Heap before GC invocations=10 (full 0):
 garbage-first heap   total 106496K, used 78502K [0x0000000705e00000, 0x0000000800000000)
  region size 2048K, 19 young (38912K), 1 survivors (2048K)
 Metaspace       used 27393K, committed 27776K, reserved 1114112K
  class space    used 2863K, committed 3072K, reserved 1048576K
}
Event: 5.277 GC heap after
{Heap after GC invocations=11 (full 0):
 garbage-first heap   total 106496K, used 41740K [0x0000000705e00000, 0x0000000800000000)
  region size 2048K, 1 young (2048K), 1 survivors (2048K)
 Metaspace       used 27393K, committed 27776K, reserved 1114112K
  class space    used 2863K, committed 3072K, reserved 1048576K
}
Event: 5.280 GC heap before
{Heap before GC invocations=11 (full 0):
 garbage-first heap   total 106496K, used 43788K [0x0000000705e00000, 0x0000000800000000)
  region size 2048K, 2 young (4096K), 1 survivors (2048K)
 Metaspace       used 27393K, committed 27776K, reserved 1114112K
  class space    used 2863K, committed 3072K, reserved 1048576K
}
Event: 5.283 GC heap after
{Heap after GC invocations=12 (full 0):
 garbage-first heap   total 106496K, used 41263K [0x0000000705e00000, 0x0000000800000000)
  region size 2048K, 1 young (2048K), 1 survivors (2048K)
 Metaspace       used 27393K, committed 27776K, reserved 1114112K
  class space    used 2863K, committed 3072K, reserved 1048576K
}
Event: 5.508 GC heap before
{Heap before GC invocations=12 (full 0):
 garbage-first heap   total 106496K, used 78127K [0x0000000705e00000, 0x0000000800000000)
  region size 2048K, 20 young (40960K), 1 survivors (2048K)
 Metaspace       used 28059K, committed 28544K, reserved 1114112K
  class space    used 2945K, committed 3200K, reserved 1048576K
}
Event: 5.510 GC heap after
{Heap after GC invocations=13 (full 0):
 garbage-first heap   total 106496K, used 42135K [0x0000000705e00000, 0x0000000800000000)
  region size 2048K, 1 young (2048K), 1 survivors (2048K)
 Metaspace       used 28059K, committed 28544K, reserved 1114112K
  class space    used 2945K, committed 3200K, reserved 1048576K
}
Event: 5.595 GC heap before
{Heap before GC invocations=13 (full 0):
 garbage-first heap   total 106496K, used 83095K [0x0000000705e00000, 0x0000000800000000)
  region size 2048K, 21 young (43008K), 1 survivors (2048K)
 Metaspace       used 28218K, committed 28800K, reserved 1114112K
  class space    used 2955K, committed 3200K, reserved 1048576K
}
Event: 5.598 GC heap after
{Heap after GC invocations=14 (full 0):
 garbage-first heap   total 106496K, used 43153K [0x0000000705e00000, 0x0000000800000000)
  region size 2048K, 2 young (4096K), 2 survivors (4096K)
 Metaspace       used 28218K, committed 28800K, reserved 1114112K
  class space    used 2955K, committed 3200K, reserved 1048576K
}
Event: 5.685 GC heap before
{Heap before GC invocations=14 (full 0):
 garbage-first heap   total 106496K, used 84113K [0x0000000705e00000, 0x0000000800000000)
  region size 2048K, 22 young (45056K), 2 survivors (4096K)
 Metaspace       used 28280K, committed 28800K, reserved 1114112K
  class space    used 2960K, committed 3200K, reserved 1048576K
}
Event: 5.689 GC heap after
{Heap after GC invocations=15 (full 0):
 garbage-first heap   total 106496K, used 43785K [0x0000000705e00000, 0x0000000800000000)
  region size 2048K, 2 young (4096K), 2 survivors (4096K)
 Metaspace       used 28280K, committed 28800K, reserved 1114112K
  class space    used 2960K, committed 3200K, reserved 1048576K
}
Event: 5.770 GC heap before
{Heap before GC invocations=15 (full 0):
 garbage-first heap   total 106496K, used 84745K [0x0000000705e00000, 0x0000000800000000)
  region size 2048K, 22 young (45056K), 2 survivors (4096K)
 Metaspace       used 28407K, committed 28928K, reserved 1114112K
  class space    used 2961K, committed 3200K, reserved 1048576K
}

