# JRE version: Java(TM) SE Runtime Environment (19.0.2+7) (build 19.0.2+7-44)
# Java VM: Java HotSpot(TM) 64-Bit Server VM (19.0.2+7-44, mixed mode, sharing, tiered, compressed oops, compressed class ptrs, g1 gc, windows-amd64)
GC Precious Log:
 CardTable entry size: 512
 Card Set container configuration: InlinePtr #cards 4 size 8 Array Of Cards #cards 16 size 48 Howl #buckets 8 coarsen threshold 3686 Howl Bitmap #cards 512 size 80 coarsen threshold 460 Card regions per heap region 1 cards per card region 4096
 CPUs: 16 total, 16 available
 Memory: 16005M
 Large Page Support: Disabled
 NUMA Support: Disabled
 Compressed Oops: Enabled (Zero based)
 Heap Region Size: 2M
 Heap Min Capacity: 8M
 Heap Initial Capacity: 252M
 Heap Max Capacity: 4002M
 Pre-touch: Disabled
 Parallel Workers: 13
 Concurrent Workers: 3
 Concurrent Refinement Workers: 13
 Periodic GC: Disabled
Heap:
 garbage-first heap   total 137216K, used 55099K [0x0000000705e00000, 0x0000000800000000)
  region size 2048K, 2 young (4096K), 2 survivors (4096K)
 Metaspace       used 28565K, committed 29120K, reserved 1114112K
  class space    used 2967K, committed 3264K, reserved 1048576K
GC Heap History (20 events):
Event: 2.625 GC heap after
{Heap after GC invocations=7 (full 0):
 garbage-first heap   total 81920K, used 37634K [0x0000000705e00000, 0x0000000800000000)
  region size 2048K, 2 young (4096K), 2 survivors (4096K)
 Metaspace       used 24463K, committed 24832K, reserved 1114112K
  class space    used 2578K, committed 2752K, reserved 1048576K
}
Event: 2.737 GC heap before
{Heap before GC invocations=7 (full 0):
 garbage-first heap   total 81920K, used 58114K [0x0000000705e00000, 0x0000000800000000)
  region size 2048K, 12 young (24576K), 2 survivors (4096K)
 Metaspace       used 24967K, committed 25408K, reserved 1114112K
  class space    used 2638K, committed 2880K, reserved 1048576K
}
Event: 2.742 GC heap after
{Heap after GC invocations=8 (full 0):
 garbage-first heap   total 81920K, used 42533K [0x0000000705e00000, 0x0000000800000000)
  region size 2048K, 2 young (4096K), 2 survivors (4096K)
 Metaspace       used 24967K, committed 25408K, reserved 1114112K
  class space    used 2638K, committed 2880K, reserved 1048576K
}
Event: 2.829 GC heap before
{Heap before GC invocations=8 (full 0):
 garbage-first heap   total 81920K, used 58917K [0x0000000705e00000, 0x0000000800000000)
  region size 2048K, 11 young (22528K), 2 survivors (4096K)
 Metaspace       used 25249K, committed 25728K, reserved 1114112K
  class space    used 2642K, committed 2880K, reserved 1048576K
}
Event: 2.834 GC heap after
{Heap after GC invocations=9 (full 0):
 garbage-first heap   total 129024K, used 46397K [0x0000000705e00000, 0x0000000800000000)
  region size 2048K, 2 young (4096K), 2 survivors (4096K)
 Metaspace       used 25249K, committed 25728K, reserved 1114112K
  class space    used 2642K, committed 2880K, reserved 1048576K
}
Event: 3.161 GC heap before
{Heap before GC invocations=10 (full 0):
 garbage-first heap   total 129024K, used 83261K [0x0000000705e00000, 0x0000000800000000)
  region size 2048K, 20 young (40960K), 2 survivors (4096K)
 Metaspace       used 26395K, committed 26816K, reserved 1114112K
  class space    used 2741K, committed 2944K, reserved 1048576K
}
Event: 3.167 GC heap after
{Heap after GC invocations=11 (full 0):
 garbage-first heap   total 129024K, used 52877K [0x0000000705e00000, 0x0000000800000000)
  region size 2048K, 3 young (6144K), 3 survivors (6144K)
 Metaspace       used 26395K, committed 26816K, reserved 1114112K
  class space    used 2741K, committed 2944K, reserved 1048576K
}
Event: 3.180 GC heap before
{Heap before GC invocations=11 (full 0):
 garbage-first heap   total 129024K, used 52877K [0x0000000705e00000, 0x0000000800000000)
  region size 2048K, 4 young (8192K), 3 survivors (6144K)
 Metaspace       used 26442K, committed 26880K, reserved 1114112K
  class space    used 2756K, committed 3008K, reserved 1048576K
}
Event: 3.184 GC heap after
{Heap after GC invocations=12 (full 0):
 garbage-first heap   total 129024K, used 52546K [0x0000000705e00000, 0x0000000800000000)
  region size 2048K, 1 young (2048K), 1 survivors (2048K)
 Metaspace       used 26442K, committed 26880K, reserved 1114112K
  class space    used 2756K, committed 3008K, reserved 1048576K
}
Event: 3.496 GC heap before
{Heap before GC invocations=12 (full 0):
 garbage-first heap   total 129024K, used 85314K [0x0000000705e00000, 0x0000000800000000)
  region size 2048K, 18 young (36864K), 1 survivors (2048K)
 Metaspace       used 27573K, committed 28032K, reserved 1114112K
  class space    used 2866K, committed 3072K, reserved 1048576K
}
Event: 3.497 GC heap after
{Heap after GC invocations=13 (full 0):
 garbage-first heap   total 129024K, used 52617K [0x0000000705e00000, 0x0000000800000000)
  region size 2048K, 1 young (2048K), 1 survivors (2048K)
 Metaspace       used 27573K, committed 28032K, reserved 1114112K
  class space    used 2866K, committed 3072K, reserved 1048576K
}
Event: 3.577 GC heap before
{Heap before GC invocations=13 (full 0):
 garbage-first heap   total 129024K, used 89481K [0x0000000705e00000, 0x0000000800000000)
  region size 2048K, 19 young (38912K), 1 survivors (2048K)
 Metaspace       used 27673K, committed 28160K, reserved 1114112K
  class space    used 2871K, committed 3136K, reserved 1048576K
}
Event: 3.578 GC heap after
{Heap after GC invocations=14 (full 0):
 garbage-first heap   total 129024K, used 52580K [0x0000000705e00000, 0x0000000800000000)
  region size 2048K, 1 young (2048K), 1 survivors (2048K)
 Metaspace       used 27673K, committed 28160K, reserved 1114112K
  class space    used 2871K, committed 3136K, reserved 1048576K
}
Event: 3.720 GC heap before
{Heap before GC invocations=14 (full 0):
 garbage-first heap   total 129024K, used 93540K [0x0000000705e00000, 0x0000000800000000)
  region size 2048K, 21 young (43008K), 1 survivors (2048K)
 Metaspace       used 28021K, committed 28544K, reserved 1114112K
  class space    used 2928K, committed 3200K, reserved 1048576K
}
Event: 3.721 GC heap after
{Heap after GC invocations=15 (full 0):
 garbage-first heap   total 129024K, used 52790K [0x0000000705e00000, 0x0000000800000000)
  region size 2048K, 1 young (2048K), 1 survivors (2048K)
 Metaspace       used 28021K, committed 28544K, reserved 1114112K
  class space    used 2928K, committed 3200K, reserved 1048576K
}
Event: 3.875 GC heap before
{Heap before GC invocations=15 (full 0):
 garbage-first heap   total 129024K, used 95798K [0x0000000705e00000, 0x0000000800000000)
  region size 2048K, 22 young (45056K), 1 survivors (2048K)
 Metaspace       used 28377K, committed 28928K, reserved 1114112K
  class space    used 2956K, committed 3264K, reserved 1048576K
}
Event: 3.877 GC heap after
{Heap after GC invocations=16 (full 0):
 garbage-first heap   total 129024K, used 53875K [0x0000000705e00000, 0x0000000800000000)
  region size 2048K, 1 young (2048K), 1 survivors (2048K)
 Metaspace       used 28377K, committed 28928K, reserved 1114112K
  class space    used 2956K, committed 3264K, reserved 1048576K
}
Event: 3.969 GC heap before
{Heap before GC invocations=16 (full 0):
 garbage-first heap   total 129024K, used 98931K [0x0000000705e00000, 0x0000000800000000)
  region size 2048K, 23 young (47104K), 1 survivors (2048K)
 Metaspace       used 28555K, committed 29120K, reserved 1114112K
  class space    used 2967K, committed 3264K, reserved 1048576K
}
Event: 3.972 GC heap after
{Heap after GC invocations=17 (full 0):
 garbage-first heap   total 129024K, used 54715K [0x0000000705e00000, 0x0000000800000000)
  region size 2048K, 2 young (4096K), 2 survivors (4096K)
 Metaspace       used 28555K, committed 29120K, reserved 1114112K
  class space    used 2967K, committed 3264K, reserved 1048576K
}
Event: 4.030 GC heap before
{Heap before GC invocations=17 (full 0):
 garbage-first heap   total 129024K, used 99771K [0x0000000705e00000, 0x0000000800000000)
  region size 2048K, 24 young (49152K), 2 survivors (4096K)
 Metaspace       used 28565K, committed 29120K, reserved 1114112K
  class space    used 2967K, committed 3264K, reserved 1048576K
}

