# JRE version: Java(TM) SE Runtime Environment (19.0.2+7) (build 19.0.2+7-44)
# Java VM: Java HotSpot(TM) 64-Bit Server VM (19.0.2+7-44, mixed mode, sharing, tiered, compressed oops, compressed class ptrs, g1 gc, windows-amd64)
GC Precious Log:
 CardTable entry size: 512
 Card Set container configuration: InlinePtr #cards 4 size 8 Array Of Cards #cards 16 size 48 Howl #buckets 8 coarsen threshold 3686 Howl Bitmap #cards 512 size 80 coarsen threshold 460 Card regions per heap region 1 cards per card region 4096
 CPUs: 16 total, 16 available
 Memory: 16004M
 Large Page Support: Disabled
 NUMA Support: Disabled
 Compressed Oops: Enabled (Zero based)
 Heap Region Size: 2M
 Heap Min Capacity: 8M
 Heap Initial Capacity: 252M
 Heap Max Capacity: 4002M
 Pre-touch: Disabled
 Parallel Workers: 13
 Concurrent Workers: 3
 Concurrent Refinement Workers: 13
 Periodic GC: Disabled
Heap:
 garbage-first heap   total 274432K, used 184716K [0x0000000705e00000, 0x0000000800000000)
  region size 2048K, 47 young (96256K), 2 survivors (4096K)
 Metaspace       used 35978K, committed 36608K, reserved 1114112K
  class space    used 3648K, committed 3968K, reserved 1048576K
GC Heap History (20 events):
Event: 4.767 GC heap before
{Heap before GC invocations=12 (full 0):
 garbage-first heap   total 137216K, used 88405K [0x0000000705e00000, 0x0000000800000000)
  region size 2048K, 20 young (40960K), 1 survivors (2048K)
 Metaspace       used 27345K, committed 27776K, reserved 1114112K
  class space    used 2846K, committed 3072K, reserved 1048576K
}
Event: 4.770 GC heap after
{Heap after GC invocations=13 (full 0):
 garbage-first heap   total 137216K, used 52854K [0x0000000705e00000, 0x0000000800000000)
  region size 2048K, 2 young (4096K), 2 survivors (4096K)
 Metaspace       used 27345K, committed 27776K, reserved 1114112K
  class space    used 2846K, committed 3072K, reserved 1048576K
}
Event: 4.983 GC heap before
{Heap before GC invocations=13 (full 0):
 garbage-first heap   total 137216K, used 93814K [0x0000000705e00000, 0x0000000800000000)
  region size 2048K, 22 young (45056K), 2 survivors (4096K)
 Metaspace       used 27633K, committed 28160K, reserved 1114112K
  class space    used 2871K, committed 3136K, reserved 1048576K
}
Event: 4.986 GC heap after
{Heap after GC invocations=14 (full 0):
 garbage-first heap   total 137216K, used 53129K [0x0000000705e00000, 0x0000000800000000)
  region size 2048K, 2 young (4096K), 2 survivors (4096K)
 Metaspace       used 27633K, committed 28160K, reserved 1114112K
  class space    used 2871K, committed 3136K, reserved 1048576K
}
Event: 5.079 GC heap before
{Heap before GC invocations=14 (full 0):
 garbage-first heap   total 137216K, used 98185K [0x0000000705e00000, 0x0000000800000000)
  region size 2048K, 24 young (49152K), 2 survivors (4096K)
 Metaspace       used 27674K, committed 28160K, reserved 1114112K
  class space    used 2875K, committed 3136K, reserved 1048576K
}
Event: 5.082 GC heap after
{Heap after GC invocations=15 (full 0):
 garbage-first heap   total 137216K, used 53215K [0x0000000705e00000, 0x0000000800000000)
  region size 2048K, 2 young (4096K), 2 survivors (4096K)
 Metaspace       used 27674K, committed 28160K, reserved 1114112K
  class space    used 2875K, committed 3136K, reserved 1048576K
}
Event: 5.420 GC heap before
{Heap before GC invocations=15 (full 0):
 garbage-first heap   total 137216K, used 98271K [0x0000000705e00000, 0x0000000800000000)
  region size 2048K, 25 young (51200K), 2 survivors (4096K)
 Metaspace       used 28336K, committed 28864K, reserved 1114112K
  class space    used 2964K, committed 3264K, reserved 1048576K
}
Event: 5.426 GC heap after
{Heap after GC invocations=16 (full 0):
 garbage-first heap   total 274432K, used 53893K [0x0000000705e00000, 0x0000000800000000)
  region size 2048K, 2 young (4096K), 2 survivors (4096K)
 Metaspace       used 28336K, committed 28864K, reserved 1114112K
  class space    used 2964K, committed 3264K, reserved 1048576K
}
Event: 5.826 GC heap before
{Heap before GC invocations=16 (full 0):
 garbage-first heap   total 274432K, used 191109K [0x0000000705e00000, 0x0000000800000000)
  region size 2048K, 69 young (141312K), 2 survivors (4096K)
 Metaspace       used 28584K, committed 29120K, reserved 1114112K
  class space    used 2973K, committed 3264K, reserved 1048576K
}
Event: 5.831 GC heap after
{Heap after GC invocations=17 (full 0):
 garbage-first heap   total 274432K, used 56021K [0x0000000705e00000, 0x0000000800000000)
  region size 2048K, 3 young (6144K), 3 survivors (6144K)
 Metaspace       used 28584K, committed 29120K, reserved 1114112K
  class space    used 2973K, committed 3264K, reserved 1048576K
}
Event: 6.163 GC heap before
{Heap before GC invocations=17 (full 0):
 garbage-first heap   total 274432K, used 201429K [0x0000000705e00000, 0x0000000800000000)
  region size 2048K, 74 young (151552K), 3 survivors (6144K)
 Metaspace       used 28743K, committed 29248K, reserved 1114112K
  class space    used 2975K, committed 3264K, reserved 1048576K
}
Event: 6.168 GC heap after
{Heap after GC invocations=18 (full 0):
 garbage-first heap   total 274432K, used 57421K [0x0000000705e00000, 0x0000000800000000)
  region size 2048K, 4 young (8192K), 4 survivors (8192K)
 Metaspace       used 28743K, committed 29248K, reserved 1114112K
  class space    used 2975K, committed 3264K, reserved 1048576K
}
Event: 7.748 GC heap before
{Heap before GC invocations=18 (full 0):
 garbage-first heap   total 274432K, used 208973K [0x0000000705e00000, 0x0000000800000000)
  region size 2048K, 78 young (159744K), 4 survivors (8192K)
 Metaspace       used 31612K, committed 32256K, reserved 1114112K
  class space    used 3246K, committed 3584K, reserved 1048576K
}
Event: 7.756 GC heap after
{Heap after GC invocations=19 (full 0):
 garbage-first heap   total 274432K, used 60485K [0x0000000705e00000, 0x0000000800000000)
  region size 2048K, 5 young (10240K), 5 survivors (10240K)
 Metaspace       used 31612K, committed 32256K, reserved 1114112K
  class space    used 3246K, committed 3584K, reserved 1048576K
}
Event: 10.869 GC heap before
{Heap before GC invocations=19 (full 0):
 garbage-first heap   total 274432K, used 216133K [0x0000000705e00000, 0x0000000800000000)
  region size 2048K, 80 young (163840K), 5 survivors (10240K)
 Metaspace       used 32090K, committed 32704K, reserved 1114112K
  class space    used 3261K, committed 3584K, reserved 1048576K
}
Event: 10.885 GC heap after
{Heap after GC invocations=20 (full 0):
 garbage-first heap   total 274432K, used 79086K [0x0000000705e00000, 0x0000000800000000)
  region size 2048K, 10 young (20480K), 10 survivors (20480K)
 Metaspace       used 32090K, committed 32704K, reserved 1114112K
  class space    used 3261K, committed 3584K, reserved 1048576K
}
Event: 13.492 GC heap before
{Heap before GC invocations=20 (full 0):
 garbage-first heap   total 274432K, used 208110K [0x0000000705e00000, 0x0000000800000000)
  region size 2048K, 73 young (149504K), 10 survivors (20480K)
 Metaspace       used 33733K, committed 34368K, reserved 1114112K
  class space    used 3450K, committed 3776K, reserved 1048576K
}
Event: 13.516 GC heap after
{Heap after GC invocations=21 (full 0):
 garbage-first heap   total 274432K, used 92743K [0x0000000705e00000, 0x0000000800000000)
  region size 2048K, 7 young (14336K), 7 survivors (14336K)
 Metaspace       used 33733K, committed 34368K, reserved 1114112K
  class space    used 3450K, committed 3776K, reserved 1048576K
}
Event: 14.665 GC heap before
{Heap before GC invocations=21 (full 0):
 garbage-first heap   total 274432K, used 209479K [0x0000000705e00000, 0x0000000800000000)
  region size 2048K, 64 young (131072K), 7 survivors (14336K)
 Metaspace       used 33885K, committed 34496K, reserved 1114112K
  class space    used 3460K, committed 3776K, reserved 1048576K
}
Event: 14.672 GC heap after
{Heap after GC invocations=22 (full 0):
 garbage-first heap   total 274432K, used 94604K [0x0000000705e00000, 0x0000000800000000)
  region size 2048K, 2 young (4096K), 2 survivors (4096K)
 Metaspace       used 33885K, committed 34496K, reserved 1114112K
  class space    used 3460K, committed 3776K, reserved 1048576K
}

