# JRE version: Java(TM) SE Runtime Environment (19.0.2+7) (build 19.0.2+7-44)
# Java VM: Java HotSpot(TM) 64-Bit Server VM (19.0.2+7-44, mixed mode, sharing, tiered, compressed oops, compressed class ptrs, g1 gc, windows-amd64)
GC Precious Log:
 CardTable entry size: 512
 Card Set container configuration: InlinePtr #cards 4 size 8 Array Of Cards #cards 16 size 48 Howl #buckets 8 coarsen threshold 3686 Howl Bitmap #cards 512 size 80 coarsen threshold 460 Card regions per heap region 1 cards per card region 4096
 CPUs: 16 total, 16 available
 Memory: 16005M
 Large Page Support: Disabled
 NUMA Support: Disabled
 Compressed Oops: Enabled (Zero based)
 Heap Region Size: 2M
 Heap Min Capacity: 8M
 Heap Initial Capacity: 252M
 Heap Max Capacity: 4002M
 Pre-touch: Disabled
 Parallel Workers: 13
 Concurrent Workers: 3
 Concurrent Refinement Workers: 13
 Periodic GC: Disabled
Heap:
 garbage-first heap   total 221184K, used 135102K [0x0000000705e00000, 0x0000000800000000)
  region size 2048K, 27 young (55296K), 5 survivors (10240K)
 Metaspace       used 33727K, committed 34304K, reserved 1114112K
  class space    used 3444K, committed 3776K, reserved 1048576K
GC Heap History (20 events):
Event: 3.698 GC heap before
{Heap before GC invocations=9 (full 0):
 garbage-first heap   total 153600K, used 110134K [0x0000000705e00000, 0x0000000800000000)
  region size 2048K, 33 young (67584K), 5 survivors (10240K)
 Metaspace       used 27667K, committed 28160K, reserved 1114112K
  class space    used 2869K, committed 3136K, reserved 1048576K
}
Event: 3.703 GC heap after
{Heap after GC invocations=10 (full 0):
 garbage-first heap   total 153600K, used 54576K [0x0000000705e00000, 0x0000000800000000)
  region size 2048K, 1 young (2048K), 1 survivors (2048K)
 Metaspace       used 27667K, committed 28160K, reserved 1114112K
  class space    used 2869K, committed 3136K, reserved 1048576K
}
Event: 3.913 GC heap before
{Heap before GC invocations=10 (full 0):
 garbage-first heap   total 153600K, used 113968K [0x0000000705e00000, 0x0000000800000000)
  region size 2048K, 30 young (61440K), 1 survivors (2048K)
 Metaspace       used 28074K, committed 28608K, reserved 1114112K
  class space    used 2933K, committed 3200K, reserved 1048576K
}
Event: 3.914 GC heap after
{Heap after GC invocations=11 (full 0):
 garbage-first heap   total 153600K, used 53957K [0x0000000705e00000, 0x0000000800000000)
  region size 2048K, 1 young (2048K), 1 survivors (2048K)
 Metaspace       used 28074K, committed 28608K, reserved 1114112K
  class space    used 2933K, committed 3200K, reserved 1048576K
}
Event: 4.128 GC heap before
{Heap before GC invocations=11 (full 0):
 garbage-first heap   total 153600K, used 117445K [0x0000000705e00000, 0x0000000800000000)
  region size 2048K, 32 young (65536K), 1 survivors (2048K)
 Metaspace       used 28493K, committed 29056K, reserved 1114112K
  class space    used 2968K, committed 3264K, reserved 1048576K
}
Event: 4.131 GC heap after
{Heap after GC invocations=12 (full 0):
 garbage-first heap   total 153600K, used 55207K [0x0000000705e00000, 0x0000000800000000)
  region size 2048K, 2 young (4096K), 2 survivors (4096K)
 Metaspace       used 28493K, committed 29056K, reserved 1114112K
  class space    used 2968K, committed 3264K, reserved 1048576K
}
Event: 4.227 GC heap before
{Heap before GC invocations=12 (full 0):
 garbage-first heap   total 153600K, used 118695K [0x0000000705e00000, 0x0000000800000000)
  region size 2048K, 33 young (67584K), 2 survivors (4096K)
 Metaspace       used 28583K, committed 29120K, reserved 1114112K
  class space    used 2970K, committed 3264K, reserved 1048576K
}
Event: 4.229 GC heap after
{Heap after GC invocations=13 (full 0):
 garbage-first heap   total 184320K, used 55996K [0x0000000705e00000, 0x0000000800000000)
  region size 2048K, 2 young (4096K), 2 survivors (4096K)
 Metaspace       used 28583K, committed 29120K, reserved 1114112K
  class space    used 2970K, committed 3264K, reserved 1048576K
}
Event: 4.431 GC heap before
{Heap before GC invocations=13 (full 0):
 garbage-first heap   total 184320K, used 146108K [0x0000000705e00000, 0x0000000800000000)
  region size 2048K, 46 young (94208K), 2 survivors (4096K)
 Metaspace       used 28730K, committed 29312K, reserved 1114112K
  class space    used 2972K, committed 3264K, reserved 1048576K
}
Event: 4.434 GC heap after
{Heap after GC invocations=14 (full 0):
 garbage-first heap   total 184320K, used 57599K [0x0000000705e00000, 0x0000000800000000)
  region size 2048K, 3 young (6144K), 3 survivors (6144K)
 Metaspace       used 28730K, committed 29312K, reserved 1114112K
  class space    used 2972K, committed 3264K, reserved 1048576K
}
Event: 4.587 GC heap before
{Heap before GC invocations=14 (full 0):
 garbage-first heap   total 184320K, used 149759K [0x0000000705e00000, 0x0000000800000000)
  region size 2048K, 48 young (98304K), 3 survivors (6144K)
 Metaspace       used 28820K, committed 29376K, reserved 1114112K
  class space    used 2972K, committed 3264K, reserved 1048576K
}
Event: 4.591 GC heap after
{Heap after GC invocations=15 (full 0):
 garbage-first heap   total 184320K, used 57681K [0x0000000705e00000, 0x0000000800000000)
  region size 2048K, 3 young (6144K), 3 survivors (6144K)
 Metaspace       used 28820K, committed 29376K, reserved 1114112K
  class space    used 2972K, committed 3264K, reserved 1048576K
}
Event: 5.444 GC heap before
{Heap before GC invocations=15 (full 0):
 garbage-first heap   total 184320K, used 151889K [0x0000000705e00000, 0x0000000800000000)
  region size 2048K, 49 young (100352K), 3 survivors (6144K)
 Metaspace       used 31485K, committed 32000K, reserved 1114112K
  class space    used 3234K, committed 3520K, reserved 1048576K
}
Event: 5.450 GC heap after
{Heap after GC invocations=16 (full 0):
 garbage-first heap   total 184320K, used 59366K [0x0000000705e00000, 0x0000000800000000)
  region size 2048K, 4 young (8192K), 4 survivors (8192K)
 Metaspace       used 31485K, committed 32000K, reserved 1114112K
  class space    used 3234K, committed 3520K, reserved 1048576K
}
Event: 5.854 GC heap before
{Heap before GC invocations=16 (full 0):
 garbage-first heap   total 184320K, used 155622K [0x0000000705e00000, 0x0000000800000000)
  region size 2048K, 49 young (100352K), 4 survivors (8192K)
 Metaspace       used 31777K, committed 32320K, reserved 1114112K
  class space    used 3244K, committed 3520K, reserved 1048576K
}
Event: 5.860 GC heap after
{Heap after GC invocations=17 (full 0):
 garbage-first heap   total 184320K, used 64377K [0x0000000705e00000, 0x0000000800000000)
  region size 2048K, 5 young (10240K), 5 survivors (10240K)
 Metaspace       used 31777K, committed 32320K, reserved 1114112K
  class space    used 3244K, committed 3520K, reserved 1048576K
}
Event: 6.430 GC heap before
{Heap before GC invocations=17 (full 0):
 garbage-first heap   total 184320K, used 152441K [0x0000000705e00000, 0x0000000800000000)
  region size 2048K, 48 young (98304K), 5 survivors (10240K)
 Metaspace       used 32017K, committed 32640K, reserved 1114112K
  class space    used 3255K, committed 3584K, reserved 1048576K
}
Event: 6.440 GC heap after
{Heap after GC invocations=18 (full 0):
 garbage-first heap   total 221184K, used 82150K [0x0000000705e00000, 0x0000000800000000)
  region size 2048K, 6 young (12288K), 6 survivors (12288K)
 Metaspace       used 32017K, committed 32640K, reserved 1114112K
  class space    used 3255K, committed 3584K, reserved 1048576K
}
Event: 7.006 GC heap before
{Heap before GC invocations=18 (full 0):
 garbage-first heap   total 221184K, used 170214K [0x0000000705e00000, 0x0000000800000000)
  region size 2048K, 49 young (100352K), 6 survivors (12288K)
 Metaspace       used 33635K, committed 34240K, reserved 1114112K
  class space    used 3437K, committed 3776K, reserved 1048576K
}
Event: 7.014 GC heap after
{Heap after GC invocations=19 (full 0):
 garbage-first heap   total 221184K, used 92094K [0x0000000705e00000, 0x0000000800000000)
  region size 2048K, 5 young (10240K), 5 survivors (10240K)
 Metaspace       used 33635K, committed 34240K, reserved 1114112K
  class space    used 3437K, committed 3776K, reserved 1048576K
}

