# JRE version: Java(TM) SE Runtime Environment (19.0.2+7) (build 19.0.2+7-44)
# Java VM: Java HotSpot(TM) 64-Bit Server VM (19.0.2+7-44, mixed mode, sharing, tiered, compressed oops, compressed class ptrs, g1 gc, windows-amd64)
GC Precious Log:
 CardTable entry size: 512
 Card Set container configuration: InlinePtr #cards 4 size 8 Array Of Cards #cards 16 size 48 Howl #buckets 8 coarsen threshold 3686 Howl Bitmap #cards 512 size 80 coarsen threshold 460 Card regions per heap region 1 cards per card region 4096
 CPUs: 16 total, 16 available
 Memory: 16005M
 Large Page Support: Disabled
 NUMA Support: Disabled
 Compressed Oops: Enabled (Zero based)
 Heap Region Size: 2M
 Heap Min Capacity: 8M
 Heap Initial Capacity: 252M
 Heap Max Capacity: 4002M
 Pre-touch: Disabled
 Parallel Workers: 13
 Concurrent Workers: 3
 Concurrent Refinement Workers: 13
 Periodic GC: Disabled
Heap:
 garbage-first heap   total 137216K, used 54454K [0x0000000705e00000, 0x0000000800000000)
  region size 2048K, 2 young (4096K), 2 survivors (4096K)
 Metaspace       used 28591K, committed 29120K, reserved 1114112K
  class space    used 2971K, committed 3264K, reserved 1048576K
GC Heap History (20 events):
Event: 2.629 GC heap after
{Heap after GC invocations=7 (full 0):
 garbage-first heap   total 77824K, used 36864K [0x0000000705e00000, 0x0000000800000000)
  region size 2048K, 2 young (4096K), 2 survivors (4096K)
 Metaspace       used 24451K, committed 24832K, reserved 1114112K
  class space    used 2579K, committed 2752K, reserved 1048576K
}
Event: 2.752 GC heap before
{Heap before GC invocations=7 (full 0):
 garbage-first heap   total 77824K, used 55296K [0x0000000705e00000, 0x0000000800000000)
  region size 2048K, 11 young (22528K), 2 survivors (4096K)
 Metaspace       used 24722K, committed 25088K, reserved 1114112K
  class space    used 2602K, committed 2752K, reserved 1048576K
}
Event: 2.757 GC heap after
{Heap after GC invocations=8 (full 0):
 garbage-first heap   total 77824K, used 41878K [0x0000000705e00000, 0x0000000800000000)
  region size 2048K, 2 young (4096K), 2 survivors (4096K)
 Metaspace       used 24722K, committed 25088K, reserved 1114112K
  class space    used 2602K, committed 2752K, reserved 1048576K
}
Event: 2.820 GC heap before
{Heap before GC invocations=8 (full 0):
 garbage-first heap   total 77824K, used 56214K [0x0000000705e00000, 0x0000000800000000)
  region size 2048K, 9 young (18432K), 2 survivors (4096K)
 Metaspace       used 25015K, committed 25408K, reserved 1114112K
  class space    used 2639K, committed 2880K, reserved 1048576K
}
Event: 2.824 GC heap after
{Heap after GC invocations=9 (full 0):
 garbage-first heap   total 126976K, used 44769K [0x0000000705e00000, 0x0000000800000000)
  region size 2048K, 2 young (4096K), 2 survivors (4096K)
 Metaspace       used 25015K, committed 25408K, reserved 1114112K
  class space    used 2639K, committed 2880K, reserved 1048576K
}
Event: 3.158 GC heap before
{Heap before GC invocations=10 (full 0):
 garbage-first heap   total 126976K, used 87777K [0x0000000705e00000, 0x0000000800000000)
  region size 2048K, 23 young (47104K), 2 survivors (4096K)
 Metaspace       used 26073K, committed 26496K, reserved 1114112K
  class space    used 2703K, committed 2944K, reserved 1048576K
}
Event: 3.166 GC heap after
{Heap after GC invocations=11 (full 0):
 garbage-first heap   total 126976K, used 52186K [0x0000000705e00000, 0x0000000800000000)
  region size 2048K, 3 young (6144K), 3 survivors (6144K)
 Metaspace       used 26073K, committed 26496K, reserved 1114112K
  class space    used 2703K, committed 2944K, reserved 1048576K
}
Event: 3.188 GC heap before
{Heap before GC invocations=11 (full 0):
 garbage-first heap   total 126976K, used 52186K [0x0000000705e00000, 0x0000000800000000)
  region size 2048K, 4 young (8192K), 3 survivors (6144K)
 Metaspace       used 26316K, committed 26688K, reserved 1114112K
  class space    used 2719K, committed 2944K, reserved 1048576K
}
Event: 3.194 GC heap after
{Heap after GC invocations=12 (full 0):
 garbage-first heap   total 126976K, used 52234K [0x0000000705e00000, 0x0000000800000000)
  region size 2048K, 1 young (2048K), 1 survivors (2048K)
 Metaspace       used 26316K, committed 26688K, reserved 1114112K
  class space    used 2719K, committed 2944K, reserved 1048576K
}
Event: 3.507 GC heap before
{Heap before GC invocations=12 (full 0):
 garbage-first heap   total 126976K, used 89098K [0x0000000705e00000, 0x0000000800000000)
  region size 2048K, 20 young (40960K), 1 survivors (2048K)
 Metaspace       used 27554K, committed 27968K, reserved 1114112K
  class space    used 2864K, committed 3072K, reserved 1048576K
}
Event: 3.508 GC heap after
{Heap after GC invocations=13 (full 0):
 garbage-first heap   total 126976K, used 51894K [0x0000000705e00000, 0x0000000800000000)
  region size 2048K, 1 young (2048K), 1 survivors (2048K)
 Metaspace       used 27554K, committed 27968K, reserved 1114112K
  class space    used 2864K, committed 3072K, reserved 1048576K
}
Event: 3.620 GC heap before
{Heap before GC invocations=13 (full 0):
 garbage-first heap   total 126976K, used 94902K [0x0000000705e00000, 0x0000000800000000)
  region size 2048K, 22 young (45056K), 1 survivors (2048K)
 Metaspace       used 27658K, committed 28160K, reserved 1114112K
  class space    used 2869K, committed 3136K, reserved 1048576K
}
Event: 3.621 GC heap after
{Heap after GC invocations=14 (full 0):
 garbage-first heap   total 126976K, used 51853K [0x0000000705e00000, 0x0000000800000000)
  region size 2048K, 1 young (2048K), 1 survivors (2048K)
 Metaspace       used 27658K, committed 28160K, reserved 1114112K
  class space    used 2869K, committed 3136K, reserved 1048576K
}
Event: 3.820 GC heap before
{Heap before GC invocations=14 (full 0):
 garbage-first heap   total 126976K, used 96909K [0x0000000705e00000, 0x0000000800000000)
  region size 2048K, 23 young (47104K), 1 survivors (2048K)
 Metaspace       used 28213K, committed 28736K, reserved 1114112K
  class space    used 2948K, committed 3200K, reserved 1048576K
}
Event: 3.822 GC heap after
{Heap after GC invocations=15 (full 0):
 garbage-first heap   total 126976K, used 52330K [0x0000000705e00000, 0x0000000800000000)
  region size 2048K, 1 young (2048K), 1 survivors (2048K)
 Metaspace       used 28213K, committed 28736K, reserved 1114112K
  class space    used 2948K, committed 3200K, reserved 1048576K
}
Event: 3.939 GC heap before
{Heap before GC invocations=15 (full 0):
 garbage-first heap   total 126976K, used 99434K [0x0000000705e00000, 0x0000000800000000)
  region size 2048K, 24 young (49152K), 1 survivors (2048K)
 Metaspace       used 28443K, committed 28992K, reserved 1114112K
  class space    used 2967K, committed 3264K, reserved 1048576K
}
Event: 3.943 GC heap after
{Heap after GC invocations=16 (full 0):
 garbage-first heap   total 126976K, used 53345K [0x0000000705e00000, 0x0000000800000000)
  region size 2048K, 2 young (4096K), 2 survivors (4096K)
 Metaspace       used 28443K, committed 28992K, reserved 1114112K
  class space    used 2967K, committed 3264K, reserved 1048576K
}
Event: 4.021 GC heap before
{Heap before GC invocations=16 (full 0):
 garbage-first heap   total 126976K, used 100449K [0x0000000705e00000, 0x0000000800000000)
  region size 2048K, 25 young (51200K), 2 survivors (4096K)
 Metaspace       used 28557K, committed 29120K, reserved 1114112K
  class space    used 2969K, committed 3264K, reserved 1048576K
}
Event: 4.025 GC heap after
{Heap after GC invocations=17 (full 0):
 garbage-first heap   total 126976K, used 54921K [0x0000000705e00000, 0x0000000800000000)
  region size 2048K, 2 young (4096K), 2 survivors (4096K)
 Metaspace       used 28557K, committed 29120K, reserved 1114112K
  class space    used 2969K, committed 3264K, reserved 1048576K
}
Event: 4.109 GC heap before
{Heap before GC invocations=17 (full 0):
 garbage-first heap   total 126976K, used 102025K [0x0000000705e00000, 0x0000000800000000)
  region size 2048K, 25 young (51200K), 2 survivors (4096K)
 Metaspace       used 28591K, committed 29120K, reserved 1114112K
  class space    used 2971K, committed 3264K, reserved 1048576K
}

