# JRE version: Java(TM) SE Runtime Environment (19.0.2+7) (build 19.0.2+7-44)
# Java VM: Java HotSpot(TM) 64-Bit Server VM (19.0.2+7-44, mixed mode, sharing, tiered, compressed oops, compressed class ptrs, g1 gc, windows-amd64)
GC Precious Log:
 CardTable entry size: 512
 Card Set container configuration: InlinePtr #cards 4 size 8 Array Of Cards #cards 16 size 48 Howl #buckets 8 coarsen threshold 3686 Howl Bitmap #cards 512 size 80 coarsen threshold 460 Card regions per heap region 1 cards per card region 4096
 CPUs: 16 total, 16 available
 Memory: 16005M
 Large Page Support: Disabled
 NUMA Support: Disabled
 Compressed Oops: Enabled (Zero based)
 Heap Region Size: 2M
 Heap Min Capacity: 8M
 Heap Initial Capacity: 252M
 Heap Max Capacity: 4002M
 Pre-touch: Disabled
 Parallel Workers: 13
 Concurrent Workers: 3
 Concurrent Refinement Workers: 13
 Periodic GC: Disabled
Heap:
 garbage-first heap   total 286720K, used 146711K [0x0000000705e00000, 0x0000000800000000)
  region size 2048K, 34 young (69632K), 3 survivors (6144K)
 Metaspace       used 37086K, committed 37696K, reserved 1114112K
  class space    used 3808K, committed 4096K, reserved 1048576K
GC Heap History (20 events):
Event: 4.477 GC heap before
{Heap before GC invocations=10 (full 0):
 garbage-first heap   total 143360K, used 109136K [0x0000000705e00000, 0x0000000800000000)
  region size 2048K, 36 young (73728K), 1 survivors (2048K)
 Metaspace       used 26299K, committed 26688K, reserved 1114112K
  class space    used 2729K, committed 2944K, reserved 1048576K
}
Event: 4.485 GC heap after
{Heap after GC invocations=11 (full 0):
 garbage-first heap   total 143360K, used 50448K [0x0000000705e00000, 0x0000000800000000)
  region size 2048K, 5 young (10240K), 5 survivors (10240K)
 Metaspace       used 26299K, committed 26688K, reserved 1114112K
  class space    used 2729K, committed 2944K, reserved 1048576K
}
Event: 4.495 GC heap before
{Heap before GC invocations=11 (full 0):
 garbage-first heap   total 143360K, used 52496K [0x0000000705e00000, 0x0000000800000000)
  region size 2048K, 6 young (12288K), 5 survivors (10240K)
 Metaspace       used 26343K, committed 26752K, reserved 1114112K
  class space    used 2741K, committed 2944K, reserved 1048576K
}
Event: 4.501 GC heap after
{Heap after GC invocations=12 (full 0):
 garbage-first heap   total 143360K, used 51769K [0x0000000705e00000, 0x0000000800000000)
  region size 2048K, 1 young (2048K), 1 survivors (2048K)
 Metaspace       used 26343K, committed 26752K, reserved 1114112K
  class space    used 2741K, committed 2944K, reserved 1048576K
}
Event: 4.888 GC heap before
{Heap before GC invocations=12 (full 0):
 garbage-first heap   total 143360K, used 100921K [0x0000000705e00000, 0x0000000800000000)
  region size 2048K, 26 young (53248K), 1 survivors (2048K)
 Metaspace       used 27592K, committed 28096K, reserved 1114112K
  class space    used 2869K, committed 3136K, reserved 1048576K
}
Event: 4.889 GC heap after
{Heap after GC invocations=13 (full 0):
 garbage-first heap   total 143360K, used 51083K [0x0000000705e00000, 0x0000000800000000)
  region size 2048K, 1 young (2048K), 1 survivors (2048K)
 Metaspace       used 27592K, committed 28096K, reserved 1114112K
  class space    used 2869K, committed 3136K, reserved 1048576K
}
Event: 5.124 GC heap before
{Heap before GC invocations=13 (full 0):
 garbage-first heap   total 143360K, used 104331K [0x0000000705e00000, 0x0000000800000000)
  region size 2048K, 28 young (57344K), 1 survivors (2048K)
 Metaspace       used 28072K, committed 28544K, reserved 1114112K
  class space    used 2939K, committed 3200K, reserved 1048576K
}
Event: 5.126 GC heap after
{Heap after GC invocations=14 (full 0):
 garbage-first heap   total 143360K, used 51227K [0x0000000705e00000, 0x0000000800000000)
  region size 2048K, 1 young (2048K), 1 survivors (2048K)
 Metaspace       used 28072K, committed 28544K, reserved 1114112K
  class space    used 2939K, committed 3200K, reserved 1048576K
}
Event: 5.318 GC heap before
{Heap before GC invocations=14 (full 0):
 garbage-first heap   total 143360K, used 108571K [0x0000000705e00000, 0x0000000800000000)
  region size 2048K, 29 young (59392K), 1 survivors (2048K)
 Metaspace       used 28451K, committed 28992K, reserved 1114112K
  class space    used 2963K, committed 3264K, reserved 1048576K
}
Event: 5.322 GC heap after
{Heap after GC invocations=15 (full 0):
 garbage-first heap   total 143360K, used 52432K [0x0000000705e00000, 0x0000000800000000)
  region size 2048K, 2 young (4096K), 2 survivors (4096K)
 Metaspace       used 28451K, committed 28992K, reserved 1114112K
  class space    used 2963K, committed 3264K, reserved 1048576K
}
Event: 5.430 GC heap before
{Heap before GC invocations=15 (full 0):
 garbage-first heap   total 143360K, used 111824K [0x0000000705e00000, 0x0000000800000000)
  region size 2048K, 31 young (63488K), 2 survivors (4096K)
 Metaspace       used 28523K, committed 29056K, reserved 1114112K
  class space    used 2965K, committed 3264K, reserved 1048576K
}
Event: 5.433 GC heap after
{Heap after GC invocations=16 (full 0):
 garbage-first heap   total 286720K, used 52922K [0x0000000705e00000, 0x0000000800000000)
  region size 2048K, 2 young (4096K), 2 survivors (4096K)
 Metaspace       used 28523K, committed 29056K, reserved 1114112K
  class space    used 2965K, committed 3264K, reserved 1048576K
}
Event: 6.070 GC heap before
{Heap before GC invocations=16 (full 0):
 garbage-first heap   total 286720K, used 206522K [0x0000000705e00000, 0x0000000800000000)
  region size 2048K, 77 young (157696K), 2 survivors (4096K)
 Metaspace       used 29839K, committed 30400K, reserved 1114112K
  class space    used 3129K, committed 3392K, reserved 1048576K
}
Event: 6.074 GC heap after
{Heap after GC invocations=17 (full 0):
 garbage-first heap   total 286720K, used 54794K [0x0000000705e00000, 0x0000000800000000)
  region size 2048K, 3 young (6144K), 3 survivors (6144K)
 Metaspace       used 29839K, committed 30400K, reserved 1114112K
  class space    used 3129K, committed 3392K, reserved 1048576K
}
Event: 7.847 GC heap before
{Heap before GC invocations=17 (full 0):
 garbage-first heap   total 286720K, used 224778K [0x0000000705e00000, 0x0000000800000000)
  region size 2048K, 84 young (172032K), 3 survivors (6144K)
 Metaspace       used 31686K, committed 32256K, reserved 1114112K
  class space    used 3230K, committed 3520K, reserved 1048576K
}
Event: 7.855 GC heap after
{Heap after GC invocations=18 (full 0):
 garbage-first heap   total 286720K, used 61286K [0x0000000705e00000, 0x0000000800000000)
  region size 2048K, 5 young (10240K), 5 survivors (10240K)
 Metaspace       used 31686K, committed 32256K, reserved 1114112K
  class space    used 3230K, committed 3520K, reserved 1048576K
}
Event: 9.234 GC heap before
{Heap before GC invocations=18 (full 0):
 garbage-first heap   total 286720K, used 223078K [0x0000000705e00000, 0x0000000800000000)
  region size 2048K, 84 young (172032K), 5 survivors (10240K)
 Metaspace       used 33485K, committed 34112K, reserved 1114112K
  class space    used 3424K, committed 3712K, reserved 1048576K
}
Event: 9.249 GC heap after
{Heap after GC invocations=19 (full 0):
 garbage-first heap   total 286720K, used 86664K [0x0000000705e00000, 0x0000000800000000)
  region size 2048K, 11 young (22528K), 11 survivors (22528K)
 Metaspace       used 33485K, committed 34112K, reserved 1114112K
  class space    used 3424K, committed 3712K, reserved 1048576K
}
Event: 10.340 GC heap before
{Heap before GC invocations=19 (full 0):
 garbage-first heap   total 286720K, used 215688K [0x0000000705e00000, 0x0000000800000000)
  region size 2048K, 74 young (151552K), 11 survivors (22528K)
 Metaspace       used 34931K, committed 35584K, reserved 1114112K
  class space    used 3549K, committed 3904K, reserved 1048576K
}
Event: 10.351 GC heap after
{Heap after GC invocations=20 (full 0):
 garbage-first heap   total 286720K, used 85271K [0x0000000705e00000, 0x0000000800000000)
  region size 2048K, 3 young (6144K), 3 survivors (6144K)
 Metaspace       used 34931K, committed 35584K, reserved 1114112K
  class space    used 3549K, committed 3904K, reserved 1048576K
}

