# JRE version: Java(TM) SE Runtime Environment (19.0.2+7) (build 19.0.2+7-44)
# Java VM: Java HotSpot(TM) 64-Bit Server VM (19.0.2+7-44, mixed mode, sharing, tiered, compressed oops, compressed class ptrs, g1 gc, windows-amd64)
GC Precious Log:
 CardTable entry size: 512
 Card Set container configuration: InlinePtr #cards 4 size 8 Array Of Cards #cards 16 size 48 Howl #buckets 8 coarsen threshold 3686 Howl Bitmap #cards 512 size 80 coarsen threshold 460 Card regions per heap region 1 cards per card region 4096
 CPUs: 16 total, 16 available
 Memory: 16005M
 Large Page Support: Disabled
 NUMA Support: Disabled
 Compressed Oops: Enabled (Zero based)
 Heap Region Size: 2M
 Heap Min Capacity: 8M
 Heap Initial Capacity: 252M
 Heap Max Capacity: 4002M
 Pre-touch: Disabled
 Parallel Workers: 13
 Concurrent Workers: 3
 Concurrent Refinement Workers: 13
 Periodic GC: Disabled
Heap:
 garbage-first heap   total 176128K, used 83579K [0x0000000705e00000, 0x0000000800000000)
  region size 2048K, 17 young (34816K), 3 survivors (6144K)
 Metaspace       used 31387K, committed 32000K, reserved 1114112K
  class space    used 3219K, committed 3520K, reserved 1048576K
GC Heap History (20 events):
Event: 2.923 GC heap before
{Heap before GC invocations=7 (full 0):
 garbage-first heap   total 120832K, used 79124K [0x0000000705e00000, 0x0000000800000000)
  region size 2048K, 24 young (49152K), 2 survivors (4096K)
 Metaspace       used 25133K, committed 25600K, reserved 1114112K
  class space    used 2641K, committed 2880K, reserved 1048576K
}
Event: 2.931 GC heap after
{Heap after GC invocations=8 (full 0):
 garbage-first heap   total 120832K, used 43765K [0x0000000705e00000, 0x0000000800000000)
  region size 2048K, 3 young (6144K), 3 survivors (6144K)
 Metaspace       used 25133K, committed 25600K, reserved 1114112K
  class space    used 2641K, committed 2880K, reserved 1048576K
}
Event: 3.256 GC heap before
{Heap before GC invocations=8 (full 0):
 garbage-first heap   total 120832K, used 82677K [0x0000000705e00000, 0x0000000800000000)
  region size 2048K, 22 young (45056K), 3 survivors (6144K)
 Metaspace       used 26341K, committed 26752K, reserved 1114112K
  class space    used 2727K, committed 2944K, reserved 1048576K
}
Event: 3.264 GC heap after
{Heap after GC invocations=9 (full 0):
 garbage-first heap   total 120832K, used 51413K [0x0000000705e00000, 0x0000000800000000)
  region size 2048K, 3 young (6144K), 3 survivors (6144K)
 Metaspace       used 26341K, committed 26752K, reserved 1114112K
  class space    used 2727K, committed 2944K, reserved 1048576K
}
Event: 3.560 GC heap before
{Heap before GC invocations=9 (full 0):
 garbage-first heap   total 120832K, used 84181K [0x0000000705e00000, 0x0000000800000000)
  region size 2048K, 20 young (40960K), 3 survivors (6144K)
 Metaspace       used 27553K, committed 27968K, reserved 1114112K
  class space    used 2865K, committed 3072K, reserved 1048576K
}
Event: 3.565 GC heap after
{Heap after GC invocations=10 (full 0):
 garbage-first heap   total 120832K, used 52185K [0x0000000705e00000, 0x0000000800000000)
  region size 2048K, 1 young (2048K), 1 survivors (2048K)
 Metaspace       used 27553K, committed 27968K, reserved 1114112K
  class space    used 2865K, committed 3072K, reserved 1048576K
}
Event: 3.652 GC heap before
{Heap before GC invocations=10 (full 0):
 garbage-first heap   total 120832K, used 89049K [0x0000000705e00000, 0x0000000800000000)
  region size 2048K, 19 young (38912K), 1 survivors (2048K)
 Metaspace       used 27662K, committed 28160K, reserved 1114112K
  class space    used 2870K, committed 3136K, reserved 1048576K
}
Event: 3.654 GC heap after
{Heap after GC invocations=11 (full 0):
 garbage-first heap   total 145408K, used 52328K [0x0000000705e00000, 0x0000000800000000)
  region size 2048K, 1 young (2048K), 1 survivors (2048K)
 Metaspace       used 27662K, committed 28160K, reserved 1114112K
  class space    used 2870K, committed 3136K, reserved 1048576K
}
Event: 3.862 GC heap before
{Heap before GC invocations=11 (full 0):
 garbage-first heap   total 145408K, used 103528K [0x0000000705e00000, 0x0000000800000000)
  region size 2048K, 27 young (55296K), 1 survivors (2048K)
 Metaspace       used 28259K, committed 28800K, reserved 1114112K
  class space    used 2951K, committed 3200K, reserved 1048576K
}
Event: 3.863 GC heap after
{Heap after GC invocations=12 (full 0):
 garbage-first heap   total 145408K, used 52319K [0x0000000705e00000, 0x0000000800000000)
  region size 2048K, 1 young (2048K), 1 survivors (2048K)
 Metaspace       used 28259K, committed 28800K, reserved 1114112K
  class space    used 2951K, committed 3200K, reserved 1048576K
}
Event: 3.982 GC heap before
{Heap before GC invocations=12 (full 0):
 garbage-first heap   total 145408K, used 109663K [0x0000000705e00000, 0x0000000800000000)
  region size 2048K, 29 young (59392K), 1 survivors (2048K)
 Metaspace       used 28523K, committed 29056K, reserved 1114112K
  class space    used 2966K, committed 3264K, reserved 1048576K
}
Event: 3.984 GC heap after
{Heap after GC invocations=13 (full 0):
 garbage-first heap   total 145408K, used 53743K [0x0000000705e00000, 0x0000000800000000)
  region size 2048K, 2 young (4096K), 2 survivors (4096K)
 Metaspace       used 28523K, committed 29056K, reserved 1114112K
  class space    used 2966K, committed 3264K, reserved 1048576K
}
Event: 4.069 GC heap before
{Heap before GC invocations=13 (full 0):
 garbage-first heap   total 145408K, used 111087K [0x0000000705e00000, 0x0000000800000000)
  region size 2048K, 30 young (61440K), 2 survivors (4096K)
 Metaspace       used 28579K, committed 29120K, reserved 1114112K
  class space    used 2967K, committed 3264K, reserved 1048576K
}
Event: 4.072 GC heap after
{Heap after GC invocations=14 (full 0):
 garbage-first heap   total 145408K, used 54557K [0x0000000705e00000, 0x0000000800000000)
  region size 2048K, 2 young (4096K), 2 survivors (4096K)
 Metaspace       used 28579K, committed 29120K, reserved 1114112K
  class space    used 2967K, committed 3264K, reserved 1048576K
}
Event: 4.186 GC heap before
{Heap before GC invocations=14 (full 0):
 garbage-first heap   total 145408K, used 113949K [0x0000000705e00000, 0x0000000800000000)
  region size 2048K, 31 young (63488K), 2 survivors (4096K)
 Metaspace       used 28702K, committed 29248K, reserved 1114112K
  class space    used 2969K, committed 3264K, reserved 1048576K
}
Event: 4.190 GC heap after
{Heap after GC invocations=15 (full 0):
 garbage-first heap   total 145408K, used 54559K [0x0000000705e00000, 0x0000000800000000)
  region size 2048K, 2 young (4096K), 2 survivors (4096K)
 Metaspace       used 28702K, committed 29248K, reserved 1114112K
  class space    used 2969K, committed 3264K, reserved 1048576K
}
Event: 4.283 GC heap before
{Heap before GC invocations=15 (full 0):
 garbage-first heap   total 145408K, used 115999K [0x0000000705e00000, 0x0000000800000000)
  region size 2048K, 32 young (65536K), 2 survivors (4096K)
 Metaspace       used 28750K, committed 29312K, reserved 1114112K
  class space    used 2969K, committed 3264K, reserved 1048576K
}
Event: 4.287 GC heap after
{Heap after GC invocations=16 (full 0):
 garbage-first heap   total 176128K, used 55493K [0x0000000705e00000, 0x0000000800000000)
  region size 2048K, 3 young (6144K), 3 survivors (6144K)
 Metaspace       used 28750K, committed 29312K, reserved 1114112K
  class space    used 2969K, committed 3264K, reserved 1048576K
}
Event: 4.942 GC heap before
{Heap before GC invocations=16 (full 0):
 garbage-first heap   total 176128K, used 141509K [0x0000000705e00000, 0x0000000800000000)
  region size 2048K, 45 young (92160K), 3 survivors (6144K)
 Metaspace       used 31158K, committed 31744K, reserved 1114112K
  class space    used 3215K, committed 3520K, reserved 1048576K
}
Event: 4.947 GC heap after
{Heap after GC invocations=17 (full 0):
 garbage-first heap   total 176128K, used 56955K [0x0000000705e00000, 0x0000000800000000)
  region size 2048K, 3 young (6144K), 3 survivors (6144K)
 Metaspace       used 31158K, committed 31744K, reserved 1114112K
  class space    used 3215K, committed 3520K, reserved 1048576K
}

