# JRE version: Java(TM) SE Runtime Environment (19.0.2+7) (build 19.0.2+7-44)
# Java VM: Java HotSpot(TM) 64-Bit Server VM (19.0.2+7-44, mixed mode, sharing, tiered, compressed oops, compressed class ptrs, g1 gc, windows-amd64)
GC Precious Log:
 CardTable entry size: 512
 Card Set container configuration: InlinePtr #cards 4 size 8 Array Of Cards #cards 16 size 48 Howl #buckets 8 coarsen threshold 3686 Howl Bitmap #cards 512 size 80 coarsen threshold 460 Card regions per heap region 1 cards per card region 4096
 CPUs: 16 total, 16 available
 Memory: 16005M
 Large Page Support: Disabled
 NUMA Support: Disabled
 Compressed Oops: Enabled (Zero based)
 Heap Region Size: 2M
 Heap Min Capacity: 8M
 Heap Initial Capacity: 252M
 Heap Max Capacity: 4002M
 Pre-touch: Disabled
 Parallel Workers: 13
 Concurrent Workers: 3
 Concurrent Refinement Workers: 13
 Periodic GC: Disabled
Heap:
 garbage-first heap   total 192512K, used 108668K [0x0000000705e00000, 0x0000000800000000)
  region size 2048K, 23 young (47104K), 2 survivors (4096K)
 Metaspace       used 35431K, committed 36032K, reserved 1114112K
  class space    used 3605K, committed 3904K, reserved 1048576K
GC Heap History (20 events):
Event: 3.375 GC heap before
{Heap before GC invocations=7 (full 0):
 garbage-first heap   total 61440K, used 40960K [0x0000000705e00000, 0x0000000800000000)
  region size 2048K, 9 young (18432K), 2 survivors (4096K)
 Metaspace       used 24460K, committed 24896K, reserved 1114112K
  class space    used 2598K, committed 2816K, reserved 1048576K
}
Event: 3.381 GC heap after
{Heap after GC invocations=8 (full 0):
 garbage-first heap   total 159744K, used 32875K [0x0000000705e00000, 0x0000000800000000)
  region size 2048K, 2 young (4096K), 2 survivors (4096K)
 Metaspace       used 24460K, committed 24896K, reserved 1114112K
  class space    used 2598K, committed 2816K, reserved 1048576K
}
Event: 4.149 GC heap before
{Heap before GC invocations=8 (full 0):
 garbage-first heap   total 159744K, used 100459K [0x0000000705e00000, 0x0000000800000000)
  region size 2048K, 35 young (71680K), 2 survivors (4096K)
 Metaspace       used 26609K, committed 27008K, reserved 1114112K
  class space    used 2791K, committed 3008K, reserved 1048576K
}
Event: 4.160 GC heap after
{Heap after GC invocations=9 (full 0):
 garbage-first heap   total 159744K, used 42064K [0x0000000705e00000, 0x0000000800000000)
  region size 2048K, 5 young (10240K), 5 survivors (10240K)
 Metaspace       used 26609K, committed 27008K, reserved 1114112K
  class space    used 2791K, committed 3008K, reserved 1048576K
}
Event: 4.586 GC heap before
{Heap before GC invocations=9 (full 0):
 garbage-first heap   total 159744K, used 107600K [0x0000000705e00000, 0x0000000800000000)
  region size 2048K, 37 young (75776K), 5 survivors (10240K)
 Metaspace       used 27391K, committed 27840K, reserved 1114112K
  class space    used 2863K, committed 3072K, reserved 1048576K
}
Event: 4.594 GC heap after
{Heap after GC invocations=10 (full 0):
 garbage-first heap   total 159744K, used 43677K [0x0000000705e00000, 0x0000000800000000)
  region size 2048K, 1 young (2048K), 1 survivors (2048K)
 Metaspace       used 27391K, committed 27840K, reserved 1114112K
  class space    used 2863K, committed 3072K, reserved 1048576K
}
Event: 5.073 GC heap before
{Heap before GC invocations=10 (full 0):
 garbage-first heap   total 159744K, used 111261K [0x0000000705e00000, 0x0000000800000000)
  region size 2048K, 34 young (69632K), 1 survivors (2048K)
 Metaspace       used 28154K, committed 28608K, reserved 1114112K
  class space    used 2946K, committed 3200K, reserved 1048576K
}
Event: 5.077 GC heap after
{Heap after GC invocations=11 (full 0):
 garbage-first heap   total 159744K, used 44164K [0x0000000705e00000, 0x0000000800000000)
  region size 2048K, 1 young (2048K), 1 survivors (2048K)
 Metaspace       used 28154K, committed 28608K, reserved 1114112K
  class space    used 2946K, committed 3200K, reserved 1048576K
}
Event: 5.349 GC heap before
{Heap before GC invocations=11 (full 0):
 garbage-first heap   total 159744K, used 115844K [0x0000000705e00000, 0x0000000800000000)
  region size 2048K, 36 young (73728K), 1 survivors (2048K)
 Metaspace       used 28298K, committed 28864K, reserved 1114112K
  class space    used 2953K, committed 3264K, reserved 1048576K
}
Event: 5.355 GC heap after
{Heap after GC invocations=12 (full 0):
 garbage-first heap   total 159744K, used 45783K [0x0000000705e00000, 0x0000000800000000)
  region size 2048K, 2 young (4096K), 2 survivors (4096K)
 Metaspace       used 28298K, committed 28864K, reserved 1114112K
  class space    used 2953K, committed 3264K, reserved 1048576K
}
Event: 5.596 GC heap before
{Heap before GC invocations=12 (full 0):
 garbage-first heap   total 159744K, used 119511K [0x0000000705e00000, 0x0000000800000000)
  region size 2048K, 38 young (77824K), 2 survivors (4096K)
 Metaspace       used 28423K, committed 28992K, reserved 1114112K
  class space    used 2953K, committed 3264K, reserved 1048576K
}
Event: 5.602 GC heap after
{Heap after GC invocations=13 (full 0):
 garbage-first heap   total 192512K, used 45600K [0x0000000705e00000, 0x0000000800000000)
  region size 2048K, 2 young (4096K), 2 survivors (4096K)
 Metaspace       used 28423K, committed 28992K, reserved 1114112K
  class space    used 2953K, committed 3264K, reserved 1048576K
}
Event: 6.966 GC heap before
{Heap before GC invocations=13 (full 0):
 garbage-first heap   total 192512K, used 148000K [0x0000000705e00000, 0x0000000800000000)
  region size 2048K, 52 young (106496K), 2 survivors (4096K)
 Metaspace       used 31073K, committed 31616K, reserved 1114112K
  class space    used 3202K, committed 3456K, reserved 1048576K
}
Event: 6.972 GC heap after
{Heap after GC invocations=14 (full 0):
 garbage-first heap   total 192512K, used 48096K [0x0000000705e00000, 0x0000000800000000)
  region size 2048K, 3 young (6144K), 3 survivors (6144K)
 Metaspace       used 31073K, committed 31616K, reserved 1114112K
  class space    used 3202K, committed 3456K, reserved 1048576K
}
Event: 7.786 GC heap before
{Heap before GC invocations=14 (full 0):
 garbage-first heap   total 192512K, used 152544K [0x0000000705e00000, 0x0000000800000000)
  region size 2048K, 53 young (108544K), 3 survivors (6144K)
 Metaspace       used 31479K, committed 32064K, reserved 1114112K
  class space    used 3229K, committed 3520K, reserved 1048576K
}
Event: 7.797 GC heap after
{Heap after GC invocations=15 (full 0):
 garbage-first heap   total 192512K, used 55908K [0x0000000705e00000, 0x0000000800000000)
  region size 2048K, 6 young (12288K), 6 survivors (12288K)
 Metaspace       used 31479K, committed 32064K, reserved 1114112K
  class space    used 3229K, committed 3520K, reserved 1048576K
}
Event: 8.675 GC heap before
{Heap before GC invocations=15 (full 0):
 garbage-first heap   total 192512K, used 150116K [0x0000000705e00000, 0x0000000800000000)
  region size 2048K, 52 young (106496K), 6 survivors (12288K)
 Metaspace       used 32867K, committed 33408K, reserved 1114112K
  class space    used 3376K, committed 3648K, reserved 1048576K
}
Event: 8.690 GC heap after
{Heap after GC invocations=16 (full 0):
 garbage-first heap   total 192512K, used 70849K [0x0000000705e00000, 0x0000000800000000)
  region size 2048K, 7 young (14336K), 7 survivors (14336K)
 Metaspace       used 32867K, committed 33408K, reserved 1114112K
  class space    used 3376K, committed 3648K, reserved 1048576K
}
Event: 10.718 GC heap before
{Heap before GC invocations=16 (full 0):
 garbage-first heap   total 192512K, used 146625K [0x0000000705e00000, 0x0000000800000000)
  region size 2048K, 44 young (90112K), 7 survivors (14336K)
 Metaspace       used 33452K, committed 33984K, reserved 1114112K
  class space    used 3423K, committed 3712K, reserved 1048576K
}
Event: 10.725 GC heap after
{Heap after GC invocations=17 (full 0):
 garbage-first heap   total 192512K, used 67708K [0x0000000705e00000, 0x0000000800000000)
  region size 2048K, 2 young (4096K), 2 survivors (4096K)
 Metaspace       used 33452K, committed 33984K, reserved 1114112K
  class space    used 3423K, committed 3712K, reserved 1048576K
}

