# JRE version: Java(TM) SE Runtime Environment (19.0.2+7) (build 19.0.2+7-44)
# Java VM: Java HotSpot(TM) 64-Bit Server VM (19.0.2+7-44, mixed mode, sharing, tiered, compressed oops, compressed class ptrs, g1 gc, windows-amd64)
GC Precious Log:
 CardTable entry size: 512
 Card Set container configuration: InlinePtr #cards 4 size 8 Array Of Cards #cards 16 size 48 Howl #buckets 8 coarsen threshold 3686 Howl Bitmap #cards 512 size 80 coarsen threshold 460 Card regions per heap region 1 cards per card region 4096
 CPUs: 16 total, 16 available
 Memory: 16005M
 Large Page Support: Disabled
 NUMA Support: Disabled
 Compressed Oops: Enabled (Zero based)
 Heap Region Size: 2M
 Heap Min Capacity: 8M
 Heap Initial Capacity: 252M
 Heap Max Capacity: 4002M
 Pre-touch: Disabled
 Parallel Workers: 13
 Concurrent Workers: 3
 Concurrent Refinement Workers: 13
 Periodic GC: Disabled
Heap:
 garbage-first heap   total 147456K, used 45098K [0x0000000705e00000, 0x0000000800000000)
  region size 2048K, 2 young (4096K), 2 survivors (4096K)
 Metaspace       used 28369K, committed 28928K, reserved 1114112K
  class space    used 2954K, committed 3264K, reserved 1048576K
GC Heap History (20 events):
Event: 2.186 GC heap after
{Heap after GC invocations=6 (full 0):
 garbage-first heap   total 71680K, used 26866K [0x0000000705e00000, 0x0000000800000000)
  region size 2048K, 1 young (2048K), 1 survivors (2048K)
 Metaspace       used 24230K, committed 24576K, reserved 1114112K
  class space    used 2578K, committed 2752K, reserved 1048576K
}
Event: 2.326 GC heap before
{Heap before GC invocations=6 (full 0):
 garbage-first heap   total 71680K, used 47346K [0x0000000705e00000, 0x0000000800000000)
  region size 2048K, 12 young (24576K), 1 survivors (2048K)
 Metaspace       used 24477K, committed 24832K, reserved 1114112K
  class space    used 2601K, committed 2752K, reserved 1048576K
}
Event: 2.329 GC heap after
{Heap after GC invocations=7 (full 0):
 garbage-first heap   total 71680K, used 32078K [0x0000000705e00000, 0x0000000800000000)
  region size 2048K, 2 young (4096K), 2 survivors (4096K)
 Metaspace       used 24477K, committed 24832K, reserved 1114112K
  class space    used 2601K, committed 2752K, reserved 1048576K
}
Event: 2.411 GC heap before
{Heap before GC invocations=7 (full 0):
 garbage-first heap   total 71680K, used 48462K [0x0000000705e00000, 0x0000000800000000)
  region size 2048K, 11 young (22528K), 2 survivors (4096K)
 Metaspace       used 24834K, committed 25280K, reserved 1114112K
  class space    used 2639K, committed 2880K, reserved 1048576K
}
Event: 2.415 GC heap after
{Heap after GC invocations=8 (full 0):
 garbage-first heap   total 71680K, used 35247K [0x0000000705e00000, 0x0000000800000000)
  region size 2048K, 2 young (4096K), 2 survivors (4096K)
 Metaspace       used 24834K, committed 25280K, reserved 1114112K
  class space    used 2639K, committed 2880K, reserved 1048576K
}
Event: 2.494 GC heap before
{Heap before GC invocations=8 (full 0):
 garbage-first heap   total 71680K, used 51631K [0x0000000705e00000, 0x0000000800000000)
  region size 2048K, 10 young (20480K), 2 survivors (4096K)
 Metaspace       used 25111K, committed 25536K, reserved 1114112K
  class space    used 2641K, committed 2880K, reserved 1048576K
}
Event: 2.499 GC heap after
{Heap after GC invocations=9 (full 0):
 garbage-first heap   total 118784K, used 38380K [0x0000000705e00000, 0x0000000800000000)
  region size 2048K, 2 young (4096K), 2 survivors (4096K)
 Metaspace       used 25111K, committed 25536K, reserved 1114112K
  class space    used 2641K, committed 2880K, reserved 1048576K
}
Event: 2.963 GC heap before
{Heap before GC invocations=10 (full 0):
 garbage-first heap   total 118784K, used 81388K [0x0000000705e00000, 0x0000000800000000)
  region size 2048K, 23 young (47104K), 2 survivors (4096K)
 Metaspace       used 27166K, committed 27648K, reserved 1114112K
  class space    used 2851K, committed 3072K, reserved 1048576K
}
Event: 2.969 GC heap after
{Heap after GC invocations=11 (full 0):
 garbage-first heap   total 118784K, used 42548K [0x0000000705e00000, 0x0000000800000000)
  region size 2048K, 2 young (4096K), 2 survivors (4096K)
 Metaspace       used 27166K, committed 27648K, reserved 1114112K
  class space    used 2851K, committed 3072K, reserved 1048576K
}
Event: 2.986 GC heap before
{Heap before GC invocations=11 (full 0):
 garbage-first heap   total 118784K, used 44596K [0x0000000705e00000, 0x0000000800000000)
  region size 2048K, 3 young (6144K), 2 survivors (4096K)
 Metaspace       used 27185K, committed 27648K, reserved 1114112K
  class space    used 2853K, committed 3072K, reserved 1048576K
}
Event: 2.989 GC heap after
{Heap after GC invocations=12 (full 0):
 garbage-first heap   total 118784K, used 42477K [0x0000000705e00000, 0x0000000800000000)
  region size 2048K, 1 young (2048K), 1 survivors (2048K)
 Metaspace       used 27185K, committed 27648K, reserved 1114112K
  class space    used 2853K, committed 3072K, reserved 1048576K
}
Event: 3.107 GC heap before
{Heap before GC invocations=12 (full 0):
 garbage-first heap   total 118784K, used 81389K [0x0000000705e00000, 0x0000000800000000)
  region size 2048K, 21 young (43008K), 1 survivors (2048K)
 Metaspace       used 27345K, committed 27840K, reserved 1114112K
  class space    used 2861K, committed 3136K, reserved 1048576K
}
Event: 3.107 GC heap after
{Heap after GC invocations=13 (full 0):
 garbage-first heap   total 118784K, used 42118K [0x0000000705e00000, 0x0000000800000000)
  region size 2048K, 1 young (2048K), 1 survivors (2048K)
 Metaspace       used 27345K, committed 27840K, reserved 1114112K
  class space    used 2861K, committed 3136K, reserved 1048576K
}
Event: 3.354 GC heap before
{Heap before GC invocations=13 (full 0):
 garbage-first heap   total 118784K, used 87174K [0x0000000705e00000, 0x0000000800000000)
  region size 2048K, 23 young (47104K), 1 survivors (2048K)
 Metaspace       used 27988K, committed 28480K, reserved 1114112K
  class space    used 2944K, committed 3200K, reserved 1048576K
}
Event: 3.356 GC heap after
{Heap after GC invocations=14 (full 0):
 garbage-first heap   total 118784K, used 42979K [0x0000000705e00000, 0x0000000800000000)
  region size 2048K, 1 young (2048K), 1 survivors (2048K)
 Metaspace       used 27988K, committed 28480K, reserved 1114112K
  class space    used 2944K, committed 3200K, reserved 1048576K
}
Event: 3.466 GC heap before
{Heap before GC invocations=14 (full 0):
 garbage-first heap   total 118784K, used 90083K [0x0000000705e00000, 0x0000000800000000)
  region size 2048K, 24 young (49152K), 1 survivors (2048K)
 Metaspace       used 28178K, committed 28736K, reserved 1114112K
  class space    used 2950K, committed 3264K, reserved 1048576K
}
Event: 3.470 GC heap after
{Heap after GC invocations=15 (full 0):
 garbage-first heap   total 118784K, used 44041K [0x0000000705e00000, 0x0000000800000000)
  region size 2048K, 1 young (2048K), 1 survivors (2048K)
 Metaspace       used 28178K, committed 28736K, reserved 1114112K
  class space    used 2950K, committed 3264K, reserved 1048576K
}
Event: 3.562 GC heap before
{Heap before GC invocations=15 (full 0):
 garbage-first heap   total 118784K, used 93193K [0x0000000705e00000, 0x0000000800000000)
  region size 2048K, 25 young (51200K), 1 survivors (2048K)
 Metaspace       used 28255K, committed 28800K, reserved 1114112K
  class space    used 2953K, committed 3264K, reserved 1048576K
}
Event: 3.567 GC heap after
{Heap after GC invocations=16 (full 0):
 garbage-first heap   total 118784K, used 45158K [0x0000000705e00000, 0x0000000800000000)
  region size 2048K, 2 young (4096K), 2 survivors (4096K)
 Metaspace       used 28255K, committed 28800K, reserved 1114112K
  class space    used 2953K, committed 3264K, reserved 1048576K
}
Event: 3.655 GC heap before
{Heap before GC invocations=16 (full 0):
 garbage-first heap   total 118784K, used 94310K [0x0000000705e00000, 0x0000000800000000)
  region size 2048K, 26 young (53248K), 2 survivors (4096K)
 Metaspace       used 28369K, committed 28928K, reserved 1114112K
  class space    used 2954K, committed 3264K, reserved 1048576K
}

